13:38:52 | INFO | ========== Sweep 单次实验开始 ==========
13:38:52 | INFO | combo = {
  "target.block_indices": [
    11
  ],
  "quant.beta": 0.01,
  "quant_ext.init_mode": "pca",
  "quant_ext.error_mode": "relative"
}
13:38:52 | INFO | config = {
  "data": {
    "model_name": "facebook/opt-125m",
    "dataset_name": "wikitext",
    "dataset_config": "wikitext-2-raw-v1",
    "calib_split": "train",
    "eval_split": "test",
    "calib_num_tokens": 4096,
    "eval_num_tokens": null,
    "tokenizer_use_fast": true
  },
  "quant": {
    "beta": 0.01,
    "max_iters": 80,
    "tol": 1e-05,
    "convergence_check_every": 1,
    "codebook": [
      -2.0,
      -1.0,
      0.0,
      1.0,
      2.0
    ],
    "dtype": "float32",
    "eps": 1e-08,
    "log_every": 1,
    "init_mode": "pca",
    "error_mode": "relative",
    "track_u": true,
    "track_u_every": 1,
    "track_u_full_matrix": false,
    "random_init_orthogonal": true,
    "random_init_scale": 1.0
  },
  "eval": {
    "stride": 512,
    "device": "cuda"
  },
  "target": {
    "block_indices": [
      11
    ],
    "target_linear_names": [
      "q_proj",
      "k_proj",
      "v_proj",
      "out_proj"
    ]
  },
  "output_dir": "outputs_opt_qkvo_general_sweep_u_tracking\\t_block_indices_11-__q_beta_0.01__init_mode_pca__error_mode_relative",
  "seed": 42
}
13:38:52 | INFO | 加载模型与 tokenizer：facebook/opt-125m
13:38:56 | INFO | 模型加载完成 | hidden_size=768 vocab_size=50272 device=cuda elapsed=4.651s
13:38:56 | INFO | 加载数据集 split=train
13:39:00 | INFO | split=train 加载完成 | non-empty text blocks=23767 chars=10940522 elapsed=4.218s
13:39:00 | INFO | 加载数据集 split=test
13:39:04 | INFO | split=test 加载完成 | non-empty text blocks=2891 chars=1291402 elapsed=3.050s
13:39:04 | INFO | 开始 PPL 评测 | tag=baseline_fp stride=512 max_eval_tokens=None
13:39:24 | INFO | PPL 评测完成 | tag=baseline_fp ppl=23.500643 eval_tokens=286178 target_tokens=286178 windows=556 elapsed=19.961s
13:39:34 | INFO | 开始收集目标线性层输入 hidden states | requested_tokens=4096 layers=['block11.q_proj', 'block11.k_proj', 'block11.v_proj', 'block11.out_proj']
13:39:35 | INFO | 输入收集完成 | layer=block11.q_proj collected_tokens=4096 forward_chunks=2 elapsed=0.133s X_shape=[768, 4096]
13:39:35 | INFO | 输入收集完成 | layer=block11.k_proj collected_tokens=4096 forward_chunks=2 elapsed=0.133s X_shape=[768, 4096]
13:39:35 | INFO | 输入收集完成 | layer=block11.v_proj collected_tokens=4096 forward_chunks=2 elapsed=0.133s X_shape=[768, 4096]
13:39:35 | INFO | 输入收集完成 | layer=block11.out_proj collected_tokens=4096 forward_chunks=2 elapsed=0.133s X_shape=[768, 4096]
13:39:35 | INFO | 开始为所有目标 transformer blocks 的 Q/K/V/O 线性层构建 SQ-XW 对照组。
13:39:35 | INFO | 开始计算 SQ-XW 对照组误差 | layer=block11.q_proj
13:39:35 | INFO | SQ-XW 误差计算完成 | layer=block11.q_proj rel_recon_error_x=0.934975 rel_recon_error_w=0.137037 rel_linear_error=0.841778 elapsed=0.058s
13:39:35 | INFO | SQ-XW 对照组构建完成 | layer=block11.q_proj bits=3 x_scale=3.78571439 w_scale=0.07163783
13:39:35 | INFO | 开始计算 SQ-XW 对照组误差 | layer=block11.k_proj
13:39:35 | INFO | SQ-XW 误差计算完成 | layer=block11.k_proj rel_recon_error_x=0.934975 rel_recon_error_w=0.159061 rel_linear_error=0.758373 elapsed=0.038s
13:39:35 | INFO | SQ-XW 对照组构建完成 | layer=block11.k_proj bits=3 x_scale=3.78571439 w_scale=0.07533482
13:39:35 | INFO | 开始计算 SQ-XW 对照组误差 | layer=block11.v_proj
13:39:35 | INFO | SQ-XW 误差计算完成 | layer=block11.v_proj rel_recon_error_x=0.934975 rel_recon_error_w=0.440576 rel_linear_error=1.034687 elapsed=0.038s
13:39:35 | INFO | SQ-XW 对照组构建完成 | layer=block11.v_proj bits=3 x_scale=3.78571439 w_scale=0.07139369
13:39:35 | INFO | 开始计算 SQ-XW 对照组误差 | layer=block11.out_proj
13:39:35 | INFO | SQ-XW 误差计算完成 | layer=block11.out_proj rel_recon_error_x=0.192631 rel_recon_error_w=0.744155 rel_linear_error=0.829729 elapsed=0.032s
13:39:35 | INFO | SQ-XW 对照组构建完成 | layer=block11.out_proj bits=3 x_scale=0.22572544 w_scale=0.12772043
13:39:35 | INFO | 开始 PPL 评测 | tag=sq_all_blocks_qkvo stride=512 max_eval_tokens=None
13:39:55 | INFO | PPL 评测完成 | tag=sq_all_blocks_qkvo ppl=27.267649 eval_tokens=286178 target_tokens=286178 windows=556 elapsed=20.431s
13:39:55 | INFO | 开始为目标层构建扩展量化器。
13:39:55 | INFO | block11.q_proj.X_calib stats | shape=[768, 4096] dtype=torch.float16 device=cpu mean=-0.037015 std=0.557564 min=-26.500000 max=5.378906 fro=991.028625
13:39:55 | INFO | block11.q_proj.W stats | shape=[768, 768] dtype=torch.float32 device=cpu mean=-0.000252 std=0.055656 min=-0.487549 max=0.501465 fro=42.744507
13:39:55 | INFO | 开始拟合量化器 | tag=block11.q_proj d=768 N=4096 M=768 beta=0.0100 max_iters=80 tol=1.00e-05 init_mode=pca error_mode=relative
13:39:56 | INFO | tag=block11.q_proj iter=001 | J=0.201025 J_x=0.191047 J_w=0.997794 rel_change=inf | time=0.180s
13:39:56 | INFO | tag=block11.q_proj iter=002 | J=0.127455 J_x=0.123493 J_w=0.396234 rel_change=7.356958e-02 | time=0.176s
13:39:56 | INFO | tag=block11.q_proj iter=003 | J=0.097271 J_x=0.095491 J_w=0.178005 rel_change=3.018378e-02 | time=0.178s
13:39:56 | INFO | tag=block11.q_proj iter=004 | J=0.083693 J_x=0.082486 J_w=0.120654 rel_change=1.357851e-02 | time=0.184s
13:39:56 | INFO | tag=block11.q_proj iter=005 | J=0.076367 J_x=0.075353 J_w=0.101393 rel_change=7.325575e-03 | time=0.175s
13:39:56 | INFO | tag=block11.q_proj iter=006 | J=0.071865 J_x=0.070929 J_w=0.093545 rel_change=4.502714e-03 | time=0.178s
13:39:57 | INFO | tag=block11.q_proj iter=007 | J=0.068827 J_x=0.067929 J_w=0.089827 rel_change=3.037333e-03 | time=0.186s
13:39:57 | INFO | tag=block11.q_proj iter=008 | J=0.066662 J_x=0.065783 J_w=0.087825 rel_change=2.165504e-03 | time=0.180s
13:39:57 | INFO | tag=block11.q_proj iter=009 | J=0.065001 J_x=0.064134 J_w=0.086743 rel_change=1.660317e-03 | time=0.172s
13:39:57 | INFO | tag=block11.q_proj iter=010 | J=0.063661 J_x=0.062801 J_w=0.085992 rel_change=1.340553e-03 | time=0.186s
13:39:57 | INFO | tag=block11.q_proj iter=011 | J=0.062567 J_x=0.061712 J_w=0.085497 rel_change=1.093686e-03 | time=0.170s
13:39:57 | INFO | tag=block11.q_proj iter=012 | J=0.061651 J_x=0.060800 J_w=0.085187 rel_change=9.158030e-04 | time=0.180s
13:39:58 | INFO | tag=block11.q_proj iter=013 | J=0.060877 J_x=0.060029 J_w=0.084821 rel_change=7.741936e-04 | time=0.173s
13:39:58 | INFO | tag=block11.q_proj iter=014 | J=0.060211 J_x=0.059365 J_w=0.084581 rel_change=6.664209e-04 | time=0.175s
13:39:58 | INFO | tag=block11.q_proj iter=015 | J=0.059619 J_x=0.058774 J_w=0.084507 rel_change=5.920082e-04 | time=0.185s
13:39:58 | INFO | tag=block11.q_proj iter=016 | J=0.059094 J_x=0.058252 J_w=0.084208 rel_change=5.246736e-04 | time=0.174s
13:39:58 | INFO | tag=block11.q_proj iter=017 | J=0.058629 J_x=0.057789 J_w=0.084020 rel_change=4.651248e-04 | time=0.173s
13:39:59 | INFO | tag=block11.q_proj iter=018 | J=0.058208 J_x=0.057368 J_w=0.084041 rel_change=4.204921e-04 | time=0.180s
13:39:59 | INFO | tag=block11.q_proj iter=019 | J=0.057825 J_x=0.056985 J_w=0.084015 rel_change=3.833361e-04 | time=0.178s
13:39:59 | INFO | tag=block11.q_proj iter=020 | J=0.057476 J_x=0.056637 J_w=0.083899 rel_change=3.491305e-04 | time=0.166s
13:39:59 | INFO | tag=block11.q_proj iter=021 | J=0.057156 J_x=0.056318 J_w=0.083815 rel_change=3.200211e-04 | time=0.182s
13:39:59 | INFO | tag=block11.q_proj iter=022 | J=0.056869 J_x=0.056032 J_w=0.083651 rel_change=2.873838e-04 | time=0.179s
13:39:59 | INFO | tag=block11.q_proj iter=023 | J=0.056607 J_x=0.055771 J_w=0.083579 rel_change=2.615154e-04 | time=0.172s
13:40:00 | INFO | tag=block11.q_proj iter=024 | J=0.056361 J_x=0.055526 J_w=0.083547 rel_change=2.460852e-04 | time=0.172s
13:40:00 | INFO | tag=block11.q_proj iter=025 | J=0.056129 J_x=0.055293 J_w=0.083612 rel_change=2.317801e-04 | time=0.170s
13:40:00 | INFO | tag=block11.q_proj iter=026 | J=0.055913 J_x=0.055078 J_w=0.083480 rel_change=2.161078e-04 | time=0.169s
13:40:00 | INFO | tag=block11.q_proj iter=027 | J=0.055712 J_x=0.054878 J_w=0.083458 rel_change=2.010018e-04 | time=0.167s
13:40:00 | INFO | tag=block11.q_proj iter=028 | J=0.055521 J_x=0.054686 J_w=0.083512 rel_change=1.912303e-04 | time=0.170s
13:40:00 | INFO | tag=block11.q_proj iter=029 | J=0.055342 J_x=0.054509 J_w=0.083316 rel_change=1.785569e-04 | time=0.179s
13:40:01 | INFO | tag=block11.q_proj iter=030 | J=0.055176 J_x=0.054344 J_w=0.083286 rel_change=1.659058e-04 | time=0.178s
13:40:01 | INFO | tag=block11.q_proj iter=031 | J=0.055021 J_x=0.054189 J_w=0.083223 rel_change=1.553036e-04 | time=0.173s
13:40:01 | INFO | tag=block11.q_proj iter=032 | J=0.054874 J_x=0.054042 J_w=0.083218 rel_change=1.467653e-04 | time=0.183s
13:40:01 | INFO | tag=block11.q_proj iter=033 | J=0.054738 J_x=0.053906 J_w=0.083164 rel_change=1.366176e-04 | time=0.178s
13:40:01 | INFO | tag=block11.q_proj iter=034 | J=0.054606 J_x=0.053775 J_w=0.083132 rel_change=1.313277e-04 | time=0.170s
13:40:02 | INFO | tag=block11.q_proj iter=035 | J=0.054483 J_x=0.053652 J_w=0.083120 rel_change=1.232885e-04 | time=0.176s
13:40:02 | INFO | tag=block11.q_proj iter=036 | J=0.054366 J_x=0.053535 J_w=0.083107 rel_change=1.171269e-04 | time=0.178s
13:40:02 | INFO | tag=block11.q_proj iter=037 | J=0.054255 J_x=0.053424 J_w=0.083092 rel_change=1.110695e-04 | time=0.188s
13:40:02 | INFO | tag=block11.q_proj iter=038 | J=0.054150 J_x=0.053319 J_w=0.083073 rel_change=1.053736e-04 | time=0.173s
13:40:02 | INFO | tag=block11.q_proj iter=039 | J=0.054050 J_x=0.053219 J_w=0.083074 rel_change=9.962916e-05 | time=0.181s
13:40:02 | INFO | tag=block11.q_proj iter=040 | J=0.053956 J_x=0.053125 J_w=0.083045 rel_change=9.438396e-05 | time=0.187s
13:40:03 | INFO | tag=block11.q_proj iter=041 | J=0.053865 J_x=0.053034 J_w=0.083037 rel_change=9.074062e-05 | time=0.177s
13:40:03 | INFO | tag=block11.q_proj iter=042 | J=0.053775 J_x=0.052943 J_w=0.083167 rel_change=9.026378e-05 | time=0.175s
13:40:03 | INFO | tag=block11.q_proj iter=043 | J=0.053687 J_x=0.052857 J_w=0.083038 rel_change=8.713827e-05 | time=0.175s
13:40:03 | INFO | tag=block11.q_proj iter=044 | J=0.053606 J_x=0.052776 J_w=0.083020 rel_change=8.150935e-05 | time=0.184s
13:40:03 | INFO | tag=block11.q_proj iter=045 | J=0.053525 J_x=0.052695 J_w=0.082994 rel_change=8.064508e-05 | time=0.172s
13:40:03 | INFO | tag=block11.q_proj iter=046 | J=0.053449 J_x=0.052619 J_w=0.082987 rel_change=7.591769e-05 | time=0.169s
13:40:04 | INFO | tag=block11.q_proj iter=047 | J=0.053374 J_x=0.052545 J_w=0.082970 rel_change=7.482246e-05 | time=0.188s
13:40:04 | INFO | tag=block11.q_proj iter=048 | J=0.053304 J_x=0.052474 J_w=0.082970 rel_change=7.052720e-05 | time=0.174s
13:40:04 | INFO | tag=block11.q_proj iter=049 | J=0.053237 J_x=0.052407 J_w=0.082960 rel_change=6.696954e-05 | time=0.182s
13:40:04 | INFO | tag=block11.q_proj iter=050 | J=0.053170 J_x=0.052341 J_w=0.082942 rel_change=6.660074e-05 | time=0.176s
13:40:04 | INFO | tag=block11.q_proj iter=051 | J=0.053107 J_x=0.052277 J_w=0.082933 rel_change=6.359443e-05 | time=0.179s
13:40:05 | INFO | tag=block11.q_proj iter=052 | J=0.053045 J_x=0.052216 J_w=0.082936 rel_change=6.157905e-05 | time=0.172s
13:40:05 | INFO | tag=block11.q_proj iter=053 | J=0.052987 J_x=0.052158 J_w=0.082917 rel_change=5.796179e-05 | time=0.187s
13:40:05 | INFO | tag=block11.q_proj iter=054 | J=0.052933 J_x=0.052104 J_w=0.082908 rel_change=5.458668e-05 | time=0.177s
13:40:05 | INFO | tag=block11.q_proj iter=055 | J=0.052879 J_x=0.052050 J_w=0.082903 rel_change=5.389377e-05 | time=0.180s
13:40:05 | INFO | tag=block11.q_proj iter=056 | J=0.052827 J_x=0.051998 J_w=0.082910 rel_change=5.208328e-05 | time=0.173s
13:40:05 | INFO | tag=block11.q_proj iter=057 | J=0.052776 J_x=0.051947 J_w=0.082908 rel_change=5.049631e-05 | time=0.183s
13:40:06 | INFO | tag=block11.q_proj iter=058 | J=0.052727 J_x=0.051898 J_w=0.082903 rel_change=4.956499e-05 | time=0.175s
13:40:06 | INFO | tag=block11.q_proj iter=059 | J=0.052679 J_x=0.051850 J_w=0.082886 rel_change=4.774705e-05 | time=0.184s
13:40:06 | INFO | tag=block11.q_proj iter=060 | J=0.052633 J_x=0.051804 J_w=0.082872 rel_change=4.592910e-05 | time=0.178s
13:40:06 | INFO | tag=block11.q_proj iter=061 | J=0.052589 J_x=0.051760 J_w=0.082870 rel_change=4.416332e-05 | time=0.177s
13:40:06 | INFO | tag=block11.q_proj iter=062 | J=0.052546 J_x=0.051718 J_w=0.082869 rel_change=4.253536e-05 | time=0.176s
13:40:07 | INFO | tag=block11.q_proj iter=063 | J=0.052506 J_x=0.051677 J_w=0.082854 rel_change=4.070252e-05 | time=0.179s
13:40:07 | INFO | tag=block11.q_proj iter=064 | J=0.052466 J_x=0.051637 J_w=0.082863 rel_change=3.948808e-05 | time=0.173s
13:40:07 | INFO | tag=block11.q_proj iter=065 | J=0.052427 J_x=0.051599 J_w=0.082855 rel_change=3.877655e-05 | time=0.176s
13:40:07 | INFO | tag=block11.q_proj iter=066 | J=0.052390 J_x=0.051561 J_w=0.082852 rel_change=3.752112e-05 | time=0.170s
13:40:07 | INFO | tag=block11.q_proj iter=067 | J=0.052353 J_x=0.051524 J_w=0.082860 rel_change=3.690645e-05 | time=0.168s
13:40:07 | INFO | tag=block11.q_proj iter=068 | J=0.052317 J_x=0.051488 J_w=0.082844 rel_change=3.600121e-05 | time=0.172s
13:40:08 | INFO | tag=block11.q_proj iter=069 | J=0.052281 J_x=0.051453 J_w=0.082836 rel_change=3.596395e-05 | time=0.174s
13:40:08 | INFO | tag=block11.q_proj iter=070 | J=0.052245 J_x=0.051417 J_w=0.082822 rel_change=3.549829e-05 | time=0.178s
13:40:08 | INFO | tag=block11.q_proj iter=071 | J=0.052211 J_x=0.051383 J_w=0.082814 rel_change=3.392249e-05 | time=0.193s
13:40:08 | INFO | tag=block11.q_proj iter=072 | J=0.052179 J_x=0.051351 J_w=0.082804 rel_change=3.207475e-05 | time=0.172s
13:40:08 | INFO | tag=block11.q_proj iter=073 | J=0.052148 J_x=0.051320 J_w=0.082809 rel_change=3.175810e-05 | time=0.172s
13:40:08 | INFO | tag=block11.q_proj iter=074 | J=0.052117 J_x=0.051289 J_w=0.082805 rel_change=3.085658e-05 | time=0.167s
13:40:09 | INFO | tag=block11.q_proj iter=075 | J=0.052087 J_x=0.051259 J_w=0.082818 rel_change=2.978742e-05 | time=0.174s
13:40:09 | INFO | tag=block11.q_proj iter=076 | J=0.052058 J_x=0.051230 J_w=0.082812 rel_change=2.872571e-05 | time=0.173s
13:40:09 | INFO | tag=block11.q_proj iter=077 | J=0.052031 J_x=0.051203 J_w=0.082810 rel_change=2.753735e-05 | time=0.174s
13:40:09 | INFO | tag=block11.q_proj iter=078 | J=0.052004 J_x=0.051175 J_w=0.082825 rel_change=2.700835e-05 | time=0.176s
13:40:09 | INFO | tag=block11.q_proj iter=079 | J=0.051977 J_x=0.051149 J_w=0.082810 rel_change=2.633035e-05 | time=0.179s
13:40:10 | INFO | tag=block11.q_proj iter=080 | J=0.051951 J_x=0.051122 J_w=0.082805 rel_change=2.685934e-05 | time=0.175s
13:40:10 | INFO | 量化器拟合完成 | tag=block11.q_proj convergence_iter=80 total_fit_time=14.248s
13:40:10 | INFO | 开始计算重建/近似误差 | layer=block11.q_proj error_mode=relative
13:40:10 | INFO | 误差计算完成 | layer=block11.q_proj err_x=0.051132 err_w=0.082734 rel_linear_error=0.115608 elapsed=0.118s
13:40:11 | INFO | block11.k_proj.X_calib stats | shape=[768, 4096] dtype=torch.float16 device=cpu mean=-0.037015 std=0.557564 min=-26.500000 max=5.378906 fro=991.028625
13:40:11 | INFO | block11.k_proj.W stats | shape=[768, 768] dtype=torch.float32 device=cpu mean=0.000053 std=0.054432 min=-0.527344 max=0.527344 fro=41.803741
13:40:11 | INFO | 开始拟合量化器 | tag=block11.k_proj d=768 N=4096 M=768 beta=0.0100 max_iters=80 tol=1.00e-05 init_mode=pca error_mode=relative
13:40:11 | INFO | tag=block11.k_proj iter=001 | J=0.201037 J_x=0.191045 J_w=0.999279 rel_change=inf | time=0.178s
13:40:11 | INFO | tag=block11.k_proj iter=002 | J=0.127516 J_x=0.123512 J_w=0.400392 rel_change=7.352120e-02 | time=0.175s
13:40:11 | INFO | tag=block11.k_proj iter=003 | J=0.097328 J_x=0.095531 J_w=0.179642 rel_change=3.018842e-02 | time=0.175s
13:40:12 | INFO | tag=block11.k_proj iter=004 | J=0.083737 J_x=0.082525 J_w=0.121227 rel_change=1.359085e-02 | time=0.173s
13:40:12 | INFO | tag=block11.k_proj iter=005 | J=0.076425 J_x=0.075407 J_w=0.101882 rel_change=7.311486e-03 | time=0.171s
13:40:12 | INFO | tag=block11.k_proj iter=006 | J=0.071913 J_x=0.070973 J_w=0.093969 rel_change=4.512511e-03 | time=0.173s
13:40:12 | INFO | tag=block11.k_proj iter=007 | J=0.068884 J_x=0.067981 J_w=0.090234 rel_change=3.029138e-03 | time=0.177s
13:40:12 | INFO | tag=block11.k_proj iter=008 | J=0.066684 J_x=0.065800 J_w=0.088377 rel_change=2.199769e-03 | time=0.180s
13:40:13 | INFO | tag=block11.k_proj iter=009 | J=0.065005 J_x=0.064132 J_w=0.087295 rel_change=1.678877e-03 | time=0.180s
13:40:13 | INFO | tag=block11.k_proj iter=010 | J=0.063663 J_x=0.062796 J_w=0.086647 rel_change=1.342319e-03 | time=0.171s
13:40:13 | INFO | tag=block11.k_proj iter=011 | J=0.062580 J_x=0.061718 J_w=0.086172 rel_change=1.082748e-03 | time=0.171s
13:40:13 | INFO | tag=block11.k_proj iter=012 | J=0.061665 J_x=0.060806 J_w=0.085885 rel_change=9.152964e-04 | time=0.170s
13:40:13 | INFO | tag=block11.k_proj iter=013 | J=0.060897 J_x=0.060041 J_w=0.085629 rel_change=7.678457e-04 | time=0.168s
13:40:13 | INFO | tag=block11.k_proj iter=014 | J=0.060229 J_x=0.059374 J_w=0.085485 rel_change=6.679967e-04 | time=0.169s
13:40:14 | INFO | tag=block11.k_proj iter=015 | J=0.059643 J_x=0.058790 J_w=0.085328 rel_change=5.858205e-04 | time=0.188s
13:40:14 | INFO | tag=block11.k_proj iter=016 | J=0.059119 J_x=0.058267 J_w=0.085233 rel_change=5.239025e-04 | time=0.179s
13:40:14 | INFO | tag=block11.k_proj iter=017 | J=0.058647 J_x=0.057796 J_w=0.085146 rel_change=4.721992e-04 | time=0.171s
13:40:14 | INFO | tag=block11.k_proj iter=018 | J=0.058223 J_x=0.057373 J_w=0.085060 rel_change=4.238151e-04 | time=0.178s
13:40:14 | INFO | tag=block11.k_proj iter=019 | J=0.057846 J_x=0.056996 J_w=0.084951 rel_change=3.774017e-04 | time=0.174s
13:40:14 | INFO | tag=block11.k_proj iter=020 | J=0.057503 J_x=0.056654 J_w=0.084867 rel_change=3.431253e-04 | time=0.171s
13:40:15 | INFO | tag=block11.k_proj iter=021 | J=0.057191 J_x=0.056343 J_w=0.084803 rel_change=3.116950e-04 | time=0.183s
13:40:15 | INFO | tag=block11.k_proj iter=022 | J=0.056904 J_x=0.056056 J_w=0.084723 rel_change=2.872348e-04 | time=0.168s
13:40:15 | INFO | tag=block11.k_proj iter=023 | J=0.056639 J_x=0.055793 J_w=0.084661 rel_change=2.643839e-04 | time=0.181s
13:40:15 | INFO | tag=block11.k_proj iter=024 | J=0.056397 J_x=0.055551 J_w=0.084598 rel_change=2.420656e-04 | time=0.175s
13:40:15 | INFO | tag=block11.k_proj iter=025 | J=0.056169 J_x=0.055324 J_w=0.084541 rel_change=2.278611e-04 | time=0.173s
13:40:15 | INFO | tag=block11.k_proj iter=026 | J=0.055959 J_x=0.055114 J_w=0.084479 rel_change=2.102107e-04 | time=0.184s
13:40:16 | INFO | tag=block11.k_proj iter=027 | J=0.055760 J_x=0.054916 J_w=0.084422 rel_change=1.994595e-04 | time=0.175s
13:40:16 | INFO | tag=block11.k_proj iter=028 | J=0.055574 J_x=0.054730 J_w=0.084381 rel_change=1.856387e-04 | time=0.171s
13:40:16 | INFO | tag=block11.k_proj iter=029 | J=0.055396 J_x=0.054553 J_w=0.084336 rel_change=1.777858e-04 | time=0.172s
13:40:16 | INFO | tag=block11.k_proj iter=030 | J=0.055229 J_x=0.054386 J_w=0.084306 rel_change=1.669116e-04 | time=0.183s
13:40:16 | INFO | tag=block11.k_proj iter=031 | J=0.055071 J_x=0.054228 J_w=0.084285 rel_change=1.581572e-04 | time=0.180s
13:40:17 | INFO | tag=block11.k_proj iter=032 | J=0.054919 J_x=0.054076 J_w=0.084264 rel_change=1.525916e-04 | time=0.178s
13:40:17 | INFO | tag=block11.k_proj iter=033 | J=0.054773 J_x=0.053931 J_w=0.084247 rel_change=1.454763e-04 | time=0.188s
13:40:17 | INFO | tag=block11.k_proj iter=034 | J=0.054637 J_x=0.053795 J_w=0.084220 rel_change=1.364499e-04 | time=0.174s
13:40:17 | INFO | tag=block11.k_proj iter=035 | J=0.054505 J_x=0.053663 J_w=0.084188 rel_change=1.320168e-04 | time=0.172s
13:40:17 | INFO | tag=block11.k_proj iter=036 | J=0.054379 J_x=0.053537 J_w=0.084166 rel_change=1.260489e-04 | time=0.173s
13:40:17 | INFO | tag=block11.k_proj iter=037 | J=0.054260 J_x=0.053418 J_w=0.084157 rel_change=1.189783e-04 | time=0.175s
13:40:18 | INFO | tag=block11.k_proj iter=038 | J=0.054146 J_x=0.053304 J_w=0.084145 rel_change=1.137666e-04 | time=0.174s
13:40:18 | INFO | tag=block11.k_proj iter=039 | J=0.054039 J_x=0.053197 J_w=0.084126 rel_change=1.072623e-04 | time=0.192s
13:40:18 | INFO | tag=block11.k_proj iter=040 | J=0.053938 J_x=0.053097 J_w=0.084110 rel_change=1.007952e-04 | time=0.178s
13:40:18 | INFO | tag=block11.k_proj iter=041 | J=0.053844 J_x=0.053003 J_w=0.084085 rel_change=9.362772e-05 | time=0.177s
13:40:18 | INFO | tag=block11.k_proj iter=042 | J=0.053755 J_x=0.052915 J_w=0.084071 rel_change=8.897111e-05 | time=0.170s
13:40:18 | INFO | tag=block11.k_proj iter=043 | J=0.053669 J_x=0.052829 J_w=0.084050 rel_change=8.591264e-05 | time=0.169s
13:40:19 | INFO | tag=block11.k_proj iter=044 | J=0.053584 J_x=0.052744 J_w=0.084033 rel_change=8.500367e-05 | time=0.175s
13:40:19 | INFO | tag=block11.k_proj iter=045 | J=0.053506 J_x=0.052666 J_w=0.083994 rel_change=7.836148e-05 | time=0.182s
13:40:19 | INFO | tag=block11.k_proj iter=046 | J=0.053431 J_x=0.052591 J_w=0.083982 rel_change=7.517263e-05 | time=0.175s
13:40:19 | INFO | tag=block11.k_proj iter=047 | J=0.053359 J_x=0.052520 J_w=0.083960 rel_change=7.160008e-05 | time=0.176s
13:40:19 | INFO | tag=block11.k_proj iter=048 | J=0.053289 J_x=0.052449 J_w=0.083954 rel_change=7.033348e-05 | time=0.241s
13:40:20 | INFO | tag=block11.k_proj iter=049 | J=0.053222 J_x=0.052383 J_w=0.083942 rel_change=6.692857e-05 | time=0.316s
13:40:20 | INFO | tag=block11.k_proj iter=050 | J=0.053158 J_x=0.052319 J_w=0.083938 rel_change=6.402656e-05 | time=0.296s
13:40:20 | INFO | tag=block11.k_proj iter=051 | J=0.053095 J_x=0.052256 J_w=0.083933 rel_change=6.297603e-05 | time=0.285s
13:40:21 | INFO | tag=block11.k_proj iter=052 | J=0.053035 J_x=0.052196 J_w=0.083919 rel_change=6.024539e-05 | time=0.297s
13:40:21 | INFO | tag=block11.k_proj iter=053 | J=0.052979 J_x=0.052140 J_w=0.083913 rel_change=5.591288e-05 | time=0.302s
13:40:21 | INFO | tag=block11.k_proj iter=054 | J=0.052923 J_x=0.052084 J_w=0.083917 rel_change=5.597621e-05 | time=0.295s
13:40:22 | INFO | tag=block11.k_proj iter=055 | J=0.052868 J_x=0.052029 J_w=0.083910 rel_change=5.494803e-05 | time=0.297s
13:40:22 | INFO | tag=block11.k_proj iter=056 | J=0.052815 J_x=0.051976 J_w=0.083892 rel_change=5.275011e-05 | time=0.287s
13:40:22 | INFO | tag=block11.k_proj iter=057 | J=0.052765 J_x=0.051926 J_w=0.083872 rel_change=5.019456e-05 | time=0.286s
13:40:22 | INFO | tag=block11.k_proj iter=058 | J=0.052715 J_x=0.051877 J_w=0.083863 rel_change=4.942343e-05 | time=0.300s
13:40:23 | INFO | tag=block11.k_proj iter=059 | J=0.052668 J_x=0.051829 J_w=0.083854 rel_change=4.778057e-05 | time=0.280s
13:40:23 | INFO | tag=block11.k_proj iter=060 | J=0.052621 J_x=0.051783 J_w=0.083839 rel_change=4.622340e-05 | time=0.291s
13:40:23 | INFO | tag=block11.k_proj iter=061 | J=0.052578 J_x=0.051739 J_w=0.083831 rel_change=4.390255e-05 | time=0.278s
13:40:24 | INFO | tag=block11.k_proj iter=062 | J=0.052535 J_x=0.051697 J_w=0.083820 rel_change=4.253536e-05 | time=0.294s
13:40:24 | INFO | tag=block11.k_proj iter=063 | J=0.052493 J_x=0.051655 J_w=0.083820 rel_change=4.223734e-05 | time=0.287s
13:40:24 | INFO | tag=block11.k_proj iter=064 | J=0.052452 J_x=0.051614 J_w=0.083815 rel_change=4.052743e-05 | time=0.285s
13:40:24 | INFO | tag=block11.k_proj iter=065 | J=0.052413 J_x=0.051575 J_w=0.083795 rel_change=3.886968e-05 | time=0.281s
13:40:25 | INFO | tag=block11.k_proj iter=066 | J=0.052375 J_x=0.051537 J_w=0.083785 rel_change=3.860518e-05 | time=0.294s
13:40:25 | INFO | tag=block11.k_proj iter=067 | J=0.052338 J_x=0.051500 J_w=0.083776 rel_change=3.686175e-05 | time=0.284s
13:40:25 | INFO | tag=block11.k_proj iter=068 | J=0.052302 J_x=0.051465 J_w=0.083759 rel_change=3.585592e-05 | time=0.301s
13:40:26 | INFO | tag=block11.k_proj iter=069 | J=0.052268 J_x=0.051430 J_w=0.083746 rel_change=3.448501e-05 | time=0.302s
13:40:26 | INFO | tag=block11.k_proj iter=070 | J=0.052234 J_x=0.051396 J_w=0.083749 rel_change=3.363565e-05 | time=0.326s
13:40:26 | INFO | tag=block11.k_proj iter=071 | J=0.052201 J_x=0.051363 J_w=0.083738 rel_change=3.320351e-05 | time=0.311s
13:40:27 | INFO | tag=block11.k_proj iter=072 | J=0.052169 J_x=0.051332 J_w=0.083735 rel_change=3.154576e-05 | time=0.305s
13:40:27 | INFO | tag=block11.k_proj iter=073 | J=0.052139 J_x=0.051301 J_w=0.083721 rel_change=3.064424e-05 | time=0.305s
13:40:27 | INFO | tag=block11.k_proj iter=074 | J=0.052109 J_x=0.051272 J_w=0.083708 rel_change=2.965331e-05 | time=0.313s
13:40:27 | INFO | tag=block11.k_proj iter=075 | J=0.052081 J_x=0.051244 J_w=0.083706 rel_change=2.811104e-05 | time=0.292s
13:40:28 | INFO | tag=block11.k_proj iter=076 | J=0.052052 J_x=0.051215 J_w=0.083709 rel_change=2.904609e-05 | time=0.309s
13:40:28 | INFO | tag=block11.k_proj iter=077 | J=0.052023 J_x=0.051186 J_w=0.083715 rel_change=2.881885e-05 | time=0.304s
13:40:28 | INFO | tag=block11.k_proj iter=078 | J=0.051995 J_x=0.051158 J_w=0.083720 rel_change=2.802908e-05 | time=0.318s
13:40:29 | INFO | tag=block11.k_proj iter=079 | J=0.051967 J_x=0.051130 J_w=0.083708 rel_change=2.776831e-05 | time=0.300s
13:40:29 | INFO | tag=block11.k_proj iter=080 | J=0.051940 J_x=0.051103 J_w=0.083700 rel_change=2.690405e-05 | time=0.308s
13:40:29 | INFO | 量化器拟合完成 | tag=block11.k_proj convergence_iter=80 total_fit_time=18.141s
13:40:29 | INFO | 开始计算重建/近似误差 | layer=block11.k_proj error_mode=relative
13:40:29 | INFO | 误差计算完成 | layer=block11.k_proj err_x=0.051111 err_w=0.083715 rel_linear_error=0.121501 elapsed=0.208s
13:40:31 | INFO | block11.v_proj.X_calib stats | shape=[768, 4096] dtype=torch.float16 device=cpu mean=-0.037015 std=0.557564 min=-26.500000 max=5.378906 fro=991.028625
13:40:31 | INFO | block11.v_proj.W stats | shape=[768, 768] dtype=torch.float32 device=cpu mean=0.000046 std=0.029483 min=-0.499756 max=0.195679 fro=22.642700
13:40:31 | INFO | 开始拟合量化器 | tag=block11.v_proj d=768 N=4096 M=768 beta=0.0100 max_iters=80 tol=1.00e-05 init_mode=pca error_mode=relative
13:40:32 | INFO | tag=block11.v_proj iter=001 | J=0.201044 J_x=0.191045 J_w=0.999935 rel_change=inf | time=0.289s
13:40:32 | INFO | tag=block11.v_proj iter=002 | J=0.127630 J_x=0.123515 J_w=0.411463 rel_change=7.341430e-02 | time=0.296s
13:40:32 | INFO | tag=block11.v_proj iter=003 | J=0.097470 J_x=0.095530 J_w=0.194004 rel_change=3.015947e-02 | time=0.292s
13:40:33 | INFO | tag=block11.v_proj iter=004 | J=0.083852 J_x=0.082522 J_w=0.132988 rel_change=1.361855e-02 | time=0.309s
13:40:33 | INFO | tag=block11.v_proj iter=005 | J=0.076500 J_x=0.075379 J_w=0.112094 rel_change=7.352076e-03 | time=0.306s
13:40:33 | INFO | tag=block11.v_proj iter=006 | J=0.071982 J_x=0.070948 J_w=0.103367 rel_change=4.517771e-03 | time=0.308s
13:40:34 | INFO | tag=block11.v_proj iter=007 | J=0.068958 J_x=0.067966 J_w=0.099120 rel_change=3.024168e-03 | time=0.304s
13:40:34 | INFO | tag=block11.v_proj iter=008 | J=0.066766 J_x=0.065795 J_w=0.097097 rel_change=2.191901e-03 | time=0.291s
13:40:34 | INFO | tag=block11.v_proj iter=009 | J=0.065097 J_x=0.064138 J_w=0.095873 rel_change=1.668900e-03 | time=0.301s
13:40:34 | INFO | tag=block11.v_proj iter=010 | J=0.063764 J_x=0.062814 J_w=0.095061 rel_change=1.332521e-03 | time=0.196s
13:40:35 | INFO | tag=block11.v_proj iter=011 | J=0.062667 J_x=0.061721 J_w=0.094580 rel_change=1.097046e-03 | time=0.153s
13:40:35 | INFO | tag=block11.v_proj iter=012 | J=0.061743 J_x=0.060802 J_w=0.094181 rel_change=9.238906e-04 | time=0.163s
13:40:35 | INFO | tag=block11.v_proj iter=013 | J=0.060960 J_x=0.060022 J_w=0.093844 rel_change=7.828437e-04 | time=0.269s
13:40:35 | INFO | tag=block11.v_proj iter=014 | J=0.060284 J_x=0.059348 J_w=0.093550 rel_change=6.769896e-04 | time=0.294s
13:40:36 | INFO | tag=block11.v_proj iter=015 | J=0.059685 J_x=0.058751 J_w=0.093363 rel_change=5.988032e-04 | time=0.312s
13:40:36 | INFO | tag=block11.v_proj iter=016 | J=0.059158 J_x=0.058227 J_w=0.093185 rel_change=5.262867e-04 | time=0.292s
13:40:36 | INFO | tag=block11.v_proj iter=017 | J=0.058694 J_x=0.057764 J_w=0.093089 rel_change=4.640110e-04 | time=0.293s
13:40:36 | INFO | tag=block11.v_proj iter=018 | J=0.058274 J_x=0.057344 J_w=0.092955 rel_change=4.207045e-04 | time=0.301s
13:40:37 | INFO | tag=block11.v_proj iter=019 | J=0.057892 J_x=0.056963 J_w=0.092875 rel_change=3.821626e-04 | time=0.316s
13:40:37 | INFO | tag=block11.v_proj iter=020 | J=0.057547 J_x=0.056620 J_w=0.092779 rel_change=3.440566e-04 | time=0.299s
13:40:37 | INFO | tag=block11.v_proj iter=021 | J=0.057230 J_x=0.056302 J_w=0.092739 rel_change=3.177412e-04 | time=0.299s
13:40:38 | INFO | tag=block11.v_proj iter=022 | J=0.056942 J_x=0.056015 J_w=0.092673 rel_change=2.879016e-04 | time=0.298s
13:40:38 | INFO | tag=block11.v_proj iter=023 | J=0.056681 J_x=0.055755 J_w=0.092601 rel_change=2.606995e-04 | time=0.285s
13:40:38 | INFO | tag=block11.v_proj iter=024 | J=0.056442 J_x=0.055517 J_w=0.092508 rel_change=2.392456e-04 | time=0.283s
13:40:39 | INFO | tag=block11.v_proj iter=025 | J=0.056221 J_x=0.055296 J_w=0.092449 rel_change=2.212338e-04 | time=0.284s
13:40:39 | INFO | tag=block11.v_proj iter=026 | J=0.056015 J_x=0.055091 J_w=0.092404 rel_change=2.060793e-04 | time=0.283s
13:40:39 | INFO | tag=block11.v_proj iter=027 | J=0.055818 J_x=0.054894 J_w=0.092359 rel_change=1.969859e-04 | time=0.292s
13:40:39 | INFO | tag=block11.v_proj iter=028 | J=0.055634 J_x=0.054711 J_w=0.092292 rel_change=1.836158e-04 | time=0.281s
13:40:40 | INFO | tag=block11.v_proj iter=029 | J=0.055463 J_x=0.054541 J_w=0.092253 rel_change=1.708791e-04 | time=0.299s
13:40:40 | INFO | tag=block11.v_proj iter=030 | J=0.055297 J_x=0.054374 J_w=0.092271 rel_change=1.662485e-04 | time=0.295s
13:40:40 | INFO | tag=block11.v_proj iter=031 | J=0.055142 J_x=0.054220 J_w=0.092221 rel_change=1.550317e-04 | time=0.287s
13:40:41 | INFO | tag=block11.v_proj iter=032 | J=0.054993 J_x=0.054071 J_w=0.092175 rel_change=1.486130e-04 | time=0.297s
13:40:41 | INFO | tag=block11.v_proj iter=033 | J=0.054851 J_x=0.053929 J_w=0.092193 rel_change=1.426190e-04 | time=0.298s
13:40:41 | INFO | tag=block11.v_proj iter=034 | J=0.054713 J_x=0.053791 J_w=0.092193 rel_change=1.374520e-04 | time=0.305s
13:40:41 | INFO | tag=block11.v_proj iter=035 | J=0.054586 J_x=0.053665 J_w=0.092123 rel_change=1.270510e-04 | time=0.290s
13:40:42 | INFO | tag=block11.v_proj iter=036 | J=0.054464 J_x=0.053543 J_w=0.092099 rel_change=1.224875e-04 | time=0.289s
13:40:42 | INFO | tag=block11.v_proj iter=037 | J=0.054347 J_x=0.053426 J_w=0.092071 rel_change=1.167692e-04 | time=0.295s
13:40:42 | INFO | tag=block11.v_proj iter=038 | J=0.054236 J_x=0.053315 J_w=0.092028 rel_change=1.111217e-04 | time=0.294s
13:40:43 | INFO | tag=block11.v_proj iter=039 | J=0.054128 J_x=0.053208 J_w=0.091986 rel_change=1.073852e-04 | time=0.287s
13:40:43 | INFO | tag=block11.v_proj iter=040 | J=0.054025 J_x=0.053106 J_w=0.091950 rel_change=1.030080e-04 | time=0.300s
13:40:43 | INFO | tag=block11.v_proj iter=041 | J=0.053928 J_x=0.053009 J_w=0.091924 rel_change=9.753555e-05 | time=0.298s
13:40:44 | INFO | tag=block11.v_proj iter=042 | J=0.053833 J_x=0.052915 J_w=0.091882 rel_change=9.438768e-05 | time=0.290s
13:40:44 | INFO | tag=block11.v_proj iter=043 | J=0.053743 J_x=0.052824 J_w=0.091861 rel_change=9.034202e-05 | time=0.306s
13:40:44 | INFO | tag=block11.v_proj iter=044 | J=0.053654 J_x=0.052736 J_w=0.091844 rel_change=8.884817e-05 | time=0.304s
13:40:44 | INFO | tag=block11.v_proj iter=045 | J=0.053570 J_x=0.052652 J_w=0.091831 rel_change=8.379295e-05 | time=0.290s
13:40:45 | INFO | tag=block11.v_proj iter=046 | J=0.053489 J_x=0.052571 J_w=0.091816 rel_change=8.120760e-05 | time=0.298s
13:40:45 | INFO | tag=block11.v_proj iter=047 | J=0.053412 J_x=0.052494 J_w=0.091797 rel_change=7.762760e-05 | time=0.298s
13:40:45 | INFO | tag=block11.v_proj iter=048 | J=0.053338 J_x=0.052420 J_w=0.091774 rel_change=7.378310e-05 | time=0.286s
13:40:46 | INFO | tag=block11.v_proj iter=049 | J=0.053269 J_x=0.052351 J_w=0.091753 rel_change=6.923079e-05 | time=0.287s
13:40:46 | INFO | tag=block11.v_proj iter=050 | J=0.053200 J_x=0.052283 J_w=0.091743 rel_change=6.845221e-05 | time=0.287s
13:40:46 | INFO | tag=block11.v_proj iter=051 | J=0.053135 J_x=0.052218 J_w=0.091734 rel_change=6.500259e-05 | time=0.300s
13:40:46 | INFO | tag=block11.v_proj iter=052 | J=0.053073 J_x=0.052156 J_w=0.091728 rel_change=6.203353e-05 | time=0.300s
13:40:47 | INFO | tag=block11.v_proj iter=053 | J=0.053014 J_x=0.052097 J_w=0.091726 rel_change=5.926564e-05 | time=0.286s
13:40:47 | INFO | tag=block11.v_proj iter=054 | J=0.052954 J_x=0.052037 J_w=0.091744 rel_change=5.937368e-05 | time=0.297s
13:40:47 | INFO | tag=block11.v_proj iter=055 | J=0.052898 J_x=0.051981 J_w=0.091717 rel_change=5.629659e-05 | time=0.297s
13:40:48 | INFO | tag=block11.v_proj iter=056 | J=0.052843 J_x=0.051926 J_w=0.091689 rel_change=5.482510e-05 | time=0.289s
13:40:48 | INFO | tag=block11.v_proj iter=057 | J=0.052789 J_x=0.051872 J_w=0.091682 rel_change=5.454943e-05 | time=0.293s
13:40:48 | INFO | tag=block11.v_proj iter=058 | J=0.052735 J_x=0.051818 J_w=0.091676 rel_change=5.370378e-05 | time=0.288s
13:40:49 | INFO | tag=block11.v_proj iter=059 | J=0.052682 J_x=0.051765 J_w=0.091678 rel_change=5.281344e-05 | time=0.297s
13:40:49 | INFO | tag=block11.v_proj iter=060 | J=0.052630 J_x=0.051714 J_w=0.091657 rel_change=5.213916e-05 | time=0.288s
13:40:49 | INFO | tag=block11.v_proj iter=061 | J=0.052580 J_x=0.051663 J_w=0.091670 rel_change=5.045906e-05 | time=0.297s
13:40:49 | INFO | tag=block11.v_proj iter=062 | J=0.052532 J_x=0.051615 J_w=0.091654 rel_change=4.765019e-05 | time=0.297s
13:40:50 | INFO | tag=block11.v_proj iter=063 | J=0.052487 J_x=0.051570 J_w=0.091645 rel_change=4.510209e-05 | time=0.291s
13:40:50 | INFO | tag=block11.v_proj iter=064 | J=0.052443 J_x=0.051527 J_w=0.091633 rel_change=4.392490e-05 | time=0.302s
13:40:50 | INFO | tag=block11.v_proj iter=065 | J=0.052401 J_x=0.051484 J_w=0.091637 rel_change=4.211068e-05 | time=0.285s
13:40:51 | INFO | tag=block11.v_proj iter=066 | J=0.052359 J_x=0.051443 J_w=0.091648 rel_change=4.174560e-05 | time=0.313s
13:40:51 | INFO | tag=block11.v_proj iter=067 | J=0.052319 J_x=0.051403 J_w=0.091643 rel_change=3.967807e-05 | time=0.293s
13:40:51 | INFO | tag=block11.v_proj iter=068 | J=0.052279 J_x=0.051363 J_w=0.091662 rel_change=4.000962e-05 | time=0.290s
13:40:51 | INFO | tag=block11.v_proj iter=069 | J=0.052241 J_x=0.051324 J_w=0.091651 rel_change=3.886968e-05 | time=0.292s
13:40:52 | INFO | tag=block11.v_proj iter=070 | J=0.052204 J_x=0.051287 J_w=0.091642 rel_change=3.681704e-05 | time=0.295s
13:40:52 | INFO | tag=block11.v_proj iter=071 | J=0.052168 J_x=0.051251 J_w=0.091641 rel_change=3.584474e-05 | time=0.303s
13:40:52 | INFO | tag=block11.v_proj iter=072 | J=0.052133 J_x=0.051217 J_w=0.091632 rel_change=3.478676e-05 | time=0.302s
13:40:53 | INFO | tag=block11.v_proj iter=073 | J=0.052100 J_x=0.051184 J_w=0.091629 rel_change=3.304332e-05 | time=0.300s
13:40:53 | INFO | tag=block11.v_proj iter=074 | J=0.052069 J_x=0.051153 J_w=0.091633 rel_change=3.121421e-05 | time=0.296s
13:40:53 | INFO | tag=block11.v_proj iter=075 | J=0.052038 J_x=0.051122 J_w=0.091630 rel_change=3.085285e-05 | time=0.291s
13:40:54 | INFO | tag=block11.v_proj iter=076 | J=0.052008 J_x=0.051091 J_w=0.091641 rel_change=3.010035e-05 | time=0.307s
13:40:54 | INFO | tag=block11.v_proj iter=077 | J=0.051978 J_x=0.051062 J_w=0.091636 rel_change=2.981350e-05 | time=0.297s
13:40:54 | INFO | tag=block11.v_proj iter=078 | J=0.051950 J_x=0.051033 J_w=0.091629 rel_change=2.857298e-05 | time=0.292s
13:40:54 | INFO | tag=block11.v_proj iter=079 | J=0.051921 J_x=0.051005 J_w=0.091628 rel_change=2.807006e-05 | time=0.294s
13:40:55 | INFO | tag=block11.v_proj iter=080 | J=0.051894 J_x=0.050977 J_w=0.091634 rel_change=2.771243e-05 | time=0.285s
13:40:55 | INFO | 量化器拟合完成 | tag=block11.v_proj convergence_iter=80 total_fit_time=23.331s
13:40:55 | INFO | 开始计算重建/近似误差 | layer=block11.v_proj error_mode=relative
13:40:55 | INFO | 误差计算完成 | layer=block11.v_proj err_x=0.050988 err_w=0.089732 rel_linear_error=0.168783 elapsed=0.201s
13:40:57 | INFO | block11.out_proj.X_calib stats | shape=[768, 4096] dtype=torch.float16 device=cpu mean=-0.000149 std=0.126649 min=-1.580078 max=1.531250 fro=224.591049
13:40:57 | INFO | block11.out_proj.W stats | shape=[768, 768] dtype=torch.float32 device=cpu mean=-0.000020 std=0.031479 min=-0.875977 max=0.894043 fro=24.176212
13:40:57 | INFO | 开始拟合量化器 | tag=block11.out_proj d=768 N=4096 M=768 beta=0.0100 max_iters=80 tol=1.00e-05 init_mode=pca error_mode=relative
13:40:57 | INFO | tag=block11.out_proj iter=001 | J=0.383948 J_x=0.373953 J_w=0.999585 rel_change=inf | time=0.270s
13:40:58 | INFO | tag=block11.out_proj iter=002 | J=0.249100 J_x=0.243556 J_w=0.554450 rel_change=1.348480e-01 | time=0.286s
13:40:58 | INFO | tag=block11.out_proj iter=003 | J=0.181165 J_x=0.178535 J_w=0.263061 rel_change=6.793499e-02 | time=0.297s
13:40:58 | INFO | tag=block11.out_proj iter=004 | J=0.146910 J_x=0.145134 J_w=0.177604 rel_change=3.425501e-02 | time=0.293s
13:40:59 | INFO | tag=block11.out_proj iter=005 | J=0.129398 J_x=0.127917 J_w=0.148190 rel_change=1.751190e-02 | time=0.309s
13:40:59 | INFO | tag=block11.out_proj iter=006 | J=0.119183 J_x=0.117862 J_w=0.132088 rel_change=1.021542e-02 | time=0.304s
13:40:59 | INFO | tag=block11.out_proj iter=007 | J=0.112408 J_x=0.111200 J_w=0.120770 rel_change=6.775200e-03 | time=0.301s
13:40:59 | INFO | tag=block11.out_proj iter=008 | J=0.107533 J_x=0.106399 J_w=0.113379 rel_change=4.874848e-03 | time=0.282s
13:41:00 | INFO | tag=block11.out_proj iter=009 | J=0.103820 J_x=0.102742 J_w=0.107734 rel_change=3.713474e-03 | time=0.303s
13:41:00 | INFO | tag=block11.out_proj iter=010 | J=0.100819 J_x=0.099786 J_w=0.103233 rel_change=3.000990e-03 | time=0.298s
13:41:00 | INFO | tag=block11.out_proj iter=011 | J=0.098327 J_x=0.097329 J_w=0.099809 rel_change=2.491109e-03 | time=0.291s
13:41:01 | INFO | tag=block11.out_proj iter=012 | J=0.096216 J_x=0.095239 J_w=0.097626 rel_change=2.111882e-03 | time=0.284s
13:41:01 | INFO | tag=block11.out_proj iter=013 | J=0.094407 J_x=0.093452 J_w=0.095549 rel_change=1.808345e-03 | time=0.283s
13:41:01 | INFO | tag=block11.out_proj iter=014 | J=0.092816 J_x=0.091877 J_w=0.093973 rel_change=1.590900e-03 | time=0.282s
13:41:02 | INFO | tag=block11.out_proj iter=015 | J=0.091425 J_x=0.090495 J_w=0.093029 rel_change=1.391515e-03 | time=0.302s
13:41:02 | INFO | tag=block11.out_proj iter=016 | J=0.090160 J_x=0.089237 J_w=0.092218 rel_change=1.265123e-03 | time=0.287s
13:41:02 | INFO | tag=block11.out_proj iter=017 | J=0.089024 J_x=0.088109 J_w=0.091458 rel_change=1.136139e-03 | time=0.295s
13:41:02 | INFO | tag=block11.out_proj iter=018 | J=0.087983 J_x=0.087074 J_w=0.090829 rel_change=1.041025e-03 | time=0.286s
13:41:03 | INFO | tag=block11.out_proj iter=019 | J=0.087040 J_x=0.086137 J_w=0.090286 rel_change=9.422600e-04 | time=0.295s
13:41:03 | INFO | tag=block11.out_proj iter=020 | J=0.086197 J_x=0.085299 J_w=0.089803 rel_change=8.428916e-04 | time=0.280s
13:41:03 | INFO | tag=block11.out_proj iter=021 | J=0.085447 J_x=0.084552 J_w=0.089549 rel_change=7.502064e-04 | time=0.296s
13:41:04 | INFO | tag=block11.out_proj iter=022 | J=0.084765 J_x=0.083872 J_w=0.089254 rel_change=6.822422e-04 | time=0.292s
13:41:04 | INFO | tag=block11.out_proj iter=023 | J=0.084127 J_x=0.083237 J_w=0.088984 rel_change=6.379336e-04 | time=0.297s
13:41:04 | INFO | tag=block11.out_proj iter=024 | J=0.083538 J_x=0.082650 J_w=0.088771 rel_change=5.891845e-04 | time=0.294s
13:41:04 | INFO | tag=block11.out_proj iter=025 | J=0.082999 J_x=0.082115 J_w=0.088358 rel_change=5.389974e-04 | time=0.293s
13:41:05 | INFO | tag=block11.out_proj iter=026 | J=0.082501 J_x=0.081619 J_w=0.088191 rel_change=4.980937e-04 | time=0.283s
13:41:05 | INFO | tag=block11.out_proj iter=027 | J=0.082022 J_x=0.081141 J_w=0.088014 rel_change=4.791766e-04 | time=0.289s
13:41:05 | INFO | tag=block11.out_proj iter=028 | J=0.081574 J_x=0.080697 J_w=0.087760 rel_change=4.472956e-04 | time=0.306s
13:41:06 | INFO | tag=block11.out_proj iter=029 | J=0.081156 J_x=0.080280 J_w=0.087548 rel_change=4.184470e-04 | time=0.291s
13:41:06 | INFO | tag=block11.out_proj iter=030 | J=0.080749 J_x=0.079875 J_w=0.087396 rel_change=4.063547e-04 | time=0.295s
13:41:06 | INFO | tag=block11.out_proj iter=031 | J=0.080372 J_x=0.079499 J_w=0.087281 rel_change=3.773049e-04 | time=0.283s
13:41:06 | INFO | tag=block11.out_proj iter=032 | J=0.080022 J_x=0.079149 J_w=0.087212 rel_change=3.505275e-04 | time=0.290s
13:41:07 | INFO | tag=block11.out_proj iter=033 | J=0.079694 J_x=0.078824 J_w=0.087063 rel_change=3.272295e-04 | time=0.289s
13:41:07 | INFO | tag=block11.out_proj iter=034 | J=0.079386 J_x=0.078517 J_w=0.086838 rel_change=3.086254e-04 | time=0.297s
13:41:07 | INFO | tag=block11.out_proj iter=035 | J=0.079088 J_x=0.078220 J_w=0.086760 rel_change=2.979413e-04 | time=0.280s
13:41:08 | INFO | tag=block11.out_proj iter=036 | J=0.078807 J_x=0.077940 J_w=0.086638 rel_change=2.812296e-04 | time=0.283s
13:41:08 | INFO | tag=block11.out_proj iter=037 | J=0.078536 J_x=0.077671 J_w=0.086486 rel_change=2.706572e-04 | time=0.302s
13:41:08 | INFO | tag=block11.out_proj iter=038 | J=0.078274 J_x=0.077411 J_w=0.086353 rel_change=2.614781e-04 | time=0.292s
13:41:09 | INFO | tag=block11.out_proj iter=039 | J=0.078027 J_x=0.077164 J_w=0.086220 rel_change=2.479181e-04 | time=0.300s
13:41:09 | INFO | tag=block11.out_proj iter=040 | J=0.077786 J_x=0.076925 J_w=0.086113 rel_change=2.402216e-04 | time=0.282s
13:41:09 | INFO | tag=block11.out_proj iter=041 | J=0.077554 J_x=0.076694 J_w=0.085970 rel_change=2.321228e-04 | time=0.287s
13:41:09 | INFO | tag=block11.out_proj iter=042 | J=0.077337 J_x=0.076478 J_w=0.085899 rel_change=2.176464e-04 | time=0.286s
13:41:10 | INFO | tag=block11.out_proj iter=043 | J=0.077128 J_x=0.076270 J_w=0.085807 rel_change=2.083927e-04 | time=0.295s
13:41:10 | INFO | tag=block11.out_proj iter=044 | J=0.076930 J_x=0.076072 J_w=0.085728 rel_change=1.983866e-04 | time=0.289s
13:41:10 | INFO | tag=block11.out_proj iter=045 | J=0.076738 J_x=0.075882 J_w=0.085648 rel_change=1.915768e-04 | time=0.283s
13:41:11 | INFO | tag=block11.out_proj iter=046 | J=0.076559 J_x=0.075704 J_w=0.085529 rel_change=1.792982e-04 | time=0.286s
13:41:11 | INFO | tag=block11.out_proj iter=047 | J=0.076389 J_x=0.075535 J_w=0.085465 rel_change=1.696274e-04 | time=0.285s
13:41:11 | INFO | tag=block11.out_proj iter=048 | J=0.076223 J_x=0.075369 J_w=0.085456 rel_change=1.658425e-04 | time=0.288s
13:41:11 | INFO | tag=block11.out_proj iter=049 | J=0.076064 J_x=0.075210 J_w=0.085347 rel_change=1.597852e-04 | time=0.290s
13:41:12 | INFO | tag=block11.out_proj iter=050 | J=0.075916 J_x=0.075063 J_w=0.085276 rel_change=1.473874e-04 | time=0.284s
13:41:12 | INFO | tag=block11.out_proj iter=051 | J=0.075774 J_x=0.074922 J_w=0.085186 rel_change=1.426786e-04 | time=0.291s
13:41:12 | INFO | tag=block11.out_proj iter=052 | J=0.075635 J_x=0.074784 J_w=0.085138 rel_change=1.385510e-04 | time=0.284s
13:41:13 | INFO | tag=block11.out_proj iter=053 | J=0.075508 J_x=0.074658 J_w=0.085065 rel_change=1.265258e-04 | time=0.293s
13:41:13 | INFO | tag=block11.out_proj iter=054 | J=0.075383 J_x=0.074533 J_w=0.085005 rel_change=1.255274e-04 | time=0.286s
13:41:13 | INFO | tag=block11.out_proj iter=055 | J=0.075264 J_x=0.074415 J_w=0.084935 rel_change=1.185536e-04 | time=0.305s
13:41:13 | INFO | tag=block11.out_proj iter=056 | J=0.075149 J_x=0.074301 J_w=0.084881 rel_change=1.149923e-04 | time=0.280s
13:41:14 | INFO | tag=block11.out_proj iter=057 | J=0.075038 J_x=0.074190 J_w=0.084829 rel_change=1.114830e-04 | time=0.281s
13:41:14 | INFO | tag=block11.out_proj iter=058 | J=0.074928 J_x=0.074081 J_w=0.084739 rel_change=1.099780e-04 | time=0.288s
13:41:14 | INFO | tag=block11.out_proj iter=059 | J=0.074823 J_x=0.073977 J_w=0.084660 rel_change=1.044571e-04 | time=0.284s
13:41:15 | INFO | tag=block11.out_proj iter=060 | J=0.074716 J_x=0.073869 J_w=0.084628 rel_change=1.077801e-04 | time=0.290s
13:41:15 | INFO | tag=block11.out_proj iter=061 | J=0.074610 J_x=0.073764 J_w=0.084632 rel_change=1.056716e-04 | time=0.287s
13:41:15 | INFO | tag=block11.out_proj iter=062 | J=0.074509 J_x=0.073664 J_w=0.084527 rel_change=1.007840e-04 | time=0.279s
13:41:15 | INFO | tag=block11.out_proj iter=063 | J=0.074408 J_x=0.073563 J_w=0.084536 rel_change=1.011640e-04 | time=0.288s
13:41:16 | INFO | tag=block11.out_proj iter=064 | J=0.074311 J_x=0.073466 J_w=0.084484 rel_change=9.704381e-05 | time=0.296s
13:41:16 | INFO | tag=block11.out_proj iter=065 | J=0.074217 J_x=0.073372 J_w=0.084465 rel_change=9.394437e-05 | time=0.280s
13:41:16 | INFO | tag=block11.out_proj iter=066 | J=0.074126 J_x=0.073280 J_w=0.084508 rel_change=9.155273e-05 | time=0.270s
13:41:17 | INFO | tag=block11.out_proj iter=067 | J=0.074037 J_x=0.073193 J_w=0.084442 rel_change=8.821487e-05 | time=0.286s
13:41:17 | INFO | tag=block11.out_proj iter=068 | J=0.073949 J_x=0.073105 J_w=0.084405 rel_change=8.808821e-05 | time=0.286s
13:41:17 | INFO | tag=block11.out_proj iter=069 | J=0.073865 J_x=0.073021 J_w=0.084387 rel_change=8.434802e-05 | time=0.287s
13:41:17 | INFO | tag=block11.out_proj iter=070 | J=0.073780 J_x=0.072936 J_w=0.084389 rel_change=8.510798e-05 | time=0.290s
13:41:18 | INFO | tag=block11.out_proj iter=071 | J=0.073696 J_x=0.072852 J_w=0.084400 rel_change=8.347631e-05 | time=0.276s
13:41:18 | INFO | tag=block11.out_proj iter=072 | J=0.073617 J_x=0.072773 J_w=0.084406 rel_change=7.962435e-05 | time=0.291s
13:41:18 | INFO | tag=block11.out_proj iter=073 | J=0.073539 J_x=0.072695 J_w=0.084394 rel_change=7.808954e-05 | time=0.283s
13:41:19 | INFO | tag=block11.out_proj iter=074 | J=0.073464 J_x=0.072621 J_w=0.084371 rel_change=7.409602e-05 | time=0.284s
13:41:19 | INFO | tag=block11.out_proj iter=075 | J=0.073393 J_x=0.072549 J_w=0.084359 rel_change=7.174164e-05 | time=0.282s
13:41:19 | INFO | tag=block11.out_proj iter=076 | J=0.073323 J_x=0.072480 J_w=0.084323 rel_change=6.956607e-05 | time=0.287s
13:41:19 | INFO | tag=block11.out_proj iter=077 | J=0.073254 J_x=0.072411 J_w=0.084290 rel_change=6.935000e-05 | time=0.291s
13:41:20 | INFO | tag=block11.out_proj iter=078 | J=0.073185 J_x=0.072342 J_w=0.084315 rel_change=6.854534e-05 | time=0.279s
13:41:20 | INFO | tag=block11.out_proj iter=079 | J=0.073118 J_x=0.072275 J_w=0.084298 rel_change=6.746501e-05 | time=0.290s
13:41:20 | INFO | tag=block11.out_proj iter=080 | J=0.073051 J_x=0.072208 J_w=0.084291 rel_change=6.712228e-05 | time=0.277s
13:41:20 | INFO | 量化器拟合完成 | tag=block11.out_proj convergence_iter=80 total_fit_time=23.212s
13:41:20 | INFO | 开始计算重建/近似误差 | layer=block11.out_proj error_mode=relative
13:41:20 | INFO | 误差计算完成 | layer=block11.out_proj err_x=0.055278 err_w=0.145287 rel_linear_error=0.242816 elapsed=0.191s
13:41:22 | INFO | 扩展量化模块构建完成。
13:41:22 | INFO | 开始 PPL 评测 | tag=ours_all_blocks_qkvo stride=512 max_eval_tokens=None
13:41:47 | INFO | PPL 评测完成 | tag=ours_all_blocks_qkvo ppl=25.110849 eval_tokens=286178 target_tokens=286178 windows=556 elapsed=24.883s
13:41:50 | INFO | ========== Sweep 单次实验结束 ==========
