13:49:53 | INFO | ========== Sweep 单次实验开始 ==========
13:49:53 | INFO | combo = {
  "target.block_indices": [
    11
  ],
  "quant.beta": 0.1,
  "quant_ext.init_mode": "random",
  "quant_ext.error_mode": "relative"
}
13:49:53 | INFO | config = {
  "data": {
    "model_name": "facebook/opt-125m",
    "dataset_name": "wikitext",
    "dataset_config": "wikitext-2-raw-v1",
    "calib_split": "train",
    "eval_split": "test",
    "calib_num_tokens": 4096,
    "eval_num_tokens": null,
    "tokenizer_use_fast": true
  },
  "quant": {
    "beta": 0.1,
    "max_iters": 80,
    "tol": 1e-05,
    "convergence_check_every": 1,
    "codebook": [
      -2.0,
      -1.0,
      0.0,
      1.0,
      2.0
    ],
    "dtype": "float32",
    "eps": 1e-08,
    "log_every": 1,
    "init_mode": "random",
    "error_mode": "relative",
    "track_u": true,
    "track_u_every": 1,
    "track_u_full_matrix": false,
    "random_init_orthogonal": true,
    "random_init_scale": 1.0
  },
  "eval": {
    "stride": 512,
    "device": "cuda"
  },
  "target": {
    "block_indices": [
      11
    ],
    "target_linear_names": [
      "q_proj",
      "k_proj",
      "v_proj",
      "out_proj"
    ]
  },
  "output_dir": "outputs_opt_qkvo_general_sweep_u_tracking\\t_block_indices_11-__q_beta_0.1__init_mode_random__error_mode_relative",
  "seed": 42
}
13:49:53 | INFO | 加载模型与 tokenizer：facebook/opt-125m
13:50:59 | INFO | 模型加载完成 | hidden_size=768 vocab_size=50272 device=cuda elapsed=65.739s
13:50:59 | INFO | 加载数据集 split=train
13:51:27 | INFO | split=train 加载完成 | non-empty text blocks=23767 chars=10940522 elapsed=28.385s
13:51:27 | INFO | 加载数据集 split=test
13:51:56 | INFO | split=test 加载完成 | non-empty text blocks=2891 chars=1291402 elapsed=29.126s
13:51:56 | INFO | 开始 PPL 评测 | tag=baseline_fp stride=512 max_eval_tokens=None
13:52:15 | INFO | PPL 评测完成 | tag=baseline_fp ppl=23.500643 eval_tokens=286178 target_tokens=286178 windows=556 elapsed=19.310s
13:52:26 | INFO | 开始收集目标线性层输入 hidden states | requested_tokens=4096 layers=['block11.q_proj', 'block11.k_proj', 'block11.v_proj', 'block11.out_proj']
13:52:26 | INFO | 输入收集完成 | layer=block11.q_proj collected_tokens=4096 forward_chunks=2 elapsed=0.367s X_shape=[768, 4096]
13:52:26 | INFO | 输入收集完成 | layer=block11.k_proj collected_tokens=4096 forward_chunks=2 elapsed=0.367s X_shape=[768, 4096]
13:52:26 | INFO | 输入收集完成 | layer=block11.v_proj collected_tokens=4096 forward_chunks=2 elapsed=0.367s X_shape=[768, 4096]
13:52:26 | INFO | 输入收集完成 | layer=block11.out_proj collected_tokens=4096 forward_chunks=2 elapsed=0.367s X_shape=[768, 4096]
13:52:26 | INFO | 开始为所有目标 transformer blocks 的 Q/K/V/O 线性层构建 SQ-XW 对照组。
13:52:26 | INFO | 开始计算 SQ-XW 对照组误差 | layer=block11.q_proj
13:52:26 | INFO | SQ-XW 误差计算完成 | layer=block11.q_proj rel_recon_error_x=0.934975 rel_recon_error_w=0.137037 rel_linear_error=0.841778 elapsed=0.054s
13:52:26 | INFO | SQ-XW 对照组构建完成 | layer=block11.q_proj bits=3 x_scale=3.78571439 w_scale=0.07163783
13:52:26 | INFO | 开始计算 SQ-XW 对照组误差 | layer=block11.k_proj
13:52:26 | INFO | SQ-XW 误差计算完成 | layer=block11.k_proj rel_recon_error_x=0.934975 rel_recon_error_w=0.159061 rel_linear_error=0.758373 elapsed=0.038s
13:52:26 | INFO | SQ-XW 对照组构建完成 | layer=block11.k_proj bits=3 x_scale=3.78571439 w_scale=0.07533482
13:52:26 | INFO | 开始计算 SQ-XW 对照组误差 | layer=block11.v_proj
13:52:26 | INFO | SQ-XW 误差计算完成 | layer=block11.v_proj rel_recon_error_x=0.934975 rel_recon_error_w=0.440576 rel_linear_error=1.034687 elapsed=0.034s
13:52:26 | INFO | SQ-XW 对照组构建完成 | layer=block11.v_proj bits=3 x_scale=3.78571439 w_scale=0.07139369
13:52:26 | INFO | 开始计算 SQ-XW 对照组误差 | layer=block11.out_proj
13:52:26 | INFO | SQ-XW 误差计算完成 | layer=block11.out_proj rel_recon_error_x=0.192631 rel_recon_error_w=0.744155 rel_linear_error=0.829729 elapsed=0.032s
13:52:26 | INFO | SQ-XW 对照组构建完成 | layer=block11.out_proj bits=3 x_scale=0.22572544 w_scale=0.12772043
13:52:26 | INFO | 开始 PPL 评测 | tag=sq_all_blocks_qkvo stride=512 max_eval_tokens=None
13:52:47 | INFO | PPL 评测完成 | tag=sq_all_blocks_qkvo ppl=27.267649 eval_tokens=286178 target_tokens=286178 windows=556 elapsed=20.699s
13:52:47 | INFO | 开始为目标层构建扩展量化器。
13:52:47 | INFO | block11.q_proj.X_calib stats | shape=[768, 4096] dtype=torch.float16 device=cpu mean=-0.037015 std=0.557564 min=-26.500000 max=5.378906 fro=991.028625
13:52:47 | INFO | block11.q_proj.W stats | shape=[768, 768] dtype=torch.float32 device=cpu mean=-0.000252 std=0.055656 min=-0.487549 max=0.501465 fro=42.744507
13:52:47 | INFO | 开始拟合量化器 | tag=block11.q_proj d=768 N=4096 M=768 beta=0.1000 max_iters=80 tol=1.00e-05 init_mode=random error_mode=relative
13:52:47 | INFO | tag=block11.q_proj iter=001 | J=0.287294 J_x=0.187294 J_w=1.000000 rel_change=inf | time=0.181s
13:52:48 | INFO | tag=block11.q_proj iter=002 | J=0.163028 J_x=0.125375 J_w=0.376524 rel_change=1.242657e-01 | time=0.175s
13:52:48 | INFO | tag=block11.q_proj iter=003 | J=0.118512 J_x=0.101580 J_w=0.169317 rel_change=4.451615e-02 | time=0.163s
13:52:48 | INFO | tag=block11.q_proj iter=004 | J=0.100302 J_x=0.088858 J_w=0.114440 rel_change=1.820995e-02 | time=0.162s
13:52:48 | INFO | tag=block11.q_proj iter=005 | J=0.090580 J_x=0.081012 J_w=0.095679 rel_change=9.721503e-03 | time=0.174s
13:52:48 | INFO | tag=block11.q_proj iter=006 | J=0.084514 J_x=0.075757 J_w=0.087573 rel_change=6.066181e-03 | time=0.163s
13:52:48 | INFO | tag=block11.q_proj iter=007 | J=0.080390 J_x=0.072060 J_w=0.083299 rel_change=4.123859e-03 | time=0.170s
13:52:49 | INFO | tag=block11.q_proj iter=008 | J=0.077393 J_x=0.069307 J_w=0.080858 rel_change=2.997153e-03 | time=0.175s
13:52:49 | INFO | tag=block11.q_proj iter=009 | J=0.075131 J_x=0.067210 J_w=0.079211 rel_change=2.262086e-03 | time=0.180s
13:52:49 | INFO | tag=block11.q_proj iter=010 | J=0.073365 J_x=0.065559 J_w=0.078061 rel_change=1.765937e-03 | time=0.175s
13:52:49 | INFO | tag=block11.q_proj iter=011 | J=0.071958 J_x=0.064237 J_w=0.077214 rel_change=1.406550e-03 | time=0.171s
13:52:49 | INFO | tag=block11.q_proj iter=012 | J=0.070797 J_x=0.063145 J_w=0.076523 rel_change=1.161620e-03 | time=0.163s
13:52:49 | INFO | tag=block11.q_proj iter=013 | J=0.069827 J_x=0.062230 J_w=0.075976 rel_change=9.697825e-04 | time=0.170s
13:52:50 | INFO | tag=block11.q_proj iter=014 | J=0.069017 J_x=0.061464 J_w=0.075523 rel_change=8.102655e-04 | time=0.165s
13:52:50 | INFO | tag=block11.q_proj iter=015 | J=0.068330 J_x=0.060811 J_w=0.075195 rel_change=6.866083e-04 | time=0.166s
13:52:50 | INFO | tag=block11.q_proj iter=016 | J=0.067736 J_x=0.060250 J_w=0.074863 rel_change=5.941167e-04 | time=0.177s
13:52:50 | INFO | tag=block11.q_proj iter=017 | J=0.067222 J_x=0.059762 J_w=0.074599 rel_change=5.140826e-04 | time=0.180s
13:52:50 | INFO | tag=block11.q_proj iter=018 | J=0.066764 J_x=0.059328 J_w=0.074360 rel_change=4.581958e-04 | time=0.168s
13:52:50 | INFO | tag=block11.q_proj iter=019 | J=0.066358 J_x=0.058944 J_w=0.074137 rel_change=4.062951e-04 | time=0.167s
13:52:51 | INFO | tag=block11.q_proj iter=020 | J=0.065999 J_x=0.058603 J_w=0.073954 rel_change=3.586933e-04 | time=0.174s
13:52:51 | INFO | tag=block11.q_proj iter=021 | J=0.065676 J_x=0.058297 J_w=0.073794 rel_change=3.226697e-04 | time=0.165s
13:52:51 | INFO | tag=block11.q_proj iter=022 | J=0.065389 J_x=0.058023 J_w=0.073663 rel_change=2.870485e-04 | time=0.172s
13:52:51 | INFO | tag=block11.q_proj iter=023 | J=0.065132 J_x=0.057780 J_w=0.073525 rel_change=2.567768e-04 | time=0.169s
13:52:51 | INFO | tag=block11.q_proj iter=024 | J=0.064897 J_x=0.057559 J_w=0.073380 rel_change=2.355352e-04 | time=0.180s
13:52:51 | INFO | tag=block11.q_proj iter=025 | J=0.064687 J_x=0.057359 J_w=0.073272 rel_change=2.102703e-04 | time=0.183s
13:52:52 | INFO | tag=block11.q_proj iter=026 | J=0.064497 J_x=0.057178 J_w=0.073189 rel_change=1.895428e-04 | time=0.172s
13:52:52 | INFO | tag=block11.q_proj iter=027 | J=0.064319 J_x=0.057010 J_w=0.073086 rel_change=1.780912e-04 | time=0.167s
13:52:52 | INFO | tag=block11.q_proj iter=028 | J=0.064157 J_x=0.056854 J_w=0.073027 rel_change=1.618341e-04 | time=0.173s
13:52:52 | INFO | tag=block11.q_proj iter=029 | J=0.064005 J_x=0.056708 J_w=0.072964 rel_change=1.524761e-04 | time=0.168s
13:52:52 | INFO | tag=block11.q_proj iter=030 | J=0.063862 J_x=0.056572 J_w=0.072902 rel_change=1.420900e-04 | time=0.165s
13:52:52 | INFO | tag=block11.q_proj iter=031 | J=0.063731 J_x=0.056449 J_w=0.072826 rel_change=1.312271e-04 | time=0.168s
13:52:53 | INFO | tag=block11.q_proj iter=032 | J=0.063612 J_x=0.056334 J_w=0.072788 rel_change=1.188442e-04 | time=0.174s
13:52:53 | INFO | tag=block11.q_proj iter=033 | J=0.063497 J_x=0.056225 J_w=0.072723 rel_change=1.150593e-04 | time=0.178s
13:52:53 | INFO | tag=block11.q_proj iter=034 | J=0.063390 J_x=0.056122 J_w=0.072681 rel_change=1.072660e-04 | time=0.165s
13:52:53 | INFO | tag=block11.q_proj iter=035 | J=0.063293 J_x=0.056029 J_w=0.072648 rel_change=9.674579e-05 | time=0.168s
13:52:53 | INFO | tag=block11.q_proj iter=036 | J=0.063204 J_x=0.055942 J_w=0.072620 rel_change=8.959323e-05 | time=0.167s
13:52:54 | INFO | tag=block11.q_proj iter=037 | J=0.063120 J_x=0.055861 J_w=0.072593 rel_change=8.387864e-05 | time=0.169s
13:52:54 | INFO | tag=block11.q_proj iter=038 | J=0.063041 J_x=0.055784 J_w=0.072570 rel_change=7.853657e-05 | time=0.179s
13:52:54 | INFO | tag=block11.q_proj iter=039 | J=0.062967 J_x=0.055711 J_w=0.072555 rel_change=7.459521e-05 | time=0.176s
13:52:54 | INFO | tag=block11.q_proj iter=040 | J=0.062894 J_x=0.055642 J_w=0.072517 rel_change=7.268786e-05 | time=0.176s
13:52:54 | INFO | tag=block11.q_proj iter=041 | J=0.062829 J_x=0.055580 J_w=0.072482 rel_change=6.548315e-05 | time=0.175s
13:52:54 | INFO | tag=block11.q_proj iter=042 | J=0.062767 J_x=0.055520 J_w=0.072467 rel_change=6.141514e-05 | time=0.172s
13:52:55 | INFO | tag=block11.q_proj iter=043 | J=0.062705 J_x=0.055459 J_w=0.072456 rel_change=6.206334e-05 | time=0.182s
13:52:55 | INFO | tag=block11.q_proj iter=044 | J=0.062643 J_x=0.055402 J_w=0.072409 rel_change=6.196648e-05 | time=0.162s
13:52:55 | INFO | tag=block11.q_proj iter=045 | J=0.062585 J_x=0.055347 J_w=0.072381 rel_change=5.824119e-05 | time=0.166s
13:52:55 | INFO | tag=block11.q_proj iter=046 | J=0.062530 J_x=0.055294 J_w=0.072364 rel_change=5.479157e-05 | time=0.171s
13:52:55 | INFO | tag=block11.q_proj iter=047 | J=0.062481 J_x=0.055247 J_w=0.072340 rel_change=4.944950e-05 | time=0.169s
13:52:55 | INFO | tag=block11.q_proj iter=048 | J=0.062435 J_x=0.055202 J_w=0.072323 rel_change=4.584715e-05 | time=0.177s
13:52:56 | INFO | tag=block11.q_proj iter=049 | J=0.062392 J_x=0.055161 J_w=0.072307 rel_change=4.269555e-05 | time=0.173s
13:52:56 | INFO | tag=block11.q_proj iter=050 | J=0.062351 J_x=0.055122 J_w=0.072288 rel_change=4.122034e-05 | time=0.167s
13:52:56 | INFO | tag=block11.q_proj iter=051 | J=0.062311 J_x=0.055084 J_w=0.072269 rel_change=4.014745e-05 | time=0.175s
13:52:56 | INFO | tag=block11.q_proj iter=052 | J=0.062274 J_x=0.055048 J_w=0.072259 rel_change=3.660098e-05 | time=0.170s
13:52:56 | INFO | tag=block11.q_proj iter=053 | J=0.062238 J_x=0.055014 J_w=0.072247 rel_change=3.573298e-05 | time=0.168s
13:52:56 | INFO | tag=block11.q_proj iter=054 | J=0.062205 J_x=0.054981 J_w=0.072242 rel_change=3.316253e-05 | time=0.170s
13:52:57 | INFO | tag=block11.q_proj iter=055 | J=0.062173 J_x=0.054950 J_w=0.072230 rel_change=3.201887e-05 | time=0.165s
13:52:57 | INFO | tag=block11.q_proj iter=056 | J=0.062142 J_x=0.054920 J_w=0.072218 rel_change=3.165379e-05 | time=0.170s
13:52:57 | INFO | tag=block11.q_proj iter=057 | J=0.062110 J_x=0.054890 J_w=0.072196 rel_change=3.196672e-05 | time=0.176s
13:52:57 | INFO | tag=block11.q_proj iter=058 | J=0.062079 J_x=0.054860 J_w=0.072194 rel_change=3.014132e-05 | time=0.161s
13:52:57 | INFO | tag=block11.q_proj iter=059 | J=0.062051 J_x=0.054832 J_w=0.072184 rel_change=2.880394e-05 | time=0.175s
13:52:57 | INFO | tag=block11.q_proj iter=060 | J=0.062024 J_x=0.054806 J_w=0.072179 rel_change=2.682209e-05 | time=0.171s
13:52:58 | INFO | tag=block11.q_proj iter=061 | J=0.061997 J_x=0.054780 J_w=0.072170 rel_change=2.650172e-05 | time=0.172s
13:52:58 | INFO | tag=block11.q_proj iter=062 | J=0.061973 J_x=0.054756 J_w=0.072170 rel_change=2.477318e-05 | time=0.176s
13:52:58 | INFO | tag=block11.q_proj iter=063 | J=0.061948 J_x=0.054732 J_w=0.072162 rel_change=2.469122e-05 | time=0.174s
13:52:58 | INFO | tag=block11.q_proj iter=064 | J=0.061925 J_x=0.054709 J_w=0.072160 rel_change=2.275035e-05 | time=0.172s
13:52:58 | INFO | tag=block11.q_proj iter=065 | J=0.061901 J_x=0.054686 J_w=0.072155 rel_change=2.398714e-05 | time=0.173s
13:52:59 | INFO | tag=block11.q_proj iter=066 | J=0.061878 J_x=0.054664 J_w=0.072141 rel_change=2.342835e-05 | time=0.171s
13:52:59 | INFO | tag=block11.q_proj iter=067 | J=0.061856 J_x=0.054643 J_w=0.072130 rel_change=2.205372e-05 | time=0.175s
13:52:59 | INFO | tag=block11.q_proj iter=068 | J=0.061834 J_x=0.054623 J_w=0.072117 rel_change=2.142042e-05 | time=0.175s
13:52:59 | INFO | tag=block11.q_proj iter=069 | J=0.061814 J_x=0.054604 J_w=0.072099 rel_change=2.030656e-05 | time=0.172s
13:52:59 | INFO | tag=block11.q_proj iter=070 | J=0.061796 J_x=0.054586 J_w=0.072095 rel_change=1.830980e-05 | time=0.164s
13:52:59 | INFO | tag=block11.q_proj iter=071 | J=0.061778 J_x=0.054569 J_w=0.072089 rel_change=1.768768e-05 | time=0.170s
13:53:00 | INFO | tag=block11.q_proj iter=072 | J=0.061762 J_x=0.054554 J_w=0.072075 rel_change=1.624972e-05 | time=0.186s
13:53:00 | INFO | tag=block11.q_proj iter=073 | J=0.061746 J_x=0.054539 J_w=0.072064 rel_change=1.611933e-05 | time=0.171s
13:53:00 | INFO | tag=block11.q_proj iter=074 | J=0.061729 J_x=0.054524 J_w=0.072056 rel_change=1.630932e-05 | time=0.178s
13:53:00 | INFO | tag=block11.q_proj iter=075 | J=0.061713 J_x=0.054509 J_w=0.072046 rel_change=1.598150e-05 | time=0.179s
13:53:00 | INFO | tag=block11.q_proj iter=076 | J=0.061697 J_x=0.054494 J_w=0.072035 rel_change=1.585484e-05 | time=0.176s
13:53:00 | INFO | tag=block11.q_proj iter=077 | J=0.061683 J_x=0.054481 J_w=0.072023 rel_change=1.429394e-05 | time=0.168s
13:53:01 | INFO | tag=block11.q_proj iter=078 | J=0.061670 J_x=0.054468 J_w=0.072023 rel_change=1.331791e-05 | time=0.177s
13:53:01 | INFO | tag=block11.q_proj iter=079 | J=0.061656 J_x=0.054454 J_w=0.072013 rel_change=1.403317e-05 | time=0.171s
13:53:01 | INFO | tag=block11.q_proj iter=080 | J=0.061642 J_x=0.054441 J_w=0.072009 rel_change=1.366436e-05 | time=0.177s
13:53:01 | INFO | 量化器拟合完成 | tag=block11.q_proj convergence_iter=80 total_fit_time=13.816s
13:53:01 | INFO | 开始计算重建/近似误差 | layer=block11.q_proj error_mode=relative
13:53:01 | INFO | 误差计算完成 | layer=block11.q_proj err_x=0.054353 err_w=0.071944 rel_linear_error=0.070301 elapsed=0.122s
13:53:02 | INFO | block11.k_proj.X_calib stats | shape=[768, 4096] dtype=torch.float16 device=cpu mean=-0.037015 std=0.557564 min=-26.500000 max=5.378906 fro=991.028625
13:53:02 | INFO | block11.k_proj.W stats | shape=[768, 768] dtype=torch.float32 device=cpu mean=0.000053 std=0.054432 min=-0.527344 max=0.527344 fro=41.803741
13:53:02 | INFO | 开始拟合量化器 | tag=block11.k_proj d=768 N=4096 M=768 beta=0.1000 max_iters=80 tol=1.00e-05 init_mode=random error_mode=relative
13:53:03 | INFO | tag=block11.k_proj iter=001 | J=0.287367 J_x=0.187367 J_w=1.000000 rel_change=inf | time=0.210s
13:53:03 | INFO | tag=block11.k_proj iter=002 | J=0.162758 J_x=0.125187 J_w=0.375711 rel_change=1.246086e-01 | time=0.173s
13:53:03 | INFO | tag=block11.k_proj iter=003 | J=0.118270 J_x=0.101387 J_w=0.168831 rel_change=4.448854e-02 | time=0.176s
13:53:03 | INFO | tag=block11.k_proj iter=004 | J=0.100108 J_x=0.088725 J_w=0.113835 rel_change=1.816152e-02 | time=0.171s
13:53:03 | INFO | tag=block11.k_proj iter=005 | J=0.090461 J_x=0.080918 J_w=0.095429 rel_change=9.647667e-03 | time=0.198s
13:53:03 | INFO | tag=block11.k_proj iter=006 | J=0.084435 J_x=0.075687 J_w=0.087482 rel_change=6.025210e-03 | time=0.178s
13:53:04 | INFO | tag=block11.k_proj iter=007 | J=0.080296 J_x=0.071971 J_w=0.083248 rel_change=4.139498e-03 | time=0.172s
13:53:04 | INFO | tag=block11.k_proj iter=008 | J=0.077317 J_x=0.069223 J_w=0.080939 rel_change=2.978884e-03 | time=0.181s
13:53:04 | INFO | tag=block11.k_proj iter=009 | J=0.075061 J_x=0.067123 J_w=0.079377 rel_change=2.256133e-03 | time=0.179s
13:53:04 | INFO | tag=block11.k_proj iter=010 | J=0.073291 J_x=0.065466 J_w=0.078259 rel_change=1.769423e-03 | time=0.174s
13:53:04 | INFO | tag=block11.k_proj iter=011 | J=0.071872 J_x=0.064126 J_w=0.077456 rel_change=1.419753e-03 | time=0.183s
13:53:04 | INFO | tag=block11.k_proj iter=012 | J=0.070699 J_x=0.063020 J_w=0.076789 rel_change=1.172848e-03 | time=0.176s
13:53:05 | INFO | tag=block11.k_proj iter=013 | J=0.069727 J_x=0.062106 J_w=0.076210 rel_change=9.721741e-04 | time=0.178s
13:53:05 | INFO | tag=block11.k_proj iter=014 | J=0.068922 J_x=0.061345 J_w=0.075771 rel_change=8.049756e-04 | time=0.168s
13:53:05 | INFO | tag=block11.k_proj iter=015 | J=0.068235 J_x=0.060695 J_w=0.075408 rel_change=6.862879e-04 | time=0.172s
13:53:05 | INFO | tag=block11.k_proj iter=016 | J=0.067635 J_x=0.060122 J_w=0.075132 rel_change=6.003305e-04 | time=0.178s
13:53:05 | INFO | tag=block11.k_proj iter=017 | J=0.067113 J_x=0.059624 J_w=0.074891 rel_change=5.216822e-04 | time=0.177s
13:53:06 | INFO | tag=block11.k_proj iter=018 | J=0.066653 J_x=0.059191 J_w=0.074619 rel_change=4.607514e-04 | time=0.178s
13:53:06 | INFO | tag=block11.k_proj iter=019 | J=0.066248 J_x=0.058806 J_w=0.074427 rel_change=4.041418e-04 | time=0.174s
13:53:06 | INFO | tag=block11.k_proj iter=020 | J=0.065889 J_x=0.058464 J_w=0.074250 rel_change=3.593862e-04 | time=0.180s
13:53:06 | INFO | tag=block11.k_proj iter=021 | J=0.065569 J_x=0.058159 J_w=0.074095 rel_change=3.201514e-04 | time=0.171s
13:53:06 | INFO | tag=block11.k_proj iter=022 | J=0.065283 J_x=0.057886 J_w=0.073964 rel_change=2.862215e-04 | time=0.172s
13:53:06 | INFO | tag=block11.k_proj iter=023 | J=0.065026 J_x=0.057642 J_w=0.073843 rel_change=2.565011e-04 | time=0.179s
13:53:07 | INFO | tag=block11.k_proj iter=024 | J=0.064797 J_x=0.057421 J_w=0.073751 rel_change=2.295822e-04 | time=0.176s
13:53:07 | INFO | tag=block11.k_proj iter=025 | J=0.064587 J_x=0.057223 J_w=0.073638 rel_change=2.097338e-04 | time=0.168s
13:53:07 | INFO | tag=block11.k_proj iter=026 | J=0.064396 J_x=0.057040 J_w=0.073554 rel_change=1.913160e-04 | time=0.168s
13:53:07 | INFO | tag=block11.k_proj iter=027 | J=0.064218 J_x=0.056870 J_w=0.073483 rel_change=1.775473e-04 | time=0.173s
13:53:07 | INFO | tag=block11.k_proj iter=028 | J=0.064056 J_x=0.056715 J_w=0.073412 rel_change=1.617894e-04 | time=0.166s
13:53:07 | INFO | tag=block11.k_proj iter=029 | J=0.063904 J_x=0.056570 J_w=0.073343 rel_change=1.523867e-04 | time=0.166s
13:53:08 | INFO | tag=block11.k_proj iter=030 | J=0.063766 J_x=0.056438 J_w=0.073275 rel_change=1.379102e-04 | time=0.170s
13:53:08 | INFO | tag=block11.k_proj iter=031 | J=0.063643 J_x=0.056321 J_w=0.073217 rel_change=1.230538e-04 | time=0.179s
13:53:08 | INFO | tag=block11.k_proj iter=032 | J=0.063529 J_x=0.056212 J_w=0.073165 rel_change=1.141280e-04 | time=0.175s
13:53:08 | INFO | tag=block11.k_proj iter=033 | J=0.063427 J_x=0.056114 J_w=0.073136 rel_change=1.015589e-04 | time=0.170s
13:53:08 | INFO | tag=block11.k_proj iter=034 | J=0.063329 J_x=0.056022 J_w=0.073076 rel_change=9.771436e-05 | time=0.175s
13:53:08 | INFO | tag=block11.k_proj iter=035 | J=0.063239 J_x=0.055937 J_w=0.073025 rel_change=9.015203e-05 | time=0.174s
13:53:09 | INFO | tag=block11.k_proj iter=036 | J=0.063155 J_x=0.055857 J_w=0.072979 rel_change=8.460879e-05 | time=0.171s
13:53:09 | INFO | tag=block11.k_proj iter=037 | J=0.063075 J_x=0.055780 J_w=0.072951 rel_change=7.991493e-05 | time=0.176s
13:53:09 | INFO | tag=block11.k_proj iter=038 | J=0.062999 J_x=0.055708 J_w=0.072914 rel_change=7.562339e-05 | time=0.172s
13:53:09 | INFO | tag=block11.k_proj iter=039 | J=0.062929 J_x=0.055640 J_w=0.072888 rel_change=7.064641e-05 | time=0.181s
13:53:09 | INFO | tag=block11.k_proj iter=040 | J=0.062861 J_x=0.055575 J_w=0.072867 rel_change=6.712973e-05 | time=0.181s
13:53:10 | INFO | tag=block11.k_proj iter=041 | J=0.062798 J_x=0.055513 J_w=0.072843 rel_change=6.384403e-05 | time=0.172s
13:53:10 | INFO | tag=block11.k_proj iter=042 | J=0.062737 J_x=0.055453 J_w=0.072841 rel_change=6.069988e-05 | time=0.173s
13:53:10 | INFO | tag=block11.k_proj iter=043 | J=0.062678 J_x=0.055396 J_w=0.072820 rel_change=5.845726e-05 | time=0.161s
13:53:10 | INFO | tag=block11.k_proj iter=044 | J=0.062622 J_x=0.055342 J_w=0.072796 rel_change=5.678833e-05 | time=0.168s
13:53:10 | INFO | tag=block11.k_proj iter=045 | J=0.062569 J_x=0.055290 J_w=0.072792 rel_change=5.224347e-05 | time=0.176s
13:53:10 | INFO | tag=block11.k_proj iter=046 | J=0.062518 J_x=0.055241 J_w=0.072773 rel_change=5.155802e-05 | time=0.171s
13:53:11 | INFO | tag=block11.k_proj iter=047 | J=0.062468 J_x=0.055194 J_w=0.072742 rel_change=4.967675e-05 | time=0.176s
13:53:11 | INFO | tag=block11.k_proj iter=048 | J=0.062423 J_x=0.055151 J_w=0.072720 rel_change=4.528835e-05 | time=0.177s
13:53:11 | INFO | tag=block11.k_proj iter=049 | J=0.062379 J_x=0.055109 J_w=0.072697 rel_change=4.434586e-05 | time=0.165s
13:53:11 | INFO | tag=block11.k_proj iter=050 | J=0.062337 J_x=0.055070 J_w=0.072672 rel_change=4.148111e-05 | time=0.176s
13:53:11 | INFO | tag=block11.k_proj iter=051 | J=0.062299 J_x=0.055034 J_w=0.072654 rel_change=3.788620e-05 | time=0.173s
13:53:11 | INFO | tag=block11.k_proj iter=052 | J=0.062261 J_x=0.054998 J_w=0.072636 rel_change=3.777817e-05 | time=0.177s
13:53:12 | INFO | tag=block11.k_proj iter=053 | J=0.062227 J_x=0.054965 J_w=0.072621 rel_change=3.441423e-05 | time=0.173s
13:53:12 | INFO | tag=block11.k_proj iter=054 | J=0.062195 J_x=0.054933 J_w=0.072622 rel_change=3.178790e-05 | time=0.171s
13:53:12 | INFO | tag=block11.k_proj iter=055 | J=0.062165 J_x=0.054905 J_w=0.072605 rel_change=3.012642e-05 | time=0.173s
13:53:12 | INFO | tag=block11.k_proj iter=056 | J=0.062137 J_x=0.054877 J_w=0.072595 rel_change=2.816319e-05 | time=0.177s
13:53:12 | INFO | tag=block11.k_proj iter=057 | J=0.062110 J_x=0.054851 J_w=0.072593 rel_change=2.645701e-05 | time=0.162s
13:53:12 | INFO | tag=block11.k_proj iter=058 | J=0.062085 J_x=0.054826 J_w=0.072586 rel_change=2.534688e-05 | time=0.183s
13:53:13 | INFO | tag=block11.k_proj iter=059 | J=0.062059 J_x=0.054801 J_w=0.072578 rel_change=2.596155e-05 | time=0.170s
13:53:13 | INFO | tag=block11.k_proj iter=060 | J=0.062035 J_x=0.054778 J_w=0.072570 rel_change=2.427027e-05 | time=0.171s
13:53:13 | INFO | tag=block11.k_proj iter=061 | J=0.062011 J_x=0.054754 J_w=0.072573 rel_change=2.358481e-05 | time=0.176s
13:53:13 | INFO | tag=block11.k_proj iter=062 | J=0.061987 J_x=0.054730 J_w=0.072571 rel_change=2.422184e-05 | time=0.173s
13:53:13 | INFO | tag=block11.k_proj iter=063 | J=0.061964 J_x=0.054708 J_w=0.072562 rel_change=2.260134e-05 | time=0.179s
13:53:14 | INFO | tag=block11.k_proj iter=064 | J=0.061943 J_x=0.054688 J_w=0.072549 rel_change=2.180040e-05 | time=0.173s
13:53:14 | INFO | tag=block11.k_proj iter=065 | J=0.061920 J_x=0.054666 J_w=0.072540 rel_change=2.238154e-05 | time=0.176s
13:53:14 | INFO | tag=block11.k_proj iter=066 | J=0.061899 J_x=0.054645 J_w=0.072535 rel_change=2.156198e-05 | time=0.183s
13:53:14 | INFO | tag=block11.k_proj iter=067 | J=0.061878 J_x=0.054625 J_w=0.072536 rel_change=2.025440e-05 | time=0.178s
13:53:14 | INFO | tag=block11.k_proj iter=068 | J=0.061858 J_x=0.054606 J_w=0.072522 rel_change=2.045184e-05 | time=0.179s
13:53:14 | INFO | tag=block11.k_proj iter=069 | J=0.061839 J_x=0.054588 J_w=0.072509 rel_change=1.901388e-05 | time=0.176s
13:53:15 | INFO | tag=block11.k_proj iter=070 | J=0.061821 J_x=0.054571 J_w=0.072506 rel_change=1.751631e-05 | time=0.167s
13:53:15 | INFO | tag=block11.k_proj iter=071 | J=0.061804 J_x=0.054555 J_w=0.072492 rel_change=1.772121e-05 | time=0.171s
13:53:15 | INFO | tag=block11.k_proj iter=072 | J=0.061788 J_x=0.054539 J_w=0.072488 rel_change=1.546368e-05 | time=0.171s
13:53:15 | INFO | tag=block11.k_proj iter=073 | J=0.061774 J_x=0.054526 J_w=0.072476 rel_change=1.430511e-05 | time=0.171s
13:53:15 | INFO | tag=block11.k_proj iter=074 | J=0.061761 J_x=0.054514 J_w=0.072474 rel_change=1.281872e-05 | time=0.176s
13:53:15 | INFO | tag=block11.k_proj iter=075 | J=0.061748 J_x=0.054501 J_w=0.072471 rel_change=1.311675e-05 | time=0.173s
13:53:16 | INFO | tag=block11.k_proj iter=076 | J=0.061736 J_x=0.054489 J_w=0.072463 rel_change=1.244619e-05 | time=0.170s
13:53:16 | INFO | tag=block11.k_proj iter=077 | J=0.061724 J_x=0.054479 J_w=0.072458 rel_change=1.120940e-05 | time=0.173s
13:53:16 | INFO | tag=block11.k_proj iter=078 | J=0.061714 J_x=0.054469 J_w=0.072454 rel_change=1.020730e-05 | time=0.167s
13:53:16 | INFO | tag=block11.k_proj iter=079 | J=0.061704 J_x=0.054458 J_w=0.072454 rel_change=1.052022e-05 | time=0.177s
13:53:16 | INFO | tag=block11.k_proj iter=080 | J=0.061693 J_x=0.054448 J_w=0.072450 rel_change=1.029670e-05 | time=0.176s
13:53:16 | INFO | 量化器拟合完成 | tag=block11.k_proj convergence_iter=80 total_fit_time=14.061s
13:53:16 | INFO | 开始计算重建/近似误差 | layer=block11.k_proj error_mode=relative
13:53:16 | INFO | 误差计算完成 | layer=block11.k_proj err_x=0.054362 err_w=0.072407 rel_linear_error=0.065060 elapsed=0.116s
13:53:18 | INFO | block11.v_proj.X_calib stats | shape=[768, 4096] dtype=torch.float16 device=cpu mean=-0.037015 std=0.557564 min=-26.500000 max=5.378906 fro=991.028625
13:53:18 | INFO | block11.v_proj.W stats | shape=[768, 768] dtype=torch.float32 device=cpu mean=0.000046 std=0.029483 min=-0.499756 max=0.195679 fro=22.642700
13:53:18 | INFO | 开始拟合量化器 | tag=block11.v_proj d=768 N=4096 M=768 beta=0.1000 max_iters=80 tol=1.00e-05 init_mode=random error_mode=relative
13:53:18 | INFO | tag=block11.v_proj iter=001 | J=0.287328 J_x=0.187328 J_w=1.000000 rel_change=inf | time=0.182s
13:53:18 | INFO | tag=block11.v_proj iter=002 | J=0.164500 J_x=0.124967 J_w=0.395327 rel_change=1.228280e-01 | time=0.172s
13:53:18 | INFO | tag=block11.v_proj iter=003 | J=0.119971 J_x=0.101291 J_w=0.186797 rel_change=4.452931e-02 | time=0.166s
13:53:18 | INFO | tag=block11.v_proj iter=004 | J=0.101437 J_x=0.088695 J_w=0.127416 rel_change=1.853383e-02 | time=0.157s
13:53:18 | INFO | tag=block11.v_proj iter=005 | J=0.091454 J_x=0.080863 J_w=0.105910 rel_change=9.983033e-03 | time=0.171s
13:53:19 | INFO | tag=block11.v_proj iter=006 | J=0.085284 J_x=0.075637 J_w=0.096463 rel_change=6.170005e-03 | time=0.170s
13:53:19 | INFO | tag=block11.v_proj iter=007 | J=0.081087 J_x=0.071945 J_w=0.091418 rel_change=4.196845e-03 | time=0.185s
13:53:19 | INFO | tag=block11.v_proj iter=008 | J=0.078069 J_x=0.069222 J_w=0.088464 rel_change=3.018320e-03 | time=0.175s
13:53:19 | INFO | tag=block11.v_proj iter=009 | J=0.075780 J_x=0.067143 J_w=0.086363 rel_change=2.289057e-03 | time=0.179s
13:53:19 | INFO | tag=block11.v_proj iter=010 | J=0.074016 J_x=0.065516 J_w=0.085002 rel_change=1.763172e-03 | time=0.172s
13:53:20 | INFO | tag=block11.v_proj iter=011 | J=0.072601 J_x=0.064211 J_w=0.083902 rel_change=1.415111e-03 | time=0.167s
13:53:20 | INFO | tag=block11.v_proj iter=012 | J=0.071447 J_x=0.063142 J_w=0.083044 rel_change=1.154467e-03 | time=0.170s
13:53:20 | INFO | tag=block11.v_proj iter=013 | J=0.070486 J_x=0.062242 J_w=0.082444 rel_change=9.603873e-04 | time=0.172s
13:53:20 | INFO | tag=block11.v_proj iter=014 | J=0.069671 J_x=0.061477 J_w=0.081945 rel_change=8.150116e-04 | time=0.175s
13:53:20 | INFO | tag=block11.v_proj iter=015 | J=0.068975 J_x=0.060827 J_w=0.081475 rel_change=6.965622e-04 | time=0.179s
13:53:20 | INFO | tag=block11.v_proj iter=016 | J=0.068372 J_x=0.060263 J_w=0.081090 rel_change=6.024316e-04 | time=0.176s
13:53:21 | INFO | tag=block11.v_proj iter=017 | J=0.067847 J_x=0.059774 J_w=0.080725 rel_change=5.256087e-04 | time=0.175s
13:53:21 | INFO | tag=block11.v_proj iter=018 | J=0.067387 J_x=0.059335 J_w=0.080518 rel_change=4.599020e-04 | time=0.173s
13:53:21 | INFO | tag=block11.v_proj iter=019 | J=0.066975 J_x=0.058950 J_w=0.080248 rel_change=4.119575e-04 | time=0.167s
13:53:21 | INFO | tag=block11.v_proj iter=020 | J=0.066619 J_x=0.058618 J_w=0.080009 rel_change=3.559664e-04 | time=0.175s
13:53:21 | INFO | tag=block11.v_proj iter=021 | J=0.066302 J_x=0.058317 J_w=0.079855 rel_change=3.169999e-04 | time=0.172s
13:53:21 | INFO | tag=block11.v_proj iter=022 | J=0.066012 J_x=0.058041 J_w=0.079718 rel_change=2.896115e-04 | time=0.175s
13:53:22 | INFO | tag=block11.v_proj iter=023 | J=0.065745 J_x=0.057788 J_w=0.079568 rel_change=2.671778e-04 | time=0.170s
13:53:22 | INFO | tag=block11.v_proj iter=024 | J=0.065505 J_x=0.057567 J_w=0.079384 rel_change=2.399832e-04 | time=0.174s
13:53:22 | INFO | tag=block11.v_proj iter=025 | J=0.065287 J_x=0.057362 J_w=0.079251 rel_change=2.181828e-04 | time=0.178s
13:53:22 | INFO | tag=block11.v_proj iter=026 | J=0.065089 J_x=0.057173 J_w=0.079153 rel_change=1.984537e-04 | time=0.172s
13:53:22 | INFO | tag=block11.v_proj iter=027 | J=0.064905 J_x=0.056999 J_w=0.079055 rel_change=1.839250e-04 | time=0.166s
13:53:22 | INFO | tag=block11.v_proj iter=028 | J=0.064739 J_x=0.056840 J_w=0.078990 rel_change=1.654401e-04 | time=0.172s
13:53:23 | INFO | tag=block11.v_proj iter=029 | J=0.064586 J_x=0.056695 J_w=0.078908 rel_change=1.533926e-04 | time=0.204s
13:53:23 | INFO | tag=block11.v_proj iter=030 | J=0.064442 J_x=0.056558 J_w=0.078842 rel_change=1.435578e-04 | time=0.175s
13:53:23 | INFO | tag=block11.v_proj iter=031 | J=0.064310 J_x=0.056434 J_w=0.078759 rel_change=1.322478e-04 | time=0.186s
13:53:23 | INFO | tag=block11.v_proj iter=032 | J=0.064189 J_x=0.056320 J_w=0.078684 rel_change=1.213923e-04 | time=0.179s
13:53:23 | INFO | tag=block11.v_proj iter=033 | J=0.064077 J_x=0.056215 J_w=0.078612 rel_change=1.120046e-04 | time=0.184s
13:53:24 | INFO | tag=block11.v_proj iter=034 | J=0.063972 J_x=0.056117 J_w=0.078549 rel_change=1.044795e-04 | time=0.169s
13:53:24 | INFO | tag=block11.v_proj iter=035 | J=0.063874 J_x=0.056023 J_w=0.078506 rel_change=9.816140e-05 | time=0.168s
13:53:24 | INFO | tag=block11.v_proj iter=036 | J=0.063785 J_x=0.055938 J_w=0.078466 rel_change=8.930266e-05 | time=0.176s
13:53:24 | INFO | tag=block11.v_proj iter=037 | J=0.063703 J_x=0.055862 J_w=0.078413 rel_change=8.168817e-05 | time=0.177s
13:53:24 | INFO | tag=block11.v_proj iter=038 | J=0.063627 J_x=0.055789 J_w=0.078382 rel_change=7.598102e-05 | time=0.178s
13:53:24 | INFO | tag=block11.v_proj iter=039 | J=0.063552 J_x=0.055718 J_w=0.078342 rel_change=7.470697e-05 | time=0.182s
13:53:25 | INFO | tag=block11.v_proj iter=040 | J=0.063479 J_x=0.055650 J_w=0.078295 rel_change=7.296354e-05 | time=0.185s
13:53:25 | INFO | tag=block11.v_proj iter=041 | J=0.063413 J_x=0.055585 J_w=0.078273 rel_change=6.657094e-05 | time=0.181s
13:53:25 | INFO | tag=block11.v_proj iter=042 | J=0.063351 J_x=0.055528 J_w=0.078233 rel_change=6.195158e-05 | time=0.179s
13:53:25 | INFO | tag=block11.v_proj iter=043 | J=0.063293 J_x=0.055472 J_w=0.078215 rel_change=5.751103e-05 | time=0.171s
13:53:25 | INFO | tag=block11.v_proj iter=044 | J=0.063238 J_x=0.055420 J_w=0.078186 rel_change=5.496293e-05 | time=0.174s
13:53:26 | INFO | tag=block11.v_proj iter=045 | J=0.063187 J_x=0.055371 J_w=0.078153 rel_change=5.181879e-05 | time=0.178s
13:53:26 | INFO | tag=block11.v_proj iter=046 | J=0.063136 J_x=0.055322 J_w=0.078148 rel_change=5.017966e-05 | time=0.178s
13:53:26 | INFO | tag=block11.v_proj iter=047 | J=0.063087 J_x=0.055272 J_w=0.078152 rel_change=4.944950e-05 | time=0.182s
13:53:26 | INFO | tag=block11.v_proj iter=048 | J=0.063038 J_x=0.055225 J_w=0.078128 rel_change=4.903227e-05 | time=0.189s
13:53:26 | INFO | tag=block11.v_proj iter=049 | J=0.062992 J_x=0.055180 J_w=0.078121 rel_change=4.627556e-05 | time=0.175s
13:53:26 | INFO | tag=block11.v_proj iter=050 | J=0.062949 J_x=0.055139 J_w=0.078094 rel_change=4.296750e-05 | time=0.172s
13:53:27 | INFO | tag=block11.v_proj iter=051 | J=0.062908 J_x=0.055102 J_w=0.078058 rel_change=4.100800e-05 | time=0.176s
13:53:27 | INFO | tag=block11.v_proj iter=052 | J=0.062873 J_x=0.055068 J_w=0.078047 rel_change=3.504008e-05 | time=0.178s
13:53:27 | INFO | tag=block11.v_proj iter=053 | J=0.062837 J_x=0.055034 J_w=0.078030 rel_change=3.527850e-05 | time=0.184s
13:53:27 | INFO | tag=block11.v_proj iter=054 | J=0.062803 J_x=0.055001 J_w=0.078013 rel_change=3.460795e-05 | time=0.180s
13:53:27 | INFO | tag=block11.v_proj iter=055 | J=0.062771 J_x=0.054972 J_w=0.077988 rel_change=3.200769e-05 | time=0.176s
13:53:28 | INFO | tag=block11.v_proj iter=056 | J=0.062741 J_x=0.054944 J_w=0.077973 rel_change=2.954155e-05 | time=0.184s
13:53:28 | INFO | tag=block11.v_proj iter=057 | J=0.062714 J_x=0.054918 J_w=0.077957 rel_change=2.761930e-05 | time=0.171s
13:53:28 | INFO | tag=block11.v_proj iter=058 | J=0.062688 J_x=0.054893 J_w=0.077952 rel_change=2.571195e-05 | time=0.168s
13:53:28 | INFO | tag=block11.v_proj iter=059 | J=0.062661 J_x=0.054867 J_w=0.077942 rel_change=2.659857e-05 | time=0.168s
13:53:28 | INFO | tag=block11.v_proj iter=060 | J=0.062636 J_x=0.054841 J_w=0.077946 rel_change=2.522767e-05 | time=0.181s
13:53:28 | INFO | tag=block11.v_proj iter=061 | J=0.062610 J_x=0.054817 J_w=0.077932 rel_change=2.571940e-05 | time=0.177s
13:53:29 | INFO | tag=block11.v_proj iter=062 | J=0.062585 J_x=0.054793 J_w=0.077921 rel_change=2.510101e-05 | time=0.173s
13:53:29 | INFO | tag=block11.v_proj iter=063 | J=0.062560 J_x=0.054769 J_w=0.077903 rel_change=2.552569e-05 | time=0.180s
13:53:29 | INFO | tag=block11.v_proj iter=064 | J=0.062536 J_x=0.054747 J_w=0.077893 rel_change=2.386421e-05 | time=0.176s
13:53:29 | INFO | tag=block11.v_proj iter=065 | J=0.062513 J_x=0.054725 J_w=0.077877 rel_change=2.295524e-05 | time=0.175s
13:53:29 | INFO | tag=block11.v_proj iter=066 | J=0.062491 J_x=0.054704 J_w=0.077863 rel_change=2.203882e-05 | time=0.176s
13:53:29 | INFO | tag=block11.v_proj iter=067 | J=0.062471 J_x=0.054685 J_w=0.077851 rel_change=2.021715e-05 | time=0.173s
13:53:30 | INFO | tag=block11.v_proj iter=068 | J=0.062451 J_x=0.054667 J_w=0.077839 rel_change=1.944602e-05 | time=0.185s
13:53:30 | INFO | tag=block11.v_proj iter=069 | J=0.062432 J_x=0.054649 J_w=0.077829 rel_change=1.889095e-05 | time=0.171s
13:53:30 | INFO | tag=block11.v_proj iter=070 | J=0.062413 J_x=0.054632 J_w=0.077808 rel_change=1.947582e-05 | time=0.178s
13:53:30 | INFO | tag=block11.v_proj iter=071 | J=0.062394 J_x=0.054615 J_w=0.077792 rel_change=1.860783e-05 | time=0.180s
13:53:30 | INFO | tag=block11.v_proj iter=072 | J=0.062377 J_x=0.054599 J_w=0.077781 rel_change=1.735613e-05 | time=0.177s
13:53:31 | INFO | tag=block11.v_proj iter=073 | J=0.062360 J_x=0.054583 J_w=0.077774 rel_change=1.632422e-05 | time=0.175s
13:53:31 | INFO | tag=block11.v_proj iter=074 | J=0.062345 J_x=0.054569 J_w=0.077760 rel_change=1.559779e-05 | time=0.175s
13:53:31 | INFO | tag=block11.v_proj iter=075 | J=0.062331 J_x=0.054555 J_w=0.077760 rel_change=1.432002e-05 | time=0.191s
13:53:31 | INFO | tag=block11.v_proj iter=076 | J=0.062316 J_x=0.054542 J_w=0.077747 rel_change=1.409650e-05 | time=0.189s
13:53:31 | INFO | tag=block11.v_proj iter=077 | J=0.062303 J_x=0.054529 J_w=0.077740 rel_change=1.332536e-05 | time=0.179s
13:53:31 | INFO | tag=block11.v_proj iter=078 | J=0.062291 J_x=0.054517 J_w=0.077737 rel_change=1.260266e-05 | time=0.175s
13:53:32 | INFO | tag=block11.v_proj iter=079 | J=0.062277 J_x=0.054504 J_w=0.077724 rel_change=1.388416e-05 | time=0.178s
13:53:32 | INFO | tag=block11.v_proj iter=080 | J=0.062265 J_x=0.054493 J_w=0.077716 rel_change=1.195073e-05 | time=0.181s
13:53:32 | INFO | 量化器拟合完成 | tag=block11.v_proj convergence_iter=80 total_fit_time=14.208s
13:53:32 | INFO | 开始计算重建/近似误差 | layer=block11.v_proj error_mode=relative
13:53:32 | INFO | 误差计算完成 | layer=block11.v_proj err_x=0.054411 err_w=0.076079 rel_linear_error=0.171047 elapsed=0.120s
13:53:33 | INFO | block11.out_proj.X_calib stats | shape=[768, 4096] dtype=torch.float16 device=cpu mean=-0.000149 std=0.126649 min=-1.580078 max=1.531250 fro=224.591049
13:53:33 | INFO | block11.out_proj.W stats | shape=[768, 768] dtype=torch.float32 device=cpu mean=-0.000020 std=0.031479 min=-0.875977 max=0.894043 fro=24.176212
13:53:33 | INFO | 开始拟合量化器 | tag=block11.out_proj d=768 N=4096 M=768 beta=0.1000 max_iters=80 tol=1.00e-05 init_mode=random error_mode=relative
13:53:33 | INFO | tag=block11.out_proj iter=001 | J=1.052955 J_x=0.952957 J_w=0.999983 rel_change=inf | time=0.166s
13:53:33 | INFO | tag=block11.out_proj iter=002 | J=0.295591 J_x=0.250266 J_w=0.453253 rel_change=7.192748e-01 | time=0.179s
13:53:34 | INFO | tag=block11.out_proj iter=003 | J=0.195807 J_x=0.175437 J_w=0.203696 rel_change=9.978418e-02 | time=0.189s
13:53:34 | INFO | tag=block11.out_proj iter=004 | J=0.156448 J_x=0.143283 J_w=0.131657 rel_change=3.935836e-02 | time=0.187s
13:53:34 | INFO | tag=block11.out_proj iter=005 | J=0.137471 J_x=0.126839 J_w=0.106317 rel_change=1.897775e-02 | time=0.178s
13:53:34 | INFO | tag=block11.out_proj iter=006 | J=0.126470 J_x=0.117075 J_w=0.093953 rel_change=1.100054e-02 | time=0.177s
13:53:34 | INFO | tag=block11.out_proj iter=007 | J=0.119105 J_x=0.110455 J_w=0.086500 rel_change=7.365242e-03 | time=0.185s
13:53:35 | INFO | tag=block11.out_proj iter=008 | J=0.113766 J_x=0.105596 J_w=0.081700 rel_change=5.339175e-03 | time=0.184s
13:53:35 | INFO | tag=block11.out_proj iter=009 | J=0.109770 J_x=0.101935 J_w=0.078351 rel_change=3.995277e-03 | time=0.178s
13:53:35 | INFO | tag=block11.out_proj iter=010 | J=0.106639 J_x=0.099038 J_w=0.076013 rel_change=3.131002e-03 | time=0.175s
13:53:35 | INFO | tag=block11.out_proj iter=011 | J=0.104104 J_x=0.096683 J_w=0.074208 rel_change=2.535328e-03 | time=0.178s
13:53:35 | INFO | tag=block11.out_proj iter=012 | J=0.101963 J_x=0.094688 J_w=0.072750 rel_change=2.141580e-03 | time=0.177s
13:53:35 | INFO | tag=block11.out_proj iter=013 | J=0.100117 J_x=0.092976 J_w=0.071404 rel_change=1.845963e-03 | time=0.177s
13:53:36 | INFO | tag=block11.out_proj iter=014 | J=0.098542 J_x=0.091515 J_w=0.070273 rel_change=1.574196e-03 | time=0.181s
13:53:36 | INFO | tag=block11.out_proj iter=015 | J=0.097162 J_x=0.090226 J_w=0.069364 rel_change=1.379989e-03 | time=0.176s
13:53:36 | INFO | tag=block11.out_proj iter=016 | J=0.095947 J_x=0.089092 J_w=0.068554 rel_change=1.215033e-03 | time=0.184s
13:53:36 | INFO | tag=block11.out_proj iter=017 | J=0.094892 J_x=0.088105 J_w=0.067874 rel_change=1.055181e-03 | time=0.182s
13:53:36 | INFO | tag=block11.out_proj iter=018 | J=0.093954 J_x=0.087226 J_w=0.067277 rel_change=9.385496e-04 | time=0.178s
13:53:37 | INFO | tag=block11.out_proj iter=019 | J=0.093074 J_x=0.086401 J_w=0.066738 rel_change=8.792281e-04 | time=0.176s
13:53:37 | INFO | tag=block11.out_proj iter=020 | J=0.092279 J_x=0.085647 J_w=0.066318 rel_change=7.958189e-04 | time=0.172s
13:53:37 | INFO | tag=block11.out_proj iter=021 | J=0.091563 J_x=0.084968 J_w=0.065944 rel_change=7.160157e-04 | time=0.191s
13:53:37 | INFO | tag=block11.out_proj iter=022 | J=0.090894 J_x=0.084332 J_w=0.065616 rel_change=6.688833e-04 | time=0.188s
13:53:37 | INFO | tag=block11.out_proj iter=023 | J=0.090279 J_x=0.083750 J_w=0.065293 rel_change=6.142855e-04 | time=0.185s
13:53:37 | INFO | tag=block11.out_proj iter=024 | J=0.089706 J_x=0.083209 J_w=0.064973 rel_change=5.735904e-04 | time=0.178s
13:53:38 | INFO | tag=block11.out_proj iter=025 | J=0.089182 J_x=0.082716 J_w=0.064669 rel_change=5.233586e-04 | time=0.183s
13:53:38 | INFO | tag=block11.out_proj iter=026 | J=0.088708 J_x=0.082264 J_w=0.064441 rel_change=4.747137e-04 | time=0.182s
13:53:38 | INFO | tag=block11.out_proj iter=027 | J=0.088254 J_x=0.081834 J_w=0.064203 rel_change=4.538894e-04 | time=0.177s
13:53:38 | INFO | tag=block11.out_proj iter=028 | J=0.087823 J_x=0.081418 J_w=0.064055 rel_change=4.303977e-04 | time=0.186s
13:53:38 | INFO | tag=block11.out_proj iter=029 | J=0.087410 J_x=0.081029 J_w=0.063815 rel_change=4.131049e-04 | time=0.177s
13:53:39 | INFO | tag=block11.out_proj iter=030 | J=0.087011 J_x=0.080651 J_w=0.063601 rel_change=3.994256e-04 | time=0.207s
13:53:39 | INFO | tag=block11.out_proj iter=031 | J=0.086641 J_x=0.080298 J_w=0.063423 rel_change=3.701746e-04 | time=0.176s
13:53:39 | INFO | tag=block11.out_proj iter=032 | J=0.086290 J_x=0.079964 J_w=0.063252 rel_change=3.511831e-04 | time=0.174s
13:53:39 | INFO | tag=block11.out_proj iter=033 | J=0.085952 J_x=0.079640 J_w=0.063114 rel_change=3.380850e-04 | time=0.179s
13:53:39 | INFO | tag=block11.out_proj iter=034 | J=0.085640 J_x=0.079343 J_w=0.062970 rel_change=3.111288e-04 | time=0.181s
13:53:39 | INFO | tag=block11.out_proj iter=035 | J=0.085338 J_x=0.079056 J_w=0.062821 rel_change=3.019497e-04 | time=0.183s
13:53:40 | INFO | tag=block11.out_proj iter=036 | J=0.085039 J_x=0.078770 J_w=0.062686 rel_change=2.998039e-04 | time=0.180s
13:53:40 | INFO | tag=block11.out_proj iter=037 | J=0.084753 J_x=0.078498 J_w=0.062551 rel_change=2.855510e-04 | time=0.183s
13:53:40 | INFO | tag=block11.out_proj iter=038 | J=0.084487 J_x=0.078241 J_w=0.062465 rel_change=2.659932e-04 | time=0.183s
13:53:40 | INFO | tag=block11.out_proj iter=039 | J=0.084237 J_x=0.078006 J_w=0.062316 rel_change=2.499819e-04 | time=0.184s
13:53:40 | INFO | tag=block11.out_proj iter=040 | J=0.083993 J_x=0.077770 J_w=0.062228 rel_change=2.443641e-04 | time=0.184s
13:53:41 | INFO | tag=block11.out_proj iter=041 | J=0.083750 J_x=0.077535 J_w=0.062156 rel_change=2.425238e-04 | time=0.181s
13:53:41 | INFO | tag=block11.out_proj iter=042 | J=0.083512 J_x=0.077310 J_w=0.062017 rel_change=2.386644e-04 | time=0.184s
13:53:41 | INFO | tag=block11.out_proj iter=043 | J=0.083288 J_x=0.077095 J_w=0.061927 rel_change=2.237707e-04 | time=0.185s
13:53:41 | INFO | tag=block11.out_proj iter=044 | J=0.083074 J_x=0.076890 J_w=0.061832 rel_change=2.141893e-04 | time=0.181s
13:53:41 | INFO | tag=block11.out_proj iter=045 | J=0.082865 J_x=0.076689 J_w=0.061763 rel_change=2.081990e-04 | time=0.188s
13:53:41 | INFO | tag=block11.out_proj iter=046 | J=0.082664 J_x=0.076496 J_w=0.061679 rel_change=2.015680e-04 | time=0.191s
13:53:42 | INFO | tag=block11.out_proj iter=047 | J=0.082471 J_x=0.076313 J_w=0.061589 rel_change=1.924336e-04 | time=0.179s
13:53:42 | INFO | tag=block11.out_proj iter=048 | J=0.082286 J_x=0.076134 J_w=0.061516 rel_change=1.854599e-04 | time=0.176s
13:53:42 | INFO | tag=block11.out_proj iter=049 | J=0.082103 J_x=0.075961 J_w=0.061419 rel_change=1.831576e-04 | time=0.180s
13:53:42 | INFO | tag=block11.out_proj iter=050 | J=0.081928 J_x=0.075794 J_w=0.061334 rel_change=1.751855e-04 | time=0.182s
13:53:42 | INFO | tag=block11.out_proj iter=051 | J=0.081761 J_x=0.075636 J_w=0.061253 rel_change=1.663417e-04 | time=0.180s
13:53:43 | INFO | tag=block11.out_proj iter=052 | J=0.081602 J_x=0.075483 J_w=0.061185 rel_change=1.595989e-04 | time=0.186s
13:53:43 | INFO | tag=block11.out_proj iter=053 | J=0.081447 J_x=0.075332 J_w=0.061142 rel_change=1.551360e-04 | time=0.190s
13:53:43 | INFO | tag=block11.out_proj iter=054 | J=0.081298 J_x=0.075193 J_w=0.061053 rel_change=1.481846e-04 | time=0.182s
13:53:43 | INFO | tag=block11.out_proj iter=055 | J=0.081157 J_x=0.075058 J_w=0.060991 rel_change=1.411363e-04 | time=0.179s
13:53:43 | INFO | tag=block11.out_proj iter=056 | J=0.081023 J_x=0.074935 J_w=0.060886 rel_change=1.338348e-04 | time=0.184s
13:53:44 | INFO | tag=block11.out_proj iter=057 | J=0.080895 J_x=0.074813 J_w=0.060819 rel_change=1.288578e-04 | time=0.182s
13:53:44 | INFO | tag=block11.out_proj iter=058 | J=0.080766 J_x=0.074689 J_w=0.060776 rel_change=1.280680e-04 | time=0.189s
13:53:44 | INFO | tag=block11.out_proj iter=059 | J=0.080640 J_x=0.074569 J_w=0.060706 rel_change=1.267567e-04 | time=0.179s
13:53:44 | INFO | tag=block11.out_proj iter=060 | J=0.080516 J_x=0.074453 J_w=0.060628 rel_change=1.240969e-04 | time=0.174s
13:53:44 | INFO | tag=block11.out_proj iter=061 | J=0.080395 J_x=0.074342 J_w=0.060528 rel_change=1.204312e-04 | time=0.178s
13:53:44 | INFO | tag=block11.out_proj iter=062 | J=0.080275 J_x=0.074229 J_w=0.060457 rel_change=1.202077e-04 | time=0.171s
13:53:45 | INFO | tag=block11.out_proj iter=063 | J=0.080162 J_x=0.074119 J_w=0.060433 rel_change=1.126453e-04 | time=0.171s
13:53:45 | INFO | tag=block11.out_proj iter=064 | J=0.080050 J_x=0.074009 J_w=0.060408 rel_change=1.124442e-04 | time=0.180s
13:53:45 | INFO | tag=block11.out_proj iter=065 | J=0.079945 J_x=0.073906 J_w=0.060385 rel_change=1.051277e-04 | time=0.179s
13:53:45 | INFO | tag=block11.out_proj iter=066 | J=0.079844 J_x=0.073812 J_w=0.060323 rel_change=1.007691e-04 | time=0.175s
13:53:45 | INFO | tag=block11.out_proj iter=067 | J=0.079748 J_x=0.073721 J_w=0.060275 rel_change=9.570271e-05 | time=0.178s
13:53:45 | INFO | tag=block11.out_proj iter=068 | J=0.079653 J_x=0.073627 J_w=0.060259 rel_change=9.518862e-05 | time=0.176s
13:53:46 | INFO | tag=block11.out_proj iter=069 | J=0.079555 J_x=0.073532 J_w=0.060234 rel_change=9.781867e-05 | time=0.193s
13:53:46 | INFO | tag=block11.out_proj iter=070 | J=0.079458 J_x=0.073441 J_w=0.060164 rel_change=9.749830e-05 | time=0.182s
13:53:46 | INFO | tag=block11.out_proj iter=071 | J=0.079364 J_x=0.073351 J_w=0.060136 rel_change=9.328872e-05 | time=0.177s
13:53:46 | INFO | tag=block11.out_proj iter=072 | J=0.079273 J_x=0.073264 J_w=0.060095 rel_change=9.116530e-05 | time=0.170s
13:53:46 | INFO | tag=block11.out_proj iter=073 | J=0.079187 J_x=0.073185 J_w=0.060026 rel_change=8.598715e-05 | time=0.169s
13:53:47 | INFO | tag=block11.out_proj iter=074 | J=0.079109 J_x=0.073108 J_w=0.060008 rel_change=7.846206e-05 | time=0.169s
13:53:47 | INFO | tag=block11.out_proj iter=075 | J=0.079030 J_x=0.073031 J_w=0.059985 rel_change=7.891655e-05 | time=0.177s
13:53:47 | INFO | tag=block11.out_proj iter=076 | J=0.078956 J_x=0.072961 J_w=0.059944 rel_change=7.414818e-05 | time=0.177s
13:53:47 | INFO | tag=block11.out_proj iter=077 | J=0.078884 J_x=0.072895 J_w=0.059893 rel_change=7.163733e-05 | time=0.171s
13:53:47 | INFO | tag=block11.out_proj iter=078 | J=0.078816 J_x=0.072830 J_w=0.059859 rel_change=6.815046e-05 | time=0.173s
13:53:47 | INFO | tag=block11.out_proj iter=079 | J=0.078746 J_x=0.072767 J_w=0.059794 rel_change=6.961823e-05 | time=0.179s
13:53:48 | INFO | tag=block11.out_proj iter=080 | J=0.078681 J_x=0.072703 J_w=0.059781 rel_change=6.571412e-05 | time=0.174s
13:53:48 | INFO | 量化器拟合完成 | tag=block11.out_proj convergence_iter=80 total_fit_time=14.507s
13:53:48 | INFO | 开始计算重建/近似误差 | layer=block11.out_proj error_mode=relative
13:53:48 | INFO | 误差计算完成 | layer=block11.out_proj err_x=0.056196 err_w=0.125175 rel_linear_error=0.244154 elapsed=0.122s
13:53:49 | INFO | 扩展量化模块构建完成。
13:53:49 | INFO | 开始 PPL 评测 | tag=ours_all_blocks_qkvo stride=512 max_eval_tokens=None
13:54:11 | INFO | PPL 评测完成 | tag=ours_all_blocks_qkvo ppl=24.918406 eval_tokens=286178 target_tokens=286178 windows=556 elapsed=22.495s
13:54:13 | INFO | ========== Sweep 单次实验结束 ==========
