14:22:15 | INFO | ========== Sweep 单次实验开始 ==========
14:22:15 | INFO | combo = {
  "target.block_indices": [
    11
  ],
  "quant.beta": 2.0,
  "quant_ext.init_mode": "random",
  "quant_ext.error_mode": "relative"
}
14:22:15 | INFO | config = {
  "data": {
    "model_name": "facebook/opt-125m",
    "dataset_name": "wikitext",
    "dataset_config": "wikitext-2-raw-v1",
    "calib_split": "train",
    "eval_split": "test",
    "calib_num_tokens": 4096,
    "eval_num_tokens": null,
    "tokenizer_use_fast": true
  },
  "quant": {
    "beta": 2.0,
    "max_iters": 80,
    "tol": 1e-05,
    "convergence_check_every": 1,
    "codebook": [
      -2.0,
      -1.0,
      0.0,
      1.0,
      2.0
    ],
    "dtype": "float32",
    "eps": 1e-08,
    "log_every": 1,
    "init_mode": "random",
    "error_mode": "relative",
    "track_u": true,
    "track_u_every": 1,
    "track_u_full_matrix": false,
    "random_init_orthogonal": true,
    "random_init_scale": 1.0
  },
  "eval": {
    "stride": 512,
    "device": "cuda"
  },
  "target": {
    "block_indices": [
      11
    ],
    "target_linear_names": [
      "q_proj",
      "k_proj",
      "v_proj",
      "out_proj"
    ]
  },
  "output_dir": "outputs_opt_qkvo_general_sweep_u_tracking\\t_block_indices_11-__q_beta_2__init_mode_random__error_mode_relative",
  "seed": 42
}
14:22:15 | INFO | 加载模型与 tokenizer：facebook/opt-125m
14:22:47 | INFO | 模型加载完成 | hidden_size=768 vocab_size=50272 device=cuda elapsed=31.768s
14:22:47 | INFO | 加载数据集 split=train
14:23:37 | INFO | split=train 加载完成 | non-empty text blocks=23767 chars=10940522 elapsed=49.976s
14:23:37 | INFO | 加载数据集 split=test
14:24:08 | INFO | split=test 加载完成 | non-empty text blocks=2891 chars=1291402 elapsed=30.595s
14:24:08 | INFO | 开始 PPL 评测 | tag=baseline_fp stride=512 max_eval_tokens=None
14:24:27 | INFO | PPL 评测完成 | tag=baseline_fp ppl=23.500643 eval_tokens=286178 target_tokens=286178 windows=556 elapsed=19.613s
14:24:37 | INFO | 开始收集目标线性层输入 hidden states | requested_tokens=4096 layers=['block11.q_proj', 'block11.k_proj', 'block11.v_proj', 'block11.out_proj']
14:24:38 | INFO | 输入收集完成 | layer=block11.q_proj collected_tokens=4096 forward_chunks=2 elapsed=0.144s X_shape=[768, 4096]
14:24:38 | INFO | 输入收集完成 | layer=block11.k_proj collected_tokens=4096 forward_chunks=2 elapsed=0.144s X_shape=[768, 4096]
14:24:38 | INFO | 输入收集完成 | layer=block11.v_proj collected_tokens=4096 forward_chunks=2 elapsed=0.144s X_shape=[768, 4096]
14:24:38 | INFO | 输入收集完成 | layer=block11.out_proj collected_tokens=4096 forward_chunks=2 elapsed=0.144s X_shape=[768, 4096]
14:24:38 | INFO | 开始为所有目标 transformer blocks 的 Q/K/V/O 线性层构建 SQ-XW 对照组。
14:24:38 | INFO | 开始计算 SQ-XW 对照组误差 | layer=block11.q_proj
14:24:38 | INFO | SQ-XW 误差计算完成 | layer=block11.q_proj rel_recon_error_x=0.934975 rel_recon_error_w=0.137037 rel_linear_error=0.841778 elapsed=0.047s
14:24:38 | INFO | SQ-XW 对照组构建完成 | layer=block11.q_proj bits=3 x_scale=3.78571439 w_scale=0.07163783
14:24:38 | INFO | 开始计算 SQ-XW 对照组误差 | layer=block11.k_proj
14:24:38 | INFO | SQ-XW 误差计算完成 | layer=block11.k_proj rel_recon_error_x=0.934975 rel_recon_error_w=0.159061 rel_linear_error=0.758373 elapsed=0.037s
14:24:38 | INFO | SQ-XW 对照组构建完成 | layer=block11.k_proj bits=3 x_scale=3.78571439 w_scale=0.07533482
14:24:38 | INFO | 开始计算 SQ-XW 对照组误差 | layer=block11.v_proj
14:24:38 | INFO | SQ-XW 误差计算完成 | layer=block11.v_proj rel_recon_error_x=0.934975 rel_recon_error_w=0.440576 rel_linear_error=1.034687 elapsed=0.032s
14:24:38 | INFO | SQ-XW 对照组构建完成 | layer=block11.v_proj bits=3 x_scale=3.78571439 w_scale=0.07139369
14:24:38 | INFO | 开始计算 SQ-XW 对照组误差 | layer=block11.out_proj
14:24:38 | INFO | SQ-XW 误差计算完成 | layer=block11.out_proj rel_recon_error_x=0.192631 rel_recon_error_w=0.744155 rel_linear_error=0.829729 elapsed=0.031s
14:24:38 | INFO | SQ-XW 对照组构建完成 | layer=block11.out_proj bits=3 x_scale=0.22572544 w_scale=0.12772043
14:24:38 | INFO | 开始 PPL 评测 | tag=sq_all_blocks_qkvo stride=512 max_eval_tokens=None
14:24:58 | INFO | PPL 评测完成 | tag=sq_all_blocks_qkvo ppl=27.267649 eval_tokens=286178 target_tokens=286178 windows=556 elapsed=20.083s
14:24:58 | INFO | 开始为目标层构建扩展量化器。
14:24:58 | INFO | block11.q_proj.X_calib stats | shape=[768, 4096] dtype=torch.float16 device=cpu mean=-0.037015 std=0.557564 min=-26.500000 max=5.378906 fro=991.028625
14:24:58 | INFO | block11.q_proj.W stats | shape=[768, 768] dtype=torch.float32 device=cpu mean=-0.000252 std=0.055656 min=-0.487549 max=0.501465 fro=42.744507
14:24:58 | INFO | 开始拟合量化器 | tag=block11.q_proj d=768 N=4096 M=768 beta=2.0000 max_iters=80 tol=1.00e-05 init_mode=random error_mode=relative
14:24:58 | INFO | tag=block11.q_proj iter=001 | J=2.187294 J_x=0.187294 J_w=1.000000 rel_change=inf | time=0.175s
14:24:58 | INFO | tag=block11.q_proj iter=002 | J=0.717839 J_x=0.137042 J_w=0.290398 rel_change=6.718142e-01 | time=0.181s
14:24:59 | INFO | tag=block11.q_proj iter=003 | J=0.335283 J_x=0.108772 J_w=0.113255 rel_change=3.825560e-01 | time=0.168s
14:24:59 | INFO | tag=block11.q_proj iter=004 | J=0.231220 J_x=0.093606 J_w=0.068807 rel_change=1.040626e-01 | time=0.171s
14:24:59 | INFO | tag=block11.q_proj iter=005 | J=0.191593 J_x=0.084008 J_w=0.053793 rel_change=3.962672e-02 | time=0.176s
14:24:59 | INFO | tag=block11.q_proj iter=006 | J=0.171688 J_x=0.077649 J_w=0.047019 rel_change=1.990557e-02 | time=0.177s
14:24:59 | INFO | tag=block11.q_proj iter=007 | J=0.159739 J_x=0.073289 J_w=0.043225 rel_change=1.194885e-02 | time=0.173s
14:24:59 | INFO | tag=block11.q_proj iter=008 | J=0.151652 J_x=0.070183 J_w=0.040734 rel_change=8.087277e-03 | time=0.172s
14:25:00 | INFO | tag=block11.q_proj iter=009 | J=0.145783 J_x=0.067886 J_w=0.038949 rel_change=5.868450e-03 | time=0.185s
14:25:00 | INFO | tag=block11.q_proj iter=010 | J=0.141424 J_x=0.066131 J_w=0.037647 rel_change=4.359111e-03 | time=0.171s
14:25:00 | INFO | tag=block11.q_proj iter=011 | J=0.138093 J_x=0.064755 J_w=0.036669 rel_change=3.331512e-03 | time=0.174s
14:25:00 | INFO | tag=block11.q_proj iter=012 | J=0.135421 J_x=0.063657 J_w=0.035882 rel_change=2.671897e-03 | time=0.170s
14:25:00 | INFO | tag=block11.q_proj iter=013 | J=0.133271 J_x=0.062759 J_w=0.035256 rel_change=2.149478e-03 | time=0.210s
14:25:00 | INFO | tag=block11.q_proj iter=014 | J=0.131510 J_x=0.062013 J_w=0.034749 rel_change=1.760826e-03 | time=0.176s
14:25:01 | INFO | tag=block11.q_proj iter=015 | J=0.130016 J_x=0.061390 J_w=0.034313 rel_change=1.494676e-03 | time=0.180s
14:25:01 | INFO | tag=block11.q_proj iter=016 | J=0.128730 J_x=0.060856 J_w=0.033937 rel_change=1.286179e-03 | time=0.175s
14:25:01 | INFO | tag=block11.q_proj iter=017 | J=0.127634 J_x=0.060398 J_w=0.033618 rel_change=1.095816e-03 | time=0.177s
14:25:01 | INFO | tag=block11.q_proj iter=018 | J=0.126716 J_x=0.059995 J_w=0.033360 rel_change=9.180009e-04 | time=0.185s
14:25:01 | INFO | tag=block11.q_proj iter=019 | J=0.125893 J_x=0.059638 J_w=0.033128 rel_change=8.224398e-04 | time=0.180s
14:25:02 | INFO | tag=block11.q_proj iter=020 | J=0.125174 J_x=0.059324 J_w=0.032925 rel_change=7.196516e-04 | time=0.178s
14:25:02 | INFO | tag=block11.q_proj iter=021 | J=0.124523 J_x=0.059051 J_w=0.032736 rel_change=6.509274e-04 | time=0.180s
14:25:02 | INFO | tag=block11.q_proj iter=022 | J=0.123932 J_x=0.058808 J_w=0.032562 rel_change=5.908757e-04 | time=0.169s
14:25:02 | INFO | tag=block11.q_proj iter=023 | J=0.123422 J_x=0.058585 J_w=0.032418 rel_change=5.096793e-04 | time=0.186s
14:25:02 | INFO | tag=block11.q_proj iter=024 | J=0.122952 J_x=0.058381 J_w=0.032285 rel_change=4.702657e-04 | time=0.172s
14:25:02 | INFO | tag=block11.q_proj iter=025 | J=0.122500 J_x=0.058197 J_w=0.032152 rel_change=4.522279e-04 | time=0.173s
14:25:03 | INFO | tag=block11.q_proj iter=026 | J=0.122095 J_x=0.058030 J_w=0.032033 rel_change=4.044250e-04 | time=0.169s
14:25:03 | INFO | tag=block11.q_proj iter=027 | J=0.121737 J_x=0.057874 J_w=0.031931 rel_change=3.580377e-04 | time=0.177s
14:25:03 | INFO | tag=block11.q_proj iter=028 | J=0.121393 J_x=0.057729 J_w=0.031832 rel_change=3.443733e-04 | time=0.177s
14:25:03 | INFO | tag=block11.q_proj iter=029 | J=0.121082 J_x=0.057594 J_w=0.031744 rel_change=3.110915e-04 | time=0.182s
14:25:03 | INFO | tag=block11.q_proj iter=030 | J=0.120797 J_x=0.057472 J_w=0.031662 rel_change=2.845079e-04 | time=0.177s
14:25:04 | INFO | tag=block11.q_proj iter=031 | J=0.120545 J_x=0.057360 J_w=0.031592 rel_change=2.526119e-04 | time=0.173s
14:25:04 | INFO | tag=block11.q_proj iter=032 | J=0.120310 J_x=0.057255 J_w=0.031528 rel_change=2.349988e-04 | time=0.178s
14:25:04 | INFO | tag=block11.q_proj iter=033 | J=0.120085 J_x=0.057158 J_w=0.031464 rel_change=2.247542e-04 | time=0.174s
14:25:04 | INFO | tag=block11.q_proj iter=034 | J=0.119877 J_x=0.057065 J_w=0.031406 rel_change=2.082288e-04 | time=0.177s
14:25:04 | INFO | tag=block11.q_proj iter=035 | J=0.119669 J_x=0.056978 J_w=0.031345 rel_change=2.078414e-04 | time=0.183s
14:25:04 | INFO | tag=block11.q_proj iter=036 | J=0.119471 J_x=0.056898 J_w=0.031286 rel_change=1.980662e-04 | time=0.183s
14:25:05 | INFO | tag=block11.q_proj iter=037 | J=0.119291 J_x=0.056820 J_w=0.031236 rel_change=1.793206e-04 | time=0.179s
14:25:05 | INFO | tag=block11.q_proj iter=038 | J=0.119117 J_x=0.056745 J_w=0.031186 rel_change=1.740456e-04 | time=0.173s
14:25:05 | INFO | tag=block11.q_proj iter=039 | J=0.118965 J_x=0.056676 J_w=0.031145 rel_change=1.522452e-04 | time=0.181s
14:25:05 | INFO | tag=block11.q_proj iter=040 | J=0.118829 J_x=0.056611 J_w=0.031109 rel_change=1.365244e-04 | time=0.175s
14:25:05 | INFO | tag=block11.q_proj iter=041 | J=0.118702 J_x=0.056553 J_w=0.031074 rel_change=1.271218e-04 | time=0.179s
14:25:05 | INFO | tag=block11.q_proj iter=042 | J=0.118574 J_x=0.056499 J_w=0.031038 rel_change=1.273900e-04 | time=0.181s
14:25:06 | INFO | tag=block11.q_proj iter=043 | J=0.118461 J_x=0.056447 J_w=0.031007 rel_change=1.135021e-04 | time=0.180s
14:25:06 | INFO | tag=block11.q_proj iter=044 | J=0.118339 J_x=0.056398 J_w=0.030971 rel_change=1.211762e-04 | time=0.175s
14:25:06 | INFO | tag=block11.q_proj iter=045 | J=0.118232 J_x=0.056351 J_w=0.030941 rel_change=1.075193e-04 | time=0.173s
14:25:06 | INFO | tag=block11.q_proj iter=046 | J=0.118129 J_x=0.056308 J_w=0.030910 rel_change=1.033023e-04 | time=0.179s
14:25:06 | INFO | tag=block11.q_proj iter=047 | J=0.118038 J_x=0.056268 J_w=0.030885 rel_change=9.074807e-05 | time=0.173s
14:25:07 | INFO | tag=block11.q_proj iter=048 | J=0.117950 J_x=0.056230 J_w=0.030860 rel_change=8.754432e-05 | time=0.178s
14:25:07 | INFO | tag=block11.q_proj iter=049 | J=0.117867 J_x=0.056194 J_w=0.030837 rel_change=8.361042e-05 | time=0.173s
14:25:07 | INFO | tag=block11.q_proj iter=050 | J=0.117791 J_x=0.056159 J_w=0.030816 rel_change=7.535517e-05 | time=0.171s
14:25:07 | INFO | tag=block11.q_proj iter=051 | J=0.117727 J_x=0.056124 J_w=0.030801 rel_change=6.409734e-05 | time=0.173s
14:25:07 | INFO | tag=block11.q_proj iter=052 | J=0.117662 J_x=0.056092 J_w=0.030785 rel_change=6.523728e-05 | time=0.176s
14:25:07 | INFO | tag=block11.q_proj iter=053 | J=0.117589 J_x=0.056061 J_w=0.030764 rel_change=7.259846e-05 | time=0.176s
14:25:08 | INFO | tag=block11.q_proj iter=054 | J=0.117525 J_x=0.056033 J_w=0.030746 rel_change=6.458908e-05 | time=0.179s
14:25:08 | INFO | tag=block11.q_proj iter=055 | J=0.117456 J_x=0.056007 J_w=0.030725 rel_change=6.846339e-05 | time=0.168s
14:25:08 | INFO | tag=block11.q_proj iter=056 | J=0.117397 J_x=0.055982 J_w=0.030708 rel_change=5.934387e-05 | time=0.174s
14:25:08 | INFO | tag=block11.q_proj iter=057 | J=0.117337 J_x=0.055957 J_w=0.030690 rel_change=5.976856e-05 | time=0.170s
14:25:08 | INFO | tag=block11.q_proj iter=058 | J=0.117282 J_x=0.055933 J_w=0.030674 rel_change=5.574524e-05 | time=0.179s
14:25:08 | INFO | tag=block11.q_proj iter=059 | J=0.117221 J_x=0.055911 J_w=0.030655 rel_change=6.100535e-05 | time=0.170s
14:25:09 | INFO | tag=block11.q_proj iter=060 | J=0.117167 J_x=0.055889 J_w=0.030639 rel_change=5.306304e-05 | time=0.172s
14:25:09 | INFO | tag=block11.q_proj iter=061 | J=0.117119 J_x=0.055868 J_w=0.030626 rel_change=4.820526e-05 | time=0.174s
14:25:09 | INFO | tag=block11.q_proj iter=062 | J=0.117078 J_x=0.055847 J_w=0.030616 rel_change=4.136562e-05 | time=0.173s
14:25:09 | INFO | tag=block11.q_proj iter=063 | J=0.117038 J_x=0.055828 J_w=0.030605 rel_change=3.981590e-05 | time=0.176s
14:25:09 | INFO | tag=block11.q_proj iter=064 | J=0.116997 J_x=0.055809 J_w=0.030594 rel_change=4.118681e-05 | time=0.167s
14:25:09 | INFO | tag=block11.q_proj iter=065 | J=0.116958 J_x=0.055792 J_w=0.030583 rel_change=3.926456e-05 | time=0.165s
14:25:10 | INFO | tag=block11.q_proj iter=066 | J=0.116919 J_x=0.055775 J_w=0.030572 rel_change=3.812462e-05 | time=0.181s
14:25:10 | INFO | tag=block11.q_proj iter=067 | J=0.116885 J_x=0.055758 J_w=0.030563 rel_change=3.464520e-05 | time=0.185s
14:25:10 | INFO | tag=block11.q_proj iter=068 | J=0.116845 J_x=0.055743 J_w=0.030551 rel_change=4.000217e-05 | time=0.172s
14:25:10 | INFO | tag=block11.q_proj iter=069 | J=0.116810 J_x=0.055728 J_w=0.030541 rel_change=3.515184e-05 | time=0.175s
14:25:10 | INFO | tag=block11.q_proj iter=070 | J=0.116774 J_x=0.055712 J_w=0.030531 rel_change=3.604591e-05 | time=0.176s
14:25:11 | INFO | tag=block11.q_proj iter=071 | J=0.116732 J_x=0.055698 J_w=0.030517 rel_change=4.125386e-05 | time=0.177s
14:25:11 | INFO | tag=block11.q_proj iter=072 | J=0.116698 J_x=0.055683 J_w=0.030508 rel_change=3.409386e-05 | time=0.175s
14:25:11 | INFO | tag=block11.q_proj iter=073 | J=0.116663 J_x=0.055668 J_w=0.030498 rel_change=3.529340e-05 | time=0.172s
14:25:11 | INFO | tag=block11.q_proj iter=074 | J=0.116624 J_x=0.055652 J_w=0.030486 rel_change=3.903359e-05 | time=0.179s
14:25:11 | INFO | tag=block11.q_proj iter=075 | J=0.116584 J_x=0.055637 J_w=0.030473 rel_change=4.018098e-05 | time=0.180s
14:25:11 | INFO | tag=block11.q_proj iter=076 | J=0.116551 J_x=0.055622 J_w=0.030465 rel_change=3.270805e-05 | time=0.170s
14:25:12 | INFO | tag=block11.q_proj iter=077 | J=0.116518 J_x=0.055607 J_w=0.030455 rel_change=3.292412e-05 | time=0.180s
14:25:12 | INFO | tag=block11.q_proj iter=078 | J=0.116485 J_x=0.055593 J_w=0.030446 rel_change=3.302842e-05 | time=0.175s
14:25:12 | INFO | tag=block11.q_proj iter=079 | J=0.116455 J_x=0.055580 J_w=0.030437 rel_change=3.005564e-05 | time=0.175s
14:25:12 | INFO | tag=block11.q_proj iter=080 | J=0.116429 J_x=0.055567 J_w=0.030431 rel_change=2.581626e-05 | time=0.175s
14:25:12 | INFO | 量化器拟合完成 | tag=block11.q_proj convergence_iter=80 total_fit_time=14.184s
14:25:12 | INFO | 开始计算重建/近似误差 | layer=block11.q_proj error_mode=relative
14:25:12 | INFO | 误差计算完成 | layer=block11.q_proj err_x=0.055525 err_w=0.030548 rel_linear_error=0.054083 elapsed=0.125s
14:25:13 | INFO | block11.k_proj.X_calib stats | shape=[768, 4096] dtype=torch.float16 device=cpu mean=-0.037015 std=0.557564 min=-26.500000 max=5.378906 fro=991.028625
14:25:13 | INFO | block11.k_proj.W stats | shape=[768, 768] dtype=torch.float32 device=cpu mean=0.000053 std=0.054432 min=-0.527344 max=0.527344 fro=41.803741
14:25:13 | INFO | 开始拟合量化器 | tag=block11.k_proj d=768 N=4096 M=768 beta=2.0000 max_iters=80 tol=1.00e-05 init_mode=random error_mode=relative
14:25:14 | INFO | tag=block11.k_proj iter=001 | J=2.187367 J_x=0.187367 J_w=1.000000 rel_change=inf | time=0.184s
14:25:14 | INFO | tag=block11.k_proj iter=002 | J=0.717573 J_x=0.136798 J_w=0.290388 rel_change=6.719465e-01 | time=0.175s
14:25:14 | INFO | tag=block11.k_proj iter=003 | J=0.334280 J_x=0.108553 J_w=0.112864 rel_change=3.832929e-01 | time=0.174s
14:25:14 | INFO | tag=block11.k_proj iter=004 | J=0.230474 J_x=0.093408 J_w=0.068533 rel_change=1.038066e-01 | time=0.185s
14:25:14 | INFO | tag=block11.k_proj iter=005 | J=0.191040 J_x=0.083866 J_w=0.053587 rel_change=3.943352e-02 | time=0.180s
14:25:15 | INFO | tag=block11.k_proj iter=006 | J=0.171039 J_x=0.077554 J_w=0.046743 rel_change=2.000085e-02 | time=0.168s
14:25:15 | INFO | tag=block11.k_proj iter=007 | J=0.158958 J_x=0.073210 J_w=0.042874 rel_change=1.208135e-02 | time=0.175s
14:25:15 | INFO | tag=block11.k_proj iter=008 | J=0.150804 J_x=0.070090 J_w=0.040357 rel_change=8.154467e-03 | time=0.171s
14:25:15 | INFO | tag=block11.k_proj iter=009 | J=0.145091 J_x=0.067779 J_w=0.038656 rel_change=5.712166e-03 | time=0.177s
14:25:15 | INFO | tag=block11.k_proj iter=010 | J=0.140755 J_x=0.066004 J_w=0.037376 rel_change=4.336089e-03 | time=0.177s
14:25:16 | INFO | tag=block11.k_proj iter=011 | J=0.137467 J_x=0.064604 J_w=0.036431 rel_change=3.288552e-03 | time=0.175s
14:25:16 | INFO | tag=block11.k_proj iter=012 | J=0.134818 J_x=0.063476 J_w=0.035671 rel_change=2.649203e-03 | time=0.185s
14:25:16 | INFO | tag=block11.k_proj iter=013 | J=0.132621 J_x=0.062554 J_w=0.035034 rel_change=2.196550e-03 | time=0.175s
14:25:16 | INFO | tag=block11.k_proj iter=014 | J=0.130823 J_x=0.061790 J_w=0.034516 rel_change=1.798019e-03 | time=0.175s
14:25:16 | INFO | tag=block11.k_proj iter=015 | J=0.129328 J_x=0.061147 J_w=0.034091 rel_change=1.494855e-03 | time=0.179s
14:25:16 | INFO | tag=block11.k_proj iter=016 | J=0.128041 J_x=0.060598 J_w=0.033722 rel_change=1.286924e-03 | time=0.174s
14:25:17 | INFO | tag=block11.k_proj iter=017 | J=0.126919 J_x=0.060115 J_w=0.033402 rel_change=1.122698e-03 | time=0.169s
14:25:17 | INFO | tag=block11.k_proj iter=018 | J=0.125959 J_x=0.059702 J_w=0.033129 rel_change=9.593666e-04 | time=0.178s
14:25:17 | INFO | tag=block11.k_proj iter=019 | J=0.125121 J_x=0.059338 J_w=0.032892 rel_change=8.378029e-04 | time=0.174s
14:25:17 | INFO | tag=block11.k_proj iter=020 | J=0.124372 J_x=0.059025 J_w=0.032674 rel_change=7.496327e-04 | time=0.182s
14:25:17 | INFO | tag=block11.k_proj iter=021 | J=0.123714 J_x=0.058747 J_w=0.032483 rel_change=6.580353e-04 | time=0.194s
14:25:17 | INFO | tag=block11.k_proj iter=022 | J=0.123135 J_x=0.058493 J_w=0.032321 rel_change=5.786791e-04 | time=0.174s
14:25:18 | INFO | tag=block11.k_proj iter=023 | J=0.122608 J_x=0.058266 J_w=0.032171 rel_change=5.265698e-04 | time=0.175s
14:25:18 | INFO | tag=block11.k_proj iter=024 | J=0.122141 J_x=0.058057 J_w=0.032042 rel_change=4.672557e-04 | time=0.176s
14:25:18 | INFO | tag=block11.k_proj iter=025 | J=0.121701 J_x=0.057872 J_w=0.031915 rel_change=4.401132e-04 | time=0.174s
14:25:18 | INFO | tag=block11.k_proj iter=026 | J=0.121313 J_x=0.057697 J_w=0.031808 rel_change=3.880635e-04 | time=0.170s
14:25:18 | INFO | tag=block11.k_proj iter=027 | J=0.120959 J_x=0.057543 J_w=0.031708 rel_change=3.537610e-04 | time=0.187s
14:25:19 | INFO | tag=block11.k_proj iter=028 | J=0.120637 J_x=0.057405 J_w=0.031616 rel_change=3.226846e-04 | time=0.191s
14:25:19 | INFO | tag=block11.k_proj iter=029 | J=0.120345 J_x=0.057277 J_w=0.031534 rel_change=2.917796e-04 | time=0.177s
14:25:19 | INFO | tag=block11.k_proj iter=030 | J=0.120060 J_x=0.057161 J_w=0.031449 rel_change=2.847612e-04 | time=0.171s
14:25:19 | INFO | tag=block11.k_proj iter=031 | J=0.119807 J_x=0.057053 J_w=0.031377 rel_change=2.534688e-04 | time=0.175s
14:25:19 | INFO | tag=block11.k_proj iter=032 | J=0.119572 J_x=0.056951 J_w=0.031311 rel_change=2.343282e-04 | time=0.175s
14:25:19 | INFO | tag=block11.k_proj iter=033 | J=0.119349 J_x=0.056856 J_w=0.031247 rel_change=2.228171e-04 | time=0.176s
14:25:20 | INFO | tag=block11.k_proj iter=034 | J=0.119142 J_x=0.056770 J_w=0.031186 rel_change=2.078712e-04 | time=0.176s
14:25:20 | INFO | tag=block11.k_proj iter=035 | J=0.118954 J_x=0.056687 J_w=0.031134 rel_change=1.871139e-04 | time=0.185s
14:25:20 | INFO | tag=block11.k_proj iter=036 | J=0.118778 J_x=0.056609 J_w=0.031084 rel_change=1.766533e-04 | time=0.181s
14:25:20 | INFO | tag=block11.k_proj iter=037 | J=0.118618 J_x=0.056538 J_w=0.031040 rel_change=1.598150e-04 | time=0.171s
14:25:20 | INFO | tag=block11.k_proj iter=038 | J=0.118471 J_x=0.056469 J_w=0.031001 rel_change=1.472831e-04 | time=0.170s
14:25:20 | INFO | tag=block11.k_proj iter=039 | J=0.118322 J_x=0.056403 J_w=0.030960 rel_change=1.482666e-04 | time=0.178s
14:25:21 | INFO | tag=block11.k_proj iter=040 | J=0.118179 J_x=0.056343 J_w=0.030918 rel_change=1.432151e-04 | time=0.174s
14:25:21 | INFO | tag=block11.k_proj iter=041 | J=0.118040 J_x=0.056286 J_w=0.030877 rel_change=1.391172e-04 | time=0.169s
14:25:21 | INFO | tag=block11.k_proj iter=042 | J=0.117912 J_x=0.056230 J_w=0.030841 rel_change=1.278818e-04 | time=0.172s
14:25:21 | INFO | tag=block11.k_proj iter=043 | J=0.117796 J_x=0.056179 J_w=0.030809 rel_change=1.160800e-04 | time=0.178s
14:25:21 | INFO | tag=block11.k_proj iter=044 | J=0.117680 J_x=0.056132 J_w=0.030774 rel_change=1.156777e-04 | time=0.175s
14:25:22 | INFO | tag=block11.k_proj iter=045 | J=0.117580 J_x=0.056087 J_w=0.030746 rel_change=1.006126e-04 | time=0.170s
14:25:22 | INFO | tag=block11.k_proj iter=046 | J=0.117468 J_x=0.056046 J_w=0.030711 rel_change=1.121610e-04 | time=0.180s
14:25:22 | INFO | tag=block11.k_proj iter=047 | J=0.117355 J_x=0.056005 J_w=0.030675 rel_change=1.124591e-04 | time=0.171s
14:25:22 | INFO | tag=block11.k_proj iter=048 | J=0.117257 J_x=0.055965 J_w=0.030646 rel_change=9.799004e-05 | time=0.175s
14:25:22 | INFO | tag=block11.k_proj iter=049 | J=0.117178 J_x=0.055926 J_w=0.030626 rel_change=7.933378e-05 | time=0.170s
14:25:22 | INFO | tag=block11.k_proj iter=050 | J=0.117096 J_x=0.055891 J_w=0.030602 rel_change=8.234382e-05 | time=0.172s
14:25:23 | INFO | tag=block11.k_proj iter=051 | J=0.117022 J_x=0.055858 J_w=0.030582 rel_change=7.376075e-05 | time=0.177s
14:25:23 | INFO | tag=block11.k_proj iter=052 | J=0.116958 J_x=0.055826 J_w=0.030566 rel_change=6.423891e-05 | time=0.183s
14:25:23 | INFO | tag=block11.k_proj iter=053 | J=0.116890 J_x=0.055796 J_w=0.030547 rel_change=6.712228e-05 | time=0.181s
14:25:23 | INFO | tag=block11.k_proj iter=054 | J=0.116822 J_x=0.055770 J_w=0.030526 rel_change=6.889552e-05 | time=0.177s
14:25:23 | INFO | tag=block11.k_proj iter=055 | J=0.116763 J_x=0.055742 J_w=0.030511 rel_change=5.832314e-05 | time=0.169s
14:25:23 | INFO | tag=block11.k_proj iter=056 | J=0.116703 J_x=0.055715 J_w=0.030494 rel_change=6.069243e-05 | time=0.177s
14:25:24 | INFO | tag=block11.k_proj iter=057 | J=0.116638 J_x=0.055690 J_w=0.030474 rel_change=6.495416e-05 | time=0.168s
14:25:24 | INFO | tag=block11.k_proj iter=058 | J=0.116586 J_x=0.055666 J_w=0.030460 rel_change=5.179644e-05 | time=0.183s
14:25:24 | INFO | tag=block11.k_proj iter=059 | J=0.116532 J_x=0.055643 J_w=0.030444 rel_change=5.352497e-05 | time=0.174s
14:25:24 | INFO | tag=block11.k_proj iter=060 | J=0.116485 J_x=0.055621 J_w=0.030432 rel_change=4.693121e-05 | time=0.178s
14:25:24 | INFO | tag=block11.k_proj iter=061 | J=0.116432 J_x=0.055600 J_w=0.030416 rel_change=5.371124e-05 | time=0.177s
14:25:25 | INFO | tag=block11.k_proj iter=062 | J=0.116386 J_x=0.055580 J_w=0.030403 rel_change=4.518032e-05 | time=0.176s
14:25:25 | INFO | tag=block11.k_proj iter=063 | J=0.116338 J_x=0.055559 J_w=0.030389 rel_change=4.887581e-05 | time=0.178s
14:25:25 | INFO | tag=block11.k_proj iter=064 | J=0.116289 J_x=0.055539 J_w=0.030375 rel_change=4.844368e-05 | time=0.171s
14:25:25 | INFO | tag=block11.k_proj iter=065 | J=0.116246 J_x=0.055522 J_w=0.030362 rel_change=4.315376e-05 | time=0.170s
14:25:25 | INFO | tag=block11.k_proj iter=066 | J=0.116208 J_x=0.055503 J_w=0.030352 rel_change=3.828108e-05 | time=0.183s
14:25:25 | INFO | tag=block11.k_proj iter=067 | J=0.116168 J_x=0.055486 J_w=0.030341 rel_change=3.951788e-05 | time=0.169s
14:25:26 | INFO | tag=block11.k_proj iter=068 | J=0.116129 J_x=0.055470 J_w=0.030329 rel_change=3.964454e-05 | time=0.176s
14:25:26 | INFO | tag=block11.k_proj iter=069 | J=0.116096 J_x=0.055453 J_w=0.030321 rel_change=3.253669e-05 | time=0.182s
14:25:26 | INFO | tag=block11.k_proj iter=070 | J=0.116067 J_x=0.055438 J_w=0.030315 rel_change=2.862513e-05 | time=0.176s
14:25:26 | INFO | tag=block11.k_proj iter=071 | J=0.116037 J_x=0.055425 J_w=0.030306 rel_change=3.063679e-05 | time=0.182s
14:25:26 | INFO | tag=block11.k_proj iter=072 | J=0.116001 J_x=0.055411 J_w=0.030295 rel_change=3.533065e-05 | time=0.179s
14:25:26 | INFO | tag=block11.k_proj iter=073 | J=0.115974 J_x=0.055396 J_w=0.030289 rel_change=2.694130e-05 | time=0.181s
14:25:27 | INFO | tag=block11.k_proj iter=074 | J=0.115946 J_x=0.055383 J_w=0.030281 rel_change=2.893806e-05 | time=0.166s
14:25:27 | INFO | tag=block11.k_proj iter=075 | J=0.115914 J_x=0.055371 J_w=0.030272 rel_change=3.112108e-05 | time=0.179s
14:25:27 | INFO | tag=block11.k_proj iter=076 | J=0.115885 J_x=0.055359 J_w=0.030263 rel_change=2.934784e-05 | time=0.171s
14:25:27 | INFO | tag=block11.k_proj iter=077 | J=0.115862 J_x=0.055348 J_w=0.030257 rel_change=2.316386e-05 | time=0.184s
14:25:27 | INFO | tag=block11.k_proj iter=078 | J=0.115839 J_x=0.055335 J_w=0.030252 rel_change=2.331287e-05 | time=0.177s
14:25:28 | INFO | tag=block11.k_proj iter=079 | J=0.115813 J_x=0.055325 J_w=0.030244 rel_change=2.551079e-05 | time=0.176s
14:25:28 | INFO | tag=block11.k_proj iter=080 | J=0.115788 J_x=0.055316 J_w=0.030236 rel_change=2.527237e-05 | time=0.179s
14:25:28 | INFO | 量化器拟合完成 | tag=block11.k_proj convergence_iter=80 total_fit_time=14.230s
14:25:28 | INFO | 开始计算重建/近似误差 | layer=block11.k_proj error_mode=relative
14:25:28 | INFO | 误差计算完成 | layer=block11.k_proj err_x=0.055274 err_w=0.030322 rel_linear_error=0.049367 elapsed=0.119s
14:25:29 | INFO | block11.v_proj.X_calib stats | shape=[768, 4096] dtype=torch.float16 device=cpu mean=-0.037015 std=0.557564 min=-26.500000 max=5.378906 fro=991.028625
14:25:29 | INFO | block11.v_proj.W stats | shape=[768, 768] dtype=torch.float32 device=cpu mean=0.000046 std=0.029483 min=-0.499756 max=0.195679 fro=22.642700
14:25:29 | INFO | 开始拟合量化器 | tag=block11.v_proj d=768 N=4096 M=768 beta=2.0000 max_iters=80 tol=1.00e-05 init_mode=random error_mode=relative
14:25:29 | INFO | tag=block11.v_proj iter=001 | J=2.187328 J_x=0.187328 J_w=1.000000 rel_change=inf | time=0.196s
14:25:29 | INFO | tag=block11.v_proj iter=002 | J=0.728591 J_x=0.138151 J_w=0.295220 rel_change=6.669035e-01 | time=0.169s
14:25:30 | INFO | tag=block11.v_proj iter=003 | J=0.356080 J_x=0.109442 J_w=0.123319 rel_change=3.725110e-01 | time=0.174s
14:25:30 | INFO | tag=block11.v_proj iter=004 | J=0.245142 J_x=0.094298 J_w=0.075422 rel_change=1.109381e-01 | time=0.184s
14:25:30 | INFO | tag=block11.v_proj iter=005 | J=0.201591 J_x=0.084568 J_w=0.058512 rel_change=4.355088e-02 | time=0.168s
14:25:30 | INFO | tag=block11.v_proj iter=006 | J=0.179570 J_x=0.078114 J_w=0.050728 rel_change=2.202150e-02 | time=0.175s
14:25:30 | INFO | tag=block11.v_proj iter=007 | J=0.166407 J_x=0.073690 J_w=0.046358 rel_change=1.316291e-02 | time=0.179s
14:25:31 | INFO | tag=block11.v_proj iter=008 | J=0.157720 J_x=0.070550 J_w=0.043585 rel_change=8.687049e-03 | time=0.171s
14:25:31 | INFO | tag=block11.v_proj iter=009 | J=0.151561 J_x=0.068257 J_w=0.041652 rel_change=6.159306e-03 | time=0.175s
14:25:31 | INFO | tag=block11.v_proj iter=010 | J=0.147062 J_x=0.066512 J_w=0.040275 rel_change=4.498482e-03 | time=0.177s
14:25:31 | INFO | tag=block11.v_proj iter=011 | J=0.143576 J_x=0.065147 J_w=0.039215 rel_change=3.485590e-03 | time=0.183s
14:25:31 | INFO | tag=block11.v_proj iter=012 | J=0.140777 J_x=0.064063 J_w=0.038357 rel_change=2.799332e-03 | time=0.172s
14:25:31 | INFO | tag=block11.v_proj iter=013 | J=0.138480 J_x=0.063179 J_w=0.037651 rel_change=2.297238e-03 | time=0.175s
14:25:32 | INFO | tag=block11.v_proj iter=014 | J=0.136559 J_x=0.062436 J_w=0.037061 rel_change=1.921222e-03 | time=0.168s
14:25:32 | INFO | tag=block11.v_proj iter=015 | J=0.134964 J_x=0.061810 J_w=0.036577 rel_change=1.594424e-03 | time=0.207s
14:25:32 | INFO | tag=block11.v_proj iter=016 | J=0.133628 J_x=0.061278 J_w=0.036175 rel_change=1.336128e-03 | time=0.173s
14:25:32 | INFO | tag=block11.v_proj iter=017 | J=0.132488 J_x=0.060814 J_w=0.035837 rel_change=1.140550e-03 | time=0.176s
14:25:32 | INFO | tag=block11.v_proj iter=018 | J=0.131464 J_x=0.060416 J_w=0.035524 rel_change=1.023665e-03 | time=0.166s
14:25:33 | INFO | tag=block11.v_proj iter=019 | J=0.130597 J_x=0.060061 J_w=0.035268 rel_change=8.673370e-04 | time=0.183s
14:25:33 | INFO | tag=block11.v_proj iter=020 | J=0.129836 J_x=0.059748 J_w=0.035044 rel_change=7.608533e-04 | time=0.184s
14:25:33 | INFO | tag=block11.v_proj iter=021 | J=0.129161 J_x=0.059470 J_w=0.034846 rel_change=6.743968e-04 | time=0.172s
14:25:33 | INFO | tag=block11.v_proj iter=022 | J=0.128554 J_x=0.059229 J_w=0.034663 rel_change=6.068945e-04 | time=0.177s
14:25:33 | INFO | tag=block11.v_proj iter=023 | J=0.128015 J_x=0.059013 J_w=0.034501 rel_change=5.392134e-04 | time=0.176s
14:25:33 | INFO | tag=block11.v_proj iter=024 | J=0.127521 J_x=0.058817 J_w=0.034352 rel_change=4.940331e-04 | time=0.178s
14:25:34 | INFO | tag=block11.v_proj iter=025 | J=0.127077 J_x=0.058641 J_w=0.034218 rel_change=4.437119e-04 | time=0.182s
14:25:34 | INFO | tag=block11.v_proj iter=026 | J=0.126653 J_x=0.058480 J_w=0.034087 rel_change=4.242361e-04 | time=0.175s
14:25:34 | INFO | tag=block11.v_proj iter=027 | J=0.126266 J_x=0.058332 J_w=0.033967 rel_change=3.876835e-04 | time=0.186s
14:25:34 | INFO | tag=block11.v_proj iter=028 | J=0.125917 J_x=0.058194 J_w=0.033862 rel_change=3.485084e-04 | time=0.172s
14:25:34 | INFO | tag=block11.v_proj iter=029 | J=0.125581 J_x=0.058065 J_w=0.033758 rel_change=3.362447e-04 | time=0.170s
14:25:34 | INFO | tag=block11.v_proj iter=030 | J=0.125291 J_x=0.057941 J_w=0.033675 rel_change=2.900958e-04 | time=0.167s
14:25:35 | INFO | tag=block11.v_proj iter=031 | J=0.125021 J_x=0.057828 J_w=0.033597 rel_change=2.692491e-04 | time=0.168s
14:25:35 | INFO | tag=block11.v_proj iter=032 | J=0.124755 J_x=0.057727 J_w=0.033514 rel_change=2.661422e-04 | time=0.171s
14:25:35 | INFO | tag=block11.v_proj iter=033 | J=0.124518 J_x=0.057631 J_w=0.033443 rel_change=2.374426e-04 | time=0.168s
14:25:35 | INFO | tag=block11.v_proj iter=034 | J=0.124296 J_x=0.057545 J_w=0.033376 rel_change=2.214611e-04 | time=0.174s
14:25:35 | INFO | tag=block11.v_proj iter=035 | J=0.124096 J_x=0.057462 J_w=0.033317 rel_change=2.005398e-04 | time=0.180s
14:25:35 | INFO | tag=block11.v_proj iter=036 | J=0.123905 J_x=0.057385 J_w=0.033260 rel_change=1.910627e-04 | time=0.172s
14:25:36 | INFO | tag=block11.v_proj iter=037 | J=0.123713 J_x=0.057317 J_w=0.033198 rel_change=1.921058e-04 | time=0.178s
14:25:36 | INFO | tag=block11.v_proj iter=038 | J=0.123545 J_x=0.057253 J_w=0.033146 rel_change=1.679659e-04 | time=0.179s
14:25:36 | INFO | tag=block11.v_proj iter=039 | J=0.123390 J_x=0.057191 J_w=0.033099 rel_change=1.550615e-04 | time=0.174s
14:25:36 | INFO | tag=block11.v_proj iter=040 | J=0.123243 J_x=0.057134 J_w=0.033054 rel_change=1.468882e-04 | time=0.172s
14:25:36 | INFO | tag=block11.v_proj iter=041 | J=0.123101 J_x=0.057081 J_w=0.033010 rel_change=1.414642e-04 | time=0.177s
14:25:37 | INFO | tag=block11.v_proj iter=042 | J=0.122974 J_x=0.057032 J_w=0.032971 rel_change=1.270771e-04 | time=0.167s
14:25:37 | INFO | tag=block11.v_proj iter=043 | J=0.122851 J_x=0.056984 J_w=0.032933 rel_change=1.236424e-04 | time=0.184s
14:25:37 | INFO | tag=block11.v_proj iter=044 | J=0.122739 J_x=0.056939 J_w=0.032900 rel_change=1.116022e-04 | time=0.174s
14:25:37 | INFO | tag=block11.v_proj iter=045 | J=0.122636 J_x=0.056899 J_w=0.032869 rel_change=1.025125e-04 | time=0.171s
14:25:37 | INFO | tag=block11.v_proj iter=046 | J=0.122547 J_x=0.056859 J_w=0.032844 rel_change=8.980185e-05 | time=0.170s
14:25:37 | INFO | tag=block11.v_proj iter=047 | J=0.122456 J_x=0.056823 J_w=0.032816 rel_change=9.115040e-05 | time=0.174s
14:25:38 | INFO | tag=block11.v_proj iter=048 | J=0.122370 J_x=0.056791 J_w=0.032790 rel_change=8.551776e-05 | time=0.182s
14:25:38 | INFO | tag=block11.v_proj iter=049 | J=0.122292 J_x=0.056759 J_w=0.032767 rel_change=7.819384e-05 | time=0.184s
14:25:38 | INFO | tag=block11.v_proj iter=050 | J=0.122221 J_x=0.056730 J_w=0.032745 rel_change=7.105619e-05 | time=0.173s
14:25:38 | INFO | tag=block11.v_proj iter=051 | J=0.122142 J_x=0.056703 J_w=0.032719 rel_change=7.870793e-05 | time=0.195s
14:25:38 | INFO | tag=block11.v_proj iter=052 | J=0.122068 J_x=0.056677 J_w=0.032696 rel_change=7.389486e-05 | time=0.182s
14:25:39 | INFO | tag=block11.v_proj iter=053 | J=0.121998 J_x=0.056652 J_w=0.032673 rel_change=6.966293e-05 | time=0.177s
14:25:39 | INFO | tag=block11.v_proj iter=054 | J=0.121934 J_x=0.056628 J_w=0.032653 rel_change=6.435812e-05 | time=0.180s
14:25:39 | INFO | tag=block11.v_proj iter=055 | J=0.121879 J_x=0.056604 J_w=0.032638 rel_change=5.525351e-05 | time=0.177s
14:25:39 | INFO | tag=block11.v_proj iter=056 | J=0.121830 J_x=0.056580 J_w=0.032625 rel_change=4.890561e-05 | time=0.181s
14:25:39 | INFO | tag=block11.v_proj iter=057 | J=0.121778 J_x=0.056557 J_w=0.032611 rel_change=5.194545e-05 | time=0.170s
14:25:39 | INFO | tag=block11.v_proj iter=058 | J=0.121733 J_x=0.056535 J_w=0.032599 rel_change=4.479289e-05 | time=0.181s
14:25:40 | INFO | tag=block11.v_proj iter=059 | J=0.121681 J_x=0.056515 J_w=0.032583 rel_change=5.191565e-05 | time=0.179s
14:25:40 | INFO | tag=block11.v_proj iter=060 | J=0.121640 J_x=0.056497 J_w=0.032572 rel_change=4.123151e-05 | time=0.184s
14:25:40 | INFO | tag=block11.v_proj iter=061 | J=0.121598 J_x=0.056477 J_w=0.032561 rel_change=4.158169e-05 | time=0.179s
14:25:40 | INFO | tag=block11.v_proj iter=062 | J=0.121557 J_x=0.056461 J_w=0.032548 rel_change=4.167110e-05 | time=0.174s
14:25:40 | INFO | tag=block11.v_proj iter=063 | J=0.121515 J_x=0.056446 J_w=0.032535 rel_change=4.172325e-05 | time=0.179s
14:25:40 | INFO | tag=block11.v_proj iter=064 | J=0.121477 J_x=0.056431 J_w=0.032523 rel_change=3.775954e-05 | time=0.185s
14:25:41 | INFO | tag=block11.v_proj iter=065 | J=0.121435 J_x=0.056417 J_w=0.032509 rel_change=4.266948e-05 | time=0.182s
14:25:41 | INFO | tag=block11.v_proj iter=066 | J=0.121397 J_x=0.056402 J_w=0.032497 rel_change=3.766268e-05 | time=0.183s
14:25:41 | INFO | tag=block11.v_proj iter=067 | J=0.121361 J_x=0.056387 J_w=0.032487 rel_change=3.571808e-05 | time=0.176s
14:25:41 | INFO | tag=block11.v_proj iter=068 | J=0.121324 J_x=0.056372 J_w=0.032476 rel_change=3.708899e-05 | time=0.182s
14:25:41 | INFO | tag=block11.v_proj iter=069 | J=0.121281 J_x=0.056358 J_w=0.032461 rel_change=4.306436e-05 | time=0.182s
14:25:42 | INFO | tag=block11.v_proj iter=070 | J=0.121243 J_x=0.056344 J_w=0.032450 rel_change=3.778934e-05 | time=0.175s
14:25:42 | INFO | tag=block11.v_proj iter=071 | J=0.121213 J_x=0.056331 J_w=0.032441 rel_change=3.026426e-05 | time=0.173s
14:25:42 | INFO | tag=block11.v_proj iter=072 | J=0.121183 J_x=0.056320 J_w=0.032432 rel_change=3.055483e-05 | time=0.179s
14:25:42 | INFO | tag=block11.v_proj iter=073 | J=0.121156 J_x=0.056307 J_w=0.032424 rel_change=2.660602e-05 | time=0.177s
14:25:42 | INFO | tag=block11.v_proj iter=074 | J=0.121127 J_x=0.056296 J_w=0.032416 rel_change=2.913922e-05 | time=0.187s
14:25:42 | INFO | tag=block11.v_proj iter=075 | J=0.121096 J_x=0.056285 J_w=0.032406 rel_change=3.036112e-05 | time=0.187s
14:25:43 | INFO | tag=block11.v_proj iter=076 | J=0.121069 J_x=0.056273 J_w=0.032398 rel_change=2.762675e-05 | time=0.190s
14:25:43 | INFO | tag=block11.v_proj iter=077 | J=0.121040 J_x=0.056262 J_w=0.032389 rel_change=2.896041e-05 | time=0.188s
14:25:43 | INFO | tag=block11.v_proj iter=078 | J=0.121010 J_x=0.056250 J_w=0.032380 rel_change=2.989173e-05 | time=0.184s
14:25:43 | INFO | tag=block11.v_proj iter=079 | J=0.120983 J_x=0.056237 J_w=0.032373 rel_change=2.672523e-05 | time=0.185s
14:25:43 | INFO | tag=block11.v_proj iter=080 | J=0.120957 J_x=0.056226 J_w=0.032366 rel_change=2.645701e-05 | time=0.171s
14:25:43 | INFO | 量化器拟合完成 | tag=block11.v_proj convergence_iter=80 total_fit_time=14.297s
14:25:43 | INFO | 开始计算重建/近似误差 | layer=block11.v_proj error_mode=relative
14:25:44 | INFO | 误差计算完成 | layer=block11.v_proj err_x=0.056200 err_w=0.032696 rel_linear_error=0.132941 elapsed=0.126s
14:25:45 | INFO | block11.out_proj.X_calib stats | shape=[768, 4096] dtype=torch.float16 device=cpu mean=-0.000149 std=0.126649 min=-1.580078 max=1.531250 fro=224.591049
14:25:45 | INFO | block11.out_proj.W stats | shape=[768, 768] dtype=torch.float32 device=cpu mean=-0.000020 std=0.031479 min=-0.875977 max=0.894043 fro=24.176212
14:25:45 | INFO | 开始拟合量化器 | tag=block11.out_proj d=768 N=4096 M=768 beta=2.0000 max_iters=80 tol=1.00e-05 init_mode=random error_mode=relative
14:25:45 | INFO | tag=block11.out_proj iter=001 | J=2.952483 J_x=0.952984 J_w=0.999749 rel_change=inf | time=0.175s
14:25:45 | INFO | tag=block11.out_proj iter=002 | J=0.776519 J_x=0.268361 J_w=0.254079 rel_change=7.369945e-01 | time=0.171s
14:25:45 | INFO | tag=block11.out_proj iter=003 | J=0.396042 J_x=0.193289 J_w=0.101376 rel_change=3.804775e-01 | time=0.181s
14:25:46 | INFO | tag=block11.out_proj iter=004 | J=0.280080 J_x=0.160028 J_w=0.060026 rel_change=1.159616e-01 | time=0.181s
14:25:46 | INFO | tag=block11.out_proj iter=005 | J=0.238844 J_x=0.142438 J_w=0.048203 rel_change=4.123557e-02 | time=0.181s
14:25:46 | INFO | tag=block11.out_proj iter=006 | J=0.217615 J_x=0.131678 J_w=0.042968 rel_change=2.122971e-02 | time=0.185s
14:25:46 | INFO | tag=block11.out_proj iter=007 | J=0.204368 J_x=0.124212 J_w=0.040078 rel_change=1.324704e-02 | time=0.183s
14:25:46 | INFO | tag=block11.out_proj iter=008 | J=0.194987 J_x=0.118604 J_w=0.038192 rel_change=9.380549e-03 | time=0.187s
14:25:47 | INFO | tag=block11.out_proj iter=009 | J=0.187818 J_x=0.114254 J_w=0.036782 rel_change=7.169276e-03 | time=0.185s
14:25:47 | INFO | tag=block11.out_proj iter=010 | J=0.182161 J_x=0.110785 J_w=0.035688 rel_change=5.656794e-03 | time=0.185s
14:25:47 | INFO | tag=block11.out_proj iter=011 | J=0.177603 J_x=0.107914 J_w=0.034845 rel_change=4.558384e-03 | time=0.171s
14:25:47 | INFO | tag=block11.out_proj iter=012 | J=0.173765 J_x=0.105506 J_w=0.034129 rel_change=3.837690e-03 | time=0.178s
14:25:47 | INFO | tag=block11.out_proj iter=013 | J=0.170669 J_x=0.103478 J_w=0.033596 rel_change=3.096163e-03 | time=0.176s
14:25:47 | INFO | tag=block11.out_proj iter=014 | J=0.167943 J_x=0.101747 J_w=0.033098 rel_change=2.725810e-03 | time=0.174s
14:25:48 | INFO | tag=block11.out_proj iter=015 | J=0.165556 J_x=0.100226 J_w=0.032665 rel_change=2.387092e-03 | time=0.180s
14:25:48 | INFO | tag=block11.out_proj iter=016 | J=0.163514 J_x=0.098893 J_w=0.032311 rel_change=2.042070e-03 | time=0.185s
14:25:48 | INFO | tag=block11.out_proj iter=017 | J=0.161703 J_x=0.097724 J_w=0.031989 rel_change=1.811087e-03 | time=0.180s
14:25:48 | INFO | tag=block11.out_proj iter=018 | J=0.160192 J_x=0.096686 J_w=0.031753 rel_change=1.510441e-03 | time=0.192s
14:25:48 | INFO | tag=block11.out_proj iter=019 | J=0.158774 J_x=0.095760 J_w=0.031507 rel_change=1.418471e-03 | time=0.168s
14:25:48 | INFO | tag=block11.out_proj iter=020 | J=0.157542 J_x=0.094907 J_w=0.031317 rel_change=1.232043e-03 | time=0.174s
14:25:49 | INFO | tag=block11.out_proj iter=021 | J=0.156354 J_x=0.094138 J_w=0.031108 rel_change=1.187921e-03 | time=0.181s
14:25:49 | INFO | tag=block11.out_proj iter=022 | J=0.155273 J_x=0.093432 J_w=0.030921 rel_change=1.080409e-03 | time=0.171s
14:25:49 | INFO | tag=block11.out_proj iter=023 | J=0.154286 J_x=0.092783 J_w=0.030751 rel_change=9.875149e-04 | time=0.178s
14:25:49 | INFO | tag=block11.out_proj iter=024 | J=0.153360 J_x=0.092182 J_w=0.030589 rel_change=9.257495e-04 | time=0.187s
14:25:49 | INFO | tag=block11.out_proj iter=025 | J=0.152489 J_x=0.091638 J_w=0.030426 rel_change=8.711517e-04 | time=0.175s
14:25:50 | INFO | tag=block11.out_proj iter=026 | J=0.151741 J_x=0.091118 J_w=0.030311 rel_change=7.485002e-04 | time=0.172s
14:25:50 | INFO | tag=block11.out_proj iter=027 | J=0.151031 J_x=0.090625 J_w=0.030203 rel_change=7.098466e-04 | time=0.182s
14:25:50 | INFO | tag=block11.out_proj iter=028 | J=0.150331 J_x=0.090166 J_w=0.030083 rel_change=6.996244e-04 | time=0.182s
14:25:50 | INFO | tag=block11.out_proj iter=029 | J=0.149710 J_x=0.089739 J_w=0.029985 rel_change=6.212890e-04 | time=0.171s
14:25:50 | INFO | tag=block11.out_proj iter=030 | J=0.149120 J_x=0.089340 J_w=0.029890 rel_change=5.902499e-04 | time=0.180s
14:25:50 | INFO | tag=block11.out_proj iter=031 | J=0.148572 J_x=0.088968 J_w=0.029802 rel_change=5.480349e-04 | time=0.205s
14:25:51 | INFO | tag=block11.out_proj iter=032 | J=0.148003 J_x=0.088607 J_w=0.029698 rel_change=5.686730e-04 | time=0.176s
14:25:51 | INFO | tag=block11.out_proj iter=033 | J=0.147513 J_x=0.088260 J_w=0.029626 rel_change=4.896969e-04 | time=0.199s
14:25:51 | INFO | tag=block11.out_proj iter=034 | J=0.147003 J_x=0.087925 J_w=0.029539 rel_change=5.101413e-04 | time=0.177s
14:25:51 | INFO | tag=block11.out_proj iter=035 | J=0.146544 J_x=0.087605 J_w=0.029470 rel_change=4.588515e-04 | time=0.176s
14:25:51 | INFO | tag=block11.out_proj iter=036 | J=0.146115 J_x=0.087307 J_w=0.029404 rel_change=4.295558e-04 | time=0.177s
14:25:52 | INFO | tag=block11.out_proj iter=037 | J=0.145693 J_x=0.087025 J_w=0.029334 rel_change=4.218221e-04 | time=0.176s
14:25:52 | INFO | tag=block11.out_proj iter=038 | J=0.145329 J_x=0.086761 J_w=0.029284 rel_change=3.642887e-04 | time=0.181s
14:25:52 | INFO | tag=block11.out_proj iter=039 | J=0.144954 J_x=0.086506 J_w=0.029224 rel_change=3.743023e-04 | time=0.185s
14:25:52 | INFO | tag=block11.out_proj iter=040 | J=0.144575 J_x=0.086260 J_w=0.029158 rel_change=3.792495e-04 | time=0.177s
14:25:52 | INFO | tag=block11.out_proj iter=041 | J=0.144246 J_x=0.086039 J_w=0.029103 rel_change=3.293902e-04 | time=0.173s
14:25:52 | INFO | tag=block11.out_proj iter=042 | J=0.143937 J_x=0.085835 J_w=0.029051 rel_change=3.083050e-04 | time=0.182s
14:25:53 | INFO | tag=block11.out_proj iter=043 | J=0.143640 J_x=0.085641 J_w=0.029000 rel_change=2.970397e-04 | time=0.177s
14:25:53 | INFO | tag=block11.out_proj iter=044 | J=0.143344 J_x=0.085458 J_w=0.028943 rel_change=2.966970e-04 | time=0.165s
14:25:53 | INFO | tag=block11.out_proj iter=045 | J=0.143083 J_x=0.085286 J_w=0.028898 rel_change=2.609938e-04 | time=0.172s
14:25:53 | INFO | tag=block11.out_proj iter=046 | J=0.142844 J_x=0.085125 J_w=0.028859 rel_change=2.390146e-04 | time=0.175s
14:25:53 | INFO | tag=block11.out_proj iter=047 | J=0.142620 J_x=0.084971 J_w=0.028825 rel_change=2.233684e-04 | time=0.175s
14:25:53 | INFO | tag=block11.out_proj iter=048 | J=0.142396 J_x=0.084834 J_w=0.028781 rel_change=2.236664e-04 | time=0.174s
14:25:54 | INFO | tag=block11.out_proj iter=049 | J=0.142200 J_x=0.084697 J_w=0.028752 rel_change=1.960397e-04 | time=0.177s
14:25:54 | INFO | tag=block11.out_proj iter=050 | J=0.141993 J_x=0.084573 J_w=0.028710 rel_change=2.076626e-04 | time=0.176s
14:25:54 | INFO | tag=block11.out_proj iter=051 | J=0.141769 J_x=0.084452 J_w=0.028659 rel_change=2.232790e-04 | time=0.181s
14:25:54 | INFO | tag=block11.out_proj iter=052 | J=0.141596 J_x=0.084334 J_w=0.028631 rel_change=1.735091e-04 | time=0.172s
14:25:54 | INFO | tag=block11.out_proj iter=053 | J=0.141424 J_x=0.084217 J_w=0.028603 rel_change=1.723766e-04 | time=0.176s
14:25:55 | INFO | tag=block11.out_proj iter=054 | J=0.141263 J_x=0.084096 J_w=0.028584 rel_change=1.601875e-04 | time=0.189s
14:25:55 | INFO | tag=block11.out_proj iter=055 | J=0.141098 J_x=0.083982 J_w=0.028558 rel_change=1.654625e-04 | time=0.175s
14:25:55 | INFO | tag=block11.out_proj iter=056 | J=0.140919 J_x=0.083869 J_w=0.028525 rel_change=1.787841e-04 | time=0.181s
14:25:55 | INFO | tag=block11.out_proj iter=057 | J=0.140743 J_x=0.083755 J_w=0.028494 rel_change=1.760721e-04 | time=0.178s
14:25:55 | INFO | tag=block11.out_proj iter=058 | J=0.140573 J_x=0.083642 J_w=0.028465 rel_change=1.705885e-04 | time=0.170s
14:25:55 | INFO | tag=block11.out_proj iter=059 | J=0.140406 J_x=0.083529 J_w=0.028438 rel_change=1.668185e-04 | time=0.179s
14:25:56 | INFO | tag=block11.out_proj iter=060 | J=0.140244 J_x=0.083415 J_w=0.028415 rel_change=1.618266e-04 | time=0.172s
14:25:56 | INFO | tag=block11.out_proj iter=061 | J=0.140084 J_x=0.083300 J_w=0.028392 rel_change=1.602918e-04 | time=0.173s
14:25:56 | INFO | tag=block11.out_proj iter=062 | J=0.139920 J_x=0.083188 J_w=0.028366 rel_change=1.637787e-04 | time=0.178s
14:25:56 | INFO | tag=block11.out_proj iter=063 | J=0.139764 J_x=0.083078 J_w=0.028343 rel_change=1.554787e-04 | time=0.184s
14:25:56 | INFO | tag=block11.out_proj iter=064 | J=0.139602 J_x=0.082974 J_w=0.028314 rel_change=1.625568e-04 | time=0.179s
14:25:57 | INFO | tag=block11.out_proj iter=065 | J=0.139454 J_x=0.082874 J_w=0.028290 rel_change=1.476705e-04 | time=0.182s
14:25:57 | INFO | tag=block11.out_proj iter=066 | J=0.139308 J_x=0.082781 J_w=0.028264 rel_change=1.458526e-04 | time=0.177s
14:25:57 | INFO | tag=block11.out_proj iter=067 | J=0.139173 J_x=0.082695 J_w=0.028239 rel_change=1.356155e-04 | time=0.177s
14:25:57 | INFO | tag=block11.out_proj iter=068 | J=0.139055 J_x=0.082608 J_w=0.028223 rel_change=1.174659e-04 | time=0.176s
14:25:57 | INFO | tag=block11.out_proj iter=069 | J=0.138922 J_x=0.082527 J_w=0.028198 rel_change=1.332760e-04 | time=0.175s
14:25:57 | INFO | tag=block11.out_proj iter=070 | J=0.138801 J_x=0.082446 J_w=0.028177 rel_change=1.213700e-04 | time=0.174s
14:25:58 | INFO | tag=block11.out_proj iter=071 | J=0.138694 J_x=0.082372 J_w=0.028161 rel_change=1.069903e-04 | time=0.178s
14:25:58 | INFO | tag=block11.out_proj iter=072 | J=0.138587 J_x=0.082304 J_w=0.028141 rel_change=1.068413e-04 | time=0.186s
14:25:58 | INFO | tag=block11.out_proj iter=073 | J=0.138484 J_x=0.082240 J_w=0.028122 rel_change=1.031160e-04 | time=0.176s
14:25:58 | INFO | tag=block11.out_proj iter=074 | J=0.138387 J_x=0.082179 J_w=0.028104 rel_change=9.658933e-05 | time=0.184s
14:25:58 | INFO | tag=block11.out_proj iter=075 | J=0.138303 J_x=0.082122 J_w=0.028091 rel_change=8.429587e-05 | time=0.177s
14:25:58 | INFO | tag=block11.out_proj iter=076 | J=0.138211 J_x=0.082066 J_w=0.028073 rel_change=9.186566e-05 | time=0.175s
14:25:59 | INFO | tag=block11.out_proj iter=077 | J=0.138121 J_x=0.082015 J_w=0.028053 rel_change=8.949637e-05 | time=0.172s
14:25:59 | INFO | tag=block11.out_proj iter=078 | J=0.138029 J_x=0.081965 J_w=0.028032 rel_change=9.268522e-05 | time=0.178s
14:25:59 | INFO | tag=block11.out_proj iter=079 | J=0.137938 J_x=0.081914 J_w=0.028012 rel_change=9.046495e-05 | time=0.185s
14:25:59 | INFO | tag=block11.out_proj iter=080 | J=0.137857 J_x=0.081864 J_w=0.027996 rel_change=8.156896e-05 | time=0.184s
14:25:59 | INFO | 量化器拟合完成 | tag=block11.out_proj convergence_iter=80 total_fit_time=14.420s
14:25:59 | INFO | 开始计算重建/近似误差 | layer=block11.out_proj error_mode=relative
14:25:59 | INFO | 误差计算完成 | layer=block11.out_proj err_x=0.064303 err_w=0.071937 rel_linear_error=0.206565 elapsed=0.123s
14:26:01 | INFO | 扩展量化模块构建完成。
14:26:01 | INFO | 开始 PPL 评测 | tag=ours_all_blocks_qkvo stride=512 max_eval_tokens=None
14:26:23 | INFO | PPL 评测完成 | tag=ours_all_blocks_qkvo ppl=24.706827 eval_tokens=286178 target_tokens=286178 windows=556 elapsed=22.692s
14:26:25 | INFO | ========== Sweep 单次实验结束 ==========
