14:05:05 | INFO | ========== Sweep 单次实验开始 ==========
14:05:05 | INFO | combo = {
  "target.block_indices": [
    11
  ],
  "quant.beta": 1.0,
  "quant_ext.init_mode": "pca",
  "quant_ext.error_mode": "relative"
}
14:05:05 | INFO | config = {
  "data": {
    "model_name": "facebook/opt-125m",
    "dataset_name": "wikitext",
    "dataset_config": "wikitext-2-raw-v1",
    "calib_split": "train",
    "eval_split": "test",
    "calib_num_tokens": 4096,
    "eval_num_tokens": null,
    "tokenizer_use_fast": true
  },
  "quant": {
    "beta": 1.0,
    "max_iters": 80,
    "tol": 1e-05,
    "convergence_check_every": 1,
    "codebook": [
      -2.0,
      -1.0,
      0.0,
      1.0,
      2.0
    ],
    "dtype": "float32",
    "eps": 1e-08,
    "log_every": 1,
    "init_mode": "pca",
    "error_mode": "relative",
    "track_u": true,
    "track_u_every": 1,
    "track_u_full_matrix": false,
    "random_init_orthogonal": true,
    "random_init_scale": 1.0
  },
  "eval": {
    "stride": 512,
    "device": "cuda"
  },
  "target": {
    "block_indices": [
      11
    ],
    "target_linear_names": [
      "q_proj",
      "k_proj",
      "v_proj",
      "out_proj"
    ]
  },
  "output_dir": "outputs_opt_qkvo_general_sweep_u_tracking\\t_block_indices_11-__q_beta_1__init_mode_pca__error_mode_relative",
  "seed": 42
}
14:05:05 | INFO | 加载模型与 tokenizer：facebook/opt-125m
14:06:10 | INFO | 模型加载完成 | hidden_size=768 vocab_size=50272 device=cuda elapsed=64.894s
14:06:10 | INFO | 加载数据集 split=train
14:06:37 | INFO | split=train 加载完成 | non-empty text blocks=23767 chars=10940522 elapsed=26.483s
14:06:37 | INFO | 加载数据集 split=test
14:07:23 | INFO | split=test 加载完成 | non-empty text blocks=2891 chars=1291402 elapsed=46.306s
14:07:23 | INFO | 开始 PPL 评测 | tag=baseline_fp stride=512 max_eval_tokens=None
14:07:42 | INFO | PPL 评测完成 | tag=baseline_fp ppl=23.500643 eval_tokens=286178 target_tokens=286178 windows=556 elapsed=19.370s
14:07:53 | INFO | 开始收集目标线性层输入 hidden states | requested_tokens=4096 layers=['block11.q_proj', 'block11.k_proj', 'block11.v_proj', 'block11.out_proj']
14:07:53 | INFO | 输入收集完成 | layer=block11.q_proj collected_tokens=4096 forward_chunks=2 elapsed=0.354s X_shape=[768, 4096]
14:07:53 | INFO | 输入收集完成 | layer=block11.k_proj collected_tokens=4096 forward_chunks=2 elapsed=0.354s X_shape=[768, 4096]
14:07:53 | INFO | 输入收集完成 | layer=block11.v_proj collected_tokens=4096 forward_chunks=2 elapsed=0.354s X_shape=[768, 4096]
14:07:53 | INFO | 输入收集完成 | layer=block11.out_proj collected_tokens=4096 forward_chunks=2 elapsed=0.354s X_shape=[768, 4096]
14:07:53 | INFO | 开始为所有目标 transformer blocks 的 Q/K/V/O 线性层构建 SQ-XW 对照组。
14:07:53 | INFO | 开始计算 SQ-XW 对照组误差 | layer=block11.q_proj
14:07:53 | INFO | SQ-XW 误差计算完成 | layer=block11.q_proj rel_recon_error_x=0.934975 rel_recon_error_w=0.137037 rel_linear_error=0.841778 elapsed=0.061s
14:07:53 | INFO | SQ-XW 对照组构建完成 | layer=block11.q_proj bits=3 x_scale=3.78571439 w_scale=0.07163783
14:07:53 | INFO | 开始计算 SQ-XW 对照组误差 | layer=block11.k_proj
14:07:53 | INFO | SQ-XW 误差计算完成 | layer=block11.k_proj rel_recon_error_x=0.934975 rel_recon_error_w=0.159061 rel_linear_error=0.758373 elapsed=0.042s
14:07:53 | INFO | SQ-XW 对照组构建完成 | layer=block11.k_proj bits=3 x_scale=3.78571439 w_scale=0.07533482
14:07:53 | INFO | 开始计算 SQ-XW 对照组误差 | layer=block11.v_proj
14:07:53 | INFO | SQ-XW 误差计算完成 | layer=block11.v_proj rel_recon_error_x=0.934975 rel_recon_error_w=0.440576 rel_linear_error=1.034687 elapsed=0.036s
14:07:53 | INFO | SQ-XW 对照组构建完成 | layer=block11.v_proj bits=3 x_scale=3.78571439 w_scale=0.07139369
14:07:53 | INFO | 开始计算 SQ-XW 对照组误差 | layer=block11.out_proj
14:07:53 | INFO | SQ-XW 误差计算完成 | layer=block11.out_proj rel_recon_error_x=0.192631 rel_recon_error_w=0.744155 rel_linear_error=0.829729 elapsed=0.040s
14:07:53 | INFO | SQ-XW 对照组构建完成 | layer=block11.out_proj bits=3 x_scale=0.22572544 w_scale=0.12772043
14:07:53 | INFO | 开始 PPL 评测 | tag=sq_all_blocks_qkvo stride=512 max_eval_tokens=None
14:08:14 | INFO | PPL 评测完成 | tag=sq_all_blocks_qkvo ppl=27.267649 eval_tokens=286178 target_tokens=286178 windows=556 elapsed=20.220s
14:08:14 | INFO | 开始为目标层构建扩展量化器。
14:08:14 | INFO | block11.q_proj.X_calib stats | shape=[768, 4096] dtype=torch.float16 device=cpu mean=-0.037015 std=0.557564 min=-26.500000 max=5.378906 fro=991.028625
14:08:14 | INFO | block11.q_proj.W stats | shape=[768, 768] dtype=torch.float32 device=cpu mean=-0.000252 std=0.055656 min=-0.487549 max=0.501465 fro=42.744507
14:08:14 | INFO | 开始拟合量化器 | tag=block11.q_proj d=768 N=4096 M=768 beta=1.0000 max_iters=80 tol=1.00e-05 init_mode=pca error_mode=relative
14:08:14 | INFO | tag=block11.q_proj iter=001 | J=1.182158 J_x=0.191160 J_w=0.990997 rel_change=inf | time=0.196s
14:08:14 | INFO | tag=block11.q_proj iter=002 | J=0.443207 J_x=0.128088 J_w=0.315119 rel_change=6.250863e-01 | time=0.182s
14:08:14 | INFO | tag=block11.q_proj iter=003 | J=0.227155 J_x=0.097615 J_w=0.129540 rel_change=2.160519e-01 | time=0.184s
14:08:14 | INFO | tag=block11.q_proj iter=004 | J=0.164987 J_x=0.083508 J_w=0.081479 rel_change=6.216832e-02 | time=0.168s
14:08:15 | INFO | tag=block11.q_proj iter=005 | J=0.140829 J_x=0.075944 J_w=0.064885 rel_change=2.415769e-02 | time=0.289s
14:08:15 | INFO | tag=block11.q_proj iter=006 | J=0.128560 J_x=0.071274 J_w=0.057286 rel_change=1.226924e-02 | time=0.290s
14:08:15 | INFO | tag=block11.q_proj iter=007 | J=0.121105 J_x=0.068136 J_w=0.052969 rel_change=7.454559e-03 | time=0.285s
14:08:16 | INFO | tag=block11.q_proj iter=008 | J=0.116143 J_x=0.065876 J_w=0.050266 rel_change=4.962698e-03 | time=0.289s
14:08:16 | INFO | tag=block11.q_proj iter=009 | J=0.112496 J_x=0.064147 J_w=0.048349 rel_change=3.646225e-03 | time=0.280s
14:08:16 | INFO | tag=block11.q_proj iter=010 | J=0.109690 J_x=0.062793 J_w=0.046898 rel_change=2.806067e-03 | time=0.281s
14:08:16 | INFO | tag=block11.q_proj iter=011 | J=0.107471 J_x=0.061691 J_w=0.045780 rel_change=2.219275e-03 | time=0.285s
14:08:17 | INFO | tag=block11.q_proj iter=012 | J=0.105667 J_x=0.060773 J_w=0.044895 rel_change=1.803547e-03 | time=0.290s
14:08:17 | INFO | tag=block11.q_proj iter=013 | J=0.104151 J_x=0.059995 J_w=0.044155 rel_change=1.516625e-03 | time=0.309s
14:08:17 | INFO | tag=block11.q_proj iter=014 | J=0.102863 J_x=0.059324 J_w=0.043539 rel_change=1.287520e-03 | time=0.286s
14:08:18 | INFO | tag=block11.q_proj iter=015 | J=0.101760 J_x=0.058732 J_w=0.043028 rel_change=1.103237e-03 | time=0.281s
14:08:18 | INFO | tag=block11.q_proj iter=016 | J=0.100797 J_x=0.058211 J_w=0.042586 rel_change=9.629056e-04 | time=0.290s
14:08:18 | INFO | tag=block11.q_proj iter=017 | J=0.099963 J_x=0.057753 J_w=0.042210 rel_change=8.342192e-04 | time=0.288s
14:08:18 | INFO | tag=block11.q_proj iter=018 | J=0.099212 J_x=0.057347 J_w=0.041864 rel_change=7.513911e-04 | time=0.291s
14:08:19 | INFO | tag=block11.q_proj iter=019 | J=0.098554 J_x=0.056979 J_w=0.041575 rel_change=6.578416e-04 | time=0.282s
14:08:19 | INFO | tag=block11.q_proj iter=020 | J=0.097958 J_x=0.056644 J_w=0.041314 rel_change=5.956069e-04 | time=0.286s
14:08:19 | INFO | tag=block11.q_proj iter=021 | J=0.097412 J_x=0.056339 J_w=0.041073 rel_change=5.456880e-04 | time=0.281s
14:08:20 | INFO | tag=block11.q_proj iter=022 | J=0.096909 J_x=0.056063 J_w=0.040846 rel_change=5.032271e-04 | time=0.287s
14:08:20 | INFO | tag=block11.q_proj iter=023 | J=0.096444 J_x=0.055807 J_w=0.040636 rel_change=4.653782e-04 | time=0.283s
14:08:20 | INFO | tag=block11.q_proj iter=024 | J=0.096009 J_x=0.055570 J_w=0.040439 rel_change=4.352331e-04 | time=0.288s
14:08:20 | INFO | tag=block11.q_proj iter=025 | J=0.095609 J_x=0.055350 J_w=0.040259 rel_change=4.000068e-04 | time=0.299s
14:08:21 | INFO | tag=block11.q_proj iter=026 | J=0.095240 J_x=0.055144 J_w=0.040096 rel_change=3.686696e-04 | time=0.293s
14:08:21 | INFO | tag=block11.q_proj iter=027 | J=0.094911 J_x=0.054951 J_w=0.039960 rel_change=3.284365e-04 | time=0.292s
14:08:21 | INFO | tag=block11.q_proj iter=028 | J=0.094601 J_x=0.054775 J_w=0.039826 rel_change=3.107414e-04 | time=0.280s
14:08:22 | INFO | tag=block11.q_proj iter=029 | J=0.094304 J_x=0.054607 J_w=0.039697 rel_change=2.964363e-04 | time=0.285s
14:08:22 | INFO | tag=block11.q_proj iter=030 | J=0.094033 J_x=0.054451 J_w=0.039582 rel_change=2.716035e-04 | time=0.292s
14:08:22 | INFO | tag=block11.q_proj iter=031 | J=0.093784 J_x=0.054304 J_w=0.039480 rel_change=2.489090e-04 | time=0.285s
14:08:22 | INFO | tag=block11.q_proj iter=032 | J=0.093536 J_x=0.054168 J_w=0.039369 rel_change=2.475753e-04 | time=0.280s
14:08:23 | INFO | tag=block11.q_proj iter=033 | J=0.093297 J_x=0.054038 J_w=0.039259 rel_change=2.387688e-04 | time=0.222s
14:08:23 | INFO | tag=block11.q_proj iter=034 | J=0.093076 J_x=0.053915 J_w=0.039161 rel_change=2.211034e-04 | time=0.160s
14:08:23 | INFO | tag=block11.q_proj iter=035 | J=0.092881 J_x=0.053799 J_w=0.039082 rel_change=1.951307e-04 | time=0.162s
14:08:23 | INFO | tag=block11.q_proj iter=036 | J=0.092691 J_x=0.053689 J_w=0.039003 rel_change=1.898110e-04 | time=0.189s
14:08:23 | INFO | tag=block11.q_proj iter=037 | J=0.092509 J_x=0.053584 J_w=0.038925 rel_change=1.824200e-04 | time=0.288s
14:08:24 | INFO | tag=block11.q_proj iter=038 | J=0.092342 J_x=0.053483 J_w=0.038859 rel_change=1.667812e-04 | time=0.290s
14:08:24 | INFO | tag=block11.q_proj iter=039 | J=0.092183 J_x=0.053388 J_w=0.038795 rel_change=1.589134e-04 | time=0.285s
14:08:24 | INFO | tag=block11.q_proj iter=040 | J=0.092030 J_x=0.053299 J_w=0.038731 rel_change=1.535267e-04 | time=0.279s
14:08:25 | INFO | tag=block11.q_proj iter=041 | J=0.091880 J_x=0.053213 J_w=0.038667 rel_change=1.499504e-04 | time=0.288s
14:08:25 | INFO | tag=block11.q_proj iter=042 | J=0.091734 J_x=0.053131 J_w=0.038603 rel_change=1.455098e-04 | time=0.293s
14:08:25 | INFO | tag=block11.q_proj iter=043 | J=0.091599 J_x=0.053052 J_w=0.038547 rel_change=1.351908e-04 | time=0.291s
14:08:26 | INFO | tag=block11.q_proj iter=044 | J=0.091472 J_x=0.052976 J_w=0.038496 rel_change=1.270473e-04 | time=0.295s
14:08:26 | INFO | tag=block11.q_proj iter=045 | J=0.091352 J_x=0.052904 J_w=0.038448 rel_change=1.197234e-04 | time=0.282s
14:08:26 | INFO | tag=block11.q_proj iter=046 | J=0.091229 J_x=0.052836 J_w=0.038393 rel_change=1.230687e-04 | time=0.284s
14:08:26 | INFO | tag=block11.q_proj iter=047 | J=0.091117 J_x=0.052771 J_w=0.038346 rel_change=1.123548e-04 | time=0.294s
14:08:27 | INFO | tag=block11.q_proj iter=048 | J=0.091008 J_x=0.052706 J_w=0.038302 rel_change=1.086071e-04 | time=0.285s
14:08:27 | INFO | tag=block11.q_proj iter=049 | J=0.090899 J_x=0.052645 J_w=0.038253 rel_change=1.096949e-04 | time=0.291s
14:08:27 | INFO | tag=block11.q_proj iter=050 | J=0.090798 J_x=0.052586 J_w=0.038211 rel_change=1.009554e-04 | time=0.296s
14:08:28 | INFO | tag=block11.q_proj iter=051 | J=0.090697 J_x=0.052529 J_w=0.038168 rel_change=1.005679e-04 | time=0.286s
14:08:28 | INFO | tag=block11.q_proj iter=052 | J=0.090599 J_x=0.052476 J_w=0.038123 rel_change=9.808689e-05 | time=0.297s
14:08:28 | INFO | tag=block11.q_proj iter=053 | J=0.090505 J_x=0.052423 J_w=0.038082 rel_change=9.433180e-05 | time=0.283s
14:08:28 | INFO | tag=block11.q_proj iter=054 | J=0.090415 J_x=0.052370 J_w=0.038044 rel_change=8.983165e-05 | time=0.279s
14:08:29 | INFO | tag=block11.q_proj iter=055 | J=0.090321 J_x=0.052319 J_w=0.038001 rel_change=9.410828e-05 | time=0.288s
14:08:29 | INFO | tag=block11.q_proj iter=056 | J=0.090235 J_x=0.052269 J_w=0.037966 rel_change=8.569658e-05 | time=0.289s
14:08:29 | INFO | tag=block11.q_proj iter=057 | J=0.090146 J_x=0.052220 J_w=0.037927 rel_change=8.866191e-05 | time=0.301s
14:08:30 | INFO | tag=block11.q_proj iter=058 | J=0.090061 J_x=0.052171 J_w=0.037889 rel_change=8.585304e-05 | time=0.295s
14:08:30 | INFO | tag=block11.q_proj iter=059 | J=0.089978 J_x=0.052125 J_w=0.037853 rel_change=8.230656e-05 | time=0.287s
14:08:30 | INFO | tag=block11.q_proj iter=060 | J=0.089903 J_x=0.052079 J_w=0.037824 rel_change=7.486343e-05 | time=0.289s
14:08:30 | INFO | tag=block11.q_proj iter=061 | J=0.089824 J_x=0.052037 J_w=0.037787 rel_change=7.967651e-05 | time=0.291s
14:08:31 | INFO | tag=block11.q_proj iter=062 | J=0.089753 J_x=0.051995 J_w=0.037758 rel_change=7.095188e-05 | time=0.291s
14:08:31 | INFO | tag=block11.q_proj iter=063 | J=0.089682 J_x=0.051955 J_w=0.037727 rel_change=7.067621e-05 | time=0.282s
14:08:31 | INFO | tag=block11.q_proj iter=064 | J=0.089615 J_x=0.051915 J_w=0.037700 rel_change=6.724149e-05 | time=0.289s
14:08:32 | INFO | tag=block11.q_proj iter=065 | J=0.089541 J_x=0.051876 J_w=0.037665 rel_change=7.414818e-05 | time=0.293s
14:08:32 | INFO | tag=block11.q_proj iter=066 | J=0.089473 J_x=0.051838 J_w=0.037635 rel_change=6.731600e-05 | time=0.282s
14:08:32 | INFO | tag=block11.q_proj iter=067 | J=0.089410 J_x=0.051802 J_w=0.037608 rel_change=6.368011e-05 | time=0.281s
14:08:32 | INFO | tag=block11.q_proj iter=068 | J=0.089348 J_x=0.051768 J_w=0.037580 rel_change=6.158650e-05 | time=0.285s
14:08:33 | INFO | tag=block11.q_proj iter=069 | J=0.089286 J_x=0.051734 J_w=0.037552 rel_change=6.243587e-05 | time=0.283s
14:08:33 | INFO | tag=block11.q_proj iter=070 | J=0.089227 J_x=0.051701 J_w=0.037526 rel_change=5.913526e-05 | time=0.290s
14:08:33 | INFO | tag=block11.q_proj iter=071 | J=0.089169 J_x=0.051668 J_w=0.037501 rel_change=5.709380e-05 | time=0.293s
14:08:34 | INFO | tag=block11.q_proj iter=072 | J=0.089114 J_x=0.051637 J_w=0.037477 rel_change=5.535781e-05 | time=0.275s
14:08:34 | INFO | tag=block11.q_proj iter=073 | J=0.089057 J_x=0.051606 J_w=0.037451 rel_change=5.671382e-05 | time=0.296s
14:08:34 | INFO | tag=block11.q_proj iter=074 | J=0.089004 J_x=0.051576 J_w=0.037428 rel_change=5.315989e-05 | time=0.281s
14:08:34 | INFO | tag=block11.q_proj iter=075 | J=0.088955 J_x=0.051546 J_w=0.037409 rel_change=4.897267e-05 | time=0.289s
14:08:35 | INFO | tag=block11.q_proj iter=076 | J=0.088907 J_x=0.051519 J_w=0.037388 rel_change=4.839152e-05 | time=0.285s
14:08:35 | INFO | tag=block11.q_proj iter=077 | J=0.088861 J_x=0.051492 J_w=0.037369 rel_change=4.564971e-05 | time=0.290s
14:08:35 | INFO | tag=block11.q_proj iter=078 | J=0.088813 J_x=0.051465 J_w=0.037349 rel_change=4.786253e-05 | time=0.279s
14:08:36 | INFO | tag=block11.q_proj iter=079 | J=0.088765 J_x=0.051438 J_w=0.037326 rel_change=4.853308e-05 | time=0.286s
14:08:36 | INFO | tag=block11.q_proj iter=080 | J=0.088719 J_x=0.051413 J_w=0.037307 rel_change=4.553050e-05 | time=0.289s
14:08:36 | INFO | 量化器拟合完成 | tag=block11.q_proj convergence_iter=80 total_fit_time=22.337s
14:08:36 | INFO | 开始计算重建/近似误差 | layer=block11.q_proj error_mode=relative
14:08:36 | INFO | 误差计算完成 | layer=block11.q_proj err_x=0.051442 err_w=0.037216 rel_linear_error=0.101138 elapsed=0.190s
14:08:38 | INFO | block11.k_proj.X_calib stats | shape=[768, 4096] dtype=torch.float16 device=cpu mean=-0.037015 std=0.557564 min=-26.500000 max=5.378906 fro=991.028625
14:08:38 | INFO | block11.k_proj.W stats | shape=[768, 768] dtype=torch.float32 device=cpu mean=0.000053 std=0.054432 min=-0.527344 max=0.527344 fro=41.803741
14:08:38 | INFO | 开始拟合量化器 | tag=block11.k_proj d=768 N=4096 M=768 beta=1.0000 max_iters=80 tol=1.00e-05 init_mode=pca error_mode=relative
14:08:38 | INFO | tag=block11.k_proj iter=001 | J=1.190309 J_x=0.191046 J_w=0.999263 rel_change=inf | time=0.280s
14:08:39 | INFO | tag=block11.k_proj iter=002 | J=0.455091 J_x=0.128149 J_w=0.326942 rel_change=6.176702e-01 | time=0.289s
14:08:39 | INFO | tag=block11.k_proj iter=003 | J=0.231123 J_x=0.097693 J_w=0.133430 rel_change=2.239674e-01 | time=0.289s
14:08:39 | INFO | tag=block11.k_proj iter=004 | J=0.166930 J_x=0.083505 J_w=0.083426 rel_change=6.419291e-02 | time=0.289s
14:08:40 | INFO | tag=block11.k_proj iter=005 | J=0.142126 J_x=0.075970 J_w=0.066156 rel_change=2.480462e-02 | time=0.298s
14:08:40 | INFO | tag=block11.k_proj iter=006 | J=0.129665 J_x=0.071369 J_w=0.058296 rel_change=1.246032e-02 | time=0.299s
14:08:40 | INFO | tag=block11.k_proj iter=007 | J=0.122041 J_x=0.068264 J_w=0.053777 rel_change=7.624805e-03 | time=0.299s
14:08:40 | INFO | tag=block11.k_proj iter=008 | J=0.116902 J_x=0.066022 J_w=0.050880 rel_change=5.138770e-03 | time=0.296s
14:08:41 | INFO | tag=block11.k_proj iter=009 | J=0.113248 J_x=0.064311 J_w=0.048937 rel_change=3.653735e-03 | time=0.297s
14:08:41 | INFO | tag=block11.k_proj iter=010 | J=0.110443 J_x=0.062978 J_w=0.047465 rel_change=2.804860e-03 | time=0.289s
14:08:41 | INFO | tag=block11.k_proj iter=011 | J=0.108222 J_x=0.061891 J_w=0.046331 rel_change=2.221495e-03 | time=0.284s
14:08:41 | INFO | tag=block11.k_proj iter=012 | J=0.106415 J_x=0.060984 J_w=0.045431 rel_change=1.806572e-03 | time=0.171s
14:08:42 | INFO | tag=block11.k_proj iter=013 | J=0.104867 J_x=0.060208 J_w=0.044659 rel_change=1.548097e-03 | time=0.169s
14:08:42 | INFO | tag=block11.k_proj iter=014 | J=0.103557 J_x=0.059529 J_w=0.044028 rel_change=1.309939e-03 | time=0.165s
14:08:42 | INFO | tag=block11.k_proj iter=015 | J=0.102417 J_x=0.058949 J_w=0.043468 rel_change=1.140036e-03 | time=0.295s
14:08:42 | INFO | tag=block11.k_proj iter=016 | J=0.101457 J_x=0.058430 J_w=0.043026 rel_change=9.603426e-04 | time=0.287s
14:08:43 | INFO | tag=block11.k_proj iter=017 | J=0.100599 J_x=0.057972 J_w=0.042628 rel_change=8.575842e-04 | time=0.291s
14:08:43 | INFO | tag=block11.k_proj iter=018 | J=0.099834 J_x=0.057552 J_w=0.042282 rel_change=7.654428e-04 | time=0.296s
14:08:43 | INFO | tag=block11.k_proj iter=019 | J=0.099153 J_x=0.057177 J_w=0.041977 rel_change=6.804466e-04 | time=0.290s
14:08:44 | INFO | tag=block11.k_proj iter=020 | J=0.098553 J_x=0.056833 J_w=0.041720 rel_change=6.007999e-04 | time=0.285s
14:08:44 | INFO | tag=block11.k_proj iter=021 | J=0.097989 J_x=0.056518 J_w=0.041470 rel_change=5.637184e-04 | time=0.291s
14:08:44 | INFO | tag=block11.k_proj iter=022 | J=0.097477 J_x=0.056234 J_w=0.041244 rel_change=5.113408e-04 | time=0.286s
14:08:44 | INFO | tag=block11.k_proj iter=023 | J=0.097006 J_x=0.055976 J_w=0.041030 rel_change=4.709512e-04 | time=0.299s
14:08:45 | INFO | tag=block11.k_proj iter=024 | J=0.096568 J_x=0.055735 J_w=0.040833 rel_change=4.382879e-04 | time=0.299s
14:08:45 | INFO | tag=block11.k_proj iter=025 | J=0.096168 J_x=0.055508 J_w=0.040660 rel_change=4.004985e-04 | time=0.285s
14:08:45 | INFO | tag=block11.k_proj iter=026 | J=0.095773 J_x=0.055298 J_w=0.040475 rel_change=3.942847e-04 | time=0.287s
14:08:46 | INFO | tag=block11.k_proj iter=027 | J=0.095412 J_x=0.055099 J_w=0.040313 rel_change=3.611743e-04 | time=0.289s
14:08:46 | INFO | tag=block11.k_proj iter=028 | J=0.095078 J_x=0.054914 J_w=0.040163 rel_change=3.347397e-04 | time=0.295s
14:08:46 | INFO | tag=block11.k_proj iter=029 | J=0.094765 J_x=0.054734 J_w=0.040031 rel_change=3.121346e-04 | time=0.293s
14:08:46 | INFO | tag=block11.k_proj iter=030 | J=0.094458 J_x=0.054569 J_w=0.039889 rel_change=3.073961e-04 | time=0.283s
14:08:47 | INFO | tag=block11.k_proj iter=031 | J=0.094175 J_x=0.054412 J_w=0.039763 rel_change=2.829581e-04 | time=0.287s
14:08:47 | INFO | tag=block11.k_proj iter=032 | J=0.093918 J_x=0.054262 J_w=0.039656 rel_change=2.567023e-04 | time=0.294s
14:08:47 | INFO | tag=block11.k_proj iter=033 | J=0.093667 J_x=0.054122 J_w=0.039544 rel_change=2.514422e-04 | time=0.290s
14:08:48 | INFO | tag=block11.k_proj iter=034 | J=0.093431 J_x=0.053989 J_w=0.039442 rel_change=2.359599e-04 | time=0.285s
14:08:48 | INFO | tag=block11.k_proj iter=035 | J=0.093204 J_x=0.053860 J_w=0.039344 rel_change=2.267733e-04 | time=0.293s
14:08:48 | INFO | tag=block11.k_proj iter=036 | J=0.092986 J_x=0.053734 J_w=0.039252 rel_change=2.181157e-04 | time=0.285s
14:08:49 | INFO | tag=block11.k_proj iter=037 | J=0.092779 J_x=0.053616 J_w=0.039163 rel_change=2.070367e-04 | time=0.285s
14:08:49 | INFO | tag=block11.k_proj iter=038 | J=0.092588 J_x=0.053498 J_w=0.039090 rel_change=1.910850e-04 | time=0.291s
14:08:49 | INFO | tag=block11.k_proj iter=039 | J=0.092404 J_x=0.053388 J_w=0.039015 rel_change=1.841262e-04 | time=0.290s
14:08:49 | INFO | tag=block11.k_proj iter=040 | J=0.092232 J_x=0.053279 J_w=0.038953 rel_change=1.717210e-04 | time=0.289s
14:08:50 | INFO | tag=block11.k_proj iter=041 | J=0.092069 J_x=0.053181 J_w=0.038889 rel_change=1.627207e-04 | time=0.284s
14:08:50 | INFO | tag=block11.k_proj iter=042 | J=0.091917 J_x=0.053085 J_w=0.038832 rel_change=1.522750e-04 | time=0.290s
14:08:50 | INFO | tag=block11.k_proj iter=043 | J=0.091764 J_x=0.052997 J_w=0.038767 rel_change=1.535341e-04 | time=0.292s
14:08:51 | INFO | tag=block11.k_proj iter=044 | J=0.091617 J_x=0.052912 J_w=0.038705 rel_change=1.467541e-04 | time=0.287s
14:08:51 | INFO | tag=block11.k_proj iter=045 | J=0.091485 J_x=0.052828 J_w=0.038657 rel_change=1.319125e-04 | time=0.298s
14:08:51 | INFO | tag=block11.k_proj iter=046 | J=0.091359 J_x=0.052752 J_w=0.038608 rel_change=1.254454e-04 | time=0.292s
14:08:51 | INFO | tag=block11.k_proj iter=047 | J=0.091235 J_x=0.052678 J_w=0.038558 rel_change=1.239255e-04 | time=0.282s
14:08:52 | INFO | tag=block11.k_proj iter=048 | J=0.091120 J_x=0.052606 J_w=0.038514 rel_change=1.157001e-04 | time=0.289s
14:08:52 | INFO | tag=block11.k_proj iter=049 | J=0.091005 J_x=0.052538 J_w=0.038467 rel_change=1.148134e-04 | time=0.286s
14:08:52 | INFO | tag=block11.k_proj iter=050 | J=0.090897 J_x=0.052473 J_w=0.038424 rel_change=1.084208e-04 | time=0.295s
14:08:53 | INFO | tag=block11.k_proj iter=051 | J=0.090798 J_x=0.052411 J_w=0.038387 rel_change=9.838492e-05 | time=0.284s
14:08:53 | INFO | tag=block11.k_proj iter=052 | J=0.090703 J_x=0.052352 J_w=0.038350 rel_change=9.530783e-05 | time=0.294s
14:08:53 | INFO | tag=block11.k_proj iter=053 | J=0.090610 J_x=0.052295 J_w=0.038315 rel_change=9.249896e-05 | time=0.288s
14:08:53 | INFO | tag=block11.k_proj iter=054 | J=0.090516 J_x=0.052240 J_w=0.038275 rel_change=9.466708e-05 | time=0.289s
14:08:54 | INFO | tag=block11.k_proj iter=055 | J=0.090425 J_x=0.052187 J_w=0.038238 rel_change=9.047985e-05 | time=0.290s
14:08:54 | INFO | tag=block11.k_proj iter=056 | J=0.090339 J_x=0.052136 J_w=0.038203 rel_change=8.591264e-05 | time=0.291s
14:08:54 | INFO | tag=block11.k_proj iter=057 | J=0.090259 J_x=0.052088 J_w=0.038171 rel_change=8.054823e-05 | time=0.281s
14:08:55 | INFO | tag=block11.k_proj iter=058 | J=0.090188 J_x=0.052041 J_w=0.038147 rel_change=7.069111e-05 | time=0.282s
14:08:55 | INFO | tag=block11.k_proj iter=059 | J=0.090112 J_x=0.051997 J_w=0.038116 rel_change=7.577986e-05 | time=0.290s
14:08:55 | INFO | tag=block11.k_proj iter=060 | J=0.090035 J_x=0.051953 J_w=0.038082 rel_change=7.752329e-05 | time=0.281s
14:08:55 | INFO | tag=block11.k_proj iter=061 | J=0.089963 J_x=0.051909 J_w=0.038054 rel_change=7.202476e-05 | time=0.281s
14:08:56 | INFO | tag=block11.k_proj iter=062 | J=0.089893 J_x=0.051868 J_w=0.038025 rel_change=6.984919e-05 | time=0.283s
14:08:56 | INFO | tag=block11.k_proj iter=063 | J=0.089823 J_x=0.051828 J_w=0.037995 rel_change=7.025898e-05 | time=0.292s
14:08:56 | INFO | tag=block11.k_proj iter=064 | J=0.089755 J_x=0.051788 J_w=0.037966 rel_change=6.812811e-05 | time=0.291s
14:08:57 | INFO | tag=block11.k_proj iter=065 | J=0.089691 J_x=0.051749 J_w=0.037941 rel_change=6.383657e-05 | time=0.281s
14:08:57 | INFO | tag=block11.k_proj iter=066 | J=0.089631 J_x=0.051713 J_w=0.037918 rel_change=6.001443e-05 | time=0.284s
14:08:57 | INFO | tag=block11.k_proj iter=067 | J=0.089568 J_x=0.051679 J_w=0.037890 rel_change=6.228685e-05 | time=0.287s
14:08:57 | INFO | tag=block11.k_proj iter=068 | J=0.089510 J_x=0.051646 J_w=0.037865 rel_change=5.813688e-05 | time=0.283s
14:08:58 | INFO | tag=block11.k_proj iter=069 | J=0.089456 J_x=0.051613 J_w=0.037843 rel_change=5.429983e-05 | time=0.286s
14:08:58 | INFO | tag=block11.k_proj iter=070 | J=0.089402 J_x=0.051581 J_w=0.037821 rel_change=5.374849e-05 | time=0.285s
14:08:58 | INFO | tag=block11.k_proj iter=071 | J=0.089353 J_x=0.051550 J_w=0.037802 rel_change=4.943460e-05 | time=0.283s
14:08:59 | INFO | tag=block11.k_proj iter=072 | J=0.089310 J_x=0.051519 J_w=0.037791 rel_change=4.265457e-05 | time=0.291s
14:08:59 | INFO | tag=block11.k_proj iter=073 | J=0.089263 J_x=0.051490 J_w=0.037773 rel_change=4.705787e-05 | time=0.287s
14:08:59 | INFO | tag=block11.k_proj iter=074 | J=0.089218 J_x=0.051462 J_w=0.037756 rel_change=4.538894e-05 | time=0.282s
14:08:59 | INFO | tag=block11.k_proj iter=075 | J=0.089170 J_x=0.051434 J_w=0.037736 rel_change=4.756451e-05 | time=0.283s
14:09:00 | INFO | tag=block11.k_proj iter=076 | J=0.089123 J_x=0.051406 J_w=0.037717 rel_change=4.728138e-05 | time=0.290s
14:09:00 | INFO | tag=block11.k_proj iter=077 | J=0.089077 J_x=0.051379 J_w=0.037698 rel_change=4.604459e-05 | time=0.288s
14:09:00 | INFO | tag=block11.k_proj iter=078 | J=0.089033 J_x=0.051353 J_w=0.037680 rel_change=4.412234e-05 | time=0.282s
14:09:01 | INFO | tag=block11.k_proj iter=079 | J=0.088992 J_x=0.051327 J_w=0.037665 rel_change=4.094839e-05 | time=0.292s
14:09:01 | INFO | tag=block11.k_proj iter=080 | J=0.088951 J_x=0.051304 J_w=0.037647 rel_change=4.070997e-05 | time=0.294s
14:09:01 | INFO | 量化器拟合完成 | tag=block11.k_proj convergence_iter=80 total_fit_time=22.847s
14:09:01 | INFO | 开始计算重建/近似误差 | layer=block11.k_proj error_mode=relative
14:09:01 | INFO | 误差计算完成 | layer=block11.k_proj err_x=0.051333 err_w=0.037661 rel_linear_error=0.100194 elapsed=0.196s
14:09:03 | INFO | block11.v_proj.X_calib stats | shape=[768, 4096] dtype=torch.float16 device=cpu mean=-0.037015 std=0.557564 min=-26.500000 max=5.378906 fro=991.028625
14:09:03 | INFO | block11.v_proj.W stats | shape=[768, 768] dtype=torch.float32 device=cpu mean=0.000046 std=0.029483 min=-0.499756 max=0.195679 fro=22.642700
14:09:03 | INFO | 开始拟合量化器 | tag=block11.v_proj d=768 N=4096 M=768 beta=1.0000 max_iters=80 tol=1.00e-05 init_mode=pca error_mode=relative
14:09:03 | INFO | tag=block11.v_proj iter=001 | J=1.190348 J_x=0.191083 J_w=0.999265 rel_change=inf | time=0.280s
14:09:04 | INFO | tag=block11.v_proj iter=002 | J=0.442471 J_x=0.129415 J_w=0.313055 rel_change=6.282848e-01 | time=0.293s
14:09:04 | INFO | tag=block11.v_proj iter=003 | J=0.232129 J_x=0.097992 J_w=0.134137 rel_change=2.103413e-01 | time=0.295s
14:09:04 | INFO | tag=block11.v_proj iter=004 | J=0.167193 J_x=0.083649 J_w=0.083544 rel_change=6.493649e-02 | time=0.286s
14:09:05 | INFO | tag=block11.v_proj iter=005 | J=0.141375 J_x=0.076011 J_w=0.065364 rel_change=2.581802e-02 | time=0.302s
14:09:05 | INFO | tag=block11.v_proj iter=006 | J=0.128167 J_x=0.071309 J_w=0.056858 rel_change=1.320766e-02 | time=0.305s
14:09:05 | INFO | tag=block11.v_proj iter=007 | J=0.120217 J_x=0.068155 J_w=0.052062 rel_change=7.950351e-03 | time=0.288s
14:09:06 | INFO | tag=block11.v_proj iter=008 | J=0.114878 J_x=0.065919 J_w=0.048960 rel_change=5.338341e-03 | time=0.282s
14:09:06 | INFO | tag=block11.v_proj iter=009 | J=0.111081 J_x=0.064231 J_w=0.046850 rel_change=3.797784e-03 | time=0.275s
14:09:06 | INFO | tag=block11.v_proj iter=010 | J=0.108165 J_x=0.062903 J_w=0.045262 rel_change=2.915412e-03 | time=0.288s
14:09:06 | INFO | tag=block11.v_proj iter=011 | J=0.105859 J_x=0.061825 J_w=0.044034 rel_change=2.306625e-03 | time=0.286s
14:09:07 | INFO | tag=block11.v_proj iter=012 | J=0.103967 J_x=0.060919 J_w=0.043048 rel_change=1.891546e-03 | time=0.294s
14:09:07 | INFO | tag=block11.v_proj iter=013 | J=0.102389 J_x=0.060146 J_w=0.042243 rel_change=1.577817e-03 | time=0.277s
14:09:07 | INFO | tag=block11.v_proj iter=014 | J=0.101051 J_x=0.059478 J_w=0.041573 rel_change=1.337990e-03 | time=0.285s
14:09:08 | INFO | tag=block11.v_proj iter=015 | J=0.099896 J_x=0.058889 J_w=0.041008 rel_change=1.154989e-03 | time=0.279s
14:09:08 | INFO | tag=block11.v_proj iter=016 | J=0.098886 J_x=0.058367 J_w=0.040520 rel_change=1.009986e-03 | time=0.275s
14:09:08 | INFO | tag=block11.v_proj iter=017 | J=0.098018 J_x=0.057901 J_w=0.040117 rel_change=8.683950e-04 | time=0.162s
14:09:08 | INFO | tag=block11.v_proj iter=018 | J=0.097252 J_x=0.057484 J_w=0.039768 rel_change=7.659048e-04 | time=0.162s
14:09:08 | INFO | tag=block11.v_proj iter=019 | J=0.096556 J_x=0.057117 J_w=0.039438 rel_change=6.963164e-04 | time=0.158s
14:09:09 | INFO | tag=block11.v_proj iter=020 | J=0.095923 J_x=0.056776 J_w=0.039148 rel_change=6.322116e-04 | time=0.272s
14:09:09 | INFO | tag=block11.v_proj iter=021 | J=0.095340 J_x=0.056465 J_w=0.038875 rel_change=5.832165e-04 | time=0.276s
14:09:09 | INFO | tag=block11.v_proj iter=022 | J=0.094814 J_x=0.056181 J_w=0.038633 rel_change=5.259216e-04 | time=0.288s
14:09:09 | INFO | tag=block11.v_proj iter=023 | J=0.094338 J_x=0.055919 J_w=0.038419 rel_change=4.762113e-04 | time=0.283s
14:09:10 | INFO | tag=block11.v_proj iter=024 | J=0.093910 J_x=0.055674 J_w=0.038236 rel_change=4.279613e-04 | time=0.284s
14:09:10 | INFO | tag=block11.v_proj iter=025 | J=0.093512 J_x=0.055448 J_w=0.038063 rel_change=3.984049e-04 | time=0.283s
14:09:10 | INFO | tag=block11.v_proj iter=026 | J=0.093130 J_x=0.055240 J_w=0.037890 rel_change=3.816560e-04 | time=0.294s
14:09:11 | INFO | tag=block11.v_proj iter=027 | J=0.092790 J_x=0.055044 J_w=0.037745 rel_change=3.402382e-04 | time=0.285s
14:09:11 | INFO | tag=block11.v_proj iter=028 | J=0.092467 J_x=0.054862 J_w=0.037605 rel_change=3.232434e-04 | time=0.291s
14:09:11 | INFO | tag=block11.v_proj iter=029 | J=0.092152 J_x=0.054692 J_w=0.037460 rel_change=3.147125e-04 | time=0.295s
14:09:11 | INFO | tag=block11.v_proj iter=030 | J=0.091859 J_x=0.054533 J_w=0.037326 rel_change=2.931654e-04 | time=0.281s
14:09:12 | INFO | tag=block11.v_proj iter=031 | J=0.091589 J_x=0.054379 J_w=0.037209 rel_change=2.699122e-04 | time=0.292s
14:09:12 | INFO | tag=block11.v_proj iter=032 | J=0.091336 J_x=0.054233 J_w=0.037103 rel_change=2.527833e-04 | time=0.292s
14:09:12 | INFO | tag=block11.v_proj iter=033 | J=0.091085 J_x=0.054094 J_w=0.036991 rel_change=2.511516e-04 | time=0.283s
14:09:13 | INFO | tag=block11.v_proj iter=034 | J=0.090860 J_x=0.053962 J_w=0.036898 rel_change=2.247617e-04 | time=0.295s
14:09:13 | INFO | tag=block11.v_proj iter=035 | J=0.090644 J_x=0.053841 J_w=0.036803 rel_change=2.159998e-04 | time=0.290s
14:09:13 | INFO | tag=block11.v_proj iter=036 | J=0.090450 J_x=0.053724 J_w=0.036726 rel_change=1.944676e-04 | time=0.296s
14:09:13 | INFO | tag=block11.v_proj iter=037 | J=0.090265 J_x=0.053615 J_w=0.036650 rel_change=1.842678e-04 | time=0.287s
14:09:14 | INFO | tag=block11.v_proj iter=038 | J=0.090085 J_x=0.053513 J_w=0.036573 rel_change=1.799762e-04 | time=0.305s
14:09:14 | INFO | tag=block11.v_proj iter=039 | J=0.089915 J_x=0.053414 J_w=0.036500 rel_change=1.707003e-04 | time=0.292s
14:09:14 | INFO | tag=block11.v_proj iter=040 | J=0.089746 J_x=0.053322 J_w=0.036424 rel_change=1.689121e-04 | time=0.304s
14:09:15 | INFO | tag=block11.v_proj iter=041 | J=0.089590 J_x=0.053229 J_w=0.036361 rel_change=1.560748e-04 | time=0.282s
14:09:15 | INFO | tag=block11.v_proj iter=042 | J=0.089437 J_x=0.053142 J_w=0.036296 rel_change=1.523048e-04 | time=0.309s
14:09:15 | INFO | tag=block11.v_proj iter=043 | J=0.089305 J_x=0.053057 J_w=0.036248 rel_change=1.324266e-04 | time=0.293s
14:09:16 | INFO | tag=block11.v_proj iter=044 | J=0.089165 J_x=0.052979 J_w=0.036187 rel_change=1.394749e-04 | time=0.291s
14:09:16 | INFO | tag=block11.v_proj iter=045 | J=0.089034 J_x=0.052905 J_w=0.036129 rel_change=1.315325e-04 | time=0.284s
14:09:16 | INFO | tag=block11.v_proj iter=046 | J=0.088913 J_x=0.052832 J_w=0.036081 rel_change=1.209974e-04 | time=0.301s
14:09:16 | INFO | tag=block11.v_proj iter=047 | J=0.088788 J_x=0.052762 J_w=0.036026 rel_change=1.247823e-04 | time=0.282s
14:09:17 | INFO | tag=block11.v_proj iter=048 | J=0.088673 J_x=0.052696 J_w=0.035977 rel_change=1.155362e-04 | time=0.305s
14:09:17 | INFO | tag=block11.v_proj iter=049 | J=0.088564 J_x=0.052631 J_w=0.035933 rel_change=1.086220e-04 | time=0.282s
14:09:17 | INFO | tag=block11.v_proj iter=050 | J=0.088462 J_x=0.052569 J_w=0.035893 rel_change=1.015514e-04 | time=0.281s
14:09:18 | INFO | tag=block11.v_proj iter=051 | J=0.088368 J_x=0.052510 J_w=0.035858 rel_change=9.465218e-05 | time=0.288s
14:09:18 | INFO | tag=block11.v_proj iter=052 | J=0.088265 J_x=0.052456 J_w=0.035809 rel_change=1.029670e-04 | time=0.288s
14:09:18 | INFO | tag=block11.v_proj iter=053 | J=0.088170 J_x=0.052402 J_w=0.035768 rel_change=9.471178e-05 | time=0.297s
14:09:18 | INFO | tag=block11.v_proj iter=054 | J=0.088076 J_x=0.052350 J_w=0.035726 rel_change=9.407103e-05 | time=0.290s
14:09:19 | INFO | tag=block11.v_proj iter=055 | J=0.087992 J_x=0.052298 J_w=0.035694 rel_change=8.388609e-05 | time=0.282s
14:09:19 | INFO | tag=block11.v_proj iter=056 | J=0.087905 J_x=0.052249 J_w=0.035656 rel_change=8.723885e-05 | time=0.292s
14:09:19 | INFO | tag=block11.v_proj iter=057 | J=0.087818 J_x=0.052202 J_w=0.035616 rel_change=8.733571e-05 | time=0.299s
14:09:20 | INFO | tag=block11.v_proj iter=058 | J=0.087739 J_x=0.052156 J_w=0.035583 rel_change=7.890165e-05 | time=0.287s
14:09:20 | INFO | tag=block11.v_proj iter=059 | J=0.087667 J_x=0.052112 J_w=0.035555 rel_change=7.139146e-05 | time=0.288s
14:09:20 | INFO | tag=block11.v_proj iter=060 | J=0.087596 J_x=0.052068 J_w=0.035528 rel_change=7.160753e-05 | time=0.288s
14:09:20 | INFO | tag=block11.v_proj iter=061 | J=0.087516 J_x=0.052026 J_w=0.035490 rel_change=7.968396e-05 | time=0.286s
14:09:21 | INFO | tag=block11.v_proj iter=062 | J=0.087443 J_x=0.051985 J_w=0.035457 rel_change=7.335097e-05 | time=0.295s
14:09:21 | INFO | tag=block11.v_proj iter=063 | J=0.087372 J_x=0.051947 J_w=0.035426 rel_change=7.016212e-05 | time=0.292s
14:09:21 | INFO | tag=block11.v_proj iter=064 | J=0.087304 J_x=0.051909 J_w=0.035395 rel_change=6.863475e-05 | time=0.290s
14:09:22 | INFO | tag=block11.v_proj iter=065 | J=0.087238 J_x=0.051873 J_w=0.035365 rel_change=6.608665e-05 | time=0.291s
14:09:22 | INFO | tag=block11.v_proj iter=066 | J=0.087177 J_x=0.051837 J_w=0.035340 rel_change=6.047636e-05 | time=0.285s
14:09:22 | INFO | tag=block11.v_proj iter=067 | J=0.087120 J_x=0.051803 J_w=0.035317 rel_change=5.721301e-05 | time=0.287s
14:09:23 | INFO | tag=block11.v_proj iter=068 | J=0.087062 J_x=0.051770 J_w=0.035292 rel_change=5.777180e-05 | time=0.290s
14:09:23 | INFO | tag=block11.v_proj iter=069 | J=0.087010 J_x=0.051738 J_w=0.035272 rel_change=5.181134e-05 | time=0.303s
14:09:23 | INFO | tag=block11.v_proj iter=070 | J=0.086956 J_x=0.051707 J_w=0.035249 rel_change=5.476177e-05 | time=0.287s
14:09:23 | INFO | tag=block11.v_proj iter=071 | J=0.086900 J_x=0.051676 J_w=0.035224 rel_change=5.558878e-05 | time=0.287s
14:09:24 | INFO | tag=block11.v_proj iter=072 | J=0.086853 J_x=0.051645 J_w=0.035207 rel_change=4.729629e-05 | time=0.279s
14:09:24 | INFO | tag=block11.v_proj iter=073 | J=0.086804 J_x=0.051617 J_w=0.035188 rel_change=4.863739e-05 | time=0.288s
14:09:24 | INFO | tag=block11.v_proj iter=074 | J=0.086755 J_x=0.051589 J_w=0.035166 rel_change=4.879385e-05 | time=0.297s
14:09:25 | INFO | tag=block11.v_proj iter=075 | J=0.086707 J_x=0.051562 J_w=0.035145 rel_change=4.813075e-05 | time=0.292s
14:09:25 | INFO | tag=block11.v_proj iter=076 | J=0.086658 J_x=0.051535 J_w=0.035123 rel_change=4.969537e-05 | time=0.287s
14:09:25 | INFO | tag=block11.v_proj iter=077 | J=0.086606 J_x=0.051508 J_w=0.035098 rel_change=5.161762e-05 | time=0.288s
14:09:25 | INFO | tag=block11.v_proj iter=078 | J=0.086560 J_x=0.051482 J_w=0.035078 rel_change=4.631281e-05 | time=0.295s
14:09:26 | INFO | tag=block11.v_proj iter=079 | J=0.086514 J_x=0.051456 J_w=0.035058 rel_change=4.541129e-05 | time=0.282s
14:09:26 | INFO | tag=block11.v_proj iter=080 | J=0.086470 J_x=0.051431 J_w=0.035039 rel_change=4.386157e-05 | time=0.276s
14:09:26 | INFO | 量化器拟合完成 | tag=block11.v_proj convergence_iter=80 total_fit_time=22.828s
14:09:26 | INFO | 开始计算重建/近似误差 | layer=block11.v_proj error_mode=relative
14:09:26 | INFO | 误差计算完成 | layer=block11.v_proj err_x=0.051470 err_w=0.034879 rel_linear_error=0.122430 elapsed=0.205s
14:09:28 | INFO | block11.out_proj.X_calib stats | shape=[768, 4096] dtype=torch.float16 device=cpu mean=-0.000149 std=0.126649 min=-1.580078 max=1.531250 fro=224.591049
14:09:28 | INFO | block11.out_proj.W stats | shape=[768, 768] dtype=torch.float32 device=cpu mean=-0.000020 std=0.031479 min=-0.875977 max=0.894043 fro=24.176212
14:09:28 | INFO | 开始拟合量化器 | tag=block11.out_proj d=768 N=4096 M=768 beta=1.0000 max_iters=80 tol=1.00e-05 init_mode=pca error_mode=relative
14:09:28 | INFO | tag=block11.out_proj iter=001 | J=1.372567 J_x=0.374027 J_w=0.998540 rel_change=inf | time=0.240s
14:09:29 | INFO | tag=block11.out_proj iter=002 | J=0.526670 J_x=0.252318 J_w=0.274352 rel_change=6.162885e-01 | time=0.288s
14:09:29 | INFO | tag=block11.out_proj iter=003 | J=0.305743 J_x=0.185928 J_w=0.119815 rel_change=2.209264e-01 | time=0.293s
14:09:29 | INFO | tag=block11.out_proj iter=004 | J=0.229061 J_x=0.152370 J_w=0.076691 rel_change=7.668266e-02 | time=0.284s
14:09:30 | INFO | tag=block11.out_proj iter=005 | J=0.197813 J_x=0.134644 J_w=0.063169 rel_change=3.124759e-02 | time=0.293s
14:09:30 | INFO | tag=block11.out_proj iter=006 | J=0.181149 J_x=0.124280 J_w=0.056869 rel_change=1.666369e-02 | time=0.302s
14:09:30 | INFO | tag=block11.out_proj iter=007 | J=0.170646 J_x=0.117482 J_w=0.053164 rel_change=1.050384e-02 | time=0.307s
14:09:30 | INFO | tag=block11.out_proj iter=008 | J=0.163044 J_x=0.112604 J_w=0.050440 rel_change=7.601708e-03 | time=0.285s
14:09:31 | INFO | tag=block11.out_proj iter=009 | J=0.157439 J_x=0.108898 J_w=0.048542 rel_change=5.604520e-03 | time=0.287s
14:09:31 | INFO | tag=block11.out_proj iter=010 | J=0.153014 J_x=0.105932 J_w=0.047083 rel_change=4.424930e-03 | time=0.284s
14:09:31 | INFO | tag=block11.out_proj iter=011 | J=0.149323 J_x=0.103486 J_w=0.045837 rel_change=3.691494e-03 | time=0.291s
14:09:32 | INFO | tag=block11.out_proj iter=012 | J=0.146224 J_x=0.101379 J_w=0.044845 rel_change=3.098860e-03 | time=0.289s
14:09:32 | INFO | tag=block11.out_proj iter=013 | J=0.143572 J_x=0.099556 J_w=0.044016 rel_change=2.652302e-03 | time=0.287s
14:09:32 | INFO | tag=block11.out_proj iter=014 | J=0.141266 J_x=0.097936 J_w=0.043331 rel_change=2.305344e-03 | time=0.298s
14:09:33 | INFO | tag=block11.out_proj iter=015 | J=0.138970 J_x=0.096456 J_w=0.042514 rel_change=2.296060e-03 | time=0.285s
14:09:33 | INFO | tag=block11.out_proj iter=016 | J=0.136885 J_x=0.095138 J_w=0.041746 rel_change=2.085686e-03 | time=0.290s
14:09:33 | INFO | tag=block11.out_proj iter=017 | J=0.135121 J_x=0.093939 J_w=0.041183 rel_change=1.763433e-03 | time=0.286s
14:09:33 | INFO | tag=block11.out_proj iter=018 | J=0.133392 J_x=0.092869 J_w=0.040522 rel_change=1.729429e-03 | time=0.291s
14:09:34 | INFO | tag=block11.out_proj iter=019 | J=0.131700 J_x=0.091927 J_w=0.039773 rel_change=1.691952e-03 | time=0.294s
14:09:34 | INFO | tag=block11.out_proj iter=020 | J=0.130035 J_x=0.091083 J_w=0.038952 rel_change=1.665190e-03 | time=0.292s
14:09:34 | INFO | tag=block11.out_proj iter=021 | J=0.128708 J_x=0.090311 J_w=0.038398 rel_change=1.326457e-03 | time=0.287s
14:09:35 | INFO | tag=block11.out_proj iter=022 | J=0.127631 J_x=0.089606 J_w=0.038024 rel_change=1.077726e-03 | time=0.308s
14:09:35 | INFO | tag=block11.out_proj iter=023 | J=0.126683 J_x=0.088968 J_w=0.037715 rel_change=9.472370e-04 | time=0.301s
14:09:35 | INFO | tag=block11.out_proj iter=024 | J=0.125831 J_x=0.088381 J_w=0.037450 rel_change=8.525997e-04 | time=0.283s
14:09:35 | INFO | tag=block11.out_proj iter=025 | J=0.125075 J_x=0.087834 J_w=0.037241 rel_change=7.552952e-04 | time=0.284s
14:09:36 | INFO | tag=block11.out_proj iter=026 | J=0.124374 J_x=0.087313 J_w=0.037061 rel_change=7.010624e-04 | time=0.293s
14:09:36 | INFO | tag=block11.out_proj iter=027 | J=0.123717 J_x=0.086824 J_w=0.036894 rel_change=6.571785e-04 | time=0.288s
14:09:36 | INFO | tag=block11.out_proj iter=028 | J=0.123101 J_x=0.086373 J_w=0.036728 rel_change=6.165504e-04 | time=0.286s
14:09:37 | INFO | tag=block11.out_proj iter=029 | J=0.122539 J_x=0.085949 J_w=0.036589 rel_change=5.619526e-04 | time=0.294s
14:09:37 | INFO | tag=block11.out_proj iter=030 | J=0.122014 J_x=0.085543 J_w=0.036472 rel_change=5.242676e-04 | time=0.290s
14:09:37 | INFO | tag=block11.out_proj iter=031 | J=0.121518 J_x=0.085158 J_w=0.036360 rel_change=4.964024e-04 | time=0.292s
14:09:37 | INFO | tag=block11.out_proj iter=032 | J=0.121023 J_x=0.084787 J_w=0.036236 rel_change=4.946589e-04 | time=0.289s
14:09:38 | INFO | tag=block11.out_proj iter=033 | J=0.120577 J_x=0.084459 J_w=0.036118 rel_change=4.462972e-04 | time=0.286s
14:09:38 | INFO | tag=block11.out_proj iter=034 | J=0.120157 J_x=0.084149 J_w=0.036008 rel_change=4.200041e-04 | time=0.289s
14:09:38 | INFO | tag=block11.out_proj iter=035 | J=0.119767 J_x=0.083854 J_w=0.035914 rel_change=3.895387e-04 | time=0.288s
14:09:39 | INFO | tag=block11.out_proj iter=036 | J=0.119391 J_x=0.083580 J_w=0.035811 rel_change=3.763139e-04 | time=0.286s
14:09:39 | INFO | tag=block11.out_proj iter=037 | J=0.119025 J_x=0.083303 J_w=0.035722 rel_change=3.657043e-04 | time=0.287s
14:09:39 | INFO | tag=block11.out_proj iter=038 | J=0.118663 J_x=0.083045 J_w=0.035617 rel_change=3.626943e-04 | time=0.293s
14:09:39 | INFO | tag=block11.out_proj iter=039 | J=0.118355 J_x=0.082804 J_w=0.035551 rel_change=3.080890e-04 | time=0.280s
14:09:40 | INFO | tag=block11.out_proj iter=040 | J=0.118047 J_x=0.082581 J_w=0.035466 rel_change=3.074631e-04 | time=0.285s
14:09:40 | INFO | tag=block11.out_proj iter=041 | J=0.117763 J_x=0.082372 J_w=0.035391 rel_change=2.839267e-04 | time=0.293s
14:09:40 | INFO | tag=block11.out_proj iter=042 | J=0.117506 J_x=0.082175 J_w=0.035331 rel_change=2.567917e-04 | time=0.294s
14:09:41 | INFO | tag=block11.out_proj iter=043 | J=0.117254 J_x=0.081990 J_w=0.035264 rel_change=2.528429e-04 | time=0.285s
14:09:41 | INFO | tag=block11.out_proj iter=044 | J=0.117019 J_x=0.081814 J_w=0.035205 rel_change=2.343655e-04 | time=0.286s
14:09:41 | INFO | tag=block11.out_proj iter=045 | J=0.116804 J_x=0.081653 J_w=0.035151 rel_change=2.154708e-04 | time=0.295s
14:09:42 | INFO | tag=block11.out_proj iter=046 | J=0.116592 J_x=0.081496 J_w=0.035095 rel_change=2.122670e-04 | time=0.293s
14:09:42 | INFO | tag=block11.out_proj iter=047 | J=0.116379 J_x=0.081348 J_w=0.035030 rel_change=2.128184e-04 | time=0.290s
14:09:42 | INFO | tag=block11.out_proj iter=048 | J=0.116170 J_x=0.081197 J_w=0.034973 rel_change=2.082437e-04 | time=0.287s
14:09:42 | INFO | tag=block11.out_proj iter=049 | J=0.115976 J_x=0.081047 J_w=0.034929 rel_change=1.948178e-04 | time=0.290s
14:09:43 | INFO | tag=block11.out_proj iter=050 | J=0.115787 J_x=0.080904 J_w=0.034883 rel_change=1.889318e-04 | time=0.300s
14:09:43 | INFO | tag=block11.out_proj iter=051 | J=0.115605 J_x=0.080763 J_w=0.034842 rel_change=1.813248e-04 | time=0.289s
14:09:43 | INFO | tag=block11.out_proj iter=052 | J=0.115430 J_x=0.080625 J_w=0.034805 rel_change=1.757666e-04 | time=0.291s
14:09:44 | INFO | tag=block11.out_proj iter=053 | J=0.115256 J_x=0.080490 J_w=0.034765 rel_change=1.739860e-04 | time=0.292s
14:09:44 | INFO | tag=block11.out_proj iter=054 | J=0.115085 J_x=0.080370 J_w=0.034715 rel_change=1.704246e-04 | time=0.291s
14:09:44 | INFO | tag=block11.out_proj iter=055 | J=0.114920 J_x=0.080256 J_w=0.034665 rel_change=1.647621e-04 | time=0.291s
14:09:44 | INFO | tag=block11.out_proj iter=056 | J=0.114776 J_x=0.080140 J_w=0.034636 rel_change=1.445413e-04 | time=0.292s
14:09:45 | INFO | tag=block11.out_proj iter=057 | J=0.114620 J_x=0.080030 J_w=0.034590 rel_change=1.561493e-04 | time=0.282s
14:09:45 | INFO | tag=block11.out_proj iter=058 | J=0.114473 J_x=0.079920 J_w=0.034553 rel_change=1.467392e-04 | time=0.291s
14:09:45 | INFO | tag=block11.out_proj iter=059 | J=0.114289 J_x=0.079811 J_w=0.034478 rel_change=1.840144e-04 | time=0.294s
14:09:46 | INFO | tag=block11.out_proj iter=060 | J=0.114058 J_x=0.079704 J_w=0.034355 rel_change=2.306774e-04 | time=0.289s
14:09:46 | INFO | tag=block11.out_proj iter=061 | J=0.113856 J_x=0.079603 J_w=0.034254 rel_change=2.019703e-04 | time=0.288s
14:09:46 | INFO | tag=block11.out_proj iter=062 | J=0.113704 J_x=0.079503 J_w=0.034201 rel_change=1.521856e-04 | time=0.295s
14:09:46 | INFO | tag=block11.out_proj iter=063 | J=0.113577 J_x=0.079411 J_w=0.034166 rel_change=1.268908e-04 | time=0.286s
14:09:47 | INFO | tag=block11.out_proj iter=064 | J=0.113456 J_x=0.079327 J_w=0.034129 rel_change=1.213923e-04 | time=0.293s
14:09:47 | INFO | tag=block11.out_proj iter=065 | J=0.113350 J_x=0.079245 J_w=0.034105 rel_change=1.062900e-04 | time=0.282s
14:09:47 | INFO | tag=block11.out_proj iter=066 | J=0.113247 J_x=0.079167 J_w=0.034080 rel_change=1.022667e-04 | time=0.281s
14:09:48 | INFO | tag=block11.out_proj iter=067 | J=0.113151 J_x=0.079092 J_w=0.034059 rel_change=9.660423e-05 | time=0.296s
14:09:48 | INFO | tag=block11.out_proj iter=068 | J=0.113059 J_x=0.079021 J_w=0.034039 rel_change=9.135902e-05 | time=0.285s
14:09:48 | INFO | tag=block11.out_proj iter=069 | J=0.112965 J_x=0.078955 J_w=0.034010 rel_change=9.459257e-05 | time=0.289s
14:09:48 | INFO | tag=block11.out_proj iter=070 | J=0.112879 J_x=0.078892 J_w=0.033987 rel_change=8.581579e-05 | time=0.286s
14:09:49 | INFO | tag=block11.out_proj iter=071 | J=0.112796 J_x=0.078829 J_w=0.033967 rel_change=8.326769e-05 | time=0.286s
14:09:49 | INFO | tag=block11.out_proj iter=072 | J=0.112701 J_x=0.078765 J_w=0.033936 rel_change=9.493530e-05 | time=0.291s
14:09:49 | INFO | tag=block11.out_proj iter=073 | J=0.112616 J_x=0.078701 J_w=0.033915 rel_change=8.459389e-05 | time=0.281s
14:09:50 | INFO | tag=block11.out_proj iter=074 | J=0.112530 J_x=0.078641 J_w=0.033889 rel_change=8.609891e-05 | time=0.289s
14:09:50 | INFO | tag=block11.out_proj iter=075 | J=0.112451 J_x=0.078585 J_w=0.033867 rel_change=7.878244e-05 | time=0.285s
14:09:50 | INFO | tag=block11.out_proj iter=076 | J=0.112377 J_x=0.078529 J_w=0.033848 rel_change=7.407367e-05 | time=0.291s
14:09:50 | INFO | tag=block11.out_proj iter=077 | J=0.112296 J_x=0.078475 J_w=0.033821 rel_change=8.122623e-05 | time=0.291s
14:09:51 | INFO | tag=block11.out_proj iter=078 | J=0.112212 J_x=0.078422 J_w=0.033791 rel_change=8.387864e-05 | time=0.294s
14:09:51 | INFO | tag=block11.out_proj iter=079 | J=0.112130 J_x=0.078366 J_w=0.033764 rel_change=8.222461e-05 | time=0.286s
14:09:51 | INFO | tag=block11.out_proj iter=080 | J=0.112054 J_x=0.078308 J_w=0.033746 rel_change=7.598847e-05 | time=0.287s
14:09:51 | INFO | 量化器拟合完成 | tag=block11.out_proj convergence_iter=80 total_fit_time=23.233s
14:09:51 | INFO | 开始计算重建/近似误差 | layer=block11.out_proj error_mode=relative
14:09:52 | INFO | 误差计算完成 | layer=block11.out_proj err_x=0.060639 err_w=0.084042 rel_linear_error=0.224471 elapsed=0.191s
14:09:53 | INFO | 扩展量化模块构建完成。
14:09:53 | INFO | 开始 PPL 评测 | tag=ours_all_blocks_qkvo stride=512 max_eval_tokens=None
14:10:17 | INFO | PPL 评测完成 | tag=ours_all_blocks_qkvo ppl=25.044716 eval_tokens=286178 target_tokens=286178 windows=556 elapsed=23.747s
14:10:21 | INFO | ========== Sweep 单次实验结束 ==========
