14:37:50 | INFO | ========== Sweep 单次实验开始 ==========
14:37:50 | INFO | combo = {
  "target.block_indices": [
    11
  ],
  "quant.beta": 10.0,
  "quant_ext.init_mode": "pca",
  "quant_ext.error_mode": "relative"
}
14:37:50 | INFO | config = {
  "data": {
    "model_name": "facebook/opt-125m",
    "dataset_name": "wikitext",
    "dataset_config": "wikitext-2-raw-v1",
    "calib_split": "train",
    "eval_split": "test",
    "calib_num_tokens": 4096,
    "eval_num_tokens": null,
    "tokenizer_use_fast": true
  },
  "quant": {
    "beta": 10.0,
    "max_iters": 80,
    "tol": 1e-05,
    "convergence_check_every": 1,
    "codebook": [
      -2.0,
      -1.0,
      0.0,
      1.0,
      2.0
    ],
    "dtype": "float32",
    "eps": 1e-08,
    "log_every": 1,
    "init_mode": "pca",
    "error_mode": "relative",
    "track_u": true,
    "track_u_every": 1,
    "track_u_full_matrix": false,
    "random_init_orthogonal": true,
    "random_init_scale": 1.0
  },
  "eval": {
    "stride": 512,
    "device": "cuda"
  },
  "target": {
    "block_indices": [
      11
    ],
    "target_linear_names": [
      "q_proj",
      "k_proj",
      "v_proj",
      "out_proj"
    ]
  },
  "output_dir": "outputs_opt_qkvo_general_sweep_u_tracking\\t_block_indices_11-__q_beta_10__init_mode_pca__error_mode_relative",
  "seed": 42
}
14:37:50 | INFO | 加载模型与 tokenizer：facebook/opt-125m
14:38:19 | INFO | 模型加载完成 | hidden_size=768 vocab_size=50272 device=cuda elapsed=28.882s
14:38:19 | INFO | 加载数据集 split=train
14:38:56 | INFO | split=train 加载完成 | non-empty text blocks=23767 chars=10940522 elapsed=37.000s
14:38:56 | INFO | 加载数据集 split=test
14:39:27 | INFO | split=test 加载完成 | non-empty text blocks=2891 chars=1291402 elapsed=30.564s
14:39:27 | INFO | 开始 PPL 评测 | tag=baseline_fp stride=512 max_eval_tokens=None
14:39:50 | INFO | PPL 评测完成 | tag=baseline_fp ppl=23.500643 eval_tokens=286178 target_tokens=286178 windows=556 elapsed=22.931s
14:40:09 | INFO | 开始收集目标线性层输入 hidden states | requested_tokens=4096 layers=['block11.q_proj', 'block11.k_proj', 'block11.v_proj', 'block11.out_proj']
14:40:09 | INFO | 输入收集完成 | layer=block11.q_proj collected_tokens=4096 forward_chunks=2 elapsed=0.454s X_shape=[768, 4096]
14:40:09 | INFO | 输入收集完成 | layer=block11.k_proj collected_tokens=4096 forward_chunks=2 elapsed=0.454s X_shape=[768, 4096]
14:40:09 | INFO | 输入收集完成 | layer=block11.v_proj collected_tokens=4096 forward_chunks=2 elapsed=0.454s X_shape=[768, 4096]
14:40:09 | INFO | 输入收集完成 | layer=block11.out_proj collected_tokens=4096 forward_chunks=2 elapsed=0.454s X_shape=[768, 4096]
14:40:09 | INFO | 开始为所有目标 transformer blocks 的 Q/K/V/O 线性层构建 SQ-XW 对照组。
14:40:09 | INFO | 开始计算 SQ-XW 对照组误差 | layer=block11.q_proj
14:40:10 | INFO | SQ-XW 误差计算完成 | layer=block11.q_proj rel_recon_error_x=0.934975 rel_recon_error_w=0.137037 rel_linear_error=0.841778 elapsed=0.074s
14:40:10 | INFO | SQ-XW 对照组构建完成 | layer=block11.q_proj bits=3 x_scale=3.78571439 w_scale=0.07163783
14:40:10 | INFO | 开始计算 SQ-XW 对照组误差 | layer=block11.k_proj
14:40:10 | INFO | SQ-XW 误差计算完成 | layer=block11.k_proj rel_recon_error_x=0.934975 rel_recon_error_w=0.159061 rel_linear_error=0.758373 elapsed=0.054s
14:40:10 | INFO | SQ-XW 对照组构建完成 | layer=block11.k_proj bits=3 x_scale=3.78571439 w_scale=0.07533482
14:40:10 | INFO | 开始计算 SQ-XW 对照组误差 | layer=block11.v_proj
14:40:10 | INFO | SQ-XW 误差计算完成 | layer=block11.v_proj rel_recon_error_x=0.934975 rel_recon_error_w=0.440576 rel_linear_error=1.034687 elapsed=0.051s
14:40:10 | INFO | SQ-XW 对照组构建完成 | layer=block11.v_proj bits=3 x_scale=3.78571439 w_scale=0.07139369
14:40:10 | INFO | 开始计算 SQ-XW 对照组误差 | layer=block11.out_proj
14:40:10 | INFO | SQ-XW 误差计算完成 | layer=block11.out_proj rel_recon_error_x=0.192631 rel_recon_error_w=0.744155 rel_linear_error=0.829729 elapsed=0.054s
14:40:10 | INFO | SQ-XW 对照组构建完成 | layer=block11.out_proj bits=3 x_scale=0.22572544 w_scale=0.12772043
14:40:10 | INFO | 开始 PPL 评测 | tag=sq_all_blocks_qkvo stride=512 max_eval_tokens=None
14:40:31 | INFO | PPL 评测完成 | tag=sq_all_blocks_qkvo ppl=27.267649 eval_tokens=286178 target_tokens=286178 windows=556 elapsed=21.312s
14:40:31 | INFO | 开始为目标层构建扩展量化器。
14:40:31 | INFO | block11.q_proj.X_calib stats | shape=[768, 4096] dtype=torch.float16 device=cpu mean=-0.037015 std=0.557564 min=-26.500000 max=5.378906 fro=991.028625
14:40:31 | INFO | block11.q_proj.W stats | shape=[768, 768] dtype=torch.float32 device=cpu mean=-0.000252 std=0.055656 min=-0.487549 max=0.501465 fro=42.744507
14:40:31 | INFO | 开始拟合量化器 | tag=block11.q_proj d=768 N=4096 M=768 beta=10.0000 max_iters=80 tol=1.00e-05 init_mode=pca error_mode=relative
14:40:32 | INFO | tag=block11.q_proj iter=001 | J=10.097281 J_x=0.191433 J_w=0.990585 rel_change=inf | time=0.318s
14:40:32 | INFO | tag=block11.q_proj iter=002 | J=2.681377 J_x=0.173043 J_w=0.250833 rel_change=7.344456e-01 | time=0.309s
14:40:32 | INFO | tag=block11.q_proj iter=003 | J=1.059847 J_x=0.110931 J_w=0.094892 rel_change=6.047378e-01 | time=0.305s
14:40:32 | INFO | tag=block11.q_proj iter=004 | J=0.637005 J_x=0.090646 J_w=0.054636 rel_change=3.989649e-01 | time=0.301s
14:40:33 | INFO | tag=block11.q_proj iter=005 | J=0.500960 J_x=0.079866 J_w=0.042109 rel_change=1.360456e-01 | time=0.305s
14:40:33 | INFO | tag=block11.q_proj iter=006 | J=0.442924 J_x=0.074013 J_w=0.036891 rel_change=5.803525e-02 | time=0.307s
14:40:33 | INFO | tag=block11.q_proj iter=007 | J=0.412891 J_x=0.070594 J_w=0.034230 rel_change=3.003356e-02 | time=0.308s
14:40:34 | INFO | tag=block11.q_proj iter=008 | J=0.394614 J_x=0.068403 J_w=0.032621 rel_change=1.827732e-02 | time=0.301s
14:40:34 | INFO | tag=block11.q_proj iter=009 | J=0.382541 J_x=0.066848 J_w=0.031569 rel_change=1.207286e-02 | time=0.315s
14:40:34 | INFO | tag=block11.q_proj iter=010 | J=0.373957 J_x=0.065694 J_w=0.030826 rel_change=8.583903e-03 | time=0.305s
14:40:35 | INFO | tag=block11.q_proj iter=011 | J=0.367702 J_x=0.064789 J_w=0.030291 rel_change=6.254673e-03 | time=0.300s
14:40:35 | INFO | tag=block11.q_proj iter=012 | J=0.362835 J_x=0.064064 J_w=0.029877 rel_change=4.866570e-03 | time=0.306s
14:40:35 | INFO | tag=block11.q_proj iter=013 | J=0.358877 J_x=0.063469 J_w=0.029541 rel_change=3.958017e-03 | time=0.313s
14:40:36 | INFO | tag=block11.q_proj iter=014 | J=0.355696 J_x=0.062952 J_w=0.029274 rel_change=3.181219e-03 | time=0.308s
14:40:36 | INFO | tag=block11.q_proj iter=015 | J=0.352972 J_x=0.062508 J_w=0.029046 rel_change=2.724051e-03 | time=0.304s
14:40:36 | INFO | tag=block11.q_proj iter=016 | J=0.350645 J_x=0.062120 J_w=0.028853 rel_change=2.327383e-03 | time=0.297s
14:40:36 | INFO | tag=block11.q_proj iter=017 | J=0.348574 J_x=0.061779 J_w=0.028680 rel_change=2.070427e-03 | time=0.298s
14:40:37 | INFO | tag=block11.q_proj iter=018 | J=0.346786 J_x=0.061472 J_w=0.028531 rel_change=1.788408e-03 | time=0.306s
14:40:37 | INFO | tag=block11.q_proj iter=019 | J=0.345203 J_x=0.061199 J_w=0.028400 rel_change=1.582801e-03 | time=0.299s
14:40:37 | INFO | tag=block11.q_proj iter=020 | J=0.343790 J_x=0.060956 J_w=0.028283 rel_change=1.413077e-03 | time=0.305s
14:40:38 | INFO | tag=block11.q_proj iter=021 | J=0.342502 J_x=0.060734 J_w=0.028177 rel_change=1.288474e-03 | time=0.305s
14:40:38 | INFO | tag=block11.q_proj iter=022 | J=0.341266 J_x=0.060532 J_w=0.028073 rel_change=1.235247e-03 | time=0.310s
14:40:38 | INFO | tag=block11.q_proj iter=023 | J=0.340228 J_x=0.060341 J_w=0.027989 rel_change=1.038879e-03 | time=0.296s
14:40:39 | INFO | tag=block11.q_proj iter=024 | J=0.339224 J_x=0.060162 J_w=0.027906 rel_change=1.003951e-03 | time=0.294s
14:40:39 | INFO | tag=block11.q_proj iter=025 | J=0.338285 J_x=0.060000 J_w=0.027828 rel_change=9.389222e-04 | time=0.298s
14:40:39 | INFO | tag=block11.q_proj iter=026 | J=0.337464 J_x=0.059845 J_w=0.027762 rel_change=8.206964e-04 | time=0.301s
14:40:39 | INFO | tag=block11.q_proj iter=027 | J=0.336681 J_x=0.059703 J_w=0.027698 rel_change=7.834136e-04 | time=0.300s
14:40:40 | INFO | tag=block11.q_proj iter=028 | J=0.335928 J_x=0.059569 J_w=0.027636 rel_change=7.520914e-04 | time=0.332s
14:40:40 | INFO | tag=block11.q_proj iter=029 | J=0.335207 J_x=0.059446 J_w=0.027576 rel_change=7.212460e-04 | time=0.354s
14:40:40 | INFO | tag=block11.q_proj iter=030 | J=0.334524 J_x=0.059334 J_w=0.027519 rel_change=6.835163e-04 | time=0.324s
14:40:41 | INFO | tag=block11.q_proj iter=031 | J=0.333943 J_x=0.059225 J_w=0.027472 rel_change=5.803704e-04 | time=0.316s
14:40:41 | INFO | tag=block11.q_proj iter=032 | J=0.333362 J_x=0.059121 J_w=0.027424 rel_change=5.810261e-04 | time=0.320s
14:40:41 | INFO | tag=block11.q_proj iter=033 | J=0.332833 J_x=0.059020 J_w=0.027381 rel_change=5.291402e-04 | time=0.322s
14:40:42 | INFO | tag=block11.q_proj iter=034 | J=0.332365 J_x=0.058924 J_w=0.027344 rel_change=4.682243e-04 | time=0.320s
14:40:42 | INFO | tag=block11.q_proj iter=035 | J=0.331883 J_x=0.058837 J_w=0.027305 rel_change=4.823506e-04 | time=0.304s
14:40:42 | INFO | tag=block11.q_proj iter=036 | J=0.331407 J_x=0.058753 J_w=0.027265 rel_change=4.757941e-04 | time=0.302s
14:40:43 | INFO | tag=block11.q_proj iter=037 | J=0.330956 J_x=0.058674 J_w=0.027228 rel_change=4.512370e-04 | time=0.304s
14:40:43 | INFO | tag=block11.q_proj iter=038 | J=0.330530 J_x=0.058598 J_w=0.027193 rel_change=4.254282e-04 | time=0.292s
14:40:43 | INFO | tag=block11.q_proj iter=039 | J=0.330075 J_x=0.058525 J_w=0.027155 rel_change=4.548430e-04 | time=0.307s
14:40:44 | INFO | tag=block11.q_proj iter=040 | J=0.329682 J_x=0.058453 J_w=0.027123 rel_change=3.937483e-04 | time=0.296s
14:40:44 | INFO | tag=block11.q_proj iter=041 | J=0.329265 J_x=0.058387 J_w=0.027088 rel_change=4.160404e-04 | time=0.306s
14:40:44 | INFO | tag=block11.q_proj iter=042 | J=0.328854 J_x=0.058324 J_w=0.027053 rel_change=4.114807e-04 | time=0.314s
14:40:45 | INFO | tag=block11.q_proj iter=043 | J=0.328519 J_x=0.058260 J_w=0.027026 rel_change=3.345311e-04 | time=0.307s
14:40:45 | INFO | tag=block11.q_proj iter=044 | J=0.328144 J_x=0.058199 J_w=0.026995 rel_change=3.751814e-04 | time=0.302s
14:40:45 | INFO | tag=block11.q_proj iter=045 | J=0.327822 J_x=0.058140 J_w=0.026968 rel_change=3.219247e-04 | time=0.305s
14:40:45 | INFO | tag=block11.q_proj iter=046 | J=0.327537 J_x=0.058083 J_w=0.026945 rel_change=2.852976e-04 | time=0.306s
14:40:46 | INFO | tag=block11.q_proj iter=047 | J=0.327277 J_x=0.058030 J_w=0.026925 rel_change=2.597272e-04 | time=0.294s
14:40:46 | INFO | tag=block11.q_proj iter=048 | J=0.327009 J_x=0.057980 J_w=0.026903 rel_change=2.680123e-04 | time=0.299s
14:40:46 | INFO | tag=block11.q_proj iter=049 | J=0.326719 J_x=0.057932 J_w=0.026879 rel_change=2.906322e-04 | time=0.297s
14:40:47 | INFO | tag=block11.q_proj iter=050 | J=0.326455 J_x=0.057884 J_w=0.026857 rel_change=2.635419e-04 | time=0.307s
14:40:47 | INFO | tag=block11.q_proj iter=051 | J=0.326180 J_x=0.057839 J_w=0.026834 rel_change=2.749562e-04 | time=0.302s
14:40:47 | INFO | tag=block11.q_proj iter=052 | J=0.325905 J_x=0.057796 J_w=0.026811 rel_change=2.747774e-04 | time=0.297s
14:40:48 | INFO | tag=block11.q_proj iter=053 | J=0.325695 J_x=0.057753 J_w=0.026794 rel_change=2.105236e-04 | time=0.305s
14:40:48 | INFO | tag=block11.q_proj iter=054 | J=0.325466 J_x=0.057712 J_w=0.026775 rel_change=2.290308e-04 | time=0.311s
14:40:48 | INFO | tag=block11.q_proj iter=055 | J=0.325235 J_x=0.057673 J_w=0.026756 rel_change=2.304912e-04 | time=0.303s
14:40:48 | INFO | tag=block11.q_proj iter=056 | J=0.325041 J_x=0.057635 J_w=0.026741 rel_change=1.941323e-04 | time=0.305s
14:40:49 | INFO | tag=block11.q_proj iter=057 | J=0.324865 J_x=0.057600 J_w=0.026726 rel_change=1.758933e-04 | time=0.306s
14:40:49 | INFO | tag=block11.q_proj iter=058 | J=0.324645 J_x=0.057567 J_w=0.026708 rel_change=2.208054e-04 | time=0.301s
14:40:49 | INFO | tag=block11.q_proj iter=059 | J=0.324426 J_x=0.057533 J_w=0.026689 rel_change=2.189279e-04 | time=0.299s
14:40:50 | INFO | tag=block11.q_proj iter=060 | J=0.324236 J_x=0.057502 J_w=0.026673 rel_change=1.898706e-04 | time=0.305s
14:40:50 | INFO | tag=block11.q_proj iter=061 | J=0.324079 J_x=0.057472 J_w=0.026661 rel_change=1.571774e-04 | time=0.310s
14:40:50 | INFO | tag=block11.q_proj iter=062 | J=0.323890 J_x=0.057445 J_w=0.026645 rel_change=1.887083e-04 | time=0.310s
14:40:51 | INFO | tag=block11.q_proj iter=063 | J=0.323703 J_x=0.057417 J_w=0.026629 rel_change=1.866221e-04 | time=0.302s
14:40:51 | INFO | tag=block11.q_proj iter=064 | J=0.323550 J_x=0.057390 J_w=0.026616 rel_change=1.529753e-04 | time=0.321s
14:40:51 | INFO | tag=block11.q_proj iter=065 | J=0.323411 J_x=0.057363 J_w=0.026605 rel_change=1.390576e-04 | time=0.304s
14:40:52 | INFO | tag=block11.q_proj iter=066 | J=0.323271 J_x=0.057337 J_w=0.026593 rel_change=1.398325e-04 | time=0.304s
14:40:52 | INFO | tag=block11.q_proj iter=067 | J=0.323142 J_x=0.057312 J_w=0.026583 rel_change=1.291931e-04 | time=0.307s
14:40:52 | INFO | tag=block11.q_proj iter=068 | J=0.323002 J_x=0.057291 J_w=0.026571 rel_change=1.405776e-04 | time=0.294s
14:40:52 | INFO | tag=block11.q_proj iter=069 | J=0.322875 J_x=0.057269 J_w=0.026561 rel_change=1.261532e-04 | time=0.289s
14:40:53 | INFO | tag=block11.q_proj iter=070 | J=0.322770 J_x=0.057248 J_w=0.026552 rel_change=1.049638e-04 | time=0.295s
14:40:53 | INFO | tag=block11.q_proj iter=071 | J=0.322667 J_x=0.057227 J_w=0.026544 rel_change=1.033545e-04 | time=0.297s
14:40:53 | INFO | tag=block11.q_proj iter=072 | J=0.322555 J_x=0.057208 J_w=0.026535 rel_change=1.122355e-04 | time=0.303s
14:40:54 | INFO | tag=block11.q_proj iter=073 | J=0.322425 J_x=0.057191 J_w=0.026523 rel_change=1.295507e-04 | time=0.300s
14:40:54 | INFO | tag=block11.q_proj iter=074 | J=0.322305 J_x=0.057174 J_w=0.026513 rel_change=1.204908e-04 | time=0.304s
14:40:54 | INFO | tag=block11.q_proj iter=075 | J=0.322218 J_x=0.057158 J_w=0.026506 rel_change=8.666515e-05 | time=0.314s
14:40:55 | INFO | tag=block11.q_proj iter=076 | J=0.322133 J_x=0.057142 J_w=0.026499 rel_change=8.547306e-05 | time=0.323s
14:40:55 | INFO | tag=block11.q_proj iter=077 | J=0.322017 J_x=0.057127 J_w=0.026489 rel_change=1.160204e-04 | time=0.323s
14:40:55 | INFO | tag=block11.q_proj iter=078 | J=0.321915 J_x=0.057111 J_w=0.026480 rel_change=1.015067e-04 | time=0.328s
14:40:56 | INFO | tag=block11.q_proj iter=079 | J=0.321851 J_x=0.057095 J_w=0.026476 rel_change=6.419420e-05 | time=0.329s
14:40:56 | INFO | tag=block11.q_proj iter=080 | J=0.321761 J_x=0.057082 J_w=0.026468 rel_change=8.991361e-05 | time=0.304s
14:40:56 | INFO | 量化器拟合完成 | tag=block11.q_proj convergence_iter=80 total_fit_time=24.694s
14:40:56 | INFO | 开始计算重建/近似误差 | layer=block11.q_proj error_mode=relative
14:40:56 | INFO | 误差计算完成 | layer=block11.q_proj err_x=0.057213 err_w=0.026820 rel_linear_error=0.078840 elapsed=0.196s
14:40:59 | INFO | block11.k_proj.X_calib stats | shape=[768, 4096] dtype=torch.float16 device=cpu mean=-0.037015 std=0.557564 min=-26.500000 max=5.378906 fro=991.028625
14:40:59 | INFO | block11.k_proj.W stats | shape=[768, 768] dtype=torch.float32 device=cpu mean=0.000053 std=0.054432 min=-0.527344 max=0.527344 fro=41.803741
14:40:59 | INFO | 开始拟合量化器 | tag=block11.k_proj d=768 N=4096 M=768 beta=10.0000 max_iters=80 tol=1.00e-05 init_mode=pca error_mode=relative
14:40:59 | INFO | tag=block11.k_proj iter=001 | J=10.182425 J_x=0.191189 J_w=0.999124 rel_change=inf | time=0.352s
14:40:59 | INFO | tag=block11.k_proj iter=002 | J=2.773510 J_x=0.175435 J_w=0.259807 rel_change=7.276179e-01 | time=0.330s
14:41:00 | INFO | tag=block11.k_proj iter=003 | J=1.082330 J_x=0.112056 J_w=0.097027 rel_change=6.097615e-01 | time=0.336s
14:41:00 | INFO | tag=block11.k_proj iter=004 | J=0.643876 J_x=0.091171 J_w=0.055271 rel_change=4.051023e-01 | time=0.321s
14:41:00 | INFO | tag=block11.k_proj iter=005 | J=0.502418 J_x=0.080203 J_w=0.042221 rel_change=1.414583e-01 | time=0.313s
14:41:01 | INFO | tag=block11.k_proj iter=006 | J=0.440619 J_x=0.074165 J_w=0.036645 rel_change=6.179810e-02 | time=0.300s
14:41:01 | INFO | tag=block11.k_proj iter=007 | J=0.408271 J_x=0.070629 J_w=0.033764 rel_change=3.234851e-02 | time=0.314s
14:41:01 | INFO | tag=block11.k_proj iter=008 | J=0.388593 J_x=0.068377 J_w=0.032022 rel_change=1.967829e-02 | time=0.312s
14:41:02 | INFO | tag=block11.k_proj iter=009 | J=0.375790 J_x=0.066799 J_w=0.030899 rel_change=1.280218e-02 | time=0.304s
14:41:02 | INFO | tag=block11.k_proj iter=010 | J=0.366620 J_x=0.065623 J_w=0.030100 rel_change=9.170532e-03 | time=0.302s
14:41:02 | INFO | tag=block11.k_proj iter=011 | J=0.359760 J_x=0.064695 J_w=0.029507 rel_change=6.859541e-03 | time=0.300s
14:41:02 | INFO | tag=block11.k_proj iter=012 | J=0.354417 J_x=0.063944 J_w=0.029047 rel_change=5.343080e-03 | time=0.316s
14:41:03 | INFO | tag=block11.k_proj iter=013 | J=0.350117 J_x=0.063313 J_w=0.028680 rel_change=4.299939e-03 | time=0.313s
14:41:03 | INFO | tag=block11.k_proj iter=014 | J=0.346543 J_x=0.062774 J_w=0.028377 rel_change=3.574699e-03 | time=0.303s
14:41:03 | INFO | tag=block11.k_proj iter=015 | J=0.343536 J_x=0.062310 J_w=0.028123 rel_change=3.006846e-03 | time=0.315s
14:41:04 | INFO | tag=block11.k_proj iter=016 | J=0.340956 J_x=0.061907 J_w=0.027905 rel_change=2.580166e-03 | time=0.302s
14:41:04 | INFO | tag=block11.k_proj iter=017 | J=0.338700 J_x=0.061555 J_w=0.027715 rel_change=2.255678e-03 | time=0.306s
14:41:04 | INFO | tag=block11.k_proj iter=018 | J=0.336681 J_x=0.061243 J_w=0.027544 rel_change=2.018869e-03 | time=0.300s
14:41:05 | INFO | tag=block11.k_proj iter=019 | J=0.335034 J_x=0.060962 J_w=0.027407 rel_change=1.646698e-03 | time=0.311s
14:41:05 | INFO | tag=block11.k_proj iter=020 | J=0.333556 J_x=0.060712 J_w=0.027284 rel_change=1.478046e-03 | time=0.318s
14:41:05 | INFO | tag=block11.k_proj iter=021 | J=0.332128 J_x=0.060484 J_w=0.027164 rel_change=1.428396e-03 | time=0.322s
14:41:06 | INFO | tag=block11.k_proj iter=022 | J=0.330858 J_x=0.060269 J_w=0.027059 rel_change=1.269966e-03 | time=0.310s
14:41:06 | INFO | tag=block11.k_proj iter=023 | J=0.329699 J_x=0.060071 J_w=0.026963 rel_change=1.159012e-03 | time=0.321s
14:41:06 | INFO | tag=block11.k_proj iter=024 | J=0.328608 J_x=0.059886 J_w=0.026872 rel_change=1.091152e-03 | time=0.313s
14:41:07 | INFO | tag=block11.k_proj iter=025 | J=0.327609 J_x=0.059719 J_w=0.026789 rel_change=9.984970e-04 | time=0.311s
14:41:07 | INFO | tag=block11.k_proj iter=026 | J=0.326619 J_x=0.059564 J_w=0.026705 rel_change=9.904802e-04 | time=0.303s
14:41:07 | INFO | tag=block11.k_proj iter=027 | J=0.325784 J_x=0.059419 J_w=0.026637 rel_change=8.344948e-04 | time=0.307s
14:41:07 | INFO | tag=block11.k_proj iter=028 | J=0.324995 J_x=0.059287 J_w=0.026571 rel_change=7.894337e-04 | time=0.303s
14:41:08 | INFO | tag=block11.k_proj iter=029 | J=0.324275 J_x=0.059161 J_w=0.026511 rel_change=7.202923e-04 | time=0.315s
14:41:08 | INFO | tag=block11.k_proj iter=030 | J=0.323579 J_x=0.059041 J_w=0.026454 rel_change=6.954074e-04 | time=0.321s
14:41:08 | INFO | tag=block11.k_proj iter=031 | J=0.323009 J_x=0.058928 J_w=0.026408 rel_change=5.706549e-04 | time=0.311s
14:41:09 | INFO | tag=block11.k_proj iter=032 | J=0.322437 J_x=0.058828 J_w=0.026361 rel_change=5.711317e-04 | time=0.295s
14:41:09 | INFO | tag=block11.k_proj iter=033 | J=0.321925 J_x=0.058731 J_w=0.026319 rel_change=5.128086e-04 | time=0.298s
14:41:09 | INFO | tag=block11.k_proj iter=034 | J=0.321489 J_x=0.058642 J_w=0.026285 rel_change=4.355609e-04 | time=0.317s
14:41:10 | INFO | tag=block11.k_proj iter=035 | J=0.321049 J_x=0.058562 J_w=0.026249 rel_change=4.404187e-04 | time=0.303s
14:41:10 | INFO | tag=block11.k_proj iter=036 | J=0.320640 J_x=0.058484 J_w=0.026216 rel_change=4.085898e-04 | time=0.311s
14:41:10 | INFO | tag=block11.k_proj iter=037 | J=0.320201 J_x=0.058412 J_w=0.026179 rel_change=4.389584e-04 | time=0.323s
14:41:11 | INFO | tag=block11.k_proj iter=038 | J=0.319787 J_x=0.058342 J_w=0.026145 rel_change=4.139841e-04 | time=0.326s
14:41:11 | INFO | tag=block11.k_proj iter=039 | J=0.319416 J_x=0.058278 J_w=0.026114 rel_change=3.711283e-04 | time=0.321s
14:41:11 | INFO | tag=block11.k_proj iter=040 | J=0.319089 J_x=0.058217 J_w=0.026087 rel_change=3.271401e-04 | time=0.318s
14:41:12 | INFO | tag=block11.k_proj iter=041 | J=0.318737 J_x=0.058162 J_w=0.026058 rel_change=3.516972e-04 | time=0.313s
14:41:12 | INFO | tag=block11.k_proj iter=042 | J=0.318368 J_x=0.058111 J_w=0.026026 rel_change=3.696084e-04 | time=0.315s
14:41:12 | INFO | tag=block11.k_proj iter=043 | J=0.318065 J_x=0.058060 J_w=0.026000 rel_change=3.025830e-04 | time=0.299s
14:41:12 | INFO | tag=block11.k_proj iter=044 | J=0.317767 J_x=0.058012 J_w=0.025975 rel_change=2.980232e-04 | time=0.313s
14:41:13 | INFO | tag=block11.k_proj iter=045 | J=0.317525 J_x=0.057964 J_w=0.025956 rel_change=2.419055e-04 | time=0.310s
14:41:13 | INFO | tag=block11.k_proj iter=046 | J=0.317225 J_x=0.057918 J_w=0.025931 rel_change=3.002584e-04 | time=0.311s
14:41:13 | INFO | tag=block11.k_proj iter=047 | J=0.316982 J_x=0.057873 J_w=0.025911 rel_change=2.430081e-04 | time=0.305s
14:41:14 | INFO | tag=block11.k_proj iter=048 | J=0.316760 J_x=0.057829 J_w=0.025893 rel_change=2.217293e-04 | time=0.313s
14:41:14 | INFO | tag=block11.k_proj iter=049 | J=0.316508 J_x=0.057787 J_w=0.025872 rel_change=2.518594e-04 | time=0.309s
14:41:14 | INFO | tag=block11.k_proj iter=050 | J=0.316265 J_x=0.057748 J_w=0.025852 rel_change=2.436042e-04 | time=0.313s
14:41:15 | INFO | tag=block11.k_proj iter=051 | J=0.316040 J_x=0.057708 J_w=0.025833 rel_change=2.245605e-04 | time=0.299s
14:41:15 | INFO | tag=block11.k_proj iter=052 | J=0.315841 J_x=0.057669 J_w=0.025817 rel_change=1.986027e-04 | time=0.308s
14:41:15 | INFO | tag=block11.k_proj iter=053 | J=0.315628 J_x=0.057631 J_w=0.025800 rel_change=2.132654e-04 | time=0.305s
14:41:16 | INFO | tag=block11.k_proj iter=054 | J=0.315441 J_x=0.057594 J_w=0.025785 rel_change=1.870394e-04 | time=0.302s
14:41:16 | INFO | tag=block11.k_proj iter=055 | J=0.315237 J_x=0.057561 J_w=0.025768 rel_change=2.039075e-04 | time=0.299s
14:41:16 | INFO | tag=block11.k_proj iter=056 | J=0.315053 J_x=0.057529 J_w=0.025752 rel_change=1.838803e-04 | time=0.303s
14:41:16 | INFO | tag=block11.k_proj iter=057 | J=0.314862 J_x=0.057498 J_w=0.025736 rel_change=1.910627e-04 | time=0.304s
14:41:17 | INFO | tag=block11.k_proj iter=058 | J=0.314650 J_x=0.057468 J_w=0.025718 rel_change=2.126098e-04 | time=0.307s
14:41:17 | INFO | tag=block11.k_proj iter=059 | J=0.314469 J_x=0.057438 J_w=0.025703 rel_change=1.806915e-04 | time=0.307s
14:41:17 | INFO | tag=block11.k_proj iter=060 | J=0.314289 J_x=0.057410 J_w=0.025688 rel_change=1.799762e-04 | time=0.302s
14:41:18 | INFO | tag=block11.k_proj iter=061 | J=0.314134 J_x=0.057383 J_w=0.025675 rel_change=1.552701e-04 | time=0.307s
14:41:18 | INFO | tag=block11.k_proj iter=062 | J=0.313974 J_x=0.057358 J_w=0.025662 rel_change=1.594722e-04 | time=0.294s
14:41:18 | INFO | tag=block11.k_proj iter=063 | J=0.313815 J_x=0.057332 J_w=0.025648 rel_change=1.594722e-04 | time=0.315s
14:41:19 | INFO | tag=block11.k_proj iter=064 | J=0.313668 J_x=0.057307 J_w=0.025636 rel_change=1.464784e-04 | time=0.320s
14:41:19 | INFO | tag=block11.k_proj iter=065 | J=0.313498 J_x=0.057286 J_w=0.025621 rel_change=1.698732e-04 | time=0.303s
14:41:19 | INFO | tag=block11.k_proj iter=066 | J=0.313363 J_x=0.057262 J_w=0.025610 rel_change=1.349449e-04 | time=0.305s
14:41:20 | INFO | tag=block11.k_proj iter=067 | J=0.313256 J_x=0.057239 J_w=0.025602 rel_change=1.071095e-04 | time=0.304s
14:41:20 | INFO | tag=block11.k_proj iter=068 | J=0.313145 J_x=0.057217 J_w=0.025593 rel_change=1.110435e-04 | time=0.306s
14:41:20 | INFO | tag=block11.k_proj iter=069 | J=0.313031 J_x=0.057196 J_w=0.025583 rel_change=1.147091e-04 | time=0.305s
14:41:20 | INFO | tag=block11.k_proj iter=070 | J=0.312911 J_x=0.057176 J_w=0.025574 rel_change=1.194477e-04 | time=0.308s
14:41:21 | INFO | tag=block11.k_proj iter=071 | J=0.312797 J_x=0.057156 J_w=0.025564 rel_change=1.137555e-04 | time=0.305s
14:41:21 | INFO | tag=block11.k_proj iter=072 | J=0.312684 J_x=0.057137 J_w=0.025555 rel_change=1.134872e-04 | time=0.310s
14:41:21 | INFO | tag=block11.k_proj iter=073 | J=0.312593 J_x=0.057119 J_w=0.025547 rel_change=9.077787e-05 | time=0.296s
14:41:22 | INFO | tag=block11.k_proj iter=074 | J=0.312495 J_x=0.057102 J_w=0.025539 rel_change=9.781122e-05 | time=0.330s
14:41:22 | INFO | tag=block11.k_proj iter=075 | J=0.312403 J_x=0.057086 J_w=0.025532 rel_change=9.271502e-05 | time=0.325s
14:41:22 | INFO | tag=block11.k_proj iter=076 | J=0.312292 J_x=0.057071 J_w=0.025522 rel_change=1.105070e-04 | time=0.309s
14:41:23 | INFO | tag=block11.k_proj iter=077 | J=0.312201 J_x=0.057055 J_w=0.025515 rel_change=9.113550e-05 | time=0.306s
14:41:23 | INFO | tag=block11.k_proj iter=078 | J=0.312115 J_x=0.057041 J_w=0.025507 rel_change=8.550286e-05 | time=0.300s
14:41:23 | INFO | tag=block11.k_proj iter=079 | J=0.312038 J_x=0.057025 J_w=0.025501 rel_change=7.790327e-05 | time=0.303s
14:41:24 | INFO | tag=block11.k_proj iter=080 | J=0.311941 J_x=0.057011 J_w=0.025493 rel_change=9.655952e-05 | time=0.305s
14:41:24 | INFO | 量化器拟合完成 | tag=block11.k_proj convergence_iter=80 total_fit_time=24.925s
14:41:24 | INFO | 开始计算重建/近似误差 | layer=block11.k_proj error_mode=relative
14:41:24 | INFO | 误差计算完成 | layer=block11.k_proj err_x=0.057114 err_w=0.025842 rel_linear_error=0.075687 elapsed=0.198s
14:41:26 | INFO | block11.v_proj.X_calib stats | shape=[768, 4096] dtype=torch.float16 device=cpu mean=-0.037015 std=0.557564 min=-26.500000 max=5.378906 fro=991.028625
14:41:26 | INFO | block11.v_proj.W stats | shape=[768, 768] dtype=torch.float32 device=cpu mean=0.000046 std=0.029483 min=-0.499756 max=0.195679 fro=22.642700
14:41:26 | INFO | 开始拟合量化器 | tag=block11.v_proj d=768 N=4096 M=768 beta=10.0000 max_iters=80 tol=1.00e-05 init_mode=pca error_mode=relative
14:41:27 | INFO | tag=block11.v_proj iter=001 | J=10.181527 J_x=0.191221 J_w=0.999031 rel_change=inf | time=0.301s
14:41:27 | INFO | tag=block11.v_proj iter=002 | J=2.650963 J_x=0.171875 J_w=0.247909 rel_change=7.396301e-01 | time=0.310s
14:41:27 | INFO | tag=block11.v_proj iter=003 | J=1.124533 J_x=0.109232 J_w=0.101530 rel_change=5.758020e-01 | time=0.307s
14:41:27 | INFO | tag=block11.v_proj iter=004 | J=0.675278 J_x=0.090079 J_w=0.058520 rel_change=3.995040e-01 | time=0.306s
14:41:28 | INFO | tag=block11.v_proj iter=005 | J=0.529566 J_x=0.079459 J_w=0.045011 rel_change=1.457120e-01 | time=0.304s
14:41:28 | INFO | tag=block11.v_proj iter=006 | J=0.469983 J_x=0.073680 J_w=0.039630 rel_change=5.958307e-02 | time=0.304s
14:41:28 | INFO | tag=block11.v_proj iter=007 | J=0.440791 J_x=0.070303 J_w=0.037049 rel_change=2.919149e-02 | time=0.328s
14:41:29 | INFO | tag=block11.v_proj iter=008 | J=0.424004 J_x=0.068205 J_w=0.035580 rel_change=1.678708e-02 | time=0.329s
14:41:29 | INFO | tag=block11.v_proj iter=009 | J=0.412840 J_x=0.066760 J_w=0.034608 rel_change=1.116392e-02 | time=0.326s
14:41:29 | INFO | tag=block11.v_proj iter=010 | J=0.405413 J_x=0.065653 J_w=0.033976 rel_change=7.427245e-03 | time=0.306s
14:41:30 | INFO | tag=block11.v_proj iter=011 | J=0.399864 J_x=0.064797 J_w=0.033507 rel_change=5.549282e-03 | time=0.311s
14:41:30 | INFO | tag=block11.v_proj iter=012 | J=0.395587 J_x=0.064096 J_w=0.033149 rel_change=4.276931e-03 | time=0.321s
14:41:30 | INFO | tag=block11.v_proj iter=013 | J=0.392058 J_x=0.063511 J_w=0.032855 rel_change=3.528923e-03 | time=0.336s
14:41:31 | INFO | tag=block11.v_proj iter=014 | J=0.389348 J_x=0.063012 J_w=0.032634 rel_change=2.709955e-03 | time=0.319s
14:41:31 | INFO | tag=block11.v_proj iter=015 | J=0.387017 J_x=0.062580 J_w=0.032444 rel_change=2.330989e-03 | time=0.326s
14:41:31 | INFO | tag=block11.v_proj iter=016 | J=0.384848 J_x=0.062199 J_w=0.032265 rel_change=2.168685e-03 | time=0.328s
14:41:32 | INFO | tag=block11.v_proj iter=017 | J=0.382826 J_x=0.061864 J_w=0.032096 rel_change=2.022207e-03 | time=0.333s
14:41:32 | INFO | tag=block11.v_proj iter=018 | J=0.381187 J_x=0.061559 J_w=0.031963 rel_change=1.638740e-03 | time=0.344s
14:41:32 | INFO | tag=block11.v_proj iter=019 | J=0.379667 J_x=0.061281 J_w=0.031839 rel_change=1.520246e-03 | time=0.321s
14:41:33 | INFO | tag=block11.v_proj iter=020 | J=0.378386 J_x=0.061024 J_w=0.031736 rel_change=1.280665e-03 | time=0.358s
14:41:33 | INFO | tag=block11.v_proj iter=021 | J=0.377159 J_x=0.060793 J_w=0.031637 rel_change=1.226991e-03 | time=0.322s
14:41:33 | INFO | tag=block11.v_proj iter=022 | J=0.376084 J_x=0.060578 J_w=0.031551 rel_change=1.074940e-03 | time=0.340s
14:41:34 | INFO | tag=block11.v_proj iter=023 | J=0.375059 J_x=0.060380 J_w=0.031468 rel_change=1.025796e-03 | time=0.319s
14:41:34 | INFO | tag=block11.v_proj iter=024 | J=0.374034 J_x=0.060193 J_w=0.031384 rel_change=1.024425e-03 | time=0.324s
14:41:34 | INFO | tag=block11.v_proj iter=025 | J=0.373156 J_x=0.060024 J_w=0.031313 rel_change=8.786619e-04 | time=0.319s
14:41:35 | INFO | tag=block11.v_proj iter=026 | J=0.372404 J_x=0.059863 J_w=0.031254 rel_change=7.512569e-04 | time=0.320s
14:41:35 | INFO | tag=block11.v_proj iter=027 | J=0.371751 J_x=0.059717 J_w=0.031203 rel_change=6.531179e-04 | time=0.301s
14:41:35 | INFO | tag=block11.v_proj iter=028 | J=0.371108 J_x=0.059585 J_w=0.031152 rel_change=6.431937e-04 | time=0.305s
14:41:36 | INFO | tag=block11.v_proj iter=029 | J=0.370568 J_x=0.059460 J_w=0.031111 rel_change=5.404949e-04 | time=0.301s
14:41:36 | INFO | tag=block11.v_proj iter=030 | J=0.369985 J_x=0.059346 J_w=0.031064 rel_change=5.828738e-04 | time=0.307s
14:41:36 | INFO | tag=block11.v_proj iter=031 | J=0.369474 J_x=0.059239 J_w=0.031024 rel_change=5.101860e-04 | time=0.304s
14:41:36 | INFO | tag=block11.v_proj iter=032 | J=0.369022 J_x=0.059135 J_w=0.030989 rel_change=4.524589e-04 | time=0.313s
14:41:37 | INFO | tag=block11.v_proj iter=033 | J=0.368542 J_x=0.059037 J_w=0.030950 rel_change=4.796088e-04 | time=0.308s
14:41:37 | INFO | tag=block11.v_proj iter=034 | J=0.368058 J_x=0.058945 J_w=0.030911 rel_change=4.847944e-04 | time=0.328s
14:41:37 | INFO | tag=block11.v_proj iter=035 | J=0.367581 J_x=0.058856 J_w=0.030872 rel_change=4.764497e-04 | time=0.337s
14:41:38 | INFO | tag=block11.v_proj iter=036 | J=0.367097 J_x=0.058774 J_w=0.030832 rel_change=4.837513e-04 | time=0.319s
14:41:38 | INFO | tag=block11.v_proj iter=037 | J=0.366693 J_x=0.058694 J_w=0.030800 rel_change=4.048645e-04 | time=0.318s
14:41:38 | INFO | tag=block11.v_proj iter=038 | J=0.366328 J_x=0.058616 J_w=0.030771 rel_change=3.641546e-04 | time=0.316s
14:41:39 | INFO | tag=block11.v_proj iter=039 | J=0.365904 J_x=0.058544 J_w=0.030736 rel_change=4.239082e-04 | time=0.314s
14:41:39 | INFO | tag=block11.v_proj iter=040 | J=0.365520 J_x=0.058476 J_w=0.030704 rel_change=3.846288e-04 | time=0.313s
14:41:39 | INFO | tag=block11.v_proj iter=041 | J=0.365109 J_x=0.058412 J_w=0.030670 rel_change=4.106164e-04 | time=0.319s
14:41:40 | INFO | tag=block11.v_proj iter=042 | J=0.364754 J_x=0.058348 J_w=0.030641 rel_change=3.556609e-04 | time=0.323s
14:41:40 | INFO | tag=block11.v_proj iter=043 | J=0.364413 J_x=0.058287 J_w=0.030613 rel_change=3.407300e-04 | time=0.326s
14:41:40 | INFO | tag=block11.v_proj iter=044 | J=0.364111 J_x=0.058229 J_w=0.030588 rel_change=3.018975e-04 | time=0.320s
14:41:41 | INFO | tag=block11.v_proj iter=045 | J=0.363827 J_x=0.058174 J_w=0.030565 rel_change=2.843142e-04 | time=0.331s
14:41:41 | INFO | tag=block11.v_proj iter=046 | J=0.363542 J_x=0.058123 J_w=0.030542 rel_change=2.845824e-04 | time=0.337s
14:41:41 | INFO | tag=block11.v_proj iter=047 | J=0.363296 J_x=0.058071 J_w=0.030522 rel_change=2.456605e-04 | time=0.306s
14:41:42 | INFO | tag=block11.v_proj iter=048 | J=0.363049 J_x=0.058025 J_w=0.030502 rel_change=2.475679e-04 | time=0.316s
14:41:42 | INFO | tag=block11.v_proj iter=049 | J=0.362826 J_x=0.057981 J_w=0.030485 rel_change=2.226830e-04 | time=0.316s
14:41:42 | INFO | tag=block11.v_proj iter=050 | J=0.362566 J_x=0.057940 J_w=0.030463 rel_change=2.605319e-04 | time=0.320s
14:41:43 | INFO | tag=block11.v_proj iter=051 | J=0.362331 J_x=0.057898 J_w=0.030443 rel_change=2.348423e-04 | time=0.306s
14:41:43 | INFO | tag=block11.v_proj iter=052 | J=0.362073 J_x=0.057859 J_w=0.030421 rel_change=2.581179e-04 | time=0.308s
14:41:43 | INFO | tag=block11.v_proj iter=053 | J=0.361865 J_x=0.057821 J_w=0.030404 rel_change=2.073050e-04 | time=0.301s
14:41:43 | INFO | tag=block11.v_proj iter=054 | J=0.361666 J_x=0.057785 J_w=0.030388 rel_change=1.991987e-04 | time=0.307s
14:41:44 | INFO | tag=block11.v_proj iter=055 | J=0.361452 J_x=0.057752 J_w=0.030370 rel_change=2.144277e-04 | time=0.311s
14:41:44 | INFO | tag=block11.v_proj iter=056 | J=0.361248 J_x=0.057718 J_w=0.030353 rel_change=2.033412e-04 | time=0.307s
14:41:44 | INFO | tag=block11.v_proj iter=057 | J=0.361035 J_x=0.057689 J_w=0.030335 rel_change=2.135336e-04 | time=0.308s
14:41:45 | INFO | tag=block11.v_proj iter=058 | J=0.360832 J_x=0.057660 J_w=0.030317 rel_change=2.023876e-04 | time=0.303s
14:41:45 | INFO | tag=block11.v_proj iter=059 | J=0.360644 J_x=0.057632 J_w=0.030301 rel_change=1.880825e-04 | time=0.305s
14:41:45 | INFO | tag=block11.v_proj iter=060 | J=0.360468 J_x=0.057602 J_w=0.030287 rel_change=1.762509e-04 | time=0.302s
14:41:46 | INFO | tag=block11.v_proj iter=061 | J=0.360320 J_x=0.057573 J_w=0.030275 rel_change=1.481175e-04 | time=0.308s
14:41:46 | INFO | tag=block11.v_proj iter=062 | J=0.360169 J_x=0.057545 J_w=0.030262 rel_change=1.508594e-04 | time=0.306s
14:41:46 | INFO | tag=block11.v_proj iter=063 | J=0.360012 J_x=0.057519 J_w=0.030249 rel_change=1.575351e-04 | time=0.299s
14:41:47 | INFO | tag=block11.v_proj iter=064 | J=0.359855 J_x=0.057493 J_w=0.030236 rel_change=1.561046e-04 | time=0.295s
14:41:47 | INFO | tag=block11.v_proj iter=065 | J=0.359744 J_x=0.057468 J_w=0.030228 rel_change=1.114011e-04 | time=0.298s
14:41:47 | INFO | tag=block11.v_proj iter=066 | J=0.359636 J_x=0.057444 J_w=0.030219 rel_change=1.080334e-04 | time=0.300s
14:41:47 | INFO | tag=block11.v_proj iter=067 | J=0.359521 J_x=0.057422 J_w=0.030210 rel_change=1.151860e-04 | time=0.304s
14:41:48 | INFO | tag=block11.v_proj iter=068 | J=0.359397 J_x=0.057398 J_w=0.030200 rel_change=1.239479e-04 | time=0.305s
14:41:48 | INFO | tag=block11.v_proj iter=069 | J=0.359276 J_x=0.057376 J_w=0.030190 rel_change=1.208186e-04 | time=0.311s
14:41:48 | INFO | tag=block11.v_proj iter=070 | J=0.359140 J_x=0.057355 J_w=0.030179 rel_change=1.358092e-04 | time=0.308s
14:41:49 | INFO | tag=block11.v_proj iter=071 | J=0.359029 J_x=0.057333 J_w=0.030170 rel_change=1.110733e-04 | time=0.304s
14:41:49 | INFO | tag=block11.v_proj iter=072 | J=0.358914 J_x=0.057314 J_w=0.030160 rel_change=1.148880e-04 | time=0.300s
14:41:49 | INFO | tag=block11.v_proj iter=073 | J=0.358779 J_x=0.057295 J_w=0.030148 rel_change=1.355112e-04 | time=0.305s
14:41:50 | INFO | tag=block11.v_proj iter=074 | J=0.358644 J_x=0.057276 J_w=0.030137 rel_change=1.349747e-04 | time=0.301s
14:41:50 | INFO | tag=block11.v_proj iter=075 | J=0.358541 J_x=0.057257 J_w=0.030128 rel_change=1.029968e-04 | time=0.309s
14:41:50 | INFO | tag=block11.v_proj iter=076 | J=0.358458 J_x=0.057239 J_w=0.030122 rel_change=8.296967e-05 | time=0.304s
14:41:50 | INFO | tag=block11.v_proj iter=077 | J=0.358371 J_x=0.057221 J_w=0.030115 rel_change=8.702278e-05 | time=0.306s
14:41:51 | INFO | tag=block11.v_proj iter=078 | J=0.358271 J_x=0.057204 J_w=0.030107 rel_change=9.959936e-05 | time=0.303s
14:41:51 | INFO | tag=block11.v_proj iter=079 | J=0.358208 J_x=0.057188 J_w=0.030102 rel_change=6.285310e-05 | time=0.306s
14:41:51 | INFO | tag=block11.v_proj iter=080 | J=0.358144 J_x=0.057174 J_w=0.030097 rel_change=6.407499e-05 | time=0.305s
14:41:51 | INFO | 量化器拟合完成 | tag=block11.v_proj convergence_iter=80 total_fit_time=25.206s
14:41:51 | INFO | 开始计算重建/近似误差 | layer=block11.v_proj error_mode=relative
14:41:52 | INFO | 误差计算完成 | layer=block11.v_proj err_x=0.057312 err_w=0.031271 rel_linear_error=0.112016 elapsed=0.187s
14:41:54 | INFO | block11.out_proj.X_calib stats | shape=[768, 4096] dtype=torch.float16 device=cpu mean=-0.000149 std=0.126649 min=-1.580078 max=1.531250 fro=224.591049
14:41:54 | INFO | block11.out_proj.W stats | shape=[768, 768] dtype=torch.float32 device=cpu mean=-0.000020 std=0.031479 min=-0.875977 max=0.894043 fro=24.176212
14:41:54 | INFO | 开始拟合量化器 | tag=block11.out_proj d=768 N=4096 M=768 beta=10.0000 max_iters=80 tol=1.00e-05 init_mode=pca error_mode=relative
14:41:54 | INFO | tag=block11.out_proj iter=001 | J=10.351265 J_x=0.374615 J_w=0.997665 rel_change=inf | time=0.257s
14:41:55 | INFO | tag=block11.out_proj iter=002 | J=2.571868 J_x=0.280384 J_w=0.229148 rel_change=7.515407e-01 | time=0.310s
14:41:55 | INFO | tag=block11.out_proj iter=003 | J=1.082972 J_x=0.204289 J_w=0.087868 rel_change=5.789162e-01 | time=0.308s
14:41:55 | INFO | tag=block11.out_proj iter=004 | J=0.655281 J_x=0.168498 J_w=0.048678 rel_change=3.949238e-01 | time=0.307s
14:41:56 | INFO | tag=block11.out_proj iter=005 | J=0.530546 J_x=0.148050 J_w=0.038250 rel_change=1.247350e-01 | time=0.304s
14:41:56 | INFO | tag=block11.out_proj iter=006 | J=0.477845 J_x=0.135837 J_w=0.034201 rel_change=5.270013e-02 | time=0.304s
14:41:56 | INFO | tag=block11.out_proj iter=007 | J=0.449760 J_x=0.127855 J_w=0.032191 rel_change=2.808508e-02 | time=0.303s
14:41:57 | INFO | tag=block11.out_proj iter=008 | J=0.431996 J_x=0.122124 J_w=0.030987 rel_change=1.776445e-02 | time=0.304s
14:41:57 | INFO | tag=block11.out_proj iter=009 | J=0.419585 J_x=0.117888 J_w=0.030170 rel_change=1.241052e-02 | time=0.308s
14:41:57 | INFO | tag=block11.out_proj iter=010 | J=0.409850 J_x=0.114636 J_w=0.029521 rel_change=9.735167e-03 | time=0.299s
14:41:57 | INFO | tag=block11.out_proj iter=011 | J=0.402375 J_x=0.112008 J_w=0.029037 rel_change=7.475585e-03 | time=0.299s
14:41:58 | INFO | tag=block11.out_proj iter=012 | J=0.396420 J_x=0.109859 J_w=0.028656 rel_change=5.955040e-03 | time=0.305s
14:41:58 | INFO | tag=block11.out_proj iter=013 | J=0.391523 J_x=0.108027 J_w=0.028350 rel_change=4.896402e-03 | time=0.306s
14:41:58 | INFO | tag=block11.out_proj iter=014 | J=0.387432 J_x=0.106486 J_w=0.028095 rel_change=4.091561e-03 | time=0.321s
14:41:59 | INFO | tag=block11.out_proj iter=015 | J=0.383591 J_x=0.105126 J_w=0.027847 rel_change=3.840953e-03 | time=0.315s
14:41:59 | INFO | tag=block11.out_proj iter=016 | J=0.380502 J_x=0.103894 J_w=0.027661 rel_change=3.088534e-03 | time=0.322s
14:41:59 | INFO | tag=block11.out_proj iter=017 | J=0.377872 J_x=0.102813 J_w=0.027506 rel_change=2.630085e-03 | time=0.318s
14:42:00 | INFO | tag=block11.out_proj iter=018 | J=0.375350 J_x=0.101840 J_w=0.027351 rel_change=2.521545e-03 | time=0.322s
14:42:00 | INFO | tag=block11.out_proj iter=019 | J=0.373222 J_x=0.100964 J_w=0.027226 rel_change=2.128035e-03 | time=0.308s
14:42:00 | INFO | tag=block11.out_proj iter=020 | J=0.371313 J_x=0.100221 J_w=0.027109 rel_change=1.909405e-03 | time=0.303s
14:42:01 | INFO | tag=block11.out_proj iter=021 | J=0.369740 J_x=0.099565 J_w=0.027017 rel_change=1.573056e-03 | time=0.302s
14:42:01 | INFO | tag=block11.out_proj iter=022 | J=0.368315 J_x=0.098990 J_w=0.026933 rel_change=1.424521e-03 | time=0.300s
14:42:01 | INFO | tag=block11.out_proj iter=023 | J=0.366963 J_x=0.098485 J_w=0.026848 rel_change=1.352608e-03 | time=0.299s
14:42:02 | INFO | tag=block11.out_proj iter=024 | J=0.365713 J_x=0.098022 J_w=0.026769 rel_change=1.250267e-03 | time=0.303s
14:42:02 | INFO | tag=block11.out_proj iter=025 | J=0.364614 J_x=0.097605 J_w=0.026701 rel_change=1.098216e-03 | time=0.304s
14:42:02 | INFO | tag=block11.out_proj iter=026 | J=0.363622 J_x=0.097230 J_w=0.026639 rel_change=9.923577e-04 | time=0.304s
14:42:02 | INFO | tag=block11.out_proj iter=027 | J=0.362691 J_x=0.096885 J_w=0.026581 rel_change=9.308755e-04 | time=0.307s
14:42:03 | INFO | tag=block11.out_proj iter=028 | J=0.361863 J_x=0.096565 J_w=0.026530 rel_change=8.282959e-04 | time=0.312s
14:42:03 | INFO | tag=block11.out_proj iter=029 | J=0.361074 J_x=0.096262 J_w=0.026481 rel_change=7.885695e-04 | time=0.304s
14:42:03 | INFO | tag=block11.out_proj iter=030 | J=0.360382 J_x=0.095983 J_w=0.026440 rel_change=6.924272e-04 | time=0.302s
14:42:04 | INFO | tag=block11.out_proj iter=031 | J=0.359647 J_x=0.095726 J_w=0.026392 rel_change=7.348955e-04 | time=0.303s
14:42:04 | INFO | tag=block11.out_proj iter=032 | J=0.359007 J_x=0.095473 J_w=0.026353 rel_change=6.399155e-04 | time=0.302s
14:42:04 | INFO | tag=block11.out_proj iter=033 | J=0.358495 J_x=0.095229 J_w=0.026327 rel_change=5.120933e-04 | time=0.309s
14:42:05 | INFO | tag=block11.out_proj iter=034 | J=0.357795 J_x=0.094998 J_w=0.026280 rel_change=7.000864e-04 | time=0.307s
14:42:05 | INFO | tag=block11.out_proj iter=035 | J=0.357174 J_x=0.094781 J_w=0.026239 rel_change=6.207824e-04 | time=0.303s
14:42:05 | INFO | tag=block11.out_proj iter=036 | J=0.356542 J_x=0.094579 J_w=0.026196 rel_change=6.320775e-04 | time=0.309s
14:42:06 | INFO | tag=block11.out_proj iter=037 | J=0.356049 J_x=0.094378 J_w=0.026167 rel_change=4.926026e-04 | time=0.309s
14:42:06 | INFO | tag=block11.out_proj iter=038 | J=0.355545 J_x=0.094185 J_w=0.026136 rel_change=5.048215e-04 | time=0.301s
14:42:06 | INFO | tag=block11.out_proj iter=039 | J=0.354996 J_x=0.093992 J_w=0.026100 rel_change=5.485117e-04 | time=0.306s
14:42:06 | INFO | tag=block11.out_proj iter=040 | J=0.354489 J_x=0.093800 J_w=0.026069 rel_change=5.069375e-04 | time=0.304s
14:42:07 | INFO | tag=block11.out_proj iter=041 | J=0.354008 J_x=0.093620 J_w=0.026039 rel_change=4.808605e-04 | time=0.302s
14:42:07 | INFO | tag=block11.out_proj iter=042 | J=0.353581 J_x=0.093460 J_w=0.026012 rel_change=4.271269e-04 | time=0.311s
14:42:07 | INFO | tag=block11.out_proj iter=043 | J=0.353119 J_x=0.093320 J_w=0.025980 rel_change=4.621446e-04 | time=0.316s
14:42:08 | INFO | tag=block11.out_proj iter=044 | J=0.352688 J_x=0.093186 J_w=0.025950 rel_change=4.312694e-04 | time=0.312s
14:42:08 | INFO | tag=block11.out_proj iter=045 | J=0.352199 J_x=0.093067 J_w=0.025913 rel_change=4.887581e-04 | time=0.324s
14:42:08 | INFO | tag=block11.out_proj iter=046 | J=0.351718 J_x=0.092944 J_w=0.025877 rel_change=4.814565e-04 | time=0.315s
14:42:09 | INFO | tag=block11.out_proj iter=047 | J=0.351284 J_x=0.092827 J_w=0.025846 rel_change=4.331172e-04 | time=0.311s
14:42:09 | INFO | tag=block11.out_proj iter=048 | J=0.350882 J_x=0.092711 J_w=0.025817 rel_change=4.028678e-04 | time=0.304s
14:42:09 | INFO | tag=block11.out_proj iter=049 | J=0.350440 J_x=0.092605 J_w=0.025783 rel_change=4.410446e-04 | time=0.305s
14:42:10 | INFO | tag=block11.out_proj iter=050 | J=0.349972 J_x=0.092505 J_w=0.025747 rel_change=4.685521e-04 | time=0.302s
14:42:10 | INFO | tag=block11.out_proj iter=051 | J=0.349524 J_x=0.092409 J_w=0.025711 rel_change=4.480183e-04 | time=0.302s
14:42:10 | INFO | tag=block11.out_proj iter=052 | J=0.349120 J_x=0.092315 J_w=0.025681 rel_change=4.035830e-04 | time=0.307s
14:42:10 | INFO | tag=block11.out_proj iter=053 | J=0.348705 J_x=0.092226 J_w=0.025648 rel_change=4.148781e-04 | time=0.307s
14:42:11 | INFO | tag=block11.out_proj iter=054 | J=0.348273 J_x=0.092148 J_w=0.025612 rel_change=4.327893e-04 | time=0.302s
14:42:11 | INFO | tag=block11.out_proj iter=055 | J=0.347836 J_x=0.092072 J_w=0.025576 rel_change=4.366636e-04 | time=0.295s
14:42:11 | INFO | tag=block11.out_proj iter=056 | J=0.347465 J_x=0.091998 J_w=0.025547 rel_change=3.711283e-04 | time=0.301s
14:42:12 | INFO | tag=block11.out_proj iter=057 | J=0.347034 J_x=0.091922 J_w=0.025511 rel_change=4.310012e-04 | time=0.306s
14:42:12 | INFO | tag=block11.out_proj iter=058 | J=0.346634 J_x=0.091848 J_w=0.025479 rel_change=3.994405e-04 | time=0.299s
14:42:12 | INFO | tag=block11.out_proj iter=059 | J=0.346302 J_x=0.091777 J_w=0.025453 rel_change=3.319681e-04 | time=0.304s
14:42:13 | INFO | tag=block11.out_proj iter=060 | J=0.345977 J_x=0.091711 J_w=0.025427 rel_change=3.249645e-04 | time=0.300s
14:42:13 | INFO | tag=block11.out_proj iter=061 | J=0.345659 J_x=0.091642 J_w=0.025402 rel_change=3.182292e-04 | time=0.299s
14:42:13 | INFO | tag=block11.out_proj iter=062 | J=0.345344 J_x=0.091574 J_w=0.025377 rel_change=3.151000e-04 | time=0.295s
14:42:13 | INFO | tag=block11.out_proj iter=063 | J=0.345088 J_x=0.091507 J_w=0.025358 rel_change=2.558827e-04 | time=0.304s
14:42:14 | INFO | tag=block11.out_proj iter=064 | J=0.344819 J_x=0.091447 J_w=0.025337 rel_change=2.694726e-04 | time=0.303s
14:42:14 | INFO | tag=block11.out_proj iter=065 | J=0.344547 J_x=0.091389 J_w=0.025316 rel_change=2.719164e-04 | time=0.307s
14:42:14 | INFO | tag=block11.out_proj iter=066 | J=0.344315 J_x=0.091329 J_w=0.025299 rel_change=2.320707e-04 | time=0.274s
14:42:15 | INFO | tag=block11.out_proj iter=067 | J=0.344115 J_x=0.091274 J_w=0.025284 rel_change=2.001524e-04 | time=0.170s
14:42:15 | INFO | tag=block11.out_proj iter=068 | J=0.343910 J_x=0.091220 J_w=0.025269 rel_change=2.047718e-04 | time=0.163s
14:42:15 | INFO | tag=block11.out_proj iter=069 | J=0.343733 J_x=0.091160 J_w=0.025257 rel_change=1.767278e-04 | time=0.200s
14:42:15 | INFO | tag=block11.out_proj iter=070 | J=0.343516 J_x=0.091093 J_w=0.025242 rel_change=2.171993e-04 | time=0.310s
14:42:16 | INFO | tag=block11.out_proj iter=071 | J=0.343325 J_x=0.091022 J_w=0.025230 rel_change=1.911223e-04 | time=0.316s
14:42:16 | INFO | tag=block11.out_proj iter=072 | J=0.343157 J_x=0.090962 J_w=0.025219 rel_change=1.681149e-04 | time=0.306s
14:42:16 | INFO | tag=block11.out_proj iter=073 | J=0.343020 J_x=0.090910 J_w=0.025211 rel_change=1.370311e-04 | time=0.308s
14:42:16 | INFO | tag=block11.out_proj iter=074 | J=0.342866 J_x=0.090865 J_w=0.025200 rel_change=1.538396e-04 | time=0.322s
14:42:17 | INFO | tag=block11.out_proj iter=075 | J=0.342720 J_x=0.090822 J_w=0.025190 rel_change=1.462698e-04 | time=0.320s
14:42:17 | INFO | tag=block11.out_proj iter=076 | J=0.342579 J_x=0.090782 J_w=0.025180 rel_change=1.408756e-04 | time=0.317s
14:42:17 | INFO | tag=block11.out_proj iter=077 | J=0.342437 J_x=0.090738 J_w=0.025170 rel_change=1.421273e-04 | time=0.305s
14:42:18 | INFO | tag=block11.out_proj iter=078 | J=0.342303 J_x=0.090693 J_w=0.025161 rel_change=1.338422e-04 | time=0.309s
14:42:18 | INFO | tag=block11.out_proj iter=079 | J=0.342187 J_x=0.090652 J_w=0.025153 rel_change=1.160204e-04 | time=0.307s
14:42:18 | INFO | tag=block11.out_proj iter=080 | J=0.342047 J_x=0.090615 J_w=0.025143 rel_change=1.392663e-04 | time=0.324s
14:42:18 | INFO | 量化器拟合完成 | tag=block11.out_proj convergence_iter=80 total_fit_time=24.215s
14:42:18 | INFO | 开始计算重建/近似误差 | layer=block11.out_proj error_mode=relative
14:42:19 | INFO | 误差计算完成 | layer=block11.out_proj err_x=0.069934 err_w=0.032593 rel_linear_error=0.168608 elapsed=0.200s
14:42:21 | INFO | 扩展量化模块构建完成。
14:42:21 | INFO | 开始 PPL 评测 | tag=ours_all_blocks_qkvo stride=512 max_eval_tokens=None
14:42:45 | INFO | PPL 评测完成 | tag=ours_all_blocks_qkvo ppl=24.896471 eval_tokens=286178 target_tokens=286178 windows=556 elapsed=23.600s
14:42:49 | INFO | ========== Sweep 单次实验结束 ==========
