14:31:57 | INFO | ========== Sweep 单次实验开始 ==========
14:31:57 | INFO | combo = {
  "target.block_indices": [
    11
  ],
  "quant.beta": 5.0,
  "quant_ext.init_mode": "random",
  "quant_ext.error_mode": "relative"
}
14:31:57 | INFO | config = {
  "data": {
    "model_name": "facebook/opt-125m",
    "dataset_name": "wikitext",
    "dataset_config": "wikitext-2-raw-v1",
    "calib_split": "train",
    "eval_split": "test",
    "calib_num_tokens": 4096,
    "eval_num_tokens": null,
    "tokenizer_use_fast": true
  },
  "quant": {
    "beta": 5.0,
    "max_iters": 80,
    "tol": 1e-05,
    "convergence_check_every": 1,
    "codebook": [
      -2.0,
      -1.0,
      0.0,
      1.0,
      2.0
    ],
    "dtype": "float32",
    "eps": 1e-08,
    "log_every": 1,
    "init_mode": "random",
    "error_mode": "relative",
    "track_u": true,
    "track_u_every": 1,
    "track_u_full_matrix": false,
    "random_init_orthogonal": true,
    "random_init_scale": 1.0
  },
  "eval": {
    "stride": 512,
    "device": "cuda"
  },
  "target": {
    "block_indices": [
      11
    ],
    "target_linear_names": [
      "q_proj",
      "k_proj",
      "v_proj",
      "out_proj"
    ]
  },
  "output_dir": "outputs_opt_qkvo_general_sweep_u_tracking\\t_block_indices_11-__q_beta_5__init_mode_random__error_mode_relative",
  "seed": 42
}
14:31:57 | INFO | 加载模型与 tokenizer：facebook/opt-125m
14:33:02 | INFO | 模型加载完成 | hidden_size=768 vocab_size=50272 device=cuda elapsed=64.858s
14:33:02 | INFO | 加载数据集 split=train
14:33:51 | INFO | split=train 加载完成 | non-empty text blocks=23767 chars=10940522 elapsed=48.629s
14:33:51 | INFO | 加载数据集 split=test
14:34:20 | INFO | split=test 加载完成 | non-empty text blocks=2891 chars=1291402 elapsed=29.192s
14:34:20 | INFO | 开始 PPL 评测 | tag=baseline_fp stride=512 max_eval_tokens=None
14:34:41 | INFO | PPL 评测完成 | tag=baseline_fp ppl=23.500643 eval_tokens=286178 target_tokens=286178 windows=556 elapsed=21.610s
14:35:00 | INFO | 开始收集目标线性层输入 hidden states | requested_tokens=4096 layers=['block11.q_proj', 'block11.k_proj', 'block11.v_proj', 'block11.out_proj']
14:35:00 | INFO | 输入收集完成 | layer=block11.q_proj collected_tokens=4096 forward_chunks=2 elapsed=0.445s X_shape=[768, 4096]
14:35:00 | INFO | 输入收集完成 | layer=block11.k_proj collected_tokens=4096 forward_chunks=2 elapsed=0.445s X_shape=[768, 4096]
14:35:00 | INFO | 输入收集完成 | layer=block11.v_proj collected_tokens=4096 forward_chunks=2 elapsed=0.445s X_shape=[768, 4096]
14:35:00 | INFO | 输入收集完成 | layer=block11.out_proj collected_tokens=4096 forward_chunks=2 elapsed=0.445s X_shape=[768, 4096]
14:35:00 | INFO | 开始为所有目标 transformer blocks 的 Q/K/V/O 线性层构建 SQ-XW 对照组。
14:35:00 | INFO | 开始计算 SQ-XW 对照组误差 | layer=block11.q_proj
14:35:00 | INFO | SQ-XW 误差计算完成 | layer=block11.q_proj rel_recon_error_x=0.934975 rel_recon_error_w=0.137037 rel_linear_error=0.841778 elapsed=0.055s
14:35:00 | INFO | SQ-XW 对照组构建完成 | layer=block11.q_proj bits=3 x_scale=3.78571439 w_scale=0.07163783
14:35:00 | INFO | 开始计算 SQ-XW 对照组误差 | layer=block11.k_proj
14:35:01 | INFO | SQ-XW 误差计算完成 | layer=block11.k_proj rel_recon_error_x=0.934975 rel_recon_error_w=0.159061 rel_linear_error=0.758373 elapsed=0.066s
14:35:01 | INFO | SQ-XW 对照组构建完成 | layer=block11.k_proj bits=3 x_scale=3.78571439 w_scale=0.07533482
14:35:01 | INFO | 开始计算 SQ-XW 对照组误差 | layer=block11.v_proj
14:35:01 | INFO | SQ-XW 误差计算完成 | layer=block11.v_proj rel_recon_error_x=0.934975 rel_recon_error_w=0.440576 rel_linear_error=1.034687 elapsed=0.060s
14:35:01 | INFO | SQ-XW 对照组构建完成 | layer=block11.v_proj bits=3 x_scale=3.78571439 w_scale=0.07139369
14:35:01 | INFO | 开始计算 SQ-XW 对照组误差 | layer=block11.out_proj
14:35:01 | INFO | SQ-XW 误差计算完成 | layer=block11.out_proj rel_recon_error_x=0.192631 rel_recon_error_w=0.744155 rel_linear_error=0.829729 elapsed=0.056s
14:35:01 | INFO | SQ-XW 对照组构建完成 | layer=block11.out_proj bits=3 x_scale=0.22572544 w_scale=0.12772043
14:35:01 | INFO | 开始 PPL 评测 | tag=sq_all_blocks_qkvo stride=512 max_eval_tokens=None
14:35:25 | INFO | PPL 评测完成 | tag=sq_all_blocks_qkvo ppl=27.267649 eval_tokens=286178 target_tokens=286178 windows=556 elapsed=24.795s
14:35:25 | INFO | 开始为目标层构建扩展量化器。
14:35:26 | INFO | block11.q_proj.X_calib stats | shape=[768, 4096] dtype=torch.float16 device=cpu mean=-0.037015 std=0.557564 min=-26.500000 max=5.378906 fro=991.028625
14:35:26 | INFO | block11.q_proj.W stats | shape=[768, 768] dtype=torch.float32 device=cpu mean=-0.000252 std=0.055656 min=-0.487549 max=0.501465 fro=42.744507
14:35:26 | INFO | 开始拟合量化器 | tag=block11.q_proj d=768 N=4096 M=768 beta=5.0000 max_iters=80 tol=1.00e-05 init_mode=random error_mode=relative
14:35:26 | INFO | tag=block11.q_proj iter=001 | J=5.187294 J_x=0.187294 J_w=1.000000 rel_change=inf | time=0.286s
14:35:26 | INFO | tag=block11.q_proj iter=002 | J=1.456496 J_x=0.155361 J_w=0.260227 rel_change=7.192184e-01 | time=0.298s
14:35:26 | INFO | tag=block11.q_proj iter=003 | J=0.597293 J_x=0.116101 J_w=0.096239 rel_change=5.899108e-01 | time=0.297s
14:35:27 | INFO | tag=block11.q_proj iter=004 | J=0.376443 J_x=0.097390 J_w=0.055811 rel_change=2.208503e-01 | time=0.302s
14:35:27 | INFO | tag=block11.q_proj iter=005 | J=0.299666 J_x=0.085683 J_w=0.042797 rel_change=7.677680e-02 | time=0.298s
14:35:27 | INFO | tag=block11.q_proj iter=006 | J=0.264573 J_x=0.078436 J_w=0.037227 rel_change=3.509349e-02 | time=0.300s
14:35:28 | INFO | tag=block11.q_proj iter=007 | J=0.245086 J_x=0.073836 J_w=0.034250 rel_change=1.948702e-02 | time=0.299s
14:35:28 | INFO | tag=block11.q_proj iter=008 | J=0.232900 J_x=0.070717 J_w=0.032437 rel_change=1.218545e-02 | time=0.304s
14:35:28 | INFO | tag=block11.q_proj iter=009 | J=0.224696 J_x=0.068521 J_w=0.031235 rel_change=8.204803e-03 | time=0.295s
14:35:29 | INFO | tag=block11.q_proj iter=010 | J=0.218630 J_x=0.066907 J_w=0.030345 rel_change=6.065160e-03 | time=0.291s
14:35:29 | INFO | tag=block11.q_proj iter=011 | J=0.214005 J_x=0.065666 J_w=0.029668 rel_change=4.625157e-03 | time=0.286s
14:35:29 | INFO | tag=block11.q_proj iter=012 | J=0.210365 J_x=0.064686 J_w=0.029136 rel_change=3.640383e-03 | time=0.312s
14:35:29 | INFO | tag=block11.q_proj iter=013 | J=0.207505 J_x=0.063891 J_w=0.028723 rel_change=2.859622e-03 | time=0.311s
14:35:30 | INFO | tag=block11.q_proj iter=014 | J=0.205162 J_x=0.063234 J_w=0.028386 rel_change=2.343148e-03 | time=0.294s
14:35:30 | INFO | tag=block11.q_proj iter=015 | J=0.203215 J_x=0.062685 J_w=0.028106 rel_change=1.946688e-03 | time=0.300s
14:35:30 | INFO | tag=block11.q_proj iter=016 | J=0.201514 J_x=0.062216 J_w=0.027860 rel_change=1.701057e-03 | time=0.298s
14:35:31 | INFO | tag=block11.q_proj iter=017 | J=0.200050 J_x=0.061811 J_w=0.027648 rel_change=1.464203e-03 | time=0.309s
14:35:31 | INFO | tag=block11.q_proj iter=018 | J=0.198789 J_x=0.061466 J_w=0.027465 rel_change=1.260802e-03 | time=0.312s
14:35:31 | INFO | tag=block11.q_proj iter=019 | J=0.197699 J_x=0.061165 J_w=0.027307 rel_change=1.089975e-03 | time=0.309s
14:35:32 | INFO | tag=block11.q_proj iter=020 | J=0.196729 J_x=0.060903 J_w=0.027165 rel_change=9.699017e-04 | time=0.304s
14:35:32 | INFO | tag=block11.q_proj iter=021 | J=0.195861 J_x=0.060669 J_w=0.027038 rel_change=8.687973e-04 | time=0.305s
14:35:32 | INFO | tag=block11.q_proj iter=022 | J=0.195075 J_x=0.060462 J_w=0.026923 rel_change=7.860959e-04 | time=0.299s
14:35:32 | INFO | tag=block11.q_proj iter=023 | J=0.194389 J_x=0.060277 J_w=0.026822 rel_change=6.853640e-04 | time=0.308s
14:35:33 | INFO | tag=block11.q_proj iter=024 | J=0.193748 J_x=0.060109 J_w=0.026728 rel_change=6.408691e-04 | time=0.304s
14:35:33 | INFO | tag=block11.q_proj iter=025 | J=0.193190 J_x=0.059953 J_w=0.026647 rel_change=5.588084e-04 | time=0.304s
14:35:33 | INFO | tag=block11.q_proj iter=026 | J=0.192657 J_x=0.059811 J_w=0.026569 rel_change=5.327910e-04 | time=0.301s
14:35:34 | INFO | tag=block11.q_proj iter=027 | J=0.192158 J_x=0.059683 J_w=0.026495 rel_change=4.991591e-04 | time=0.298s
14:35:34 | INFO | tag=block11.q_proj iter=028 | J=0.191727 J_x=0.059563 J_w=0.026433 rel_change=4.307777e-04 | time=0.312s
14:35:34 | INFO | tag=block11.q_proj iter=029 | J=0.191349 J_x=0.059451 J_w=0.026380 rel_change=3.781170e-04 | time=0.298s
14:35:35 | INFO | tag=block11.q_proj iter=030 | J=0.190983 J_x=0.059351 J_w=0.026326 rel_change=3.659427e-04 | time=0.298s
14:35:35 | INFO | tag=block11.q_proj iter=031 | J=0.190688 J_x=0.059260 J_w=0.026286 rel_change=2.949834e-04 | time=0.301s
14:35:35 | INFO | tag=block11.q_proj iter=032 | J=0.190397 J_x=0.059175 J_w=0.026244 rel_change=2.908409e-04 | time=0.308s
14:35:36 | INFO | tag=block11.q_proj iter=033 | J=0.190108 J_x=0.059101 J_w=0.026201 rel_change=2.893060e-04 | time=0.315s
14:35:36 | INFO | tag=block11.q_proj iter=034 | J=0.189838 J_x=0.059030 J_w=0.026162 rel_change=2.700388e-04 | time=0.306s
14:35:36 | INFO | tag=block11.q_proj iter=035 | J=0.189624 J_x=0.058961 J_w=0.026132 rel_change=2.138466e-04 | time=0.302s
14:35:36 | INFO | tag=block11.q_proj iter=036 | J=0.189406 J_x=0.058898 J_w=0.026101 rel_change=2.177954e-04 | time=0.301s
14:35:37 | INFO | tag=block11.q_proj iter=037 | J=0.189207 J_x=0.058841 J_w=0.026073 rel_change=1.990497e-04 | time=0.298s
14:35:37 | INFO | tag=block11.q_proj iter=038 | J=0.189017 J_x=0.058785 J_w=0.026046 rel_change=1.900941e-04 | time=0.299s
14:35:37 | INFO | tag=block11.q_proj iter=039 | J=0.188832 J_x=0.058732 J_w=0.026020 rel_change=1.847595e-04 | time=0.311s
14:35:38 | INFO | tag=block11.q_proj iter=040 | J=0.188652 J_x=0.058681 J_w=0.025994 rel_change=1.795590e-04 | time=0.301s
14:35:38 | INFO | tag=block11.q_proj iter=041 | J=0.188480 J_x=0.058635 J_w=0.025969 rel_change=1.723766e-04 | time=0.293s
14:35:38 | INFO | tag=block11.q_proj iter=042 | J=0.188314 J_x=0.058593 J_w=0.025944 rel_change=1.661777e-04 | time=0.300s
14:35:39 | INFO | tag=block11.q_proj iter=043 | J=0.188144 J_x=0.058553 J_w=0.025918 rel_change=1.702309e-04 | time=0.301s
14:35:39 | INFO | tag=block11.q_proj iter=044 | J=0.187982 J_x=0.058514 J_w=0.025894 rel_change=1.618713e-04 | time=0.297s
14:35:39 | INFO | tag=block11.q_proj iter=045 | J=0.187845 J_x=0.058475 J_w=0.025874 rel_change=1.372844e-04 | time=0.292s
14:35:39 | INFO | tag=block11.q_proj iter=046 | J=0.187705 J_x=0.058441 J_w=0.025853 rel_change=1.390576e-04 | time=0.296s
14:35:40 | INFO | tag=block11.q_proj iter=047 | J=0.187587 J_x=0.058406 J_w=0.025836 rel_change=1.181811e-04 | time=0.296s
14:35:40 | INFO | tag=block11.q_proj iter=048 | J=0.187465 J_x=0.058374 J_w=0.025818 rel_change=1.220256e-04 | time=0.303s
14:35:40 | INFO | tag=block11.q_proj iter=049 | J=0.187370 J_x=0.058343 J_w=0.025806 rel_change=9.480119e-05 | time=0.295s
14:35:41 | INFO | tag=block11.q_proj iter=050 | J=0.187272 J_x=0.058315 J_w=0.025791 rel_change=9.883940e-05 | time=0.304s
14:35:41 | INFO | tag=block11.q_proj iter=051 | J=0.187163 J_x=0.058289 J_w=0.025775 rel_change=1.083761e-04 | time=0.297s
14:35:41 | INFO | tag=block11.q_proj iter=052 | J=0.187048 J_x=0.058263 J_w=0.025757 rel_change=1.150072e-04 | time=0.292s
14:35:41 | INFO | tag=block11.q_proj iter=053 | J=0.186943 J_x=0.058235 J_w=0.025741 rel_change=1.057535e-04 | time=0.296s
14:35:42 | INFO | tag=block11.q_proj iter=054 | J=0.186851 J_x=0.058208 J_w=0.025728 rel_change=9.158254e-05 | time=0.305s
14:35:42 | INFO | tag=block11.q_proj iter=055 | J=0.186748 J_x=0.058185 J_w=0.025713 rel_change=1.025051e-04 | time=0.303s
14:35:42 | INFO | tag=block11.q_proj iter=056 | J=0.186661 J_x=0.058163 J_w=0.025700 rel_change=8.739531e-05 | time=0.310s
14:35:43 | INFO | tag=block11.q_proj iter=057 | J=0.186569 J_x=0.058141 J_w=0.025686 rel_change=9.205937e-05 | time=0.310s
14:35:43 | INFO | tag=block11.q_proj iter=058 | J=0.186491 J_x=0.058120 J_w=0.025674 rel_change=7.838011e-05 | time=0.306s
14:35:43 | INFO | tag=block11.q_proj iter=059 | J=0.186397 J_x=0.058100 J_w=0.025659 rel_change=9.347498e-05 | time=0.315s
14:35:44 | INFO | tag=block11.q_proj iter=060 | J=0.186325 J_x=0.058080 J_w=0.025649 rel_change=7.204711e-05 | time=0.296s
14:35:44 | INFO | tag=block11.q_proj iter=061 | J=0.186248 J_x=0.058063 J_w=0.025637 rel_change=7.753074e-05 | time=0.293s
14:35:44 | INFO | tag=block11.q_proj iter=062 | J=0.186174 J_x=0.058044 J_w=0.025626 rel_change=7.332861e-05 | time=0.305s
14:35:45 | INFO | tag=block11.q_proj iter=063 | J=0.186116 J_x=0.058026 J_w=0.025618 rel_change=5.847216e-05 | time=0.303s
14:35:45 | INFO | tag=block11.q_proj iter=064 | J=0.186043 J_x=0.058009 J_w=0.025607 rel_change=7.276237e-05 | time=0.308s
14:35:45 | INFO | tag=block11.q_proj iter=065 | J=0.185978 J_x=0.057992 J_w=0.025597 rel_change=6.464124e-05 | time=0.317s
14:35:45 | INFO | tag=block11.q_proj iter=066 | J=0.185904 J_x=0.057977 J_w=0.025585 rel_change=7.435679e-05 | time=0.311s
14:35:46 | INFO | tag=block11.q_proj iter=067 | J=0.185852 J_x=0.057959 J_w=0.025579 rel_change=5.161762e-05 | time=0.325s
14:35:46 | INFO | tag=block11.q_proj iter=068 | J=0.185802 J_x=0.057944 J_w=0.025572 rel_change=4.993379e-05 | time=0.299s
14:35:46 | INFO | tag=block11.q_proj iter=069 | J=0.185757 J_x=0.057930 J_w=0.025565 rel_change=4.576147e-05 | time=0.298s
14:35:47 | INFO | tag=block11.q_proj iter=070 | J=0.185707 J_x=0.057917 J_w=0.025558 rel_change=4.971027e-05 | time=0.312s
14:35:47 | INFO | tag=block11.q_proj iter=071 | J=0.185664 J_x=0.057902 J_w=0.025552 rel_change=4.258752e-05 | time=0.309s
14:35:47 | INFO | tag=block11.q_proj iter=072 | J=0.185614 J_x=0.057890 J_w=0.025545 rel_change=5.000830e-05 | time=0.319s
14:35:48 | INFO | tag=block11.q_proj iter=073 | J=0.185567 J_x=0.057876 J_w=0.025538 rel_change=4.738569e-05 | time=0.312s
14:35:48 | INFO | tag=block11.q_proj iter=074 | J=0.185520 J_x=0.057862 J_w=0.025531 rel_change=4.708767e-05 | time=0.312s
14:35:48 | INFO | tag=block11.q_proj iter=075 | J=0.185478 J_x=0.057848 J_w=0.025526 rel_change=4.169345e-05 | time=0.304s
14:35:49 | INFO | tag=block11.q_proj iter=076 | J=0.185436 J_x=0.057835 J_w=0.025520 rel_change=4.175305e-05 | time=0.308s
14:35:49 | INFO | tag=block11.q_proj iter=077 | J=0.185393 J_x=0.057823 J_w=0.025514 rel_change=4.294515e-05 | time=0.303s
14:35:49 | INFO | tag=block11.q_proj iter=078 | J=0.185349 J_x=0.057811 J_w=0.025507 rel_change=4.488230e-05 | time=0.303s
14:35:50 | INFO | tag=block11.q_proj iter=079 | J=0.185308 J_x=0.057800 J_w=0.025502 rel_change=4.066527e-05 | time=0.303s
14:35:50 | INFO | tag=block11.q_proj iter=080 | J=0.185265 J_x=0.057789 J_w=0.025495 rel_change=4.279613e-05 | time=0.291s
14:35:50 | INFO | 量化器拟合完成 | tag=block11.q_proj convergence_iter=80 total_fit_time=24.292s
14:35:50 | INFO | 开始计算重建/近似误差 | layer=block11.q_proj error_mode=relative
14:35:50 | INFO | 误差计算完成 | layer=block11.q_proj err_x=0.057783 err_w=0.025760 rel_linear_error=0.054018 elapsed=0.194s
14:35:53 | INFO | block11.k_proj.X_calib stats | shape=[768, 4096] dtype=torch.float16 device=cpu mean=-0.037015 std=0.557564 min=-26.500000 max=5.378906 fro=991.028625
14:35:53 | INFO | block11.k_proj.W stats | shape=[768, 768] dtype=torch.float32 device=cpu mean=0.000053 std=0.054432 min=-0.527344 max=0.527344 fro=41.803741
14:35:53 | INFO | 开始拟合量化器 | tag=block11.k_proj d=768 N=4096 M=768 beta=5.0000 max_iters=80 tol=1.00e-05 init_mode=random error_mode=relative
14:35:53 | INFO | tag=block11.k_proj iter=001 | J=5.187367 J_x=0.187367 J_w=1.000000 rel_change=inf | time=0.291s
14:35:53 | INFO | tag=block11.k_proj iter=002 | J=1.457422 J_x=0.154941 J_w=0.260496 rel_change=7.190440e-01 | time=0.300s
14:35:53 | INFO | tag=block11.k_proj iter=003 | J=0.595548 J_x=0.115809 J_w=0.095948 rel_change=5.913686e-01 | time=0.308s
14:35:54 | INFO | tag=block11.k_proj iter=004 | J=0.374677 J_x=0.097208 J_w=0.055494 rel_change=2.208716e-01 | time=0.306s
14:35:54 | INFO | tag=block11.k_proj iter=005 | J=0.298303 J_x=0.085639 J_w=0.042533 rel_change=7.637390e-02 | time=0.301s
14:35:54 | INFO | tag=block11.k_proj iter=006 | J=0.262856 J_x=0.078402 J_w=0.036891 rel_change=3.544679e-02 | time=0.293s
14:35:55 | INFO | tag=block11.k_proj iter=007 | J=0.243470 J_x=0.073706 J_w=0.033953 rel_change=1.938613e-02 | time=0.306s
14:35:55 | INFO | tag=block11.k_proj iter=008 | J=0.231180 J_x=0.070557 J_w=0.032125 rel_change=1.229009e-02 | time=0.304s
14:35:55 | INFO | tag=block11.k_proj iter=009 | J=0.222707 J_x=0.068344 J_w=0.030873 rel_change=8.472607e-03 | time=0.302s
14:35:56 | INFO | tag=block11.k_proj iter=010 | J=0.216729 J_x=0.066690 J_w=0.030008 rel_change=5.978435e-03 | time=0.301s
14:35:56 | INFO | tag=block11.k_proj iter=011 | J=0.212191 J_x=0.065434 J_w=0.029351 rel_change=4.538164e-03 | time=0.294s
14:35:56 | INFO | tag=block11.k_proj iter=012 | J=0.208628 J_x=0.064454 J_w=0.028835 rel_change=3.562286e-03 | time=0.303s
14:35:57 | INFO | tag=block11.k_proj iter=013 | J=0.205815 J_x=0.063664 J_w=0.028430 rel_change=2.813116e-03 | time=0.289s
14:35:57 | INFO | tag=block11.k_proj iter=014 | J=0.203474 J_x=0.063009 J_w=0.028093 rel_change=2.341375e-03 | time=0.302s
14:35:57 | INFO | tag=block11.k_proj iter=015 | J=0.201515 J_x=0.062459 J_w=0.027811 rel_change=1.958549e-03 | time=0.299s
14:35:57 | INFO | tag=block11.k_proj iter=016 | J=0.199844 J_x=0.061996 J_w=0.027570 rel_change=1.671433e-03 | time=0.306s
14:35:58 | INFO | tag=block11.k_proj iter=017 | J=0.198438 J_x=0.061595 J_w=0.027369 rel_change=1.406312e-03 | time=0.301s
14:35:58 | INFO | tag=block11.k_proj iter=018 | J=0.197225 J_x=0.061247 J_w=0.027196 rel_change=1.212269e-03 | time=0.304s
14:35:58 | INFO | tag=block11.k_proj iter=019 | J=0.196133 J_x=0.060943 J_w=0.027038 rel_change=1.092106e-03 | time=0.310s
14:35:59 | INFO | tag=block11.k_proj iter=020 | J=0.195194 J_x=0.060672 J_w=0.026904 rel_change=9.392947e-04 | time=0.299s
14:35:59 | INFO | tag=block11.k_proj iter=021 | J=0.194378 J_x=0.060437 J_w=0.026788 rel_change=8.160323e-04 | time=0.304s
14:35:59 | INFO | tag=block11.k_proj iter=022 | J=0.193632 J_x=0.060227 J_w=0.026681 rel_change=7.459521e-04 | time=0.289s
14:36:00 | INFO | tag=block11.k_proj iter=023 | J=0.192947 J_x=0.060040 J_w=0.026581 rel_change=6.853640e-04 | time=0.298s
14:36:00 | INFO | tag=block11.k_proj iter=024 | J=0.192299 J_x=0.059868 J_w=0.026486 rel_change=6.472021e-04 | time=0.306s
14:36:00 | INFO | tag=block11.k_proj iter=025 | J=0.191730 J_x=0.059709 J_w=0.026404 rel_change=5.694777e-04 | time=0.305s
14:36:00 | INFO | tag=block11.k_proj iter=026 | J=0.191206 J_x=0.059565 J_w=0.026328 rel_change=5.240738e-04 | time=0.307s
14:36:01 | INFO | tag=block11.k_proj iter=027 | J=0.190725 J_x=0.059435 J_w=0.026258 rel_change=4.808307e-04 | time=0.308s
14:36:01 | INFO | tag=block11.k_proj iter=028 | J=0.190293 J_x=0.059311 J_w=0.026196 rel_change=4.322678e-04 | time=0.302s
14:36:01 | INFO | tag=block11.k_proj iter=029 | J=0.189918 J_x=0.059199 J_w=0.026144 rel_change=3.746450e-04 | time=0.307s
14:36:02 | INFO | tag=block11.k_proj iter=030 | J=0.189560 J_x=0.059099 J_w=0.026092 rel_change=3.579557e-04 | time=0.315s
14:36:02 | INFO | tag=block11.k_proj iter=031 | J=0.189258 J_x=0.059003 J_w=0.026051 rel_change=3.020018e-04 | time=0.301s
14:36:02 | INFO | tag=block11.k_proj iter=032 | J=0.188938 J_x=0.058917 J_w=0.026004 rel_change=3.200918e-04 | time=0.297s
14:36:03 | INFO | tag=block11.k_proj iter=033 | J=0.188648 J_x=0.058834 J_w=0.025963 rel_change=2.904832e-04 | time=0.303s
14:36:03 | INFO | tag=block11.k_proj iter=034 | J=0.188352 J_x=0.058757 J_w=0.025919 rel_change=2.954155e-04 | time=0.309s
14:36:03 | INFO | tag=block11.k_proj iter=035 | J=0.188084 J_x=0.058683 J_w=0.025880 rel_change=2.682507e-04 | time=0.310s
14:36:04 | INFO | tag=block11.k_proj iter=036 | J=0.187829 J_x=0.058614 J_w=0.025843 rel_change=2.545416e-04 | time=0.311s
14:36:04 | INFO | tag=block11.k_proj iter=037 | J=0.187608 J_x=0.058548 J_w=0.025812 rel_change=2.210438e-04 | time=0.314s
14:36:04 | INFO | tag=block11.k_proj iter=038 | J=0.187388 J_x=0.058488 J_w=0.025780 rel_change=2.202988e-04 | time=0.313s
14:36:04 | INFO | tag=block11.k_proj iter=039 | J=0.187180 J_x=0.058433 J_w=0.025749 rel_change=2.079904e-04 | time=0.320s
14:36:05 | INFO | tag=block11.k_proj iter=040 | J=0.186980 J_x=0.058381 J_w=0.025720 rel_change=1.996756e-04 | time=0.301s
14:36:05 | INFO | tag=block11.k_proj iter=041 | J=0.186800 J_x=0.058332 J_w=0.025694 rel_change=1.808256e-04 | time=0.310s
14:36:05 | INFO | tag=block11.k_proj iter=042 | J=0.186639 J_x=0.058282 J_w=0.025671 rel_change=1.607686e-04 | time=0.302s
14:36:06 | INFO | tag=block11.k_proj iter=043 | J=0.186471 J_x=0.058234 J_w=0.025647 rel_change=1.674891e-04 | time=0.310s
14:36:06 | INFO | tag=block11.k_proj iter=044 | J=0.186317 J_x=0.058191 J_w=0.025625 rel_change=1.545548e-04 | time=0.306s
14:36:06 | INFO | tag=block11.k_proj iter=045 | J=0.186166 J_x=0.058149 J_w=0.025603 rel_change=1.509935e-04 | time=0.306s
14:36:07 | INFO | tag=block11.k_proj iter=046 | J=0.186008 J_x=0.058111 J_w=0.025579 rel_change=1.581311e-04 | time=0.318s
14:36:07 | INFO | tag=block11.k_proj iter=047 | J=0.185890 J_x=0.058073 J_w=0.025563 rel_change=1.173317e-04 | time=0.295s
14:36:07 | INFO | tag=block11.k_proj iter=048 | J=0.185777 J_x=0.058037 J_w=0.025548 rel_change=1.135021e-04 | time=0.310s
14:36:08 | INFO | tag=block11.k_proj iter=049 | J=0.185656 J_x=0.058006 J_w=0.025530 rel_change=1.203418e-04 | time=0.296s
14:36:08 | INFO | tag=block11.k_proj iter=050 | J=0.185540 J_x=0.057975 J_w=0.025513 rel_change=1.164675e-04 | time=0.299s
14:36:08 | INFO | tag=block11.k_proj iter=051 | J=0.185414 J_x=0.057946 J_w=0.025494 rel_change=1.254976e-04 | time=0.302s
14:36:08 | INFO | tag=block11.k_proj iter=052 | J=0.185303 J_x=0.057918 J_w=0.025477 rel_change=1.110137e-04 | time=0.320s
14:36:09 | INFO | tag=block11.k_proj iter=053 | J=0.185181 J_x=0.057890 J_w=0.025458 rel_change=1.226962e-04 | time=0.315s
14:36:09 | INFO | tag=block11.k_proj iter=054 | J=0.185074 J_x=0.057866 J_w=0.025442 rel_change=1.063645e-04 | time=0.307s
14:36:09 | INFO | tag=block11.k_proj iter=055 | J=0.184988 J_x=0.057840 J_w=0.025430 rel_change=8.597970e-05 | time=0.321s
14:36:10 | INFO | tag=block11.k_proj iter=056 | J=0.184904 J_x=0.057816 J_w=0.025417 rel_change=8.478761e-05 | time=0.306s
14:36:10 | INFO | tag=block11.k_proj iter=057 | J=0.184809 J_x=0.057794 J_w=0.025403 rel_change=9.441376e-05 | time=0.326s
14:36:10 | INFO | tag=block11.k_proj iter=058 | J=0.184719 J_x=0.057771 J_w=0.025390 rel_change=9.047985e-05 | time=0.311s
14:36:11 | INFO | tag=block11.k_proj iter=059 | J=0.184643 J_x=0.057748 J_w=0.025379 rel_change=7.557869e-05 | time=0.323s
14:36:11 | INFO | tag=block11.k_proj iter=060 | J=0.184561 J_x=0.057727 J_w=0.025367 rel_change=8.173287e-05 | time=0.334s
14:36:11 | INFO | tag=block11.k_proj iter=061 | J=0.184486 J_x=0.057704 J_w=0.025356 rel_change=7.560849e-05 | time=0.349s
14:36:12 | INFO | tag=block11.k_proj iter=062 | J=0.184395 J_x=0.057684 J_w=0.025342 rel_change=9.100139e-05 | time=0.342s
14:36:12 | INFO | tag=block11.k_proj iter=063 | J=0.184310 J_x=0.057665 J_w=0.025329 rel_change=8.437037e-05 | time=0.334s
14:36:12 | INFO | tag=block11.k_proj iter=064 | J=0.184228 J_x=0.057647 J_w=0.025316 rel_change=8.219481e-05 | time=0.337s
14:36:13 | INFO | tag=block11.k_proj iter=065 | J=0.184166 J_x=0.057629 J_w=0.025307 rel_change=6.246567e-05 | time=0.311s
14:36:13 | INFO | tag=block11.k_proj iter=066 | J=0.184095 J_x=0.057611 J_w=0.025297 rel_change=7.097423e-05 | time=0.313s
14:36:13 | INFO | tag=block11.k_proj iter=067 | J=0.184029 J_x=0.057596 J_w=0.025287 rel_change=6.549060e-05 | time=0.308s
14:36:14 | INFO | tag=block11.k_proj iter=068 | J=0.183981 J_x=0.057579 J_w=0.025280 rel_change=4.880130e-05 | time=0.314s
14:36:14 | INFO | tag=block11.k_proj iter=069 | J=0.183926 J_x=0.057563 J_w=0.025273 rel_change=5.435944e-05 | time=0.308s
14:36:14 | INFO | tag=block11.k_proj iter=070 | J=0.183865 J_x=0.057548 J_w=0.025263 rel_change=6.078184e-05 | time=0.309s
14:36:15 | INFO | tag=block11.k_proj iter=071 | J=0.183797 J_x=0.057535 J_w=0.025252 rel_change=6.856024e-05 | time=0.314s
14:36:15 | INFO | tag=block11.k_proj iter=072 | J=0.183748 J_x=0.057519 J_w=0.025246 rel_change=4.832447e-05 | time=0.311s
14:36:15 | INFO | tag=block11.k_proj iter=073 | J=0.183704 J_x=0.057505 J_w=0.025240 rel_change=4.488230e-05 | time=0.326s
14:36:15 | INFO | tag=block11.k_proj iter=074 | J=0.183657 J_x=0.057493 J_w=0.025233 rel_change=4.678965e-05 | time=0.295s
14:36:16 | INFO | tag=block11.k_proj iter=075 | J=0.183618 J_x=0.057481 J_w=0.025227 rel_change=3.921986e-05 | time=0.308s
14:36:16 | INFO | tag=block11.k_proj iter=076 | J=0.183569 J_x=0.057469 J_w=0.025220 rel_change=4.829466e-05 | time=0.294s
14:36:16 | INFO | tag=block11.k_proj iter=077 | J=0.183525 J_x=0.057457 J_w=0.025214 rel_change=4.406273e-05 | time=0.302s
14:36:17 | INFO | tag=block11.k_proj iter=078 | J=0.183486 J_x=0.057447 J_w=0.025208 rel_change=3.942847e-05 | time=0.299s
14:36:17 | INFO | tag=block11.k_proj iter=079 | J=0.183454 J_x=0.057437 J_w=0.025203 rel_change=3.211200e-05 | time=0.303s
14:36:17 | INFO | tag=block11.k_proj iter=080 | J=0.183416 J_x=0.057427 J_w=0.025198 rel_change=3.728271e-05 | time=0.304s
14:36:17 | INFO | 量化器拟合完成 | tag=block11.k_proj convergence_iter=80 total_fit_time=24.714s
14:36:17 | INFO | 开始计算重建/近似误差 | layer=block11.k_proj error_mode=relative
14:36:17 | INFO | 误差计算完成 | layer=block11.k_proj err_x=0.057426 err_w=0.025448 rel_linear_error=0.048990 elapsed=0.192s
14:36:20 | INFO | block11.v_proj.X_calib stats | shape=[768, 4096] dtype=torch.float16 device=cpu mean=-0.037015 std=0.557564 min=-26.500000 max=5.378906 fro=991.028625
14:36:20 | INFO | block11.v_proj.W stats | shape=[768, 768] dtype=torch.float32 device=cpu mean=0.000046 std=0.029483 min=-0.499756 max=0.195679 fro=22.642700
14:36:20 | INFO | 开始拟合量化器 | tag=block11.v_proj d=768 N=4096 M=768 beta=5.0000 max_iters=80 tol=1.00e-05 init_mode=random error_mode=relative
14:36:20 | INFO | tag=block11.v_proj iter=001 | J=5.187328 J_x=0.187328 J_w=1.000000 rel_change=inf | time=0.292s
14:36:21 | INFO | tag=block11.v_proj iter=002 | J=1.482764 J_x=0.156142 J_w=0.265325 rel_change=7.141564e-01 | time=0.299s
14:36:21 | INFO | tag=block11.v_proj iter=003 | J=0.654978 J_x=0.116379 J_w=0.107720 rel_change=5.582723e-01 | time=0.303s
14:36:21 | INFO | tag=block11.v_proj iter=004 | J=0.414665 J_x=0.098166 J_w=0.063300 rel_change=2.403130e-01 | time=0.309s
14:36:22 | INFO | tag=block11.v_proj iter=005 | J=0.329350 J_x=0.086455 J_w=0.048579 rel_change=8.531550e-02 | time=0.307s
14:36:22 | INFO | tag=block11.v_proj iter=006 | J=0.290383 J_x=0.079072 J_w=0.042262 rel_change=3.896630e-02 | time=0.302s
14:36:22 | INFO | tag=block11.v_proj iter=007 | J=0.269317 J_x=0.074403 J_w=0.038983 rel_change=2.106634e-02 | time=0.303s
14:36:23 | INFO | tag=block11.v_proj iter=008 | J=0.256518 J_x=0.071301 J_w=0.037043 rel_change=1.279894e-02 | time=0.311s
14:36:23 | INFO | tag=block11.v_proj iter=009 | J=0.247928 J_x=0.069120 J_w=0.035762 rel_change=8.590043e-03 | time=0.297s
14:36:23 | INFO | tag=block11.v_proj iter=010 | J=0.241657 J_x=0.067535 J_w=0.034824 rel_change=6.270885e-03 | time=0.290s
14:36:23 | INFO | tag=block11.v_proj iter=011 | J=0.236925 J_x=0.066328 J_w=0.034119 rel_change=4.731834e-03 | time=0.293s
14:36:24 | INFO | tag=block11.v_proj iter=012 | J=0.233253 J_x=0.065384 J_w=0.033574 rel_change=3.672093e-03 | time=0.300s
14:36:24 | INFO | tag=block11.v_proj iter=013 | J=0.230285 J_x=0.064619 J_w=0.033133 rel_change=2.967849e-03 | time=0.336s
14:36:24 | INFO | tag=block11.v_proj iter=014 | J=0.227835 J_x=0.063997 J_w=0.032768 rel_change=2.450570e-03 | time=0.330s
14:36:25 | INFO | tag=block11.v_proj iter=015 | J=0.225760 J_x=0.063485 J_w=0.032455 rel_change=2.075166e-03 | time=0.327s
14:36:25 | INFO | tag=block11.v_proj iter=016 | J=0.223957 J_x=0.063057 J_w=0.032180 rel_change=1.802400e-03 | time=0.367s
14:36:25 | INFO | tag=block11.v_proj iter=017 | J=0.222476 J_x=0.062680 J_w=0.031959 rel_change=1.481220e-03 | time=0.342s
14:36:26 | INFO | tag=block11.v_proj iter=018 | J=0.221151 J_x=0.062354 J_w=0.031759 rel_change=1.325220e-03 | time=0.599s
14:36:27 | INFO | tag=block11.v_proj iter=019 | J=0.220012 J_x=0.062069 J_w=0.031589 rel_change=1.139000e-03 | time=0.456s
14:36:27 | INFO | tag=block11.v_proj iter=020 | J=0.219002 J_x=0.061827 J_w=0.031435 rel_change=1.009420e-03 | time=0.341s
14:36:27 | INFO | tag=block11.v_proj iter=021 | J=0.218135 J_x=0.061611 J_w=0.031305 rel_change=8.672774e-04 | time=0.345s
14:36:28 | INFO | tag=block11.v_proj iter=022 | J=0.217386 J_x=0.061416 J_w=0.031194 rel_change=7.488132e-04 | time=0.331s
14:36:28 | INFO | tag=block11.v_proj iter=023 | J=0.216727 J_x=0.061240 J_w=0.031098 rel_change=6.587505e-04 | time=0.309s
14:36:28 | INFO | tag=block11.v_proj iter=024 | J=0.216085 J_x=0.061084 J_w=0.031000 rel_change=6.421059e-04 | time=0.315s
14:36:28 | INFO | tag=block11.v_proj iter=025 | J=0.215503 J_x=0.060940 J_w=0.030913 rel_change=5.827993e-04 | time=0.306s
14:36:29 | INFO | tag=block11.v_proj iter=026 | J=0.214959 J_x=0.060813 J_w=0.030829 rel_change=5.434006e-04 | time=0.296s
14:36:29 | INFO | tag=block11.v_proj iter=027 | J=0.214455 J_x=0.060696 J_w=0.030752 rel_change=5.042851e-04 | time=0.318s
14:36:29 | INFO | tag=block11.v_proj iter=028 | J=0.214020 J_x=0.060589 J_w=0.030686 rel_change=4.345626e-04 | time=0.315s
14:36:30 | INFO | tag=block11.v_proj iter=029 | J=0.213588 J_x=0.060489 J_w=0.030620 rel_change=4.322529e-04 | time=0.304s
14:36:30 | INFO | tag=block11.v_proj iter=030 | J=0.213188 J_x=0.060397 J_w=0.030558 rel_change=4.001856e-04 | time=0.304s
14:36:30 | INFO | tag=block11.v_proj iter=031 | J=0.212839 J_x=0.060312 J_w=0.030505 rel_change=3.489107e-04 | time=0.321s
14:36:31 | INFO | tag=block11.v_proj iter=032 | J=0.212517 J_x=0.060234 J_w=0.030456 rel_change=3.223121e-04 | time=0.338s
14:36:31 | INFO | tag=block11.v_proj iter=033 | J=0.212195 J_x=0.060163 J_w=0.030406 rel_change=3.218502e-04 | time=0.327s
14:36:31 | INFO | tag=block11.v_proj iter=034 | J=0.211877 J_x=0.060094 J_w=0.030357 rel_change=3.180802e-04 | time=0.319s
14:36:32 | INFO | tag=block11.v_proj iter=035 | J=0.211603 J_x=0.060029 J_w=0.030315 rel_change=2.737045e-04 | time=0.330s
14:36:32 | INFO | tag=block11.v_proj iter=036 | J=0.211351 J_x=0.059968 J_w=0.030277 rel_change=2.522916e-04 | time=0.350s
14:36:32 | INFO | tag=block11.v_proj iter=037 | J=0.211118 J_x=0.059912 J_w=0.030241 rel_change=2.328604e-04 | time=0.338s
14:36:33 | INFO | tag=block11.v_proj iter=038 | J=0.210916 J_x=0.059860 J_w=0.030211 rel_change=2.017319e-04 | time=0.324s
14:36:33 | INFO | tag=block11.v_proj iter=039 | J=0.210701 J_x=0.059812 J_w=0.030178 rel_change=2.154857e-04 | time=0.335s
14:36:33 | INFO | tag=block11.v_proj iter=040 | J=0.210493 J_x=0.059765 J_w=0.030146 rel_change=2.076477e-04 | time=0.319s
14:36:34 | INFO | tag=block11.v_proj iter=041 | J=0.210273 J_x=0.059721 J_w=0.030111 rel_change=2.195537e-04 | time=0.312s
14:36:34 | INFO | tag=block11.v_proj iter=042 | J=0.210088 J_x=0.059676 J_w=0.030082 rel_change=1.857579e-04 | time=0.320s
14:36:34 | INFO | tag=block11.v_proj iter=043 | J=0.209925 J_x=0.059635 J_w=0.030058 rel_change=1.624376e-04 | time=0.326s
14:36:35 | INFO | tag=block11.v_proj iter=044 | J=0.209755 J_x=0.059596 J_w=0.030032 rel_change=1.702160e-04 | time=0.305s
14:36:35 | INFO | tag=block11.v_proj iter=045 | J=0.209599 J_x=0.059558 J_w=0.030008 rel_change=1.561642e-04 | time=0.315s
14:36:35 | INFO | tag=block11.v_proj iter=046 | J=0.209466 J_x=0.059520 J_w=0.029989 rel_change=1.325011e-04 | time=0.302s
14:36:36 | INFO | tag=block11.v_proj iter=047 | J=0.209327 J_x=0.059489 J_w=0.029968 rel_change=1.390874e-04 | time=0.317s
14:36:36 | INFO | tag=block11.v_proj iter=048 | J=0.209179 J_x=0.059456 J_w=0.029945 rel_change=1.486242e-04 | time=0.306s
14:36:36 | INFO | tag=block11.v_proj iter=049 | J=0.209076 J_x=0.059422 J_w=0.029931 rel_change=1.026094e-04 | time=0.309s
14:36:36 | INFO | tag=block11.v_proj iter=050 | J=0.208948 J_x=0.059393 J_w=0.029911 rel_change=1.282394e-04 | time=0.309s
14:36:37 | INFO | tag=block11.v_proj iter=051 | J=0.208832 J_x=0.059364 J_w=0.029894 rel_change=1.156926e-04 | time=0.313s
14:36:37 | INFO | tag=block11.v_proj iter=052 | J=0.208720 J_x=0.059337 J_w=0.029877 rel_change=1.120865e-04 | time=0.306s
14:36:37 | INFO | tag=block11.v_proj iter=053 | J=0.208575 J_x=0.059311 J_w=0.029853 rel_change=1.447797e-04 | time=0.306s
14:36:38 | INFO | tag=block11.v_proj iter=054 | J=0.208474 J_x=0.059286 J_w=0.029838 rel_change=1.015216e-04 | time=0.318s
14:36:38 | INFO | tag=block11.v_proj iter=055 | J=0.208385 J_x=0.059262 J_w=0.029825 rel_change=8.875132e-05 | time=0.319s
14:36:38 | INFO | tag=block11.v_proj iter=056 | J=0.208271 J_x=0.059241 J_w=0.029806 rel_change=1.141131e-04 | time=0.346s
14:36:39 | INFO | tag=block11.v_proj iter=057 | J=0.208177 J_x=0.059221 J_w=0.029791 rel_change=9.383261e-05 | time=0.330s
14:36:39 | INFO | tag=block11.v_proj iter=058 | J=0.208088 J_x=0.059200 J_w=0.029777 rel_change=8.934736e-05 | time=0.316s
14:36:39 | INFO | tag=block11.v_proj iter=059 | J=0.207999 J_x=0.059180 J_w=0.029764 rel_change=8.821487e-05 | time=0.313s
14:36:40 | INFO | tag=block11.v_proj iter=060 | J=0.207920 J_x=0.059159 J_w=0.029752 rel_change=7.984042e-05 | time=0.335s
14:36:40 | INFO | tag=block11.v_proj iter=061 | J=0.207845 J_x=0.059139 J_w=0.029741 rel_change=7.513165e-05 | time=0.313s
14:36:40 | INFO | tag=block11.v_proj iter=062 | J=0.207765 J_x=0.059119 J_w=0.029729 rel_change=8.001924e-05 | time=0.294s
14:36:41 | INFO | tag=block11.v_proj iter=063 | J=0.207695 J_x=0.059099 J_w=0.029719 rel_change=6.976724e-05 | time=0.323s
14:36:41 | INFO | tag=block11.v_proj iter=064 | J=0.207619 J_x=0.059080 J_w=0.029708 rel_change=7.581711e-05 | time=0.314s
14:36:41 | INFO | tag=block11.v_proj iter=065 | J=0.207544 J_x=0.059064 J_w=0.029696 rel_change=7.496774e-05 | time=0.325s
14:36:42 | INFO | tag=block11.v_proj iter=066 | J=0.207488 J_x=0.059046 J_w=0.029688 rel_change=5.547702e-05 | time=0.312s
14:36:42 | INFO | tag=block11.v_proj iter=067 | J=0.207426 J_x=0.059031 J_w=0.029679 rel_change=6.198883e-05 | time=0.314s
14:36:42 | INFO | tag=block11.v_proj iter=068 | J=0.207366 J_x=0.059015 J_w=0.029670 rel_change=6.002188e-05 | time=0.311s
14:36:42 | INFO | tag=block11.v_proj iter=069 | J=0.207299 J_x=0.059000 J_w=0.029660 rel_change=6.718934e-05 | time=0.326s
14:36:43 | INFO | tag=block11.v_proj iter=070 | J=0.207237 J_x=0.058986 J_w=0.029650 rel_change=6.273389e-05 | time=0.310s
14:36:43 | INFO | tag=block11.v_proj iter=071 | J=0.207179 J_x=0.058970 J_w=0.029642 rel_change=5.783141e-05 | time=0.316s
14:36:43 | INFO | tag=block11.v_proj iter=072 | J=0.207114 J_x=0.058955 J_w=0.029632 rel_change=6.484985e-05 | time=0.315s
14:36:44 | INFO | tag=block11.v_proj iter=073 | J=0.207061 J_x=0.058939 J_w=0.029624 rel_change=5.258620e-05 | time=0.297s
14:36:44 | INFO | tag=block11.v_proj iter=074 | J=0.207008 J_x=0.058923 J_w=0.029617 rel_change=5.376339e-05 | time=0.307s
14:36:44 | INFO | tag=block11.v_proj iter=075 | J=0.206946 J_x=0.058908 J_w=0.029608 rel_change=6.142259e-05 | time=0.304s
14:36:45 | INFO | tag=block11.v_proj iter=076 | J=0.206885 J_x=0.058893 J_w=0.029598 rel_change=6.100535e-05 | time=0.313s
14:36:45 | INFO | tag=block11.v_proj iter=077 | J=0.206830 J_x=0.058877 J_w=0.029591 rel_change=5.486608e-05 | time=0.312s
14:36:45 | INFO | tag=block11.v_proj iter=078 | J=0.206768 J_x=0.058861 J_w=0.029581 rel_change=6.242096e-05 | time=0.302s
14:36:46 | INFO | tag=block11.v_proj iter=079 | J=0.206702 J_x=0.058845 J_w=0.029571 rel_change=6.559491e-05 | time=0.314s
14:36:46 | INFO | tag=block11.v_proj iter=080 | J=0.206641 J_x=0.058830 J_w=0.029562 rel_change=6.157160e-05 | time=0.331s
14:36:46 | INFO | 量化器拟合完成 | tag=block11.v_proj convergence_iter=80 total_fit_time=25.805s
14:36:46 | INFO | 开始计算重建/近似误差 | layer=block11.v_proj error_mode=relative
14:36:46 | INFO | 误差计算完成 | layer=block11.v_proj err_x=0.058844 err_w=0.030447 rel_linear_error=0.135249 elapsed=0.205s
14:36:49 | INFO | block11.out_proj.X_calib stats | shape=[768, 4096] dtype=torch.float16 device=cpu mean=-0.000149 std=0.126649 min=-1.580078 max=1.531250 fro=224.591049
14:36:49 | INFO | block11.out_proj.W stats | shape=[768, 768] dtype=torch.float32 device=cpu mean=-0.000020 std=0.031479 min=-0.875977 max=0.894043 fro=24.176212
14:36:49 | INFO | 开始拟合量化器 | tag=block11.out_proj d=768 N=4096 M=768 beta=5.0000 max_iters=80 tol=1.00e-05 init_mode=random error_mode=relative
14:36:49 | INFO | tag=block11.out_proj iter=001 | J=5.951608 J_x=0.953000 J_w=0.999722 rel_change=inf | time=0.271s
14:36:49 | INFO | tag=block11.out_proj iter=002 | J=1.444207 J_x=0.280982 J_w=0.232645 rel_change=7.573417e-01 | time=0.293s
14:36:50 | INFO | tag=block11.out_proj iter=003 | J=0.653177 J_x=0.204157 J_w=0.089804 rel_change=5.477263e-01 | time=0.326s
14:36:50 | INFO | tag=block11.out_proj iter=004 | J=0.425634 J_x=0.170262 J_w=0.051074 rel_change=2.275430e-01 | time=0.368s
14:36:50 | INFO | tag=block11.out_proj iter=005 | J=0.354525 J_x=0.151392 J_w=0.040627 rel_change=7.110888e-02 | time=0.353s
14:36:51 | INFO | tag=block11.out_proj iter=006 | J=0.321507 J_x=0.139298 J_w=0.036442 rel_change=3.301769e-02 | time=0.349s
14:36:51 | INFO | tag=block11.out_proj iter=007 | J=0.301770 J_x=0.130516 J_w=0.034251 rel_change=1.973784e-02 | time=0.311s
14:36:51 | INFO | tag=block11.out_proj iter=008 | J=0.288206 J_x=0.123966 J_w=0.032848 rel_change=1.356310e-02 | time=0.298s
14:36:52 | INFO | tag=block11.out_proj iter=009 | J=0.278252 J_x=0.119040 J_w=0.031842 rel_change=9.954840e-03 | time=0.305s
14:36:52 | INFO | tag=block11.out_proj iter=010 | J=0.270581 J_x=0.115291 J_w=0.031058 rel_change=7.670760e-03 | time=0.323s
14:36:52 | INFO | tag=block11.out_proj iter=011 | J=0.264724 J_x=0.112337 J_w=0.030477 rel_change=5.856365e-03 | time=0.311s
14:36:53 | INFO | tag=block11.out_proj iter=012 | J=0.260147 J_x=0.109934 J_w=0.030043 rel_change=4.577130e-03 | time=0.306s
14:36:53 | INFO | tag=block11.out_proj iter=013 | J=0.256243 J_x=0.107908 J_w=0.029667 rel_change=3.904045e-03 | time=0.303s
14:36:53 | INFO | tag=block11.out_proj iter=014 | J=0.252915 J_x=0.106163 J_w=0.029350 rel_change=3.328770e-03 | time=0.322s
14:36:54 | INFO | tag=block11.out_proj iter=015 | J=0.249972 J_x=0.104645 J_w=0.029065 rel_change=2.942979e-03 | time=0.318s
14:36:54 | INFO | tag=block11.out_proj iter=016 | J=0.247378 J_x=0.103302 J_w=0.028815 rel_change=2.593845e-03 | time=0.313s
14:36:54 | INFO | tag=block11.out_proj iter=017 | J=0.245147 J_x=0.102072 J_w=0.028615 rel_change=2.230719e-03 | time=0.314s
14:36:55 | INFO | tag=block11.out_proj iter=018 | J=0.243176 J_x=0.100995 J_w=0.028436 rel_change=1.970723e-03 | time=0.324s
14:36:55 | INFO | tag=block11.out_proj iter=019 | J=0.241469 J_x=0.100052 J_w=0.028283 rel_change=1.707673e-03 | time=0.345s
14:36:55 | INFO | tag=block11.out_proj iter=020 | J=0.239909 J_x=0.099199 J_w=0.028142 rel_change=1.559436e-03 | time=0.320s
14:36:56 | INFO | tag=block11.out_proj iter=021 | J=0.238461 J_x=0.098436 J_w=0.028005 rel_change=1.447737e-03 | time=0.312s
14:36:56 | INFO | tag=block11.out_proj iter=022 | J=0.237175 J_x=0.097749 J_w=0.027885 rel_change=1.286179e-03 | time=0.312s
14:36:56 | INFO | tag=block11.out_proj iter=023 | J=0.236007 J_x=0.097113 J_w=0.027779 rel_change=1.168355e-03 | time=0.318s
14:36:57 | INFO | tag=block11.out_proj iter=024 | J=0.234880 J_x=0.096524 J_w=0.027671 rel_change=1.126990e-03 | time=0.310s
14:36:57 | INFO | tag=block11.out_proj iter=025 | J=0.233823 J_x=0.095968 J_w=0.027571 rel_change=1.057237e-03 | time=0.310s
14:36:57 | INFO | tag=block11.out_proj iter=026 | J=0.232889 J_x=0.095460 J_w=0.027486 rel_change=9.338856e-04 | time=0.309s
14:36:57 | INFO | tag=block11.out_proj iter=027 | J=0.232033 J_x=0.094978 J_w=0.027411 rel_change=8.557737e-04 | time=0.327s
14:36:58 | INFO | tag=block11.out_proj iter=028 | J=0.231185 J_x=0.094529 J_w=0.027331 rel_change=8.484274e-04 | time=0.304s
14:36:58 | INFO | tag=block11.out_proj iter=029 | J=0.230438 J_x=0.094105 J_w=0.027267 rel_change=7.463843e-04 | time=0.312s
14:36:58 | INFO | tag=block11.out_proj iter=030 | J=0.229772 J_x=0.093724 J_w=0.027210 rel_change=6.661117e-04 | time=0.303s
14:36:59 | INFO | tag=block11.out_proj iter=031 | J=0.229107 J_x=0.093378 J_w=0.027146 rel_change=6.649494e-04 | time=0.307s
14:36:59 | INFO | tag=block11.out_proj iter=032 | J=0.228414 J_x=0.093053 J_w=0.027072 rel_change=6.927103e-04 | time=0.301s
14:36:59 | INFO | tag=block11.out_proj iter=033 | J=0.227800 J_x=0.092757 J_w=0.027009 rel_change=6.145686e-04 | time=0.315s
14:37:00 | INFO | tag=block11.out_proj iter=034 | J=0.227241 J_x=0.092485 J_w=0.026951 rel_change=5.584955e-04 | time=0.299s
14:37:00 | INFO | tag=block11.out_proj iter=035 | J=0.226723 J_x=0.092223 J_w=0.026900 rel_change=5.187243e-04 | time=0.305s
14:37:00 | INFO | tag=block11.out_proj iter=036 | J=0.226263 J_x=0.091966 J_w=0.026859 rel_change=4.592985e-04 | time=0.304s
14:37:01 | INFO | tag=block11.out_proj iter=037 | J=0.225770 J_x=0.091711 J_w=0.026812 rel_change=4.931390e-04 | time=0.300s
14:37:01 | INFO | tag=block11.out_proj iter=038 | J=0.225316 J_x=0.091462 J_w=0.026771 rel_change=4.541874e-04 | time=0.311s
14:37:01 | INFO | tag=block11.out_proj iter=039 | J=0.224863 J_x=0.091234 J_w=0.026726 rel_change=4.526675e-04 | time=0.321s
14:37:01 | INFO | tag=block11.out_proj iter=040 | J=0.224482 J_x=0.091026 J_w=0.026691 rel_change=3.812462e-04 | time=0.299s
14:37:02 | INFO | tag=block11.out_proj iter=041 | J=0.224129 J_x=0.090825 J_w=0.026661 rel_change=3.526360e-04 | time=0.297s
14:37:02 | INFO | tag=block11.out_proj iter=042 | J=0.223794 J_x=0.090630 J_w=0.026633 rel_change=3.354549e-04 | time=0.309s
14:37:02 | INFO | tag=block11.out_proj iter=043 | J=0.223429 J_x=0.090441 J_w=0.026598 rel_change=3.649890e-04 | time=0.312s
14:37:03 | INFO | tag=block11.out_proj iter=044 | J=0.223064 J_x=0.090265 J_w=0.026560 rel_change=3.652573e-04 | time=0.302s
14:37:03 | INFO | tag=block11.out_proj iter=045 | J=0.222769 J_x=0.090095 J_w=0.026535 rel_change=2.951920e-04 | time=0.306s
14:37:03 | INFO | tag=block11.out_proj iter=046 | J=0.222465 J_x=0.089926 J_w=0.026508 rel_change=3.039688e-04 | time=0.331s
14:37:04 | INFO | tag=block11.out_proj iter=047 | J=0.222147 J_x=0.089765 J_w=0.026476 rel_change=3.179163e-04 | time=0.326s
14:37:04 | INFO | tag=block11.out_proj iter=048 | J=0.221815 J_x=0.089619 J_w=0.026439 rel_change=3.314018e-04 | time=0.321s
14:37:04 | INFO | tag=block11.out_proj iter=049 | J=0.221519 J_x=0.089476 J_w=0.026408 rel_change=2.966225e-04 | time=0.312s
14:37:05 | INFO | tag=block11.out_proj iter=050 | J=0.221248 J_x=0.089344 J_w=0.026381 rel_change=2.702624e-04 | time=0.313s
14:37:05 | INFO | tag=block11.out_proj iter=051 | J=0.221016 J_x=0.089208 J_w=0.026362 rel_change=2.321899e-04 | time=0.307s
14:37:05 | INFO | tag=block11.out_proj iter=052 | J=0.220775 J_x=0.089082 J_w=0.026339 rel_change=2.407134e-04 | time=0.314s
14:37:06 | INFO | tag=block11.out_proj iter=053 | J=0.220533 J_x=0.088958 J_w=0.026315 rel_change=2.423078e-04 | time=0.327s
14:37:06 | INFO | tag=block11.out_proj iter=054 | J=0.220329 J_x=0.088838 J_w=0.026298 rel_change=2.044439e-04 | time=0.313s
14:37:06 | INFO | tag=block11.out_proj iter=055 | J=0.220126 J_x=0.088725 J_w=0.026280 rel_change=2.028942e-04 | time=0.308s
14:37:06 | INFO | tag=block11.out_proj iter=056 | J=0.219912 J_x=0.088611 J_w=0.026260 rel_change=2.137125e-04 | time=0.297s
14:37:07 | INFO | tag=block11.out_proj iter=057 | J=0.219703 J_x=0.088497 J_w=0.026241 rel_change=2.095103e-04 | time=0.347s
14:37:07 | INFO | tag=block11.out_proj iter=058 | J=0.219486 J_x=0.088386 J_w=0.026220 rel_change=2.162755e-04 | time=0.352s
14:37:07 | INFO | tag=block11.out_proj iter=059 | J=0.219283 J_x=0.088275 J_w=0.026201 rel_change=2.037734e-04 | time=0.310s
14:37:08 | INFO | tag=block11.out_proj iter=060 | J=0.219068 J_x=0.088172 J_w=0.026179 rel_change=2.149791e-04 | time=0.333s
14:37:08 | INFO | tag=block11.out_proj iter=061 | J=0.218876 J_x=0.088081 J_w=0.026159 rel_change=1.913756e-04 | time=0.324s
14:37:08 | INFO | tag=block11.out_proj iter=062 | J=0.218684 J_x=0.087999 J_w=0.026137 rel_change=1.917928e-04 | time=0.324s
14:37:09 | INFO | tag=block11.out_proj iter=063 | J=0.218526 J_x=0.087919 J_w=0.026121 rel_change=1.580715e-04 | time=0.321s
14:37:09 | INFO | tag=block11.out_proj iter=064 | J=0.218367 J_x=0.087838 J_w=0.026106 rel_change=1.595467e-04 | time=0.314s
14:37:09 | INFO | tag=block11.out_proj iter=065 | J=0.218228 J_x=0.087764 J_w=0.026093 rel_change=1.384765e-04 | time=0.326s
14:37:10 | INFO | tag=block11.out_proj iter=066 | J=0.218083 J_x=0.087692 J_w=0.026078 rel_change=1.453161e-04 | time=0.331s
14:37:10 | INFO | tag=block11.out_proj iter=067 | J=0.217941 J_x=0.087626 J_w=0.026063 rel_change=1.417696e-04 | time=0.339s
14:37:10 | INFO | tag=block11.out_proj iter=068 | J=0.217791 J_x=0.087563 J_w=0.026046 rel_change=1.505017e-04 | time=0.344s
14:37:11 | INFO | tag=block11.out_proj iter=069 | J=0.217657 J_x=0.087502 J_w=0.026031 rel_change=1.335144e-04 | time=0.333s
14:37:11 | INFO | tag=block11.out_proj iter=070 | J=0.217527 J_x=0.087439 J_w=0.026018 rel_change=1.302361e-04 | time=0.337s
14:37:11 | INFO | tag=block11.out_proj iter=071 | J=0.217396 J_x=0.087381 J_w=0.026003 rel_change=1.313090e-04 | time=0.317s
14:37:12 | INFO | tag=block11.out_proj iter=072 | J=0.217268 J_x=0.087327 J_w=0.025988 rel_change=1.274943e-04 | time=0.321s
14:37:12 | INFO | tag=block11.out_proj iter=073 | J=0.217145 J_x=0.087273 J_w=0.025974 rel_change=1.234859e-04 | time=0.324s
14:37:12 | INFO | tag=block11.out_proj iter=074 | J=0.217029 J_x=0.087226 J_w=0.025961 rel_change=1.153201e-04 | time=0.327s
14:37:13 | INFO | tag=block11.out_proj iter=075 | J=0.216906 J_x=0.087179 J_w=0.025945 rel_change=1.232028e-04 | time=0.313s
14:37:13 | INFO | tag=block11.out_proj iter=076 | J=0.216794 J_x=0.087130 J_w=0.025933 rel_change=1.124144e-04 | time=0.320s
14:37:13 | INFO | tag=block11.out_proj iter=077 | J=0.216680 J_x=0.087085 J_w=0.025919 rel_change=1.140684e-04 | time=0.334s
14:37:14 | INFO | tag=block11.out_proj iter=078 | J=0.216581 J_x=0.087043 J_w=0.025908 rel_change=9.892881e-05 | time=0.327s
14:37:14 | INFO | tag=block11.out_proj iter=079 | J=0.216507 J_x=0.087003 J_w=0.025901 rel_change=7.382035e-05 | time=0.335s
14:37:14 | INFO | tag=block11.out_proj iter=080 | J=0.216424 J_x=0.086964 J_w=0.025892 rel_change=8.258224e-05 | time=0.326s
14:37:14 | INFO | 量化器拟合完成 | tag=block11.out_proj convergence_iter=80 total_fit_time=25.501s
14:37:14 | INFO | 开始计算重建/近似误差 | layer=block11.out_proj error_mode=relative
14:37:15 | INFO | 误差计算完成 | layer=block11.out_proj err_x=0.069049 err_w=0.068811 rel_linear_error=0.208277 elapsed=0.201s
14:37:17 | INFO | 扩展量化模块构建完成。
14:37:17 | INFO | 开始 PPL 评测 | tag=ours_all_blocks_qkvo stride=512 max_eval_tokens=None
14:37:46 | INFO | PPL 评测完成 | tag=ours_all_blocks_qkvo ppl=24.753649 eval_tokens=286178 target_tokens=286178 windows=556 elapsed=28.484s
14:37:50 | INFO | ========== Sweep 单次实验结束 ==========
