14:10:21 | INFO | ========== Sweep 单次实验开始 ==========
14:10:21 | INFO | combo = {
  "target.block_indices": [
    11
  ],
  "quant.beta": 1.0,
  "quant_ext.init_mode": "random",
  "quant_ext.error_mode": "relative"
}
14:10:21 | INFO | config = {
  "data": {
    "model_name": "facebook/opt-125m",
    "dataset_name": "wikitext",
    "dataset_config": "wikitext-2-raw-v1",
    "calib_split": "train",
    "eval_split": "test",
    "calib_num_tokens": 4096,
    "eval_num_tokens": null,
    "tokenizer_use_fast": true
  },
  "quant": {
    "beta": 1.0,
    "max_iters": 80,
    "tol": 1e-05,
    "convergence_check_every": 1,
    "codebook": [
      -2.0,
      -1.0,
      0.0,
      1.0,
      2.0
    ],
    "dtype": "float32",
    "eps": 1e-08,
    "log_every": 1,
    "init_mode": "random",
    "error_mode": "relative",
    "track_u": true,
    "track_u_every": 1,
    "track_u_full_matrix": false,
    "random_init_orthogonal": true,
    "random_init_scale": 1.0
  },
  "eval": {
    "stride": 512,
    "device": "cuda"
  },
  "target": {
    "block_indices": [
      11
    ],
    "target_linear_names": [
      "q_proj",
      "k_proj",
      "v_proj",
      "out_proj"
    ]
  },
  "output_dir": "outputs_opt_qkvo_general_sweep_u_tracking\\t_block_indices_11-__q_beta_1__init_mode_random__error_mode_relative",
  "seed": 42
}
14:10:21 | INFO | 加载模型与 tokenizer：facebook/opt-125m
14:12:10 | INFO | 模型加载完成 | hidden_size=768 vocab_size=50272 device=cuda elapsed=108.966s
14:12:10 | INFO | 加载数据集 split=train
14:12:45 | INFO | split=train 加载完成 | non-empty text blocks=23767 chars=10940522 elapsed=35.478s
14:12:45 | INFO | 加载数据集 split=test
14:13:49 | INFO | split=test 加载完成 | non-empty text blocks=2891 chars=1291402 elapsed=63.631s
14:13:49 | INFO | 开始 PPL 评测 | tag=baseline_fp stride=512 max_eval_tokens=None
14:14:09 | INFO | PPL 评测完成 | tag=baseline_fp ppl=23.500643 eval_tokens=286178 target_tokens=286178 windows=556 elapsed=20.591s
14:14:23 | INFO | 开始收集目标线性层输入 hidden states | requested_tokens=4096 layers=['block11.q_proj', 'block11.k_proj', 'block11.v_proj', 'block11.out_proj']
14:14:23 | INFO | 输入收集完成 | layer=block11.q_proj collected_tokens=4096 forward_chunks=2 elapsed=0.297s X_shape=[768, 4096]
14:14:23 | INFO | 输入收集完成 | layer=block11.k_proj collected_tokens=4096 forward_chunks=2 elapsed=0.297s X_shape=[768, 4096]
14:14:23 | INFO | 输入收集完成 | layer=block11.v_proj collected_tokens=4096 forward_chunks=2 elapsed=0.297s X_shape=[768, 4096]
14:14:23 | INFO | 输入收集完成 | layer=block11.out_proj collected_tokens=4096 forward_chunks=2 elapsed=0.297s X_shape=[768, 4096]
14:14:23 | INFO | 开始为所有目标 transformer blocks 的 Q/K/V/O 线性层构建 SQ-XW 对照组。
14:14:23 | INFO | 开始计算 SQ-XW 对照组误差 | layer=block11.q_proj
14:14:23 | INFO | SQ-XW 误差计算完成 | layer=block11.q_proj rel_recon_error_x=0.934975 rel_recon_error_w=0.137037 rel_linear_error=0.841778 elapsed=0.049s
14:14:23 | INFO | SQ-XW 对照组构建完成 | layer=block11.q_proj bits=3 x_scale=3.78571439 w_scale=0.07163783
14:14:23 | INFO | 开始计算 SQ-XW 对照组误差 | layer=block11.k_proj
14:14:23 | INFO | SQ-XW 误差计算完成 | layer=block11.k_proj rel_recon_error_x=0.934975 rel_recon_error_w=0.159061 rel_linear_error=0.758373 elapsed=0.049s
14:14:23 | INFO | SQ-XW 对照组构建完成 | layer=block11.k_proj bits=3 x_scale=3.78571439 w_scale=0.07533482
14:14:23 | INFO | 开始计算 SQ-XW 对照组误差 | layer=block11.v_proj
14:14:23 | INFO | SQ-XW 误差计算完成 | layer=block11.v_proj rel_recon_error_x=0.934975 rel_recon_error_w=0.440576 rel_linear_error=1.034687 elapsed=0.050s
14:14:23 | INFO | SQ-XW 对照组构建完成 | layer=block11.v_proj bits=3 x_scale=3.78571439 w_scale=0.07139369
14:14:23 | INFO | 开始计算 SQ-XW 对照组误差 | layer=block11.out_proj
14:14:23 | INFO | SQ-XW 误差计算完成 | layer=block11.out_proj rel_recon_error_x=0.192631 rel_recon_error_w=0.744155 rel_linear_error=0.829729 elapsed=0.050s
14:14:23 | INFO | SQ-XW 对照组构建完成 | layer=block11.out_proj bits=3 x_scale=0.22572544 w_scale=0.12772043
14:14:23 | INFO | 开始 PPL 评测 | tag=sq_all_blocks_qkvo stride=512 max_eval_tokens=None
14:14:45 | INFO | PPL 评测完成 | tag=sq_all_blocks_qkvo ppl=27.267649 eval_tokens=286178 target_tokens=286178 windows=556 elapsed=21.354s
14:14:45 | INFO | 开始为目标层构建扩展量化器。
14:14:45 | INFO | block11.q_proj.X_calib stats | shape=[768, 4096] dtype=torch.float16 device=cpu mean=-0.037015 std=0.557564 min=-26.500000 max=5.378906 fro=991.028625
14:14:45 | INFO | block11.q_proj.W stats | shape=[768, 768] dtype=torch.float32 device=cpu mean=-0.000252 std=0.055656 min=-0.487549 max=0.501465 fro=42.744507
14:14:45 | INFO | 开始拟合量化器 | tag=block11.q_proj d=768 N=4096 M=768 beta=1.0000 max_iters=80 tol=1.00e-05 init_mode=random error_mode=relative
14:14:45 | INFO | tag=block11.q_proj iter=001 | J=1.187294 J_x=0.187294 J_w=1.000000 rel_change=inf | time=0.289s
14:14:45 | INFO | tag=block11.q_proj iter=002 | J=0.445188 J_x=0.130460 J_w=0.314729 rel_change=6.250395e-01 | time=0.281s
14:14:46 | INFO | tag=block11.q_proj iter=003 | J=0.233624 J_x=0.105241 J_w=0.128383 rel_change=2.115643e-01 | time=0.279s
14:14:46 | INFO | tag=block11.q_proj iter=004 | J=0.172576 J_x=0.091455 J_w=0.081121 rel_change=6.104833e-02 | time=0.287s
14:14:46 | INFO | tag=block11.q_proj iter=005 | J=0.147748 J_x=0.082826 J_w=0.064922 rel_change=2.482764e-02 | time=0.286s
14:14:47 | INFO | tag=block11.q_proj iter=006 | J=0.134493 J_x=0.077020 J_w=0.057473 rel_change=1.325507e-02 | time=0.272s
14:14:47 | INFO | tag=block11.q_proj iter=007 | J=0.126146 J_x=0.072940 J_w=0.053206 rel_change=8.346424e-03 | time=0.289s
14:14:47 | INFO | tag=block11.q_proj iter=008 | J=0.120407 J_x=0.069969 J_w=0.050438 rel_change=5.739473e-03 | time=0.293s
14:14:47 | INFO | tag=block11.q_proj iter=009 | J=0.116184 J_x=0.067740 J_w=0.048444 rel_change=4.223384e-03 | time=0.297s
14:14:48 | INFO | tag=block11.q_proj iter=010 | J=0.112917 J_x=0.066000 J_w=0.046917 rel_change=3.266416e-03 | time=0.278s
14:14:48 | INFO | tag=block11.q_proj iter=011 | J=0.110362 J_x=0.064609 J_w=0.045752 rel_change=2.555616e-03 | time=0.289s
14:14:48 | INFO | tag=block11.q_proj iter=012 | J=0.108322 J_x=0.063490 J_w=0.044832 rel_change=2.039328e-03 | time=0.279s
14:14:49 | INFO | tag=block11.q_proj iter=013 | J=0.106649 J_x=0.062572 J_w=0.044076 rel_change=1.673564e-03 | time=0.293s
14:14:49 | INFO | tag=block11.q_proj iter=014 | J=0.105246 J_x=0.061799 J_w=0.043447 rel_change=1.403004e-03 | time=0.280s
14:14:49 | INFO | tag=block11.q_proj iter=015 | J=0.104068 J_x=0.061143 J_w=0.042925 rel_change=1.177460e-03 | time=0.282s
14:14:49 | INFO | tag=block11.q_proj iter=016 | J=0.103071 J_x=0.060582 J_w=0.042488 rel_change=9.976700e-04 | time=0.289s
14:14:50 | INFO | tag=block11.q_proj iter=017 | J=0.102212 J_x=0.060099 J_w=0.042112 rel_change=8.587614e-04 | time=0.295s
14:14:50 | INFO | tag=block11.q_proj iter=018 | J=0.101475 J_x=0.059674 J_w=0.041801 rel_change=7.365942e-04 | time=0.296s
14:14:50 | INFO | tag=block11.q_proj iter=019 | J=0.100786 J_x=0.059302 J_w=0.041484 rel_change=6.889626e-04 | time=0.286s
14:14:51 | INFO | tag=block11.q_proj iter=020 | J=0.100198 J_x=0.058972 J_w=0.041227 rel_change=5.877912e-04 | time=0.279s
14:14:51 | INFO | tag=block11.q_proj iter=021 | J=0.099669 J_x=0.058679 J_w=0.040990 rel_change=5.297661e-04 | time=0.280s
14:14:51 | INFO | tag=block11.q_proj iter=022 | J=0.099185 J_x=0.058412 J_w=0.040773 rel_change=4.836544e-04 | time=0.289s
14:14:51 | INFO | tag=block11.q_proj iter=023 | J=0.098759 J_x=0.058174 J_w=0.040585 rel_change=4.260838e-04 | time=0.289s
14:14:52 | INFO | tag=block11.q_proj iter=024 | J=0.098377 J_x=0.057962 J_w=0.040415 rel_change=3.817379e-04 | time=0.283s
14:14:52 | INFO | tag=block11.q_proj iter=025 | J=0.098023 J_x=0.057777 J_w=0.040245 rel_change=3.546178e-04 | time=0.292s
14:14:52 | INFO | tag=block11.q_proj iter=026 | J=0.097716 J_x=0.057603 J_w=0.040113 rel_change=3.065765e-04 | time=0.294s
14:14:53 | INFO | tag=block11.q_proj iter=027 | J=0.097437 J_x=0.057443 J_w=0.039994 rel_change=2.786964e-04 | time=0.287s
14:14:53 | INFO | tag=block11.q_proj iter=028 | J=0.097181 J_x=0.057300 J_w=0.039882 rel_change=2.561212e-04 | time=0.291s
14:14:53 | INFO | tag=block11.q_proj iter=029 | J=0.096951 J_x=0.057169 J_w=0.039782 rel_change=2.304614e-04 | time=0.290s
14:14:53 | INFO | tag=block11.q_proj iter=030 | J=0.096730 J_x=0.057045 J_w=0.039686 rel_change=2.202317e-04 | time=0.276s
14:14:54 | INFO | tag=block11.q_proj iter=031 | J=0.096528 J_x=0.056928 J_w=0.039601 rel_change=2.020597e-04 | time=0.287s
14:14:54 | INFO | tag=block11.q_proj iter=032 | J=0.096334 J_x=0.056819 J_w=0.039515 rel_change=1.947060e-04 | time=0.290s
14:14:54 | INFO | tag=block11.q_proj iter=033 | J=0.096157 J_x=0.056716 J_w=0.039442 rel_change=1.762584e-04 | time=0.280s
14:14:55 | INFO | tag=block11.q_proj iter=034 | J=0.095986 J_x=0.056623 J_w=0.039363 rel_change=1.717135e-04 | time=0.288s
14:14:55 | INFO | tag=block11.q_proj iter=035 | J=0.095819 J_x=0.056535 J_w=0.039284 rel_change=1.664907e-04 | time=0.285s
14:14:55 | INFO | tag=block11.q_proj iter=036 | J=0.095680 J_x=0.056453 J_w=0.039227 rel_change=1.388639e-04 | time=0.283s
14:14:55 | INFO | tag=block11.q_proj iter=037 | J=0.095539 J_x=0.056376 J_w=0.039163 rel_change=1.410842e-04 | time=0.285s
14:14:56 | INFO | tag=block11.q_proj iter=038 | J=0.095412 J_x=0.056305 J_w=0.039108 rel_change=1.268387e-04 | time=0.289s
14:14:56 | INFO | tag=block11.q_proj iter=039 | J=0.095295 J_x=0.056237 J_w=0.039058 rel_change=1.170933e-04 | time=0.282s
14:14:56 | INFO | tag=block11.q_proj iter=040 | J=0.095188 J_x=0.056173 J_w=0.039015 rel_change=1.078025e-04 | time=0.290s
14:14:57 | INFO | tag=block11.q_proj iter=041 | J=0.095084 J_x=0.056112 J_w=0.038973 rel_change=1.031086e-04 | time=0.285s
14:14:57 | INFO | tag=block11.q_proj iter=042 | J=0.094993 J_x=0.056053 J_w=0.038939 rel_change=9.182096e-05 | time=0.290s
14:14:57 | INFO | tag=block11.q_proj iter=043 | J=0.094894 J_x=0.056000 J_w=0.038894 rel_change=9.895861e-05 | time=0.282s
14:14:57 | INFO | tag=block11.q_proj iter=044 | J=0.094799 J_x=0.055949 J_w=0.038850 rel_change=9.447336e-05 | time=0.289s
14:14:58 | INFO | tag=block11.q_proj iter=045 | J=0.094712 J_x=0.055902 J_w=0.038809 rel_change=8.758903e-05 | time=0.290s
14:14:58 | INFO | tag=block11.q_proj iter=046 | J=0.094631 J_x=0.055855 J_w=0.038776 rel_change=8.016825e-05 | time=0.298s
14:14:58 | INFO | tag=block11.q_proj iter=047 | J=0.094558 J_x=0.055810 J_w=0.038748 rel_change=7.335842e-05 | time=0.286s
14:14:59 | INFO | tag=block11.q_proj iter=048 | J=0.094483 J_x=0.055767 J_w=0.038715 rel_change=7.523596e-05 | time=0.283s
14:14:59 | INFO | tag=block11.q_proj iter=049 | J=0.094406 J_x=0.055729 J_w=0.038678 rel_change=7.641315e-05 | time=0.285s
14:14:59 | INFO | tag=block11.q_proj iter=050 | J=0.094339 J_x=0.055691 J_w=0.038648 rel_change=6.747246e-05 | time=0.284s
14:14:59 | INFO | tag=block11.q_proj iter=051 | J=0.094277 J_x=0.055656 J_w=0.038621 rel_change=6.215274e-05 | time=0.293s
14:15:00 | INFO | tag=block11.q_proj iter=052 | J=0.094220 J_x=0.055624 J_w=0.038596 rel_change=5.677342e-05 | time=0.287s
14:15:00 | INFO | tag=block11.q_proj iter=053 | J=0.094174 J_x=0.055593 J_w=0.038581 rel_change=4.597008e-05 | time=0.290s
14:15:00 | INFO | tag=block11.q_proj iter=054 | J=0.094125 J_x=0.055565 J_w=0.038560 rel_change=4.865229e-05 | time=0.292s
14:15:01 | INFO | tag=block11.q_proj iter=055 | J=0.094080 J_x=0.055537 J_w=0.038543 rel_change=4.550070e-05 | time=0.283s
14:15:01 | INFO | tag=block11.q_proj iter=056 | J=0.094035 J_x=0.055511 J_w=0.038524 rel_change=4.469603e-05 | time=0.285s
14:15:01 | INFO | tag=block11.q_proj iter=057 | J=0.093990 J_x=0.055486 J_w=0.038505 rel_change=4.504621e-05 | time=0.285s
14:15:01 | INFO | tag=block11.q_proj iter=058 | J=0.093947 J_x=0.055461 J_w=0.038486 rel_change=4.327297e-05 | time=0.276s
14:15:02 | INFO | tag=block11.q_proj iter=059 | J=0.093907 J_x=0.055436 J_w=0.038471 rel_change=4.009902e-05 | time=0.287s
14:15:02 | INFO | tag=block11.q_proj iter=060 | J=0.093865 J_x=0.055412 J_w=0.038453 rel_change=4.155934e-05 | time=0.284s
14:15:02 | INFO | tag=block11.q_proj iter=061 | J=0.093825 J_x=0.055389 J_w=0.038436 rel_change=4.021078e-05 | time=0.289s
14:15:03 | INFO | tag=block11.q_proj iter=062 | J=0.093788 J_x=0.055366 J_w=0.038421 rel_change=3.749877e-05 | time=0.288s
14:15:03 | INFO | tag=block11.q_proj iter=063 | J=0.093752 J_x=0.055345 J_w=0.038407 rel_change=3.523380e-05 | time=0.288s
14:15:03 | INFO | tag=block11.q_proj iter=064 | J=0.093719 J_x=0.055324 J_w=0.038395 rel_change=3.332645e-05 | time=0.288s
14:15:03 | INFO | tag=block11.q_proj iter=065 | J=0.093683 J_x=0.055304 J_w=0.038380 rel_change=3.558397e-05 | time=0.285s
14:15:04 | INFO | tag=block11.q_proj iter=066 | J=0.093652 J_x=0.055283 J_w=0.038369 rel_change=3.150105e-05 | time=0.283s
14:15:04 | INFO | tag=block11.q_proj iter=067 | J=0.093618 J_x=0.055264 J_w=0.038354 rel_change=3.424287e-05 | time=0.294s
14:15:04 | INFO | tag=block11.q_proj iter=068 | J=0.093589 J_x=0.055245 J_w=0.038344 rel_change=2.835691e-05 | time=0.288s
14:15:05 | INFO | tag=block11.q_proj iter=069 | J=0.093560 J_x=0.055228 J_w=0.038332 rel_change=2.902001e-05 | time=0.289s
14:15:05 | INFO | tag=block11.q_proj iter=070 | J=0.093535 J_x=0.055211 J_w=0.038324 rel_change=2.560019e-05 | time=0.289s
14:15:05 | INFO | tag=block11.q_proj iter=071 | J=0.093508 J_x=0.055196 J_w=0.038313 rel_change=2.623349e-05 | time=0.283s
14:15:06 | INFO | tag=block11.q_proj iter=072 | J=0.093482 J_x=0.055181 J_w=0.038300 rel_change=2.682954e-05 | time=0.288s
14:15:06 | INFO | tag=block11.q_proj iter=073 | J=0.093458 J_x=0.055168 J_w=0.038290 rel_change=2.378970e-05 | time=0.286s
14:15:06 | INFO | tag=block11.q_proj iter=074 | J=0.093433 J_x=0.055155 J_w=0.038277 rel_change=2.524257e-05 | time=0.294s
14:15:06 | INFO | tag=block11.q_proj iter=075 | J=0.093412 J_x=0.055142 J_w=0.038270 rel_change=2.099574e-05 | time=0.299s
14:15:07 | INFO | tag=block11.q_proj iter=076 | J=0.093388 J_x=0.055129 J_w=0.038260 rel_change=2.316386e-05 | time=0.292s
14:15:07 | INFO | tag=block11.q_proj iter=077 | J=0.093369 J_x=0.055116 J_w=0.038253 rel_change=1.988560e-05 | time=0.296s
14:15:07 | INFO | tag=block11.q_proj iter=078 | J=0.093346 J_x=0.055103 J_w=0.038243 rel_change=2.203882e-05 | time=0.285s
14:15:08 | INFO | tag=block11.q_proj iter=079 | J=0.093323 J_x=0.055091 J_w=0.038232 rel_change=2.299249e-05 | time=0.291s
14:15:08 | INFO | tag=block11.q_proj iter=080 | J=0.093304 J_x=0.055080 J_w=0.038224 rel_change=1.994520e-05 | time=0.290s
14:15:08 | INFO | 量化器拟合完成 | tag=block11.q_proj convergence_iter=80 total_fit_time=23.040s
14:15:08 | INFO | 开始计算重建/近似误差 | layer=block11.q_proj error_mode=relative
14:15:08 | INFO | 误差计算完成 | layer=block11.q_proj err_x=0.055012 err_w=0.038223 rel_linear_error=0.055811 elapsed=0.191s
14:15:10 | INFO | block11.k_proj.X_calib stats | shape=[768, 4096] dtype=torch.float16 device=cpu mean=-0.037015 std=0.557564 min=-26.500000 max=5.378906 fro=991.028625
14:15:10 | INFO | block11.k_proj.W stats | shape=[768, 768] dtype=torch.float32 device=cpu mean=0.000053 std=0.054432 min=-0.527344 max=0.527344 fro=41.803741
14:15:10 | INFO | 开始拟合量化器 | tag=block11.k_proj d=768 N=4096 M=768 beta=1.0000 max_iters=80 tol=1.00e-05 init_mode=random error_mode=relative
14:15:10 | INFO | tag=block11.k_proj iter=001 | J=1.187367 J_x=0.187367 J_w=1.000000 rel_change=inf | time=0.283s
14:15:11 | INFO | tag=block11.k_proj iter=002 | J=0.444860 J_x=0.130245 J_w=0.314615 rel_change=6.253390e-01 | time=0.288s
14:15:11 | INFO | tag=block11.k_proj iter=003 | J=0.233288 J_x=0.105037 J_w=0.128251 rel_change=2.115721e-01 | time=0.293s
14:15:11 | INFO | tag=block11.k_proj iter=004 | J=0.172247 J_x=0.091268 J_w=0.080979 rel_change=6.104127e-02 | time=0.289s
14:15:11 | INFO | tag=block11.k_proj iter=005 | J=0.147561 J_x=0.082680 J_w=0.064881 rel_change=2.468559e-02 | time=0.296s
14:15:12 | INFO | tag=block11.k_proj iter=006 | J=0.134372 J_x=0.076917 J_w=0.057455 rel_change=1.318945e-02 | time=0.295s
14:15:12 | INFO | tag=block11.k_proj iter=007 | J=0.126065 J_x=0.072848 J_w=0.053217 rel_change=8.306667e-03 | time=0.289s
14:15:12 | INFO | tag=block11.k_proj iter=008 | J=0.120302 J_x=0.069907 J_w=0.050395 rel_change=5.762786e-03 | time=0.282s
14:15:13 | INFO | tag=block11.k_proj iter=009 | J=0.116072 J_x=0.067660 J_w=0.048412 rel_change=4.230350e-03 | time=0.288s
14:15:13 | INFO | tag=block11.k_proj iter=010 | J=0.112830 J_x=0.065920 J_w=0.046910 rel_change=3.241763e-03 | time=0.289s
14:15:13 | INFO | tag=block11.k_proj iter=011 | J=0.110313 J_x=0.064532 J_w=0.045781 rel_change=2.516724e-03 | time=0.291s
14:15:14 | INFO | tag=block11.k_proj iter=012 | J=0.108273 J_x=0.063401 J_w=0.044871 rel_change=2.040841e-03 | time=0.288s
14:15:14 | INFO | tag=block11.k_proj iter=013 | J=0.106598 J_x=0.062469 J_w=0.044129 rel_change=1.674488e-03 | time=0.301s
14:15:14 | INFO | tag=block11.k_proj iter=014 | J=0.105216 J_x=0.061690 J_w=0.043526 rel_change=1.381949e-03 | time=0.292s
14:15:14 | INFO | tag=block11.k_proj iter=015 | J=0.104044 J_x=0.061032 J_w=0.043012 rel_change=1.172036e-03 | time=0.282s
14:15:15 | INFO | tag=block11.k_proj iter=016 | J=0.103033 J_x=0.060463 J_w=0.042570 rel_change=1.011401e-03 | time=0.289s
14:15:15 | INFO | tag=block11.k_proj iter=017 | J=0.102142 J_x=0.059971 J_w=0.042171 rel_change=8.903444e-04 | time=0.283s
14:15:15 | INFO | tag=block11.k_proj iter=018 | J=0.101357 J_x=0.059544 J_w=0.041813 rel_change=7.857680e-04 | time=0.288s
14:15:16 | INFO | tag=block11.k_proj iter=019 | J=0.100675 J_x=0.059158 J_w=0.041517 rel_change=6.816015e-04 | time=0.275s
14:15:16 | INFO | tag=block11.k_proj iter=020 | J=0.100080 J_x=0.058816 J_w=0.041263 rel_change=5.953833e-04 | time=0.294s
14:15:16 | INFO | tag=block11.k_proj iter=021 | J=0.099535 J_x=0.058514 J_w=0.041021 rel_change=5.445182e-04 | time=0.302s
14:15:16 | INFO | tag=block11.k_proj iter=022 | J=0.099056 J_x=0.058243 J_w=0.040813 rel_change=4.793257e-04 | time=0.286s
14:15:17 | INFO | tag=block11.k_proj iter=023 | J=0.098628 J_x=0.057997 J_w=0.040631 rel_change=4.282147e-04 | time=0.298s
14:15:17 | INFO | tag=block11.k_proj iter=024 | J=0.098245 J_x=0.057773 J_w=0.040472 rel_change=3.824085e-04 | time=0.295s
14:15:17 | INFO | tag=block11.k_proj iter=025 | J=0.097892 J_x=0.057573 J_w=0.040319 rel_change=3.531128e-04 | time=0.301s
14:15:18 | INFO | tag=block11.k_proj iter=026 | J=0.097573 J_x=0.057387 J_w=0.040186 rel_change=3.192574e-04 | time=0.287s
14:15:18 | INFO | tag=block11.k_proj iter=027 | J=0.097277 J_x=0.057213 J_w=0.040064 rel_change=2.956465e-04 | time=0.289s
14:15:18 | INFO | tag=block11.k_proj iter=028 | J=0.096987 J_x=0.057058 J_w=0.039929 rel_change=2.898499e-04 | time=0.302s
14:15:18 | INFO | tag=block11.k_proj iter=029 | J=0.096731 J_x=0.056913 J_w=0.039818 rel_change=2.564713e-04 | time=0.294s
14:15:19 | INFO | tag=block11.k_proj iter=030 | J=0.096506 J_x=0.056780 J_w=0.039725 rel_change=2.250001e-04 | time=0.285s
14:15:19 | INFO | tag=block11.k_proj iter=031 | J=0.096302 J_x=0.056659 J_w=0.039643 rel_change=2.034605e-04 | time=0.293s
14:15:19 | INFO | tag=block11.k_proj iter=032 | J=0.096102 J_x=0.056551 J_w=0.039551 rel_change=1.999140e-04 | time=0.284s
14:15:20 | INFO | tag=block11.k_proj iter=033 | J=0.095931 J_x=0.056446 J_w=0.039485 rel_change=1.714677e-04 | time=0.299s
14:15:20 | INFO | tag=block11.k_proj iter=034 | J=0.095759 J_x=0.056349 J_w=0.039409 rel_change=1.724213e-04 | time=0.299s
14:15:20 | INFO | tag=block11.k_proj iter=035 | J=0.095603 J_x=0.056259 J_w=0.039344 rel_change=1.551807e-04 | time=0.286s
14:15:21 | INFO | tag=block11.k_proj iter=036 | J=0.095459 J_x=0.056178 J_w=0.039281 rel_change=1.443774e-04 | time=0.295s
14:15:21 | INFO | tag=block11.k_proj iter=037 | J=0.095327 J_x=0.056103 J_w=0.039224 rel_change=1.320615e-04 | time=0.291s
14:15:21 | INFO | tag=block11.k_proj iter=038 | J=0.095201 J_x=0.056033 J_w=0.039167 rel_change=1.263395e-04 | time=0.297s
14:15:21 | INFO | tag=block11.k_proj iter=039 | J=0.095086 J_x=0.055967 J_w=0.039119 rel_change=1.150519e-04 | time=0.295s
14:15:22 | INFO | tag=block11.k_proj iter=040 | J=0.094979 J_x=0.055904 J_w=0.039076 rel_change=1.060963e-04 | time=0.297s
14:15:22 | INFO | tag=block11.k_proj iter=041 | J=0.094883 J_x=0.055844 J_w=0.039039 rel_change=9.658188e-05 | time=0.296s
14:15:22 | INFO | tag=block11.k_proj iter=042 | J=0.094782 J_x=0.055788 J_w=0.038994 rel_change=1.006126e-04 | time=0.289s
14:15:23 | INFO | tag=block11.k_proj iter=043 | J=0.094688 J_x=0.055735 J_w=0.038952 rel_change=9.442121e-05 | time=0.291s
14:15:23 | INFO | tag=block11.k_proj iter=044 | J=0.094598 J_x=0.055685 J_w=0.038913 rel_change=8.998811e-05 | time=0.291s
14:15:23 | INFO | tag=block11.k_proj iter=045 | J=0.094513 J_x=0.055637 J_w=0.038876 rel_change=8.508563e-05 | time=0.298s
14:15:23 | INFO | tag=block11.k_proj iter=046 | J=0.094441 J_x=0.055591 J_w=0.038849 rel_change=7.186085e-05 | time=0.288s
14:15:24 | INFO | tag=block11.k_proj iter=047 | J=0.094364 J_x=0.055549 J_w=0.038815 rel_change=7.724017e-05 | time=0.291s
14:15:24 | INFO | tag=block11.k_proj iter=048 | J=0.094289 J_x=0.055507 J_w=0.038783 rel_change=7.437170e-05 | time=0.289s
14:15:24 | INFO | tag=block11.k_proj iter=049 | J=0.094217 J_x=0.055465 J_w=0.038752 rel_change=7.191300e-05 | time=0.285s
14:15:25 | INFO | tag=block11.k_proj iter=050 | J=0.094144 J_x=0.055425 J_w=0.038719 rel_change=7.324666e-05 | time=0.294s
14:15:25 | INFO | tag=block11.k_proj iter=051 | J=0.094076 J_x=0.055388 J_w=0.038688 rel_change=6.788969e-05 | time=0.288s
14:15:25 | INFO | tag=block11.k_proj iter=052 | J=0.094011 J_x=0.055353 J_w=0.038658 rel_change=6.474555e-05 | time=0.294s
14:15:25 | INFO | tag=block11.k_proj iter=053 | J=0.093945 J_x=0.055319 J_w=0.038626 rel_change=6.597489e-05 | time=0.298s
14:15:26 | INFO | tag=block11.k_proj iter=054 | J=0.093887 J_x=0.055286 J_w=0.038601 rel_change=5.889684e-05 | time=0.297s
14:15:26 | INFO | tag=block11.k_proj iter=055 | J=0.093830 J_x=0.055257 J_w=0.038573 rel_change=5.647540e-05 | time=0.284s
14:15:26 | INFO | tag=block11.k_proj iter=056 | J=0.093775 J_x=0.055227 J_w=0.038547 rel_change=5.548447e-05 | time=0.295s
14:15:27 | INFO | tag=block11.k_proj iter=057 | J=0.093721 J_x=0.055200 J_w=0.038521 rel_change=5.330890e-05 | time=0.282s
14:15:27 | INFO | tag=block11.k_proj iter=058 | J=0.093673 J_x=0.055171 J_w=0.038503 rel_change=4.792213e-05 | time=0.290s
14:15:27 | INFO | tag=block11.k_proj iter=059 | J=0.093631 J_x=0.055143 J_w=0.038488 rel_change=4.230440e-05 | time=0.292s
14:15:28 | INFO | tag=block11.k_proj iter=060 | J=0.093588 J_x=0.055119 J_w=0.038469 rel_change=4.275143e-05 | time=0.276s
14:15:28 | INFO | tag=block11.k_proj iter=061 | J=0.093544 J_x=0.055095 J_w=0.038449 rel_change=4.442781e-05 | time=0.295s
14:15:28 | INFO | tag=block11.k_proj iter=062 | J=0.093504 J_x=0.055071 J_w=0.038433 rel_change=3.992021e-05 | time=0.284s
14:15:28 | INFO | tag=block11.k_proj iter=063 | J=0.093462 J_x=0.055047 J_w=0.038415 rel_change=4.176795e-05 | time=0.299s
14:15:29 | INFO | tag=block11.k_proj iter=064 | J=0.093420 J_x=0.055025 J_w=0.038394 rel_change=4.266202e-05 | time=0.278s
14:15:29 | INFO | tag=block11.k_proj iter=065 | J=0.093379 J_x=0.055003 J_w=0.038375 rel_change=4.096329e-05 | time=0.295s
14:15:29 | INFO | tag=block11.k_proj iter=066 | J=0.093338 J_x=0.054982 J_w=0.038356 rel_change=4.050136e-05 | time=0.291s
14:15:30 | INFO | tag=block11.k_proj iter=067 | J=0.093297 J_x=0.054961 J_w=0.038336 rel_change=4.096329e-05 | time=0.294s
14:15:30 | INFO | tag=block11.k_proj iter=068 | J=0.093262 J_x=0.054941 J_w=0.038321 rel_change=3.539026e-05 | time=0.293s
14:15:30 | INFO | tag=block11.k_proj iter=069 | J=0.093223 J_x=0.054920 J_w=0.038303 rel_change=3.903359e-05 | time=0.303s
14:15:30 | INFO | tag=block11.k_proj iter=070 | J=0.093189 J_x=0.054899 J_w=0.038289 rel_change=3.398210e-05 | time=0.275s
14:15:31 | INFO | tag=block11.k_proj iter=071 | J=0.093154 J_x=0.054879 J_w=0.038275 rel_change=3.446639e-05 | time=0.286s
14:15:31 | INFO | tag=block11.k_proj iter=072 | J=0.093117 J_x=0.054860 J_w=0.038257 rel_change=3.764033e-05 | time=0.278s
14:15:31 | INFO | tag=block11.k_proj iter=073 | J=0.093084 J_x=0.054841 J_w=0.038243 rel_change=3.270805e-05 | time=0.295s
14:15:32 | INFO | tag=block11.k_proj iter=074 | J=0.093054 J_x=0.054824 J_w=0.038230 rel_change=3.027916e-05 | time=0.298s
14:15:32 | INFO | tag=block11.k_proj iter=075 | J=0.093025 J_x=0.054807 J_w=0.038218 rel_change=2.860278e-05 | time=0.295s
14:15:32 | INFO | tag=block11.k_proj iter=076 | J=0.092998 J_x=0.054791 J_w=0.038207 rel_change=2.681464e-05 | time=0.294s
14:15:32 | INFO | tag=block11.k_proj iter=077 | J=0.092975 J_x=0.054777 J_w=0.038198 rel_change=2.333522e-05 | time=0.288s
14:15:33 | INFO | tag=block11.k_proj iter=078 | J=0.092947 J_x=0.054763 J_w=0.038184 rel_change=2.768636e-05 | time=0.292s
14:15:33 | INFO | tag=block11.k_proj iter=079 | J=0.092926 J_x=0.054748 J_w=0.038178 rel_change=2.147257e-05 | time=0.302s
14:15:33 | INFO | tag=block11.k_proj iter=080 | J=0.092905 J_x=0.054734 J_w=0.038171 rel_change=2.032518e-05 | time=0.282s
14:15:33 | INFO | 量化器拟合完成 | tag=block11.k_proj convergence_iter=80 total_fit_time=23.348s
14:15:33 | INFO | 开始计算重建/近似误差 | layer=block11.k_proj error_mode=relative
14:15:34 | INFO | 误差计算完成 | layer=block11.k_proj err_x=0.054673 err_w=0.038180 rel_linear_error=0.050910 elapsed=0.194s
14:15:35 | INFO | block11.v_proj.X_calib stats | shape=[768, 4096] dtype=torch.float16 device=cpu mean=-0.037015 std=0.557564 min=-26.500000 max=5.378906 fro=991.028625
14:15:36 | INFO | block11.v_proj.W stats | shape=[768, 768] dtype=torch.float32 device=cpu mean=0.000046 std=0.029483 min=-0.499756 max=0.195679 fro=22.642700
14:15:36 | INFO | 开始拟合量化器 | tag=block11.v_proj d=768 N=4096 M=768 beta=1.0000 max_iters=80 tol=1.00e-05 init_mode=random error_mode=relative
14:15:36 | INFO | tag=block11.v_proj iter=001 | J=1.187328 J_x=0.187328 J_w=1.000000 rel_change=inf | time=0.280s
14:15:36 | INFO | tag=block11.v_proj iter=002 | J=0.452834 J_x=0.130978 J_w=0.321856 rel_change=6.186105e-01 | time=0.282s
14:15:36 | INFO | tag=block11.v_proj iter=003 | J=0.244759 J_x=0.105619 J_w=0.139140 rel_change=2.080757e-01 | time=0.295s
14:15:37 | INFO | tag=block11.v_proj iter=004 | J=0.180223 J_x=0.091915 J_w=0.088308 rel_change=6.453604e-02 | time=0.293s
14:15:37 | INFO | tag=block11.v_proj iter=005 | J=0.153264 J_x=0.083174 J_w=0.070089 rel_change=2.695906e-02 | time=0.300s
14:15:37 | INFO | tag=block11.v_proj iter=006 | J=0.138750 J_x=0.077310 J_w=0.061440 rel_change=1.451328e-02 | time=0.302s
14:15:38 | INFO | tag=block11.v_proj iter=007 | J=0.129636 J_x=0.073189 J_w=0.056447 rel_change=9.114519e-03 | time=0.294s
14:15:38 | INFO | tag=block11.v_proj iter=008 | J=0.123328 J_x=0.070184 J_w=0.053144 rel_change=6.307915e-03 | time=0.294s
14:15:38 | INFO | tag=block11.v_proj iter=009 | J=0.118745 J_x=0.067921 J_w=0.050824 rel_change=4.582539e-03 | time=0.292s
14:15:38 | INFO | tag=block11.v_proj iter=010 | J=0.115264 J_x=0.066171 J_w=0.049094 rel_change=3.481001e-03 | time=0.292s
14:15:39 | INFO | tag=block11.v_proj iter=011 | J=0.112577 J_x=0.064786 J_w=0.047791 rel_change=2.687864e-03 | time=0.293s
14:15:39 | INFO | tag=block11.v_proj iter=012 | J=0.110414 J_x=0.063668 J_w=0.046746 rel_change=2.163000e-03 | time=0.296s
14:15:39 | INFO | tag=block11.v_proj iter=013 | J=0.108613 J_x=0.062750 J_w=0.045862 rel_change=1.800887e-03 | time=0.289s
14:15:40 | INFO | tag=block11.v_proj iter=014 | J=0.107111 J_x=0.061971 J_w=0.045140 rel_change=1.501478e-03 | time=0.289s
14:15:40 | INFO | tag=block11.v_proj iter=015 | J=0.105870 J_x=0.061303 J_w=0.044567 rel_change=1.240872e-03 | time=0.292s
14:15:40 | INFO | tag=block11.v_proj iter=016 | J=0.104805 J_x=0.060736 J_w=0.044069 rel_change=1.064904e-03 | time=0.299s
14:15:41 | INFO | tag=block11.v_proj iter=017 | J=0.103868 J_x=0.060246 J_w=0.043622 rel_change=9.372830e-04 | time=0.293s
14:15:41 | INFO | tag=block11.v_proj iter=018 | J=0.103080 J_x=0.059818 J_w=0.043262 rel_change=7.880330e-04 | time=0.282s
14:15:41 | INFO | tag=block11.v_proj iter=019 | J=0.102364 J_x=0.059445 J_w=0.042918 rel_change=7.165447e-04 | time=0.273s
14:15:41 | INFO | tag=block11.v_proj iter=020 | J=0.101734 J_x=0.059113 J_w=0.042621 rel_change=6.296188e-04 | time=0.171s
14:15:41 | INFO | tag=block11.v_proj iter=021 | J=0.101180 J_x=0.058821 J_w=0.042359 rel_change=5.541816e-04 | time=0.165s
14:15:42 | INFO | tag=block11.v_proj iter=022 | J=0.100682 J_x=0.058557 J_w=0.042126 rel_change=4.972890e-04 | time=0.159s
14:15:42 | INFO | tag=block11.v_proj iter=023 | J=0.100229 J_x=0.058319 J_w=0.041910 rel_change=4.535839e-04 | time=0.292s
14:15:42 | INFO | tag=block11.v_proj iter=024 | J=0.099817 J_x=0.058101 J_w=0.041716 rel_change=4.117116e-04 | time=0.292s
14:15:42 | INFO | tag=block11.v_proj iter=025 | J=0.099444 J_x=0.057901 J_w=0.041543 rel_change=3.731325e-04 | time=0.289s
14:15:43 | INFO | tag=block11.v_proj iter=026 | J=0.099112 J_x=0.057720 J_w=0.041392 rel_change=3.317744e-04 | time=0.283s
14:15:43 | INFO | tag=block11.v_proj iter=027 | J=0.098789 J_x=0.057552 J_w=0.041237 rel_change=3.232360e-04 | time=0.290s
14:15:43 | INFO | tag=block11.v_proj iter=028 | J=0.098493 J_x=0.057399 J_w=0.041094 rel_change=2.961755e-04 | time=0.278s
14:15:44 | INFO | tag=block11.v_proj iter=029 | J=0.098234 J_x=0.057253 J_w=0.040981 rel_change=2.588406e-04 | time=0.297s
14:15:44 | INFO | tag=block11.v_proj iter=030 | J=0.097994 J_x=0.057120 J_w=0.040874 rel_change=2.396926e-04 | time=0.295s
14:15:44 | INFO | tag=block11.v_proj iter=031 | J=0.097778 J_x=0.056998 J_w=0.040780 rel_change=2.162755e-04 | time=0.290s
14:15:44 | INFO | tag=block11.v_proj iter=032 | J=0.097569 J_x=0.056886 J_w=0.040683 rel_change=2.090111e-04 | time=0.289s
14:15:45 | INFO | tag=block11.v_proj iter=033 | J=0.097377 J_x=0.056782 J_w=0.040596 rel_change=1.916364e-04 | time=0.291s
14:15:45 | INFO | tag=block11.v_proj iter=034 | J=0.097199 J_x=0.056682 J_w=0.040516 rel_change=1.788437e-04 | time=0.292s
14:15:45 | INFO | tag=block11.v_proj iter=035 | J=0.097027 J_x=0.056592 J_w=0.040435 rel_change=1.717061e-04 | time=0.284s
14:15:46 | INFO | tag=block11.v_proj iter=036 | J=0.096865 J_x=0.056510 J_w=0.040356 rel_change=1.614094e-04 | time=0.298s
14:15:46 | INFO | tag=block11.v_proj iter=037 | J=0.096719 J_x=0.056431 J_w=0.040288 rel_change=1.466945e-04 | time=0.289s
14:15:46 | INFO | tag=block11.v_proj iter=038 | J=0.096577 J_x=0.056358 J_w=0.040219 rel_change=1.414269e-04 | time=0.291s
14:15:47 | INFO | tag=block11.v_proj iter=039 | J=0.096447 J_x=0.056288 J_w=0.040159 rel_change=1.306608e-04 | time=0.292s
14:15:47 | INFO | tag=block11.v_proj iter=040 | J=0.096319 J_x=0.056221 J_w=0.040099 rel_change=1.271516e-04 | time=0.301s
14:15:47 | INFO | tag=block11.v_proj iter=041 | J=0.096208 J_x=0.056157 J_w=0.040051 rel_change=1.109689e-04 | time=0.287s
14:15:47 | INFO | tag=block11.v_proj iter=042 | J=0.096092 J_x=0.056099 J_w=0.039993 rel_change=1.160949e-04 | time=0.292s
14:15:48 | INFO | tag=block11.v_proj iter=043 | J=0.095988 J_x=0.056044 J_w=0.039944 rel_change=1.048446e-04 | time=0.308s
14:15:48 | INFO | tag=block11.v_proj iter=044 | J=0.095893 J_x=0.055989 J_w=0.039904 rel_change=9.491295e-05 | time=0.300s
14:15:48 | INFO | tag=block11.v_proj iter=045 | J=0.095793 J_x=0.055938 J_w=0.039855 rel_change=9.934604e-05 | time=0.305s
14:15:49 | INFO | tag=block11.v_proj iter=046 | J=0.095704 J_x=0.055887 J_w=0.039817 rel_change=8.901209e-05 | time=0.295s
14:15:49 | INFO | tag=block11.v_proj iter=047 | J=0.095620 J_x=0.055841 J_w=0.039778 rel_change=8.466840e-05 | time=0.296s
14:15:49 | INFO | tag=block11.v_proj iter=048 | J=0.095541 J_x=0.055799 J_w=0.039742 rel_change=7.859617e-05 | time=0.297s
14:15:49 | INFO | tag=block11.v_proj iter=049 | J=0.095466 J_x=0.055759 J_w=0.039707 rel_change=7.519871e-05 | time=0.298s
14:15:50 | INFO | tag=block11.v_proj iter=050 | J=0.095398 J_x=0.055719 J_w=0.039679 rel_change=6.806105e-05 | time=0.306s
14:15:50 | INFO | tag=block11.v_proj iter=051 | J=0.095330 J_x=0.055681 J_w=0.039650 rel_change=6.728619e-05 | time=0.295s
14:15:50 | INFO | tag=block11.v_proj iter=052 | J=0.095267 J_x=0.055643 J_w=0.039624 rel_change=6.321073e-05 | time=0.297s
14:15:51 | INFO | tag=block11.v_proj iter=053 | J=0.095196 J_x=0.055607 J_w=0.039589 rel_change=7.143617e-05 | time=0.305s
14:15:51 | INFO | tag=block11.v_proj iter=054 | J=0.095133 J_x=0.055572 J_w=0.039561 rel_change=6.286800e-05 | time=0.300s
14:15:51 | INFO | tag=block11.v_proj iter=055 | J=0.095074 J_x=0.055539 J_w=0.039535 rel_change=5.897880e-05 | time=0.301s
14:15:52 | INFO | tag=block11.v_proj iter=056 | J=0.095014 J_x=0.055508 J_w=0.039507 rel_change=5.994737e-05 | time=0.292s
14:15:52 | INFO | tag=block11.v_proj iter=057 | J=0.094960 J_x=0.055480 J_w=0.039481 rel_change=5.397946e-05 | time=0.287s
14:15:52 | INFO | tag=block11.v_proj iter=058 | J=0.094908 J_x=0.055453 J_w=0.039455 rel_change=5.217642e-05 | time=0.284s
14:15:52 | INFO | tag=block11.v_proj iter=059 | J=0.094860 J_x=0.055426 J_w=0.039434 rel_change=4.774332e-05 | time=0.287s
14:15:53 | INFO | tag=block11.v_proj iter=060 | J=0.094812 J_x=0.055401 J_w=0.039411 rel_change=4.798174e-05 | time=0.297s
14:15:53 | INFO | tag=block11.v_proj iter=061 | J=0.094770 J_x=0.055377 J_w=0.039393 rel_change=4.257262e-05 | time=0.296s
14:15:53 | INFO | tag=block11.v_proj iter=062 | J=0.094732 J_x=0.055354 J_w=0.039378 rel_change=3.774464e-05 | time=0.289s
14:15:54 | INFO | tag=block11.v_proj iter=063 | J=0.094694 J_x=0.055331 J_w=0.039363 rel_change=3.799796e-05 | time=0.286s
14:15:54 | INFO | tag=block11.v_proj iter=064 | J=0.094655 J_x=0.055309 J_w=0.039346 rel_change=3.911555e-05 | time=0.291s
14:15:54 | INFO | tag=block11.v_proj iter=065 | J=0.094623 J_x=0.055286 J_w=0.039337 rel_change=3.176928e-05 | time=0.289s
14:15:54 | INFO | tag=block11.v_proj iter=066 | J=0.094584 J_x=0.055266 J_w=0.039318 rel_change=3.911555e-05 | time=0.293s
14:15:55 | INFO | tag=block11.v_proj iter=067 | J=0.094550 J_x=0.055245 J_w=0.039305 rel_change=3.360212e-05 | time=0.289s
14:15:55 | INFO | tag=block11.v_proj iter=068 | J=0.094516 J_x=0.055225 J_w=0.039292 rel_change=3.388524e-05 | time=0.292s
14:15:55 | INFO | tag=block11.v_proj iter=069 | J=0.094480 J_x=0.055206 J_w=0.039274 rel_change=3.674626e-05 | time=0.299s
14:15:56 | INFO | tag=block11.v_proj iter=070 | J=0.094442 J_x=0.055187 J_w=0.039255 rel_change=3.764033e-05 | time=0.297s
14:15:56 | INFO | tag=block11.v_proj iter=071 | J=0.094409 J_x=0.055168 J_w=0.039242 rel_change=3.260374e-05 | time=0.288s
14:15:56 | INFO | tag=block11.v_proj iter=072 | J=0.094374 J_x=0.055149 J_w=0.039225 rel_change=3.578514e-05 | time=0.291s
14:15:57 | INFO | tag=block11.v_proj iter=073 | J=0.094341 J_x=0.055130 J_w=0.039211 rel_change=3.272295e-05 | time=0.291s
14:15:57 | INFO | tag=block11.v_proj iter=074 | J=0.094308 J_x=0.055114 J_w=0.039193 rel_change=3.311038e-05 | time=0.314s
14:15:57 | INFO | tag=block11.v_proj iter=075 | J=0.094274 J_x=0.055097 J_w=0.039177 rel_change=3.374368e-05 | time=0.313s
14:15:57 | INFO | tag=block11.v_proj iter=076 | J=0.094246 J_x=0.055080 J_w=0.039167 rel_change=2.752244e-05 | time=0.311s
14:15:58 | INFO | tag=block11.v_proj iter=077 | J=0.094216 J_x=0.055065 J_w=0.039152 rel_change=3.022701e-05 | time=0.289s
14:15:58 | INFO | tag=block11.v_proj iter=078 | J=0.094188 J_x=0.055050 J_w=0.039138 rel_change=2.802908e-05 | time=0.303s
14:15:58 | INFO | tag=block11.v_proj iter=079 | J=0.094162 J_x=0.055036 J_w=0.039126 rel_change=2.600998e-05 | time=0.296s
14:15:59 | INFO | tag=block11.v_proj iter=080 | J=0.094139 J_x=0.055023 J_w=0.039116 rel_change=2.337992e-05 | time=0.242s
14:15:59 | INFO | 量化器拟合完成 | tag=block11.v_proj convergence_iter=80 total_fit_time=23.118s
14:15:59 | INFO | 开始计算重建/近似误差 | layer=block11.v_proj error_mode=relative
14:15:59 | INFO | 误差计算完成 | layer=block11.v_proj err_x=0.054966 err_w=0.038909 rel_linear_error=0.135183 elapsed=0.130s
14:16:00 | INFO | block11.out_proj.X_calib stats | shape=[768, 4096] dtype=torch.float16 device=cpu mean=-0.000149 std=0.126649 min=-1.580078 max=1.531250 fro=224.591049
14:16:00 | INFO | block11.out_proj.W stats | shape=[768, 768] dtype=torch.float32 device=cpu mean=-0.000020 std=0.031479 min=-0.875977 max=0.894043 fro=24.176212
14:16:00 | INFO | 开始拟合量化器 | tag=block11.out_proj d=768 N=4096 M=768 beta=1.0000 max_iters=80 tol=1.00e-05 init_mode=random error_mode=relative
14:16:00 | INFO | tag=block11.out_proj iter=001 | J=1.952768 J_x=0.952972 J_w=0.999795 rel_change=inf | time=0.180s
14:16:00 | INFO | tag=block11.out_proj iter=002 | J=0.541845 J_x=0.261230 J_w=0.280616 rel_change=7.225244e-01 | time=0.164s
14:16:01 | INFO | tag=block11.out_proj iter=003 | J=0.302448 J_x=0.186780 J_w=0.115669 rel_change=2.393972e-01 | time=0.177s
14:16:01 | INFO | tag=block11.out_proj iter=004 | J=0.224554 J_x=0.153877 J_w=0.070677 rel_change=7.789364e-02 | time=0.184s
14:16:01 | INFO | tag=block11.out_proj iter=005 | J=0.193733 J_x=0.136726 J_w=0.057008 rel_change=3.082104e-02 | time=0.185s
14:16:01 | INFO | tag=block11.out_proj iter=006 | J=0.177231 J_x=0.126455 J_w=0.050775 rel_change=1.650280e-02 | time=0.168s
14:16:01 | INFO | tag=block11.out_proj iter=007 | J=0.166767 J_x=0.119476 J_w=0.047291 rel_change=1.046392e-02 | time=0.170s
14:16:02 | INFO | tag=block11.out_proj iter=008 | J=0.159269 J_x=0.114284 J_w=0.044984 rel_change=7.497981e-03 | time=0.163s
14:16:02 | INFO | tag=block11.out_proj iter=009 | J=0.153488 J_x=0.110221 J_w=0.043266 rel_change=5.781204e-03 | time=0.167s
14:16:02 | INFO | tag=block11.out_proj iter=010 | J=0.148928 J_x=0.106960 J_w=0.041967 rel_change=4.559979e-03 | time=0.168s
14:16:02 | INFO | tag=block11.out_proj iter=011 | J=0.145172 J_x=0.104275 J_w=0.040897 rel_change=3.755480e-03 | time=0.169s
14:16:02 | INFO | tag=block11.out_proj iter=012 | J=0.142078 J_x=0.102023 J_w=0.040054 rel_change=3.094360e-03 | time=0.192s
14:16:02 | INFO | tag=block11.out_proj iter=013 | J=0.139466 J_x=0.100087 J_w=0.039379 rel_change=2.611533e-03 | time=0.176s
14:16:03 | INFO | tag=block11.out_proj iter=014 | J=0.137160 J_x=0.098410 J_w=0.038750 rel_change=2.305850e-03 | time=0.165s
14:16:03 | INFO | tag=block11.out_proj iter=015 | J=0.135179 J_x=0.096970 J_w=0.038209 rel_change=1.981556e-03 | time=0.170s
14:16:03 | INFO | tag=block11.out_proj iter=016 | J=0.133475 J_x=0.095715 J_w=0.037761 rel_change=1.703277e-03 | time=0.173s
14:16:03 | INFO | tag=block11.out_proj iter=017 | J=0.131953 J_x=0.094602 J_w=0.037351 rel_change=1.522601e-03 | time=0.172s
14:16:03 | INFO | tag=block11.out_proj iter=018 | J=0.130589 J_x=0.093589 J_w=0.037000 rel_change=1.364261e-03 | time=0.169s
14:16:03 | INFO | tag=block11.out_proj iter=019 | J=0.129351 J_x=0.092665 J_w=0.036686 rel_change=1.237169e-03 | time=0.180s
14:16:04 | INFO | tag=block11.out_proj iter=020 | J=0.128217 J_x=0.091825 J_w=0.036392 rel_change=1.134232e-03 | time=0.180s
14:16:04 | INFO | tag=block11.out_proj iter=021 | J=0.127181 J_x=0.091063 J_w=0.036118 rel_change=1.035884e-03 | time=0.193s
14:16:04 | INFO | tag=block11.out_proj iter=022 | J=0.126211 J_x=0.090353 J_w=0.035858 rel_change=9.699464e-04 | time=0.188s
14:16:04 | INFO | tag=block11.out_proj iter=023 | J=0.125348 J_x=0.089703 J_w=0.035646 rel_change=8.630753e-04 | time=0.182s
14:16:04 | INFO | tag=block11.out_proj iter=024 | J=0.124576 J_x=0.089110 J_w=0.035466 rel_change=7.718652e-04 | time=0.190s
14:16:05 | INFO | tag=block11.out_proj iter=025 | J=0.123863 J_x=0.088572 J_w=0.035291 rel_change=7.134974e-04 | time=0.170s
14:16:05 | INFO | tag=block11.out_proj iter=026 | J=0.123235 J_x=0.088064 J_w=0.035171 rel_change=6.283522e-04 | time=0.174s
14:16:05 | INFO | tag=block11.out_proj iter=027 | J=0.122620 J_x=0.087581 J_w=0.035039 rel_change=6.147996e-04 | time=0.169s
14:16:05 | INFO | tag=block11.out_proj iter=028 | J=0.122060 J_x=0.087140 J_w=0.034920 rel_change=5.597323e-04 | time=0.165s
14:16:05 | INFO | tag=block11.out_proj iter=029 | J=0.121518 J_x=0.086725 J_w=0.034793 rel_change=5.422309e-04 | time=0.171s
14:16:05 | INFO | tag=block11.out_proj iter=030 | J=0.121007 J_x=0.086317 J_w=0.034690 rel_change=5.108118e-04 | time=0.175s
14:16:06 | INFO | tag=block11.out_proj iter=031 | J=0.120519 J_x=0.085931 J_w=0.034588 rel_change=4.876107e-04 | time=0.163s
14:16:06 | INFO | tag=block11.out_proj iter=032 | J=0.120047 J_x=0.085560 J_w=0.034487 rel_change=4.724115e-04 | time=0.169s
14:16:06 | INFO | tag=block11.out_proj iter=033 | J=0.119609 J_x=0.085216 J_w=0.034393 rel_change=4.381388e-04 | time=0.168s
14:16:06 | INFO | tag=block11.out_proj iter=034 | J=0.119191 J_x=0.084895 J_w=0.034297 rel_change=4.173964e-04 | time=0.176s
14:16:06 | INFO | tag=block11.out_proj iter=035 | J=0.118795 J_x=0.084574 J_w=0.034221 rel_change=3.963858e-04 | time=0.168s
14:16:06 | INFO | tag=block11.out_proj iter=036 | J=0.118411 J_x=0.084264 J_w=0.034147 rel_change=3.842413e-04 | time=0.169s
14:16:07 | INFO | tag=block11.out_proj iter=037 | J=0.118058 J_x=0.083974 J_w=0.034084 rel_change=3.527999e-04 | time=0.176s
14:16:07 | INFO | tag=block11.out_proj iter=038 | J=0.117709 J_x=0.083708 J_w=0.034001 rel_change=3.490299e-04 | time=0.173s
14:16:07 | INFO | tag=block11.out_proj iter=039 | J=0.117388 J_x=0.083464 J_w=0.033924 rel_change=3.208369e-04 | time=0.176s
14:16:07 | INFO | tag=block11.out_proj iter=040 | J=0.117089 J_x=0.083231 J_w=0.033858 rel_change=2.991855e-04 | time=0.169s
14:16:07 | INFO | tag=block11.out_proj iter=041 | J=0.116794 J_x=0.083007 J_w=0.033786 rel_change=2.954155e-04 | time=0.174s
14:16:07 | INFO | tag=block11.out_proj iter=042 | J=0.116508 J_x=0.082796 J_w=0.033712 rel_change=2.857745e-04 | time=0.173s
14:16:08 | INFO | tag=block11.out_proj iter=043 | J=0.116254 J_x=0.082599 J_w=0.033655 rel_change=2.535135e-04 | time=0.177s
14:16:08 | INFO | tag=block11.out_proj iter=044 | J=0.116015 J_x=0.082422 J_w=0.033594 rel_change=2.388060e-04 | time=0.195s
14:16:08 | INFO | tag=block11.out_proj iter=045 | J=0.115786 J_x=0.082249 J_w=0.033537 rel_change=2.291650e-04 | time=0.188s
14:16:08 | INFO | tag=block11.out_proj iter=046 | J=0.115574 J_x=0.082084 J_w=0.033489 rel_change=2.127290e-04 | time=0.176s
14:16:08 | INFO | tag=block11.out_proj iter=047 | J=0.115370 J_x=0.081929 J_w=0.033441 rel_change=2.033412e-04 | time=0.197s
14:16:09 | INFO | tag=block11.out_proj iter=048 | J=0.115188 J_x=0.081779 J_w=0.033408 rel_change=1.824498e-04 | time=0.321s
14:16:09 | INFO | tag=block11.out_proj iter=049 | J=0.115009 J_x=0.081640 J_w=0.033369 rel_change=1.783371e-04 | time=0.308s
14:16:09 | INFO | tag=block11.out_proj iter=050 | J=0.114831 J_x=0.081505 J_w=0.033326 rel_change=1.783818e-04 | time=0.313s
14:16:10 | INFO | tag=block11.out_proj iter=051 | J=0.114659 J_x=0.081374 J_w=0.033284 rel_change=1.722127e-04 | time=0.297s
14:16:10 | INFO | tag=block11.out_proj iter=052 | J=0.114499 J_x=0.081246 J_w=0.033254 rel_change=1.596808e-04 | time=0.301s
14:16:10 | INFO | tag=block11.out_proj iter=053 | J=0.114340 J_x=0.081126 J_w=0.033214 rel_change=1.587719e-04 | time=0.289s
14:16:10 | INFO | tag=block11.out_proj iter=054 | J=0.114181 J_x=0.081014 J_w=0.033167 rel_change=1.594126e-04 | time=0.198s
14:16:11 | INFO | tag=block11.out_proj iter=055 | J=0.114028 J_x=0.080906 J_w=0.033122 rel_change=1.533031e-04 | time=0.163s
14:16:11 | INFO | tag=block11.out_proj iter=056 | J=0.113877 J_x=0.080794 J_w=0.033082 rel_change=1.509339e-04 | time=0.165s
14:16:11 | INFO | tag=block11.out_proj iter=057 | J=0.113730 J_x=0.080686 J_w=0.033044 rel_change=1.463145e-04 | time=0.247s
14:16:11 | INFO | tag=block11.out_proj iter=058 | J=0.113593 J_x=0.080586 J_w=0.033008 rel_change=1.370981e-04 | time=0.293s
14:16:12 | INFO | tag=block11.out_proj iter=059 | J=0.113464 J_x=0.080483 J_w=0.032980 rel_change=1.295060e-04 | time=0.289s
14:16:12 | INFO | tag=block11.out_proj iter=060 | J=0.113325 J_x=0.080387 J_w=0.032938 rel_change=1.390204e-04 | time=0.291s
14:16:12 | INFO | tag=block11.out_proj iter=061 | J=0.113195 J_x=0.080294 J_w=0.032901 rel_change=1.293495e-04 | time=0.295s
14:16:12 | INFO | tag=block11.out_proj iter=062 | J=0.113075 J_x=0.080207 J_w=0.032868 rel_change=1.206771e-04 | time=0.297s
14:16:13 | INFO | tag=block11.out_proj iter=063 | J=0.112957 J_x=0.080123 J_w=0.032834 rel_change=1.178682e-04 | time=0.292s
14:16:13 | INFO | tag=block11.out_proj iter=064 | J=0.112847 J_x=0.080043 J_w=0.032804 rel_change=1.100451e-04 | time=0.290s
14:16:13 | INFO | tag=block11.out_proj iter=065 | J=0.112752 J_x=0.079966 J_w=0.032786 rel_change=9.484589e-05 | time=0.287s
14:16:14 | INFO | tag=block11.out_proj iter=066 | J=0.112654 J_x=0.079892 J_w=0.032763 rel_change=9.782612e-05 | time=0.288s
14:16:14 | INFO | tag=block11.out_proj iter=067 | J=0.112568 J_x=0.079819 J_w=0.032749 rel_change=8.589029e-05 | time=0.298s
14:16:14 | INFO | tag=block11.out_proj iter=068 | J=0.112480 J_x=0.079752 J_w=0.032728 rel_change=8.875132e-05 | time=0.286s
14:16:14 | INFO | tag=block11.out_proj iter=069 | J=0.112400 J_x=0.079686 J_w=0.032714 rel_change=7.973611e-05 | time=0.287s
14:16:15 | INFO | tag=block11.out_proj iter=070 | J=0.112313 J_x=0.079621 J_w=0.032692 rel_change=8.665025e-05 | time=0.291s
14:16:15 | INFO | tag=block11.out_proj iter=071 | J=0.112224 J_x=0.079556 J_w=0.032668 rel_change=8.930266e-05 | time=0.292s
14:16:15 | INFO | tag=block11.out_proj iter=072 | J=0.112138 J_x=0.079494 J_w=0.032644 rel_change=8.589029e-05 | time=0.297s
14:16:16 | INFO | tag=block11.out_proj iter=073 | J=0.112053 J_x=0.079432 J_w=0.032621 rel_change=8.526444e-05 | time=0.296s
14:16:16 | INFO | tag=block11.out_proj iter=074 | J=0.111974 J_x=0.079371 J_w=0.032603 rel_change=7.842481e-05 | time=0.298s
14:16:16 | INFO | tag=block11.out_proj iter=075 | J=0.111896 J_x=0.079314 J_w=0.032582 rel_change=7.782876e-05 | time=0.288s
14:16:17 | INFO | tag=block11.out_proj iter=076 | J=0.111820 J_x=0.079257 J_w=0.032563 rel_change=7.678568e-05 | time=0.290s
14:16:17 | INFO | tag=block11.out_proj iter=077 | J=0.111743 J_x=0.079201 J_w=0.032543 rel_change=7.620454e-05 | time=0.291s
14:16:17 | INFO | tag=block11.out_proj iter=078 | J=0.111677 J_x=0.079146 J_w=0.032531 rel_change=6.602705e-05 | time=0.294s
14:16:17 | INFO | tag=block11.out_proj iter=079 | J=0.111606 J_x=0.079090 J_w=0.032516 rel_change=7.148087e-05 | time=0.292s
14:16:18 | INFO | tag=block11.out_proj iter=080 | J=0.111543 J_x=0.079035 J_w=0.032508 rel_change=6.258488e-05 | time=0.291s
14:16:18 | INFO | 量化器拟合完成 | tag=block11.out_proj convergence_iter=80 total_fit_time=17.628s
14:16:18 | INFO | 开始计算重建/近似误差 | layer=block11.out_proj error_mode=relative
14:16:18 | INFO | 误差计算完成 | layer=block11.out_proj err_x=0.061977 err_w=0.084584 rel_linear_error=0.232121 elapsed=0.190s
14:16:20 | INFO | 扩展量化模块构建完成。
14:16:20 | INFO | 开始 PPL 评测 | tag=ours_all_blocks_qkvo stride=512 max_eval_tokens=None
14:16:44 | INFO | PPL 评测完成 | tag=ours_all_blocks_qkvo ppl=24.697819 eval_tokens=286178 target_tokens=286178 windows=556 elapsed=23.748s
14:16:47 | INFO | ========== Sweep 单次实验结束 ==========
