13:45:17 | INFO | ========== Sweep 单次实验开始 ==========
13:45:17 | INFO | combo = {
  "target.block_indices": [
    11
  ],
  "quant.beta": 0.1,
  "quant_ext.init_mode": "pca",
  "quant_ext.error_mode": "relative"
}
13:45:17 | INFO | config = {
  "data": {
    "model_name": "facebook/opt-125m",
    "dataset_name": "wikitext",
    "dataset_config": "wikitext-2-raw-v1",
    "calib_split": "train",
    "eval_split": "test",
    "calib_num_tokens": 4096,
    "eval_num_tokens": null,
    "tokenizer_use_fast": true
  },
  "quant": {
    "beta": 0.1,
    "max_iters": 80,
    "tol": 1e-05,
    "convergence_check_every": 1,
    "codebook": [
      -2.0,
      -1.0,
      0.0,
      1.0,
      2.0
    ],
    "dtype": "float32",
    "eps": 1e-08,
    "log_every": 1,
    "init_mode": "pca",
    "error_mode": "relative",
    "track_u": true,
    "track_u_every": 1,
    "track_u_full_matrix": false,
    "random_init_orthogonal": true,
    "random_init_scale": 1.0
  },
  "eval": {
    "stride": 512,
    "device": "cuda"
  },
  "target": {
    "block_indices": [
      11
    ],
    "target_linear_names": [
      "q_proj",
      "k_proj",
      "v_proj",
      "out_proj"
    ]
  },
  "output_dir": "outputs_opt_qkvo_general_sweep_u_tracking\\t_block_indices_11-__q_beta_0.1__init_mode_pca__error_mode_relative",
  "seed": 42
}
13:45:17 | INFO | 加载模型与 tokenizer：facebook/opt-125m
13:46:13 | INFO | 模型加载完成 | hidden_size=768 vocab_size=50272 device=cuda elapsed=56.168s
13:46:13 | INFO | 加载数据集 split=train
13:46:36 | INFO | split=train 加载完成 | non-empty text blocks=23767 chars=10940522 elapsed=23.526s
13:46:36 | INFO | 加载数据集 split=test
13:47:20 | INFO | split=test 加载完成 | non-empty text blocks=2891 chars=1291402 elapsed=43.691s
13:47:20 | INFO | 开始 PPL 评测 | tag=baseline_fp stride=512 max_eval_tokens=None
13:47:41 | INFO | PPL 评测完成 | tag=baseline_fp ppl=23.500643 eval_tokens=286178 target_tokens=286178 windows=556 elapsed=20.503s
13:47:55 | INFO | 开始收集目标线性层输入 hidden states | requested_tokens=4096 layers=['block11.q_proj', 'block11.k_proj', 'block11.v_proj', 'block11.out_proj']
13:47:55 | INFO | 输入收集完成 | layer=block11.q_proj collected_tokens=4096 forward_chunks=2 elapsed=0.426s X_shape=[768, 4096]
13:47:55 | INFO | 输入收集完成 | layer=block11.k_proj collected_tokens=4096 forward_chunks=2 elapsed=0.426s X_shape=[768, 4096]
13:47:55 | INFO | 输入收集完成 | layer=block11.v_proj collected_tokens=4096 forward_chunks=2 elapsed=0.426s X_shape=[768, 4096]
13:47:55 | INFO | 输入收集完成 | layer=block11.out_proj collected_tokens=4096 forward_chunks=2 elapsed=0.426s X_shape=[768, 4096]
13:47:55 | INFO | 开始为所有目标 transformer blocks 的 Q/K/V/O 线性层构建 SQ-XW 对照组。
13:47:55 | INFO | 开始计算 SQ-XW 对照组误差 | layer=block11.q_proj
13:47:55 | INFO | SQ-XW 误差计算完成 | layer=block11.q_proj rel_recon_error_x=0.934975 rel_recon_error_w=0.137037 rel_linear_error=0.841778 elapsed=0.050s
13:47:55 | INFO | SQ-XW 对照组构建完成 | layer=block11.q_proj bits=3 x_scale=3.78571439 w_scale=0.07163783
13:47:55 | INFO | 开始计算 SQ-XW 对照组误差 | layer=block11.k_proj
13:47:55 | INFO | SQ-XW 误差计算完成 | layer=block11.k_proj rel_recon_error_x=0.934975 rel_recon_error_w=0.159061 rel_linear_error=0.758373 elapsed=0.048s
13:47:55 | INFO | SQ-XW 对照组构建完成 | layer=block11.k_proj bits=3 x_scale=3.78571439 w_scale=0.07533482
13:47:55 | INFO | 开始计算 SQ-XW 对照组误差 | layer=block11.v_proj
13:47:55 | INFO | SQ-XW 误差计算完成 | layer=block11.v_proj rel_recon_error_x=0.934975 rel_recon_error_w=0.440576 rel_linear_error=1.034687 elapsed=0.048s
13:47:55 | INFO | SQ-XW 对照组构建完成 | layer=block11.v_proj bits=3 x_scale=3.78571439 w_scale=0.07139369
13:47:55 | INFO | 开始计算 SQ-XW 对照组误差 | layer=block11.out_proj
13:47:55 | INFO | SQ-XW 误差计算完成 | layer=block11.out_proj rel_recon_error_x=0.192631 rel_recon_error_w=0.744155 rel_linear_error=0.829729 elapsed=0.048s
13:47:55 | INFO | SQ-XW 对照组构建完成 | layer=block11.out_proj bits=3 x_scale=0.22572544 w_scale=0.12772043
13:47:55 | INFO | 开始 PPL 评测 | tag=sq_all_blocks_qkvo stride=512 max_eval_tokens=None
13:48:17 | INFO | PPL 评测完成 | tag=sq_all_blocks_qkvo ppl=27.267649 eval_tokens=286178 target_tokens=286178 windows=556 elapsed=21.221s
13:48:17 | INFO | 开始为目标层构建扩展量化器。
13:48:17 | INFO | block11.q_proj.X_calib stats | shape=[768, 4096] dtype=torch.float16 device=cpu mean=-0.037015 std=0.557564 min=-26.500000 max=5.378906 fro=991.028625
13:48:17 | INFO | block11.q_proj.W stats | shape=[768, 768] dtype=torch.float32 device=cpu mean=-0.000252 std=0.055656 min=-0.487549 max=0.501465 fro=42.744507
13:48:17 | INFO | 开始拟合量化器 | tag=block11.q_proj d=768 N=4096 M=768 beta=0.1000 max_iters=80 tol=1.00e-05 init_mode=pca error_mode=relative
13:48:17 | INFO | tag=block11.q_proj iter=001 | J=0.290330 J_x=0.191083 J_w=0.992476 rel_change=inf | time=0.275s
13:48:17 | INFO | tag=block11.q_proj iter=002 | J=0.160529 J_x=0.123608 J_w=0.369205 rel_change=1.298017e-01 | time=0.283s
13:48:18 | INFO | tag=block11.q_proj iter=003 | J=0.111961 J_x=0.095544 J_w=0.164162 rel_change=4.856811e-02 | time=0.298s
13:48:18 | INFO | tag=block11.q_proj iter=004 | J=0.093535 J_x=0.082500 J_w=0.110345 rel_change=1.842596e-02 | time=0.304s
13:48:18 | INFO | tag=block11.q_proj iter=005 | J=0.084568 J_x=0.075364 J_w=0.092043 rel_change=8.966267e-03 | time=0.302s
13:48:18 | INFO | tag=block11.q_proj iter=006 | J=0.079378 J_x=0.070942 J_w=0.084352 rel_change=5.190812e-03 | time=0.291s
13:48:19 | INFO | tag=block11.q_proj iter=007 | J=0.075970 J_x=0.067934 J_w=0.080359 rel_change=3.407963e-03 | time=0.289s
13:48:19 | INFO | tag=block11.q_proj iter=008 | J=0.073555 J_x=0.065748 J_w=0.078072 rel_change=2.414763e-03 | time=0.288s
13:48:19 | INFO | tag=block11.q_proj iter=009 | J=0.071717 J_x=0.064061 J_w=0.076561 rel_change=1.838244e-03 | time=0.291s
13:48:20 | INFO | tag=block11.q_proj iter=010 | J=0.070259 J_x=0.062718 J_w=0.075406 rel_change=1.457684e-03 | time=0.284s
13:48:20 | INFO | tag=block11.q_proj iter=011 | J=0.069065 J_x=0.061617 J_w=0.074475 rel_change=1.194112e-03 | time=0.297s
13:48:20 | INFO | tag=block11.q_proj iter=012 | J=0.068075 J_x=0.060698 J_w=0.073777 rel_change=9.894818e-04 | time=0.283s
13:48:20 | INFO | tag=block11.q_proj iter=013 | J=0.067248 J_x=0.059923 J_w=0.073250 rel_change=8.272752e-04 | time=0.289s
13:48:21 | INFO | tag=block11.q_proj iter=014 | J=0.066530 J_x=0.059250 J_w=0.072795 rel_change=7.184967e-04 | time=0.300s
13:48:21 | INFO | tag=block11.q_proj iter=015 | J=0.065896 J_x=0.058655 J_w=0.072414 rel_change=6.332844e-04 | time=0.302s
13:48:21 | INFO | tag=block11.q_proj iter=016 | J=0.065334 J_x=0.058123 J_w=0.072111 rel_change=5.626902e-04 | time=0.303s
13:48:22 | INFO | tag=block11.q_proj iter=017 | J=0.064835 J_x=0.057656 J_w=0.071794 rel_change=4.982427e-04 | time=0.288s
13:48:22 | INFO | tag=block11.q_proj iter=018 | J=0.064394 J_x=0.057242 J_w=0.071523 rel_change=4.415214e-04 | time=0.284s
13:48:22 | INFO | tag=block11.q_proj iter=019 | J=0.063991 J_x=0.056863 J_w=0.071280 rel_change=4.023910e-04 | time=0.305s
13:48:22 | INFO | tag=block11.q_proj iter=020 | J=0.063624 J_x=0.056515 J_w=0.071088 rel_change=3.672615e-04 | time=0.290s
13:48:23 | INFO | tag=block11.q_proj iter=021 | J=0.063289 J_x=0.056199 J_w=0.070900 rel_change=3.353581e-04 | time=0.287s
13:48:23 | INFO | tag=block11.q_proj iter=022 | J=0.062979 J_x=0.055903 J_w=0.070763 rel_change=3.096685e-04 | time=0.279s
13:48:23 | INFO | tag=block11.q_proj iter=023 | J=0.062700 J_x=0.055637 J_w=0.070633 rel_change=2.791360e-04 | time=0.290s
13:48:24 | INFO | tag=block11.q_proj iter=024 | J=0.062439 J_x=0.055390 J_w=0.070495 rel_change=2.609305e-04 | time=0.286s
13:48:24 | INFO | tag=block11.q_proj iter=025 | J=0.062198 J_x=0.055160 J_w=0.070378 rel_change=2.412237e-04 | time=0.289s
13:48:24 | INFO | tag=block11.q_proj iter=026 | J=0.061977 J_x=0.054949 J_w=0.070278 rel_change=2.207868e-04 | time=0.283s
13:48:25 | INFO | tag=block11.q_proj iter=027 | J=0.061770 J_x=0.054751 J_w=0.070191 rel_change=2.072006e-04 | time=0.300s
13:48:25 | INFO | tag=block11.q_proj iter=028 | J=0.061577 J_x=0.054568 J_w=0.070088 rel_change=1.931526e-04 | time=0.304s
13:48:25 | INFO | tag=block11.q_proj iter=029 | J=0.061394 J_x=0.054392 J_w=0.070016 rel_change=1.830682e-04 | time=0.287s
13:48:25 | INFO | tag=block11.q_proj iter=030 | J=0.061218 J_x=0.054225 J_w=0.069926 rel_change=1.756474e-04 | time=0.285s
13:48:26 | INFO | tag=block11.q_proj iter=031 | J=0.061055 J_x=0.054069 J_w=0.069858 rel_change=1.630373e-04 | time=0.279s
13:48:26 | INFO | tag=block11.q_proj iter=032 | J=0.060900 J_x=0.053921 J_w=0.069790 rel_change=1.552701e-04 | time=0.283s
13:48:26 | INFO | tag=block11.q_proj iter=033 | J=0.060755 J_x=0.053781 J_w=0.069737 rel_change=1.446493e-04 | time=0.284s
13:48:27 | INFO | tag=block11.q_proj iter=034 | J=0.060618 J_x=0.053649 J_w=0.069690 rel_change=1.369752e-04 | time=0.287s
13:48:27 | INFO | tag=block11.q_proj iter=035 | J=0.060487 J_x=0.053524 J_w=0.069634 rel_change=1.311377e-04 | time=0.278s
13:48:27 | INFO | tag=block11.q_proj iter=036 | J=0.060363 J_x=0.053405 J_w=0.069579 rel_change=1.238175e-04 | time=0.285s
13:48:27 | INFO | tag=block11.q_proj iter=037 | J=0.060242 J_x=0.053288 J_w=0.069537 rel_change=1.215413e-04 | time=0.280s
13:48:28 | INFO | tag=block11.q_proj iter=038 | J=0.060126 J_x=0.053178 J_w=0.069478 rel_change=1.160428e-04 | time=0.281s
13:48:28 | INFO | tag=block11.q_proj iter=039 | J=0.060017 J_x=0.053073 J_w=0.069440 rel_change=1.086555e-04 | time=0.296s
13:48:28 | INFO | tag=block11.q_proj iter=040 | J=0.059911 J_x=0.052971 J_w=0.069404 rel_change=1.054183e-04 | time=0.287s
13:48:29 | INFO | tag=block11.q_proj iter=041 | J=0.059810 J_x=0.052874 J_w=0.069364 rel_change=1.010559e-04 | time=0.282s
13:48:29 | INFO | tag=block11.q_proj iter=042 | J=0.059717 J_x=0.052779 J_w=0.069379 rel_change=9.384751e-05 | time=0.281s
13:48:29 | INFO | tag=block11.q_proj iter=043 | J=0.059622 J_x=0.052687 J_w=0.069343 rel_change=9.486079e-05 | time=0.289s
13:48:29 | INFO | tag=block11.q_proj iter=044 | J=0.059531 J_x=0.052601 J_w=0.069295 rel_change=9.084120e-05 | time=0.288s
13:48:30 | INFO | tag=block11.q_proj iter=045 | J=0.059446 J_x=0.052520 J_w=0.069260 rel_change=8.535385e-05 | time=0.283s
13:48:30 | INFO | tag=block11.q_proj iter=046 | J=0.059362 J_x=0.052439 J_w=0.069230 rel_change=8.323789e-05 | time=0.282s
13:48:30 | INFO | tag=block11.q_proj iter=047 | J=0.059281 J_x=0.052361 J_w=0.069206 rel_change=8.089840e-05 | time=0.278s
13:48:31 | INFO | tag=block11.q_proj iter=048 | J=0.059204 J_x=0.052285 J_w=0.069185 rel_change=7.771328e-05 | time=0.281s
13:48:31 | INFO | tag=block11.q_proj iter=049 | J=0.059128 J_x=0.052212 J_w=0.069155 rel_change=7.575378e-05 | time=0.299s
13:48:31 | INFO | tag=block11.q_proj iter=050 | J=0.059054 J_x=0.052141 J_w=0.069124 rel_change=7.408112e-05 | time=0.304s
13:48:31 | INFO | tag=block11.q_proj iter=051 | J=0.058983 J_x=0.052072 J_w=0.069112 rel_change=7.091090e-05 | time=0.277s
13:48:32 | INFO | tag=block11.q_proj iter=052 | J=0.058914 J_x=0.052005 J_w=0.069097 rel_change=6.848201e-05 | time=0.279s
13:48:32 | INFO | tag=block11.q_proj iter=053 | J=0.058845 J_x=0.051937 J_w=0.069076 rel_change=6.933883e-05 | time=0.294s
13:48:32 | INFO | tag=block11.q_proj iter=054 | J=0.058778 J_x=0.051872 J_w=0.069056 rel_change=6.725267e-05 | time=0.286s
13:48:33 | INFO | tag=block11.q_proj iter=055 | J=0.058714 J_x=0.051812 J_w=0.069021 rel_change=6.400421e-05 | time=0.288s
13:48:33 | INFO | tag=block11.q_proj iter=056 | J=0.058655 J_x=0.051755 J_w=0.068993 rel_change=5.909428e-05 | time=0.282s
13:48:33 | INFO | tag=block11.q_proj iter=057 | J=0.058597 J_x=0.051699 J_w=0.068973 rel_change=5.801767e-05 | time=0.290s
13:48:33 | INFO | tag=block11.q_proj iter=058 | J=0.058541 J_x=0.051646 J_w=0.068946 rel_change=5.593896e-05 | time=0.289s
13:48:34 | INFO | tag=block11.q_proj iter=059 | J=0.058488 J_x=0.051594 J_w=0.068934 rel_change=5.319715e-05 | time=0.283s
13:48:34 | INFO | tag=block11.q_proj iter=060 | J=0.058435 J_x=0.051545 J_w=0.068909 rel_change=5.218387e-05 | time=0.333s
13:48:34 | INFO | tag=block11.q_proj iter=061 | J=0.058385 J_x=0.051497 J_w=0.068882 rel_change=5.012751e-05 | time=0.337s
13:48:35 | INFO | tag=block11.q_proj iter=062 | J=0.058337 J_x=0.051451 J_w=0.068868 rel_change=4.784763e-05 | time=0.346s
13:48:35 | INFO | tag=block11.q_proj iter=063 | J=0.058291 J_x=0.051407 J_w=0.068845 rel_change=4.596263e-05 | time=0.349s
13:48:35 | INFO | tag=block11.q_proj iter=064 | J=0.058248 J_x=0.051365 J_w=0.068832 rel_change=4.304573e-05 | time=0.350s
13:48:36 | INFO | tag=block11.q_proj iter=065 | J=0.058206 J_x=0.051323 J_w=0.068822 rel_change=4.284084e-05 | time=0.352s
13:48:36 | INFO | tag=block11.q_proj iter=066 | J=0.058163 J_x=0.051283 J_w=0.068799 rel_change=4.247203e-05 | time=0.292s
13:48:36 | INFO | tag=block11.q_proj iter=067 | J=0.058121 J_x=0.051243 J_w=0.068783 rel_change=4.190207e-05 | time=0.280s
13:48:37 | INFO | tag=block11.q_proj iter=068 | J=0.058081 J_x=0.051204 J_w=0.068767 rel_change=4.032254e-05 | time=0.305s
13:48:37 | INFO | tag=block11.q_proj iter=069 | J=0.058042 J_x=0.051167 J_w=0.068752 rel_change=3.879517e-05 | time=0.326s
13:48:37 | INFO | tag=block11.q_proj iter=070 | J=0.058005 J_x=0.051131 J_w=0.068734 rel_change=3.751740e-05 | time=0.307s
13:48:38 | INFO | tag=block11.q_proj iter=071 | J=0.057969 J_x=0.051097 J_w=0.068719 rel_change=3.551692e-05 | time=0.308s
13:48:38 | INFO | tag=block11.q_proj iter=072 | J=0.057933 J_x=0.051063 J_w=0.068709 rel_change=3.559887e-05 | time=0.303s
13:48:38 | INFO | tag=block11.q_proj iter=073 | J=0.057899 J_x=0.051028 J_w=0.068706 rel_change=3.491342e-05 | time=0.294s
13:48:38 | INFO | tag=block11.q_proj iter=074 | J=0.057865 J_x=0.050995 J_w=0.068701 rel_change=3.373623e-05 | time=0.308s
13:48:39 | INFO | tag=block11.q_proj iter=075 | J=0.057833 J_x=0.050964 J_w=0.068691 rel_change=3.182516e-05 | time=0.302s
13:48:39 | INFO | tag=block11.q_proj iter=076 | J=0.057801 J_x=0.050934 J_w=0.068675 rel_change=3.187731e-05 | time=0.308s
13:48:39 | INFO | tag=block11.q_proj iter=077 | J=0.057770 J_x=0.050904 J_w=0.068656 rel_change=3.141537e-05 | time=0.303s
13:48:40 | INFO | tag=block11.q_proj iter=078 | J=0.057739 J_x=0.050875 J_w=0.068642 rel_change=3.084540e-05 | time=0.299s
13:48:40 | INFO | tag=block11.q_proj iter=079 | J=0.057708 J_x=0.050846 J_w=0.068624 rel_change=3.045052e-05 | time=0.293s
13:48:40 | INFO | tag=block11.q_proj iter=080 | J=0.057679 J_x=0.050817 J_w=0.068621 rel_change=2.900138e-05 | time=0.297s
13:48:40 | INFO | 量化器拟合完成 | tag=block11.q_proj convergence_iter=80 total_fit_time=23.711s
13:48:40 | INFO | 开始计算重建/近似误差 | layer=block11.q_proj error_mode=relative
13:48:40 | INFO | 误差计算完成 | layer=block11.q_proj err_x=0.050822 err_w=0.068481 rel_linear_error=0.114452 elapsed=0.194s
13:48:43 | INFO | block11.k_proj.X_calib stats | shape=[768, 4096] dtype=torch.float16 device=cpu mean=-0.037015 std=0.557564 min=-26.500000 max=5.378906 fro=991.028625
13:48:43 | INFO | block11.k_proj.W stats | shape=[768, 768] dtype=torch.float32 device=cpu mean=0.000053 std=0.054432 min=-0.527344 max=0.527344 fro=41.803741
13:48:43 | INFO | 开始拟合量化器 | tag=block11.k_proj d=768 N=4096 M=768 beta=0.1000 max_iters=80 tol=1.00e-05 init_mode=pca error_mode=relative
13:48:43 | INFO | tag=block11.k_proj iter=001 | J=0.290972 J_x=0.191045 J_w=0.999278 rel_change=inf | time=0.291s
13:48:44 | INFO | tag=block11.k_proj iter=002 | J=0.161898 J_x=0.123696 J_w=0.382026 rel_change=1.290739e-01 | time=0.298s
13:48:44 | INFO | tag=block11.k_proj iter=003 | J=0.112500 J_x=0.095657 J_w=0.168430 rel_change=4.939831e-02 | time=0.220s
13:48:44 | INFO | tag=block11.k_proj iter=004 | J=0.093849 J_x=0.082610 J_w=0.112397 rel_change=1.865076e-02 | time=0.169s
13:48:44 | INFO | tag=block11.k_proj iter=005 | J=0.084815 J_x=0.075450 J_w=0.093646 rel_change=9.034298e-03 | time=0.179s
13:48:44 | INFO | tag=block11.k_proj iter=006 | J=0.079584 J_x=0.071013 J_w=0.085713 rel_change=5.231112e-03 | time=0.169s
13:48:45 | INFO | tag=block11.k_proj iter=007 | J=0.076171 J_x=0.068006 J_w=0.081652 rel_change=3.413096e-03 | time=0.172s
13:48:45 | INFO | tag=block11.k_proj iter=008 | J=0.073763 J_x=0.065826 J_w=0.079376 rel_change=2.407573e-03 | time=0.165s
13:48:45 | INFO | tag=block11.k_proj iter=009 | J=0.071949 J_x=0.064156 J_w=0.077934 rel_change=1.813866e-03 | time=0.158s
13:48:45 | INFO | tag=block11.k_proj iter=010 | J=0.070516 J_x=0.062822 J_w=0.076934 rel_change=1.433857e-03 | time=0.165s
13:48:45 | INFO | tag=block11.k_proj iter=011 | J=0.069342 J_x=0.061724 J_w=0.076174 rel_change=1.174025e-03 | time=0.169s
13:48:45 | INFO | tag=block11.k_proj iter=012 | J=0.068359 J_x=0.060803 J_w=0.075559 rel_change=9.826273e-04 | time=0.163s
13:48:46 | INFO | tag=block11.k_proj iter=013 | J=0.067520 J_x=0.060014 J_w=0.075057 rel_change=8.393899e-04 | time=0.171s
13:48:46 | INFO | tag=block11.k_proj iter=014 | J=0.066807 J_x=0.059343 J_w=0.074636 rel_change=7.128790e-04 | time=0.170s
13:48:46 | INFO | tag=block11.k_proj iter=015 | J=0.066187 J_x=0.058758 J_w=0.074291 rel_change=6.199777e-04 | time=0.158s
13:48:46 | INFO | tag=block11.k_proj iter=016 | J=0.065643 J_x=0.058240 J_w=0.074025 rel_change=5.441085e-04 | time=0.162s
13:48:46 | INFO | tag=block11.k_proj iter=017 | J=0.065165 J_x=0.057785 J_w=0.073804 rel_change=4.772469e-04 | time=0.154s
13:48:46 | INFO | tag=block11.k_proj iter=018 | J=0.064732 J_x=0.057372 J_w=0.073596 rel_change=4.334897e-04 | time=0.166s
13:48:47 | INFO | tag=block11.k_proj iter=019 | J=0.064341 J_x=0.056999 J_w=0.073421 rel_change=3.909096e-04 | time=0.162s
13:48:47 | INFO | tag=block11.k_proj iter=020 | J=0.063980 J_x=0.056654 J_w=0.073257 rel_change=3.608912e-04 | time=0.159s
13:48:47 | INFO | tag=block11.k_proj iter=021 | J=0.063650 J_x=0.056342 J_w=0.073082 rel_change=3.297403e-04 | time=0.164s
13:48:47 | INFO | tag=block11.k_proj iter=022 | J=0.063352 J_x=0.056056 J_w=0.072954 rel_change=2.987459e-04 | time=0.171s
13:48:47 | INFO | tag=block11.k_proj iter=023 | J=0.063073 J_x=0.055794 J_w=0.072797 rel_change=2.780855e-04 | time=0.164s
13:48:47 | INFO | tag=block11.k_proj iter=024 | J=0.062821 J_x=0.055555 J_w=0.072666 rel_change=2.520233e-04 | time=0.169s
13:48:48 | INFO | tag=block11.k_proj iter=025 | J=0.062589 J_x=0.055331 J_w=0.072584 rel_change=2.324358e-04 | time=0.173s
13:48:48 | INFO | tag=block11.k_proj iter=026 | J=0.062369 J_x=0.055120 J_w=0.072482 rel_change=2.203248e-04 | time=0.159s
13:48:48 | INFO | tag=block11.k_proj iter=027 | J=0.062162 J_x=0.054923 J_w=0.072394 rel_change=2.063736e-04 | time=0.173s
13:48:48 | INFO | tag=block11.k_proj iter=028 | J=0.061967 J_x=0.054736 J_w=0.072306 rel_change=1.957044e-04 | time=0.176s
13:48:48 | INFO | tag=block11.k_proj iter=029 | J=0.061779 J_x=0.054558 J_w=0.072211 rel_change=1.872890e-04 | time=0.165s
13:48:48 | INFO | tag=block11.k_proj iter=030 | J=0.061604 J_x=0.054393 J_w=0.072119 rel_change=1.748241e-04 | time=0.166s
13:48:49 | INFO | tag=block11.k_proj iter=031 | J=0.061445 J_x=0.054241 J_w=0.072049 rel_change=1.589842e-04 | time=0.170s
13:48:49 | INFO | tag=block11.k_proj iter=032 | J=0.061289 J_x=0.054092 J_w=0.071974 rel_change=1.562536e-04 | time=0.166s
13:48:49 | INFO | tag=block11.k_proj iter=033 | J=0.061143 J_x=0.053952 J_w=0.071913 rel_change=1.463704e-04 | time=0.190s
13:48:49 | INFO | tag=block11.k_proj iter=034 | J=0.061007 J_x=0.053821 J_w=0.071859 rel_change=1.360178e-04 | time=0.162s
13:48:49 | INFO | tag=block11.k_proj iter=035 | J=0.060877 J_x=0.053697 J_w=0.071796 rel_change=1.302809e-04 | time=0.168s
13:48:49 | INFO | tag=block11.k_proj iter=036 | J=0.060752 J_x=0.053579 J_w=0.071730 rel_change=1.245402e-04 | time=0.161s
13:48:50 | INFO | tag=block11.k_proj iter=037 | J=0.060633 J_x=0.053466 J_w=0.071676 rel_change=1.189113e-04 | time=0.169s
13:48:50 | INFO | tag=block11.k_proj iter=038 | J=0.060520 J_x=0.053358 J_w=0.071626 rel_change=1.129173e-04 | time=0.184s
13:48:50 | INFO | tag=block11.k_proj iter=039 | J=0.060412 J_x=0.053255 J_w=0.071570 rel_change=1.085438e-04 | time=0.167s
13:48:50 | INFO | tag=block11.k_proj iter=040 | J=0.060305 J_x=0.053154 J_w=0.071517 rel_change=1.062825e-04 | time=0.165s
13:48:50 | INFO | tag=block11.k_proj iter=041 | J=0.060202 J_x=0.053056 J_w=0.071463 rel_change=1.031794e-04 | time=0.160s
13:48:50 | INFO | tag=block11.k_proj iter=042 | J=0.060104 J_x=0.052961 J_w=0.071425 rel_change=9.836629e-05 | time=0.159s
13:48:51 | INFO | tag=block11.k_proj iter=043 | J=0.060011 J_x=0.052872 J_w=0.071390 rel_change=9.272993e-05 | time=0.162s
13:48:51 | INFO | tag=block11.k_proj iter=044 | J=0.059922 J_x=0.052786 J_w=0.071352 rel_change=8.946657e-05 | time=0.164s
13:48:51 | INFO | tag=block11.k_proj iter=045 | J=0.059836 J_x=0.052704 J_w=0.071317 rel_change=8.577853e-05 | time=0.165s
13:48:51 | INFO | tag=block11.k_proj iter=046 | J=0.059752 J_x=0.052622 J_w=0.071300 rel_change=8.365512e-05 | time=0.164s
13:48:51 | INFO | tag=block11.k_proj iter=047 | J=0.059671 J_x=0.052544 J_w=0.071267 rel_change=8.149445e-05 | time=0.174s
13:48:51 | INFO | tag=block11.k_proj iter=048 | J=0.059591 J_x=0.052468 J_w=0.071237 rel_change=7.930025e-05 | time=0.165s
13:48:52 | INFO | tag=block11.k_proj iter=049 | J=0.059514 J_x=0.052393 J_w=0.071211 rel_change=7.721782e-05 | time=0.163s
13:48:52 | INFO | tag=block11.k_proj iter=050 | J=0.059440 J_x=0.052322 J_w=0.071175 rel_change=7.436424e-05 | time=0.169s
13:48:52 | INFO | tag=block11.k_proj iter=051 | J=0.059371 J_x=0.052256 J_w=0.071148 rel_change=6.911531e-05 | time=0.160s
13:48:52 | INFO | tag=block11.k_proj iter=052 | J=0.059304 J_x=0.052192 J_w=0.071113 rel_change=6.717071e-05 | time=0.167s
13:48:52 | INFO | tag=block11.k_proj iter=053 | J=0.059240 J_x=0.052132 J_w=0.071079 rel_change=6.351247e-05 | time=0.169s
13:48:52 | INFO | tag=block11.k_proj iter=054 | J=0.059179 J_x=0.052074 J_w=0.071055 rel_change=6.071106e-05 | time=0.170s
13:48:53 | INFO | tag=block11.k_proj iter=055 | J=0.059119 J_x=0.052015 J_w=0.071034 rel_change=6.061420e-05 | time=0.165s
13:48:53 | INFO | tag=block11.k_proj iter=056 | J=0.059059 J_x=0.051959 J_w=0.071005 rel_change=5.932897e-05 | time=0.170s
13:48:53 | INFO | tag=block11.k_proj iter=057 | J=0.059002 J_x=0.051903 J_w=0.070992 rel_change=5.705282e-05 | time=0.168s
13:48:53 | INFO | tag=block11.k_proj iter=058 | J=0.058947 J_x=0.051849 J_w=0.070981 rel_change=5.540997e-05 | time=0.168s
13:48:53 | INFO | tag=block11.k_proj iter=059 | J=0.058892 J_x=0.051795 J_w=0.070972 rel_change=5.467609e-05 | time=0.164s
13:48:53 | INFO | tag=block11.k_proj iter=060 | J=0.058841 J_x=0.051746 J_w=0.070948 rel_change=5.120412e-05 | time=0.168s
13:48:54 | INFO | tag=block11.k_proj iter=061 | J=0.058792 J_x=0.051699 J_w=0.070930 rel_change=4.870817e-05 | time=0.161s
13:48:54 | INFO | tag=block11.k_proj iter=062 | J=0.058746 J_x=0.051653 J_w=0.070924 rel_change=4.663691e-05 | time=0.166s
13:48:54 | INFO | tag=block11.k_proj iter=063 | J=0.058699 J_x=0.051608 J_w=0.070905 rel_change=4.689768e-05 | time=0.169s
13:48:54 | INFO | tag=block11.k_proj iter=064 | J=0.058652 J_x=0.051563 J_w=0.070885 rel_change=4.724786e-05 | time=0.166s
13:48:54 | INFO | tag=block11.k_proj iter=065 | J=0.058606 J_x=0.051520 J_w=0.070868 rel_change=4.515424e-05 | time=0.168s
13:48:54 | INFO | tag=block11.k_proj iter=066 | J=0.058561 J_x=0.051477 J_w=0.070849 rel_change=4.490465e-05 | time=0.169s
13:48:55 | INFO | tag=block11.k_proj iter=067 | J=0.058517 J_x=0.051433 J_w=0.070840 rel_change=4.459172e-05 | time=0.175s
13:48:55 | INFO | tag=block11.k_proj iter=068 | J=0.058472 J_x=0.051390 J_w=0.070821 rel_change=4.463643e-05 | time=0.177s
13:48:55 | INFO | tag=block11.k_proj iter=069 | J=0.058431 J_x=0.051350 J_w=0.070814 rel_change=4.135445e-05 | time=0.171s
13:48:55 | INFO | tag=block11.k_proj iter=070 | J=0.058390 J_x=0.051310 J_w=0.070793 rel_change=4.125386e-05 | time=0.170s
13:48:55 | INFO | tag=block11.k_proj iter=071 | J=0.058351 J_x=0.051273 J_w=0.070778 rel_change=3.902987e-05 | time=0.170s
13:48:56 | INFO | tag=block11.k_proj iter=072 | J=0.058313 J_x=0.051237 J_w=0.070760 rel_change=3.775209e-05 | time=0.171s
13:48:56 | INFO | tag=block11.k_proj iter=073 | J=0.058276 J_x=0.051201 J_w=0.070750 rel_change=3.699213e-05 | time=0.176s
13:48:56 | INFO | tag=block11.k_proj iter=074 | J=0.058240 J_x=0.051166 J_w=0.070739 rel_change=3.569573e-05 | time=0.170s
13:48:56 | INFO | tag=block11.k_proj iter=075 | J=0.058205 J_x=0.051132 J_w=0.070738 rel_change=3.471598e-05 | time=0.166s
13:48:56 | INFO | tag=block11.k_proj iter=076 | J=0.058171 J_x=0.051098 J_w=0.070728 rel_change=3.441423e-05 | time=0.170s
13:48:56 | INFO | tag=block11.k_proj iter=077 | J=0.058137 J_x=0.051066 J_w=0.070714 rel_change=3.386289e-05 | time=0.169s
13:48:57 | INFO | tag=block11.k_proj iter=078 | J=0.058105 J_x=0.051035 J_w=0.070696 rel_change=3.239512e-05 | time=0.170s
13:48:57 | INFO | tag=block11.k_proj iter=079 | J=0.058073 J_x=0.051006 J_w=0.070678 rel_change=3.138185e-05 | time=0.173s
13:48:57 | INFO | tag=block11.k_proj iter=080 | J=0.058044 J_x=0.050976 J_w=0.070673 rel_change=2.977252e-05 | time=0.160s
13:48:57 | INFO | 量化器拟合完成 | tag=block11.k_proj convergence_iter=80 total_fit_time=13.790s
13:48:57 | INFO | 开始计算重建/近似误差 | layer=block11.k_proj error_mode=relative
13:48:57 | INFO | 误差计算完成 | layer=block11.k_proj err_x=0.050987 err_w=0.070623 rel_linear_error=0.117422 elapsed=0.120s
13:48:58 | INFO | block11.v_proj.X_calib stats | shape=[768, 4096] dtype=torch.float16 device=cpu mean=-0.037015 std=0.557564 min=-26.500000 max=5.378906 fro=991.028625
13:48:58 | INFO | block11.v_proj.W stats | shape=[768, 768] dtype=torch.float32 device=cpu mean=0.000046 std=0.029483 min=-0.499756 max=0.195679 fro=22.642700
13:48:58 | INFO | 开始拟合量化器 | tag=block11.v_proj d=768 N=4096 M=768 beta=0.1000 max_iters=80 tol=1.00e-05 init_mode=pca error_mode=relative
13:48:59 | INFO | tag=block11.v_proj iter=001 | J=0.291023 J_x=0.191046 J_w=0.999767 rel_change=inf | time=0.186s
13:48:59 | INFO | tag=block11.v_proj iter=002 | J=0.162333 J_x=0.123735 J_w=0.385982 rel_change=1.286897e-01 | time=0.167s
13:48:59 | INFO | tag=block11.v_proj iter=003 | J=0.113495 J_x=0.095636 J_w=0.178587 rel_change=4.883859e-02 | time=0.168s
13:48:59 | INFO | tag=block11.v_proj iter=004 | J=0.094608 J_x=0.082574 J_w=0.120335 rel_change=1.888705e-02 | time=0.164s
13:48:59 | INFO | tag=block11.v_proj iter=005 | J=0.085405 J_x=0.075417 J_w=0.099883 rel_change=9.202555e-03 | time=0.173s
13:48:59 | INFO | tag=block11.v_proj iter=006 | J=0.080086 J_x=0.070973 J_w=0.091128 rel_change=5.318932e-03 | time=0.174s
13:49:00 | INFO | tag=block11.v_proj iter=007 | J=0.076621 J_x=0.067971 J_w=0.086498 rel_change=3.465101e-03 | time=0.171s
13:49:00 | INFO | tag=block11.v_proj iter=008 | J=0.074147 J_x=0.065782 J_w=0.083648 rel_change=2.474211e-03 | time=0.163s
13:49:00 | INFO | tag=block11.v_proj iter=009 | J=0.072272 J_x=0.064091 J_w=0.081806 rel_change=1.875132e-03 | time=0.173s
13:49:00 | INFO | tag=block11.v_proj iter=010 | J=0.070804 J_x=0.062752 J_w=0.080518 rel_change=1.467921e-03 | time=0.169s
13:49:00 | INFO | tag=block11.v_proj iter=011 | J=0.069611 J_x=0.061654 J_w=0.079565 rel_change=1.192853e-03 | time=0.168s
13:49:00 | INFO | tag=block11.v_proj iter=012 | J=0.068611 J_x=0.060737 J_w=0.078742 rel_change=9.997860e-04 | time=0.163s
13:49:01 | INFO | tag=block11.v_proj iter=013 | J=0.067763 J_x=0.059957 J_w=0.078064 rel_change=8.481666e-04 | time=0.170s
13:49:01 | INFO | tag=block11.v_proj iter=014 | J=0.067039 J_x=0.059289 J_w=0.077493 rel_change=7.244051e-04 | time=0.168s
13:49:01 | INFO | tag=block11.v_proj iter=015 | J=0.066410 J_x=0.058710 J_w=0.077003 rel_change=6.283000e-04 | time=0.175s
13:49:01 | INFO | tag=block11.v_proj iter=016 | J=0.065842 J_x=0.058183 J_w=0.076591 rel_change=5.680695e-04 | time=0.160s
13:49:01 | INFO | tag=block11.v_proj iter=017 | J=0.065333 J_x=0.057710 J_w=0.076233 rel_change=5.087629e-04 | time=0.168s
13:49:01 | INFO | tag=block11.v_proj iter=018 | J=0.064880 J_x=0.057289 J_w=0.075916 rel_change=4.530773e-04 | time=0.165s
13:49:02 | INFO | tag=block11.v_proj iter=019 | J=0.064475 J_x=0.056911 J_w=0.075637 rel_change=4.056171e-04 | time=0.167s
13:49:02 | INFO | tag=block11.v_proj iter=020 | J=0.064109 J_x=0.056568 J_w=0.075402 rel_change=3.661886e-04 | time=0.168s
13:49:02 | INFO | tag=block11.v_proj iter=021 | J=0.063777 J_x=0.056256 J_w=0.075203 rel_change=3.319755e-04 | time=0.171s
13:49:02 | INFO | tag=block11.v_proj iter=022 | J=0.063473 J_x=0.055971 J_w=0.075015 rel_change=3.036782e-04 | time=0.171s
13:49:02 | INFO | tag=block11.v_proj iter=023 | J=0.063190 J_x=0.055703 J_w=0.074866 rel_change=2.828836e-04 | time=0.169s
13:49:02 | INFO | tag=block11.v_proj iter=024 | J=0.062928 J_x=0.055457 J_w=0.074707 rel_change=2.623498e-04 | time=0.162s
13:49:03 | INFO | tag=block11.v_proj iter=025 | J=0.062687 J_x=0.055228 J_w=0.074595 rel_change=2.405643e-04 | time=0.167s
13:49:03 | INFO | tag=block11.v_proj iter=026 | J=0.062467 J_x=0.055018 J_w=0.074484 rel_change=2.201982e-04 | time=0.162s
13:49:03 | INFO | tag=block11.v_proj iter=027 | J=0.062263 J_x=0.054822 J_w=0.074412 rel_change=2.035759e-04 | time=0.172s
13:49:03 | INFO | tag=block11.v_proj iter=028 | J=0.062068 J_x=0.054636 J_w=0.074315 rel_change=1.957528e-04 | time=0.170s
13:49:03 | INFO | tag=block11.v_proj iter=029 | J=0.061884 J_x=0.054465 J_w=0.074193 rel_change=1.832917e-04 | time=0.169s
13:49:03 | INFO | tag=block11.v_proj iter=030 | J=0.061712 J_x=0.054301 J_w=0.074116 rel_change=1.721270e-04 | time=0.167s
13:49:04 | INFO | tag=block11.v_proj iter=031 | J=0.061548 J_x=0.054147 J_w=0.074013 rel_change=1.641028e-04 | time=0.163s
13:49:04 | INFO | tag=block11.v_proj iter=032 | J=0.061392 J_x=0.054002 J_w=0.073901 rel_change=1.562648e-04 | time=0.176s
13:49:04 | INFO | tag=block11.v_proj iter=033 | J=0.061245 J_x=0.053863 J_w=0.073819 rel_change=1.465194e-04 | time=0.160s
13:49:04 | INFO | tag=block11.v_proj iter=034 | J=0.061106 J_x=0.053730 J_w=0.073759 rel_change=1.392290e-04 | time=0.165s
13:49:04 | INFO | tag=block11.v_proj iter=035 | J=0.060973 J_x=0.053604 J_w=0.073689 rel_change=1.330860e-04 | time=0.167s
13:49:04 | INFO | tag=block11.v_proj iter=036 | J=0.060848 J_x=0.053485 J_w=0.073629 rel_change=1.253150e-04 | time=0.164s
13:49:05 | INFO | tag=block11.v_proj iter=037 | J=0.060727 J_x=0.053370 J_w=0.073567 rel_change=1.204833e-04 | time=0.175s
13:49:05 | INFO | tag=block11.v_proj iter=038 | J=0.060613 J_x=0.053263 J_w=0.073497 rel_change=1.143217e-04 | time=0.174s
13:49:05 | INFO | tag=block11.v_proj iter=039 | J=0.060504 J_x=0.053162 J_w=0.073417 rel_change=1.090281e-04 | time=0.172s
13:49:05 | INFO | tag=block11.v_proj iter=040 | J=0.060400 J_x=0.053064 J_w=0.073355 rel_change=1.038723e-04 | time=0.161s
13:49:05 | INFO | tag=block11.v_proj iter=041 | J=0.060298 J_x=0.052968 J_w=0.073300 rel_change=1.014732e-04 | time=0.168s
13:49:05 | INFO | tag=block11.v_proj iter=042 | J=0.060199 J_x=0.052876 J_w=0.073232 rel_change=9.930879e-05 | time=0.165s
13:49:06 | INFO | tag=block11.v_proj iter=043 | J=0.060108 J_x=0.052789 J_w=0.073188 rel_change=9.163842e-05 | time=0.161s
13:49:06 | INFO | tag=block11.v_proj iter=044 | J=0.060020 J_x=0.052704 J_w=0.073154 rel_change=8.789077e-05 | time=0.165s
13:49:06 | INFO | tag=block11.v_proj iter=045 | J=0.059932 J_x=0.052623 J_w=0.073090 rel_change=8.733198e-05 | time=0.175s
13:49:06 | INFO | tag=block11.v_proj iter=046 | J=0.059847 J_x=0.052543 J_w=0.073042 rel_change=8.498877e-05 | time=0.170s
13:49:06 | INFO | tag=block11.v_proj iter=047 | J=0.059765 J_x=0.052466 J_w=0.072993 rel_change=8.239597e-05 | time=0.162s
13:49:06 | INFO | tag=block11.v_proj iter=048 | J=0.059686 J_x=0.052391 J_w=0.072951 rel_change=7.843599e-05 | time=0.159s
13:49:07 | INFO | tag=block11.v_proj iter=049 | J=0.059610 J_x=0.052319 J_w=0.072911 rel_change=7.598102e-05 | time=0.164s
13:49:07 | INFO | tag=block11.v_proj iter=050 | J=0.059538 J_x=0.052251 J_w=0.072872 rel_change=7.274747e-05 | time=0.174s
13:49:07 | INFO | tag=block11.v_proj iter=051 | J=0.059469 J_x=0.052184 J_w=0.072849 rel_change=6.859004e-05 | time=0.175s
13:49:07 | INFO | tag=block11.v_proj iter=052 | J=0.059402 J_x=0.052120 J_w=0.072816 rel_change=6.742403e-05 | time=0.158s
13:49:07 | INFO | tag=block11.v_proj iter=053 | J=0.059337 J_x=0.052059 J_w=0.072780 rel_change=6.478652e-05 | time=0.164s
13:49:07 | INFO | tag=block11.v_proj iter=054 | J=0.059273 J_x=0.051998 J_w=0.072754 rel_change=6.400049e-05 | time=0.175s
13:49:08 | INFO | tag=block11.v_proj iter=055 | J=0.059214 J_x=0.051940 J_w=0.072741 rel_change=5.916879e-05 | time=0.170s
13:49:08 | INFO | tag=block11.v_proj iter=056 | J=0.059157 J_x=0.051884 J_w=0.072721 rel_change=5.725399e-05 | time=0.170s
13:49:08 | INFO | tag=block11.v_proj iter=057 | J=0.059099 J_x=0.051830 J_w=0.072692 rel_change=5.730614e-05 | time=0.192s
13:49:08 | INFO | tag=block11.v_proj iter=058 | J=0.059045 J_x=0.051778 J_w=0.072668 rel_change=5.463138e-05 | time=0.167s
13:49:08 | INFO | tag=block11.v_proj iter=059 | J=0.058991 J_x=0.051727 J_w=0.072641 rel_change=5.347654e-05 | time=0.164s
13:49:08 | INFO | tag=block11.v_proj iter=060 | J=0.058940 J_x=0.051677 J_w=0.072622 rel_change=5.154312e-05 | time=0.169s
13:49:09 | INFO | tag=block11.v_proj iter=061 | J=0.058893 J_x=0.051632 J_w=0.072610 rel_change=4.664809e-05 | time=0.164s
13:49:09 | INFO | tag=block11.v_proj iter=062 | J=0.058846 J_x=0.051586 J_w=0.072603 rel_change=4.688650e-05 | time=0.174s
13:49:09 | INFO | tag=block11.v_proj iter=063 | J=0.058801 J_x=0.051543 J_w=0.072586 rel_change=4.492328e-05 | time=0.178s
13:49:09 | INFO | tag=block11.v_proj iter=064 | J=0.058759 J_x=0.051501 J_w=0.072586 rel_change=4.191697e-05 | time=0.167s
13:49:09 | INFO | tag=block11.v_proj iter=065 | J=0.058717 J_x=0.051460 J_w=0.072568 rel_change=4.262477e-05 | time=0.165s
13:49:09 | INFO | tag=block11.v_proj iter=066 | J=0.058675 J_x=0.051420 J_w=0.072549 rel_change=4.175678e-05 | time=0.172s
13:49:10 | INFO | tag=block11.v_proj iter=067 | J=0.058634 J_x=0.051382 J_w=0.072523 rel_change=4.101545e-05 | time=0.173s
13:49:10 | INFO | tag=block11.v_proj iter=068 | J=0.058595 J_x=0.051345 J_w=0.072499 rel_change=3.849715e-05 | time=0.169s
13:49:10 | INFO | tag=block11.v_proj iter=069 | J=0.058557 J_x=0.051310 J_w=0.072470 rel_change=3.827736e-05 | time=0.168s
13:49:10 | INFO | tag=block11.v_proj iter=070 | J=0.058520 J_x=0.051276 J_w=0.072445 rel_change=3.693253e-05 | time=0.178s
13:49:10 | INFO | tag=block11.v_proj iter=071 | J=0.058485 J_x=0.051242 J_w=0.072422 rel_change=3.554299e-05 | time=0.166s
13:49:11 | INFO | tag=block11.v_proj iter=072 | J=0.058450 J_x=0.051209 J_w=0.072403 rel_change=3.479049e-05 | time=0.171s
13:49:11 | INFO | tag=block11.v_proj iter=073 | J=0.058416 J_x=0.051176 J_w=0.072391 rel_change=3.420934e-05 | time=0.166s
13:49:11 | INFO | tag=block11.v_proj iter=074 | J=0.058382 J_x=0.051145 J_w=0.072372 rel_change=3.326312e-05 | time=0.173s
13:49:11 | INFO | tag=block11.v_proj iter=075 | J=0.058352 J_x=0.051115 J_w=0.072370 rel_change=3.067032e-05 | time=0.166s
13:49:11 | INFO | tag=block11.v_proj iter=076 | J=0.058321 J_x=0.051085 J_w=0.072362 rel_change=3.042072e-05 | time=0.174s
13:49:11 | INFO | tag=block11.v_proj iter=077 | J=0.058292 J_x=0.051056 J_w=0.072360 rel_change=2.930686e-05 | time=0.178s
13:49:12 | INFO | tag=block11.v_proj iter=078 | J=0.058263 J_x=0.051028 J_w=0.072350 rel_change=2.872199e-05 | time=0.175s
13:49:12 | INFO | tag=block11.v_proj iter=079 | J=0.058235 J_x=0.051002 J_w=0.072331 rel_change=2.790987e-05 | time=0.165s
13:49:12 | INFO | tag=block11.v_proj iter=080 | J=0.058208 J_x=0.050976 J_w=0.072320 rel_change=2.766401e-05 | time=0.175s
13:49:12 | INFO | 量化器拟合完成 | tag=block11.v_proj convergence_iter=80 total_fit_time=13.629s
13:49:12 | INFO | 开始计算重建/近似误差 | layer=block11.v_proj error_mode=relative
13:49:12 | INFO | 误差计算完成 | layer=block11.v_proj err_x=0.050987 err_w=0.070392 rel_linear_error=0.156508 elapsed=0.116s
13:49:13 | INFO | block11.out_proj.X_calib stats | shape=[768, 4096] dtype=torch.float16 device=cpu mean=-0.000149 std=0.126649 min=-1.580078 max=1.531250 fro=224.591049
13:49:13 | INFO | block11.out_proj.W stats | shape=[768, 768] dtype=torch.float32 device=cpu mean=-0.000020 std=0.031479 min=-0.875977 max=0.894043 fro=24.176212
13:49:13 | INFO | 开始拟合量化器 | tag=block11.out_proj d=768 N=4096 M=768 beta=0.1000 max_iters=80 tol=1.00e-05 init_mode=pca error_mode=relative
13:49:13 | INFO | tag=block11.out_proj iter=001 | J=0.473895 J_x=0.373954 J_w=0.999402 rel_change=inf | time=0.158s
13:49:14 | INFO | tag=block11.out_proj iter=002 | J=0.283614 J_x=0.244689 J_w=0.389255 rel_change=1.902802e-01 | time=0.161s
13:49:14 | INFO | tag=block11.out_proj iter=003 | J=0.198744 J_x=0.179758 J_w=0.189860 rel_change=8.487090e-02 | time=0.168s
13:49:14 | INFO | tag=block11.out_proj iter=004 | J=0.159385 J_x=0.146375 J_w=0.130104 rel_change=3.935829e-02 | time=0.170s
13:49:14 | INFO | tag=block11.out_proj iter=005 | J=0.139909 J_x=0.128975 J_w=0.109339 rel_change=1.947634e-02 | time=0.164s
13:49:14 | INFO | tag=block11.out_proj iter=006 | J=0.128553 J_x=0.118773 J_w=0.097798 rel_change=1.135588e-02 | time=0.167s
13:49:14 | INFO | tag=block11.out_proj iter=007 | J=0.121057 J_x=0.112051 J_w=0.090063 rel_change=7.495806e-03 | time=0.169s
13:49:15 | INFO | tag=block11.out_proj iter=008 | J=0.115597 J_x=0.107180 J_w=0.084168 rel_change=5.460016e-03 | time=0.163s
13:49:15 | INFO | tag=block11.out_proj iter=009 | J=0.111468 J_x=0.103471 J_w=0.079967 rel_change=4.129402e-03 | time=0.169s
13:49:15 | INFO | tag=block11.out_proj iter=010 | J=0.108123 J_x=0.100475 J_w=0.076480 rel_change=3.344752e-03 | time=0.163s
13:49:15 | INFO | tag=block11.out_proj iter=011 | J=0.105310 J_x=0.097973 J_w=0.073367 rel_change=2.813160e-03 | time=0.169s
13:49:15 | INFO | tag=block11.out_proj iter=012 | J=0.102942 J_x=0.095855 J_w=0.070874 rel_change=2.367832e-03 | time=0.166s
13:49:16 | INFO | tag=block11.out_proj iter=013 | J=0.100970 J_x=0.094041 J_w=0.069283 rel_change=1.972452e-03 | time=0.173s
13:49:16 | INFO | tag=block11.out_proj iter=014 | J=0.099276 J_x=0.092454 J_w=0.068218 rel_change=1.694009e-03 | time=0.168s
13:49:16 | INFO | tag=block11.out_proj iter=015 | J=0.097786 J_x=0.091054 J_w=0.067327 rel_change=1.489326e-03 | time=0.165s
13:49:16 | INFO | tag=block11.out_proj iter=016 | J=0.096461 J_x=0.089805 J_w=0.066562 rel_change=1.325592e-03 | time=0.167s
13:49:16 | INFO | tag=block11.out_proj iter=017 | J=0.095271 J_x=0.088670 J_w=0.066015 rel_change=1.189418e-03 | time=0.170s
13:49:16 | INFO | tag=block11.out_proj iter=018 | J=0.094152 J_x=0.087595 J_w=0.065562 rel_change=1.119696e-03 | time=0.165s
13:49:17 | INFO | tag=block11.out_proj iter=019 | J=0.093094 J_x=0.086620 J_w=0.064738 rel_change=1.057379e-03 | time=0.163s
13:49:17 | INFO | tag=block11.out_proj iter=020 | J=0.092166 J_x=0.085763 J_w=0.064024 rel_change=9.283051e-04 | time=0.171s
13:49:17 | INFO | tag=block11.out_proj iter=021 | J=0.091345 J_x=0.084997 J_w=0.063479 rel_change=8.208305e-04 | time=0.163s
13:49:17 | INFO | tag=block11.out_proj iter=022 | J=0.090607 J_x=0.084307 J_w=0.062995 rel_change=7.380471e-04 | time=0.172s
13:49:17 | INFO | tag=block11.out_proj iter=023 | J=0.089955 J_x=0.083690 J_w=0.062649 rel_change=6.519631e-04 | time=0.161s
13:49:17 | INFO | tag=block11.out_proj iter=024 | J=0.089355 J_x=0.083115 J_w=0.062399 rel_change=5.998686e-04 | time=0.165s
13:49:18 | INFO | tag=block11.out_proj iter=025 | J=0.088803 J_x=0.082592 J_w=0.062113 rel_change=5.519986e-04 | time=0.169s
13:49:18 | INFO | tag=block11.out_proj iter=026 | J=0.088295 J_x=0.082104 J_w=0.061907 rel_change=5.084649e-04 | time=0.163s
13:49:18 | INFO | tag=block11.out_proj iter=027 | J=0.087825 J_x=0.081653 J_w=0.061720 rel_change=4.693642e-04 | time=0.163s
13:49:18 | INFO | tag=block11.out_proj iter=028 | J=0.087380 J_x=0.081226 J_w=0.061547 rel_change=4.450381e-04 | time=0.167s
13:49:18 | INFO | tag=block11.out_proj iter=029 | J=0.086959 J_x=0.080823 J_w=0.061363 rel_change=4.214644e-04 | time=0.169s
13:49:18 | INFO | tag=block11.out_proj iter=030 | J=0.086554 J_x=0.080433 J_w=0.061210 rel_change=4.050657e-04 | time=0.166s
13:49:19 | INFO | tag=block11.out_proj iter=031 | J=0.086161 J_x=0.080060 J_w=0.061010 rel_change=3.925115e-04 | time=0.166s
13:49:19 | INFO | tag=block11.out_proj iter=032 | J=0.085800 J_x=0.079721 J_w=0.060788 rel_change=3.610179e-04 | time=0.167s
13:49:19 | INFO | tag=block11.out_proj iter=033 | J=0.085463 J_x=0.079404 J_w=0.060583 rel_change=3.375262e-04 | time=0.164s
13:49:19 | INFO | tag=block11.out_proj iter=034 | J=0.085147 J_x=0.079102 J_w=0.060453 rel_change=3.157482e-04 | time=0.167s
13:49:19 | INFO | tag=block11.out_proj iter=035 | J=0.084847 J_x=0.078819 J_w=0.060288 rel_change=2.996847e-04 | time=0.175s
13:49:19 | INFO | tag=block11.out_proj iter=036 | J=0.084567 J_x=0.078548 J_w=0.060189 rel_change=2.803504e-04 | time=0.163s
13:49:20 | INFO | tag=block11.out_proj iter=037 | J=0.084295 J_x=0.078288 J_w=0.060070 rel_change=2.717674e-04 | time=0.175s
13:49:20 | INFO | tag=block11.out_proj iter=038 | J=0.084045 J_x=0.078048 J_w=0.059970 rel_change=2.502128e-04 | time=0.168s
13:49:20 | INFO | tag=block11.out_proj iter=039 | J=0.083803 J_x=0.077818 J_w=0.059844 rel_change=2.421737e-04 | time=0.159s
13:49:20 | INFO | tag=block11.out_proj iter=040 | J=0.083573 J_x=0.077599 J_w=0.059737 rel_change=2.296343e-04 | time=0.170s
13:49:20 | INFO | tag=block11.out_proj iter=041 | J=0.083357 J_x=0.077391 J_w=0.059655 rel_change=2.166033e-04 | time=0.175s
13:49:20 | INFO | tag=block11.out_proj iter=042 | J=0.083146 J_x=0.077192 J_w=0.059544 rel_change=2.101958e-04 | time=0.168s
13:49:21 | INFO | tag=block11.out_proj iter=043 | J=0.082950 J_x=0.077003 J_w=0.059470 rel_change=1.966357e-04 | time=0.167s
13:49:21 | INFO | tag=block11.out_proj iter=044 | J=0.082756 J_x=0.076816 J_w=0.059393 rel_change=1.942292e-04 | time=0.172s
13:49:21 | INFO | tag=block11.out_proj iter=045 | J=0.082565 J_x=0.076637 J_w=0.059282 rel_change=1.905188e-04 | time=0.173s
13:49:21 | INFO | tag=block11.out_proj iter=046 | J=0.082384 J_x=0.076460 J_w=0.059246 rel_change=1.807809e-04 | time=0.170s
13:49:21 | INFO | tag=block11.out_proj iter=047 | J=0.082212 J_x=0.076293 J_w=0.059192 rel_change=1.717433e-04 | time=0.165s
13:49:21 | INFO | tag=block11.out_proj iter=048 | J=0.082050 J_x=0.076136 J_w=0.059137 rel_change=1.628324e-04 | time=0.165s
13:49:22 | INFO | tag=block11.out_proj iter=049 | J=0.081883 J_x=0.075977 J_w=0.059056 rel_change=1.667589e-04 | time=0.167s
13:49:22 | INFO | tag=block11.out_proj iter=050 | J=0.081721 J_x=0.075823 J_w=0.058983 rel_change=1.613796e-04 | time=0.171s
13:49:22 | INFO | tag=block11.out_proj iter=051 | J=0.081566 J_x=0.075677 J_w=0.058893 rel_change=1.550838e-04 | time=0.163s
13:49:22 | INFO | tag=block11.out_proj iter=052 | J=0.081419 J_x=0.075537 J_w=0.058817 rel_change=1.474544e-04 | time=0.167s
13:49:22 | INFO | tag=block11.out_proj iter=053 | J=0.081281 J_x=0.075406 J_w=0.058755 rel_change=1.377985e-04 | time=0.177s
13:49:22 | INFO | tag=block11.out_proj iter=054 | J=0.081150 J_x=0.075281 J_w=0.058684 rel_change=1.313984e-04 | time=0.174s
13:49:23 | INFO | tag=block11.out_proj iter=055 | J=0.081026 J_x=0.075164 J_w=0.058612 rel_change=1.242459e-04 | time=0.168s
13:49:23 | INFO | tag=block11.out_proj iter=056 | J=0.080904 J_x=0.075048 J_w=0.058558 rel_change=1.213402e-04 | time=0.162s
13:49:23 | INFO | tag=block11.out_proj iter=057 | J=0.080782 J_x=0.074932 J_w=0.058502 rel_change=1.221374e-04 | time=0.176s
13:49:23 | INFO | tag=block11.out_proj iter=058 | J=0.080665 J_x=0.074817 J_w=0.058475 rel_change=1.174808e-04 | time=0.171s
13:49:23 | INFO | tag=block11.out_proj iter=059 | J=0.080548 J_x=0.074702 J_w=0.058464 rel_change=1.164451e-04 | time=0.167s
13:49:23 | INFO | tag=block11.out_proj iter=060 | J=0.080430 J_x=0.074589 J_w=0.058409 rel_change=1.183003e-04 | time=0.171s
13:49:24 | INFO | tag=block11.out_proj iter=061 | J=0.080315 J_x=0.074480 J_w=0.058353 rel_change=1.144931e-04 | time=0.173s
13:49:24 | INFO | tag=block11.out_proj iter=062 | J=0.080207 J_x=0.074375 J_w=0.058321 rel_change=1.082495e-04 | time=0.171s
13:49:24 | INFO | tag=block11.out_proj iter=063 | J=0.080105 J_x=0.074277 J_w=0.058281 rel_change=1.017973e-04 | time=0.174s
13:49:24 | INFO | tag=block11.out_proj iter=064 | J=0.080007 J_x=0.074185 J_w=0.058219 rel_change=9.788573e-05 | time=0.169s
13:49:24 | INFO | tag=block11.out_proj iter=065 | J=0.079913 J_x=0.074095 J_w=0.058184 rel_change=9.423494e-05 | time=0.166s
13:49:24 | INFO | tag=block11.out_proj iter=066 | J=0.079821 J_x=0.074008 J_w=0.058125 rel_change=9.250641e-05 | time=0.169s
13:49:25 | INFO | tag=block11.out_proj iter=067 | J=0.079731 J_x=0.073924 J_w=0.058072 rel_change=8.989871e-05 | time=0.165s
13:49:25 | INFO | tag=block11.out_proj iter=068 | J=0.079645 J_x=0.073840 J_w=0.058058 rel_change=8.524954e-05 | time=0.192s
13:49:25 | INFO | tag=block11.out_proj iter=069 | J=0.079558 J_x=0.073755 J_w=0.058027 rel_change=8.756667e-05 | time=0.173s
13:49:25 | INFO | tag=block11.out_proj iter=070 | J=0.079470 J_x=0.073671 J_w=0.057994 rel_change=8.749962e-05 | time=0.178s
13:49:25 | INFO | tag=block11.out_proj iter=071 | J=0.079384 J_x=0.073591 J_w=0.057937 rel_change=8.621067e-05 | time=0.179s
13:49:25 | INFO | tag=block11.out_proj iter=072 | J=0.079300 J_x=0.073509 J_w=0.057910 rel_change=8.460134e-05 | time=0.169s
13:49:26 | INFO | tag=block11.out_proj iter=073 | J=0.079218 J_x=0.073434 J_w=0.057843 rel_change=8.161366e-05 | time=0.170s
13:49:26 | INFO | tag=block11.out_proj iter=074 | J=0.079143 J_x=0.073361 J_w=0.057819 rel_change=7.524341e-05 | time=0.180s
13:49:26 | INFO | tag=block11.out_proj iter=075 | J=0.079069 J_x=0.073288 J_w=0.057808 rel_change=7.390231e-05 | time=0.168s
13:49:26 | INFO | tag=block11.out_proj iter=076 | J=0.078993 J_x=0.073215 J_w=0.057784 rel_change=7.539988e-05 | time=0.192s
13:49:26 | INFO | tag=block11.out_proj iter=077 | J=0.078917 J_x=0.073143 J_w=0.057747 rel_change=7.618964e-05 | time=0.165s
13:49:27 | INFO | tag=block11.out_proj iter=078 | J=0.078846 J_x=0.073074 J_w=0.057724 rel_change=7.090718e-05 | time=0.169s
13:49:27 | INFO | tag=block11.out_proj iter=079 | J=0.078775 J_x=0.073005 J_w=0.057697 rel_change=7.148832e-05 | time=0.165s
13:49:27 | INFO | tag=block11.out_proj iter=080 | J=0.078703 J_x=0.072937 J_w=0.057656 rel_change=7.180870e-05 | time=0.175s
13:49:27 | INFO | 量化器拟合完成 | tag=block11.out_proj convergence_iter=80 total_fit_time=13.612s
13:49:27 | INFO | 开始计算重建/近似误差 | layer=block11.out_proj error_mode=relative
13:49:27 | INFO | 误差计算完成 | layer=block11.out_proj err_x=0.055953 err_w=0.121903 rel_linear_error=0.239212 elapsed=0.123s
13:49:28 | INFO | 扩展量化模块构建完成。
13:49:28 | INFO | 开始 PPL 评测 | tag=ours_all_blocks_qkvo stride=512 max_eval_tokens=None
13:49:51 | INFO | PPL 评测完成 | tag=ours_all_blocks_qkvo ppl=25.066177 eval_tokens=286178 target_tokens=286178 windows=556 elapsed=22.476s
13:49:53 | INFO | ========== Sweep 单次实验结束 ==========
