15:04:51 | INFO | ========== Sweep 单次实验开始 ==========
15:04:51 | INFO | combo = {
  "target.block_indices": [
    11
  ],
  "quant.beta": 100.0,
  "quant_ext.init_mode": "random",
  "quant_ext.error_mode": "relative"
}
15:04:51 | INFO | config = {
  "data": {
    "model_name": "facebook/opt-125m",
    "dataset_name": "wikitext",
    "dataset_config": "wikitext-2-raw-v1",
    "calib_split": "train",
    "eval_split": "test",
    "calib_num_tokens": 4096,
    "eval_num_tokens": null,
    "tokenizer_use_fast": true
  },
  "quant": {
    "beta": 100.0,
    "max_iters": 80,
    "tol": 1e-05,
    "convergence_check_every": 1,
    "codebook": [
      -2.0,
      -1.0,
      0.0,
      1.0,
      2.0
    ],
    "dtype": "float32",
    "eps": 1e-08,
    "log_every": 1,
    "init_mode": "random",
    "error_mode": "relative",
    "track_u": true,
    "track_u_every": 1,
    "track_u_full_matrix": false,
    "random_init_orthogonal": true,
    "random_init_scale": 1.0
  },
  "eval": {
    "stride": 512,
    "device": "cuda"
  },
  "target": {
    "block_indices": [
      11
    ],
    "target_linear_names": [
      "q_proj",
      "k_proj",
      "v_proj",
      "out_proj"
    ]
  },
  "output_dir": "outputs_opt_qkvo_general_sweep_u_tracking\\t_block_indices_11-__q_beta_100__init_mode_random__error_mode_relative",
  "seed": 42
}
15:04:51 | INFO | 加载模型与 tokenizer：facebook/opt-125m
15:05:48 | INFO | 模型加载完成 | hidden_size=768 vocab_size=50272 device=cuda elapsed=57.210s
15:05:48 | INFO | 加载数据集 split=train
15:07:00 | INFO | split=train 加载完成 | non-empty text blocks=23767 chars=10940522 elapsed=71.957s
15:07:00 | INFO | 加载数据集 split=test
15:07:30 | INFO | split=test 加载完成 | non-empty text blocks=2891 chars=1291402 elapsed=29.224s
15:07:30 | INFO | 开始 PPL 评测 | tag=baseline_fp stride=512 max_eval_tokens=None
15:07:50 | INFO | PPL 评测完成 | tag=baseline_fp ppl=23.500643 eval_tokens=286178 target_tokens=286178 windows=556 elapsed=20.512s
15:08:05 | INFO | 开始收集目标线性层输入 hidden states | requested_tokens=4096 layers=['block11.q_proj', 'block11.k_proj', 'block11.v_proj', 'block11.out_proj']
15:08:05 | INFO | 输入收集完成 | layer=block11.q_proj collected_tokens=4096 forward_chunks=2 elapsed=0.371s X_shape=[768, 4096]
15:08:05 | INFO | 输入收集完成 | layer=block11.k_proj collected_tokens=4096 forward_chunks=2 elapsed=0.371s X_shape=[768, 4096]
15:08:05 | INFO | 输入收集完成 | layer=block11.v_proj collected_tokens=4096 forward_chunks=2 elapsed=0.371s X_shape=[768, 4096]
15:08:05 | INFO | 输入收集完成 | layer=block11.out_proj collected_tokens=4096 forward_chunks=2 elapsed=0.371s X_shape=[768, 4096]
15:08:05 | INFO | 开始为所有目标 transformer blocks 的 Q/K/V/O 线性层构建 SQ-XW 对照组。
15:08:05 | INFO | 开始计算 SQ-XW 对照组误差 | layer=block11.q_proj
15:08:05 | INFO | SQ-XW 误差计算完成 | layer=block11.q_proj rel_recon_error_x=0.934975 rel_recon_error_w=0.137037 rel_linear_error=0.841778 elapsed=0.050s
15:08:05 | INFO | SQ-XW 对照组构建完成 | layer=block11.q_proj bits=3 x_scale=3.78571439 w_scale=0.07163783
15:08:05 | INFO | 开始计算 SQ-XW 对照组误差 | layer=block11.k_proj
15:08:05 | INFO | SQ-XW 误差计算完成 | layer=block11.k_proj rel_recon_error_x=0.934975 rel_recon_error_w=0.159061 rel_linear_error=0.758373 elapsed=0.051s
15:08:05 | INFO | SQ-XW 对照组构建完成 | layer=block11.k_proj bits=3 x_scale=3.78571439 w_scale=0.07533482
15:08:05 | INFO | 开始计算 SQ-XW 对照组误差 | layer=block11.v_proj
15:08:05 | INFO | SQ-XW 误差计算完成 | layer=block11.v_proj rel_recon_error_x=0.934975 rel_recon_error_w=0.440576 rel_linear_error=1.034687 elapsed=0.051s
15:08:05 | INFO | SQ-XW 对照组构建完成 | layer=block11.v_proj bits=3 x_scale=3.78571439 w_scale=0.07139369
15:08:05 | INFO | 开始计算 SQ-XW 对照组误差 | layer=block11.out_proj
15:08:05 | INFO | SQ-XW 误差计算完成 | layer=block11.out_proj rel_recon_error_x=0.192631 rel_recon_error_w=0.744155 rel_linear_error=0.829729 elapsed=0.047s
15:08:05 | INFO | SQ-XW 对照组构建完成 | layer=block11.out_proj bits=3 x_scale=0.22572544 w_scale=0.12772043
15:08:05 | INFO | 开始 PPL 评测 | tag=sq_all_blocks_qkvo stride=512 max_eval_tokens=None
15:08:26 | INFO | PPL 评测完成 | tag=sq_all_blocks_qkvo ppl=27.267649 eval_tokens=286178 target_tokens=286178 windows=556 elapsed=21.086s
15:08:26 | INFO | 开始为目标层构建扩展量化器。
15:08:26 | INFO | block11.q_proj.X_calib stats | shape=[768, 4096] dtype=torch.float16 device=cpu mean=-0.037015 std=0.557564 min=-26.500000 max=5.378906 fro=991.028625
15:08:26 | INFO | block11.q_proj.W stats | shape=[768, 768] dtype=torch.float32 device=cpu mean=-0.000252 std=0.055656 min=-0.487549 max=0.501465 fro=42.744507
15:08:26 | INFO | 开始拟合量化器 | tag=block11.q_proj d=768 N=4096 M=768 beta=100.0000 max_iters=80 tol=1.00e-05 init_mode=random error_mode=relative
15:08:27 | INFO | tag=block11.q_proj iter=001 | J=100.187294 J_x=0.187294 J_w=1.000000 rel_change=inf | time=0.269s
15:08:27 | INFO | tag=block11.q_proj iter=002 | J=21.160027 J_x=0.366886 J_w=0.207931 rel_change=7.887953e-01 | time=0.272s
15:08:27 | INFO | tag=block11.q_proj iter=003 | J=7.781629 J_x=0.147371 J_w=0.076343 rel_change=6.322486e-01 | time=0.284s
15:08:27 | INFO | tag=block11.q_proj iter=004 | J=4.268414 J_x=0.117358 J_w=0.041511 rel_change=4.514755e-01 | time=0.285s
15:08:28 | INFO | tag=block11.q_proj iter=005 | J=3.322187 J_x=0.095091 J_w=0.032271 rel_change=2.216812e-01 | time=0.291s
15:08:28 | INFO | tag=block11.q_proj iter=006 | J=2.991378 J_x=0.084489 J_w=0.029069 rel_change=9.957556e-02 | time=0.281s
15:08:28 | INFO | tag=block11.q_proj iter=007 | J=2.842647 J_x=0.079472 J_w=0.027632 rel_change=4.972013e-02 | time=0.285s
15:08:29 | INFO | tag=block11.q_proj iter=008 | J=2.767215 J_x=0.076808 J_w=0.026904 rel_change=2.653586e-02 | time=0.284s
15:08:29 | INFO | tag=block11.q_proj iter=009 | J=2.723653 J_x=0.075282 J_w=0.026484 rel_change=1.574199e-02 | time=0.278s
15:08:29 | INFO | tag=block11.q_proj iter=010 | J=2.697503 J_x=0.074337 J_w=0.026232 rel_change=9.601159e-03 | time=0.288s
15:08:29 | INFO | tag=block11.q_proj iter=011 | J=2.680643 J_x=0.073727 J_w=0.026069 rel_change=6.250051e-03 | time=0.280s
15:08:30 | INFO | tag=block11.q_proj iter=012 | J=2.668133 J_x=0.073286 J_w=0.025948 rel_change=4.667080e-03 | time=0.277s
15:08:30 | INFO | tag=block11.q_proj iter=013 | J=2.659061 J_x=0.072945 J_w=0.025861 rel_change=3.399887e-03 | time=0.288s
15:08:30 | INFO | tag=block11.q_proj iter=014 | J=2.651779 J_x=0.072694 J_w=0.025791 rel_change=2.738747e-03 | time=0.282s
15:08:31 | INFO | tag=block11.q_proj iter=015 | J=2.645918 J_x=0.072481 J_w=0.025734 rel_change=2.209961e-03 | time=0.294s
15:08:31 | INFO | tag=block11.q_proj iter=016 | J=2.641304 J_x=0.072305 J_w=0.025690 rel_change=1.743861e-03 | time=0.283s
15:08:31 | INFO | tag=block11.q_proj iter=017 | J=2.637423 J_x=0.072163 J_w=0.025653 rel_change=1.469612e-03 | time=0.294s
15:08:31 | INFO | tag=block11.q_proj iter=018 | J=2.634550 J_x=0.072033 J_w=0.025625 rel_change=1.089029e-03 | time=0.281s
15:08:32 | INFO | tag=block11.q_proj iter=019 | J=2.632247 J_x=0.071923 J_w=0.025603 rel_change=8.741093e-04 | time=0.284s
15:08:32 | INFO | tag=block11.q_proj iter=020 | J=2.629927 J_x=0.071832 J_w=0.025581 rel_change=8.814861e-04 | time=0.283s
15:08:32 | INFO | tag=block11.q_proj iter=021 | J=2.627784 J_x=0.071747 J_w=0.025560 rel_change=8.149971e-04 | time=0.289s
15:08:33 | INFO | tag=block11.q_proj iter=022 | J=2.625460 J_x=0.071676 J_w=0.025538 rel_change=8.843444e-04 | time=0.295s
15:08:33 | INFO | tag=block11.q_proj iter=023 | J=2.623311 J_x=0.071608 J_w=0.025517 rel_change=8.183817e-04 | time=0.286s
15:08:33 | INFO | tag=block11.q_proj iter=024 | J=2.621810 J_x=0.071537 J_w=0.025503 rel_change=5.723003e-04 | time=0.290s
15:08:33 | INFO | tag=block11.q_proj iter=025 | J=2.620143 J_x=0.071478 J_w=0.025487 rel_change=6.357380e-04 | time=0.272s
15:08:34 | INFO | tag=block11.q_proj iter=026 | J=2.618806 J_x=0.071425 J_w=0.025474 rel_change=5.102971e-04 | time=0.284s
15:08:34 | INFO | tag=block11.q_proj iter=027 | J=2.617512 J_x=0.071375 J_w=0.025461 rel_change=4.940792e-04 | time=0.289s
15:08:34 | INFO | tag=block11.q_proj iter=028 | J=2.616544 J_x=0.071327 J_w=0.025452 rel_change=3.697179e-04 | time=0.284s
15:08:35 | INFO | tag=block11.q_proj iter=029 | J=2.615433 J_x=0.071287 J_w=0.025441 rel_change=4.246175e-04 | time=0.283s
15:08:35 | INFO | tag=block11.q_proj iter=030 | J=2.614455 J_x=0.071246 J_w=0.025432 rel_change=3.740227e-04 | time=0.292s
15:08:35 | INFO | tag=block11.q_proj iter=031 | J=2.613750 J_x=0.071208 J_w=0.025425 rel_change=2.698385e-04 | time=0.288s
15:08:35 | INFO | tag=block11.q_proj iter=032 | J=2.613081 J_x=0.071176 J_w=0.025419 rel_change=2.558639e-04 | time=0.283s
15:08:36 | INFO | tag=block11.q_proj iter=033 | J=2.612271 J_x=0.071146 J_w=0.025411 rel_change=3.100349e-04 | time=0.281s
15:08:36 | INFO | tag=block11.q_proj iter=034 | J=2.611428 J_x=0.071117 J_w=0.025403 rel_change=3.224523e-04 | time=0.286s
15:08:36 | INFO | tag=block11.q_proj iter=035 | J=2.610410 J_x=0.071091 J_w=0.025393 rel_change=3.899344e-04 | time=0.287s
15:08:37 | INFO | tag=block11.q_proj iter=036 | J=2.609629 J_x=0.071064 J_w=0.025386 rel_change=2.993007e-04 | time=0.290s
15:08:37 | INFO | tag=block11.q_proj iter=037 | J=2.608939 J_x=0.071038 J_w=0.025379 rel_change=2.643077e-04 | time=0.286s
15:08:37 | INFO | tag=block11.q_proj iter=038 | J=2.608147 J_x=0.071015 J_w=0.025371 rel_change=3.037646e-04 | time=0.288s
15:08:37 | INFO | tag=block11.q_proj iter=039 | J=2.607402 J_x=0.070990 J_w=0.025364 rel_change=2.856657e-04 | time=0.280s
15:08:38 | INFO | tag=block11.q_proj iter=040 | J=2.606720 J_x=0.070966 J_w=0.025358 rel_change=2.615160e-04 | time=0.276s
15:08:38 | INFO | tag=block11.q_proj iter=041 | J=2.606136 J_x=0.070943 J_w=0.025352 rel_change=2.240845e-04 | time=0.280s
15:08:38 | INFO | tag=block11.q_proj iter=042 | J=2.605410 J_x=0.070923 J_w=0.025345 rel_change=2.783845e-04 | time=0.282s
15:08:39 | INFO | tag=block11.q_proj iter=043 | J=2.604712 J_x=0.070902 J_w=0.025338 rel_change=2.678470e-04 | time=0.288s
15:08:39 | INFO | tag=block11.q_proj iter=044 | J=2.604113 J_x=0.070882 J_w=0.025332 rel_change=2.300238e-04 | time=0.290s
15:08:39 | INFO | tag=block11.q_proj iter=045 | J=2.603368 J_x=0.070863 J_w=0.025325 rel_change=2.860166e-04 | time=0.286s
15:08:39 | INFO | tag=block11.q_proj iter=046 | J=2.602630 J_x=0.070846 J_w=0.025318 rel_change=2.835342e-04 | time=0.294s
15:08:40 | INFO | tag=block11.q_proj iter=047 | J=2.602150 J_x=0.070826 J_w=0.025313 rel_change=1.844961e-04 | time=0.278s
15:08:40 | INFO | tag=block11.q_proj iter=048 | J=2.601672 J_x=0.070809 J_w=0.025309 rel_change=1.836139e-04 | time=0.285s
15:08:40 | INFO | tag=block11.q_proj iter=049 | J=2.601254 J_x=0.070791 J_w=0.025305 rel_change=1.605542e-04 | time=0.288s
15:08:41 | INFO | tag=block11.q_proj iter=050 | J=2.600987 J_x=0.070774 J_w=0.025302 rel_change=1.028372e-04 | time=0.280s
15:08:41 | INFO | tag=block11.q_proj iter=051 | J=2.600743 J_x=0.070758 J_w=0.025300 rel_change=9.377294e-05 | time=0.284s
15:08:41 | INFO | tag=block11.q_proj iter=052 | J=2.600412 J_x=0.070746 J_w=0.025297 rel_change=1.271508e-04 | time=0.286s
15:08:41 | INFO | tag=block11.q_proj iter=053 | J=2.600111 J_x=0.070732 J_w=0.025294 rel_change=1.160731e-04 | time=0.267s
15:08:42 | INFO | tag=block11.q_proj iter=054 | J=2.599616 J_x=0.070722 J_w=0.025289 rel_change=1.903600e-04 | time=0.285s
15:08:42 | INFO | tag=block11.q_proj iter=055 | J=2.599076 J_x=0.070711 J_w=0.025284 rel_change=2.075466e-04 | time=0.286s
15:08:42 | INFO | tag=block11.q_proj iter=056 | J=2.598522 J_x=0.070699 J_w=0.025278 rel_change=2.132770e-04 | time=0.284s
15:08:43 | INFO | tag=block11.q_proj iter=057 | J=2.598160 J_x=0.070685 J_w=0.025275 rel_change=1.390955e-04 | time=0.297s
15:08:43 | INFO | tag=block11.q_proj iter=058 | J=2.597940 J_x=0.070672 J_w=0.025273 rel_change=8.479029e-05 | time=0.294s
15:08:43 | INFO | tag=block11.q_proj iter=059 | J=2.597604 J_x=0.070662 J_w=0.025269 rel_change=1.294905e-04 | time=0.285s
15:08:43 | INFO | tag=block11.q_proj iter=060 | J=2.597431 J_x=0.070650 J_w=0.025268 rel_change=6.635987e-05 | time=0.298s
15:08:44 | INFO | tag=block11.q_proj iter=061 | J=2.597279 J_x=0.070638 J_w=0.025266 rel_change=5.856211e-05 | time=0.292s
15:08:44 | INFO | tag=block11.q_proj iter=062 | J=2.597090 J_x=0.070628 J_w=0.025265 rel_change=7.288564e-05 | time=0.296s
15:08:44 | INFO | tag=block11.q_proj iter=063 | J=2.596876 J_x=0.070617 J_w=0.025263 rel_change=8.216298e-05 | time=0.278s
15:08:45 | INFO | tag=block11.q_proj iter=064 | J=2.596700 J_x=0.070606 J_w=0.025261 rel_change=6.775560e-05 | time=0.285s
15:08:45 | INFO | tag=block11.q_proj iter=065 | J=2.596458 J_x=0.070598 J_w=0.025259 rel_change=9.346866e-05 | time=0.295s
15:08:45 | INFO | tag=block11.q_proj iter=066 | J=2.596316 J_x=0.070587 J_w=0.025257 rel_change=5.472744e-05 | time=0.288s
15:08:45 | INFO | tag=block11.q_proj iter=067 | J=2.596056 J_x=0.070577 J_w=0.025255 rel_change=9.991059e-05 | time=0.300s
15:08:46 | INFO | tag=block11.q_proj iter=068 | J=2.595825 J_x=0.070569 J_w=0.025253 rel_change=8.908360e-05 | time=0.301s
15:08:46 | INFO | tag=block11.q_proj iter=069 | J=2.595574 J_x=0.070560 J_w=0.025250 rel_change=9.653113e-05 | time=0.289s
15:08:46 | INFO | tag=block11.q_proj iter=070 | J=2.595325 J_x=0.070551 J_w=0.025248 rel_change=9.626489e-05 | time=0.287s
15:08:47 | INFO | tag=block11.q_proj iter=071 | J=2.595065 J_x=0.070544 J_w=0.025245 rel_change=1.000406e-04 | time=0.296s
15:08:47 | INFO | tag=block11.q_proj iter=072 | J=2.594928 J_x=0.070535 J_w=0.025244 rel_change=5.291933e-05 | time=0.288s
15:08:47 | INFO | tag=block11.q_proj iter=073 | J=2.594723 J_x=0.070528 J_w=0.025242 rel_change=7.864817e-05 | time=0.294s
15:08:48 | INFO | tag=block11.q_proj iter=074 | J=2.594469 J_x=0.070521 J_w=0.025239 rel_change=9.804229e-05 | time=0.275s
15:08:48 | INFO | tag=block11.q_proj iter=075 | J=2.594378 J_x=0.070512 J_w=0.025239 rel_change=3.492008e-05 | time=0.288s
15:08:48 | INFO | tag=block11.q_proj iter=076 | J=2.594254 J_x=0.070506 J_w=0.025237 rel_change=4.778704e-05 | time=0.287s
15:08:48 | INFO | tag=block11.q_proj iter=077 | J=2.594101 J_x=0.070499 J_w=0.025236 rel_change=5.909333e-05 | time=0.286s
15:08:49 | INFO | tag=block11.q_proj iter=078 | J=2.594014 J_x=0.070491 J_w=0.025235 rel_change=3.345450e-05 | time=0.290s
15:08:49 | INFO | tag=block11.q_proj iter=079 | J=2.593865 J_x=0.070485 J_w=0.025234 rel_change=5.772014e-05 | time=0.299s
15:08:49 | INFO | tag=block11.q_proj iter=080 | J=2.593752 J_x=0.070478 J_w=0.025233 rel_change=4.329260e-05 | time=0.281s
15:08:49 | INFO | 量化器拟合完成 | tag=block11.q_proj convergence_iter=80 total_fit_time=22.953s
15:08:49 | INFO | 开始计算重建/近似误差 | layer=block11.q_proj error_mode=relative
15:08:49 | INFO | 误差计算完成 | layer=block11.q_proj err_x=0.070566 err_w=0.025840 rel_linear_error=0.057286 elapsed=0.194s
15:08:51 | INFO | block11.k_proj.X_calib stats | shape=[768, 4096] dtype=torch.float16 device=cpu mean=-0.037015 std=0.557564 min=-26.500000 max=5.378906 fro=991.028625
15:08:51 | INFO | block11.k_proj.W stats | shape=[768, 768] dtype=torch.float32 device=cpu mean=0.000053 std=0.054432 min=-0.527344 max=0.527344 fro=41.803741
15:08:51 | INFO | 开始拟合量化器 | tag=block11.k_proj d=768 N=4096 M=768 beta=100.0000 max_iters=80 tol=1.00e-05 init_mode=random error_mode=relative
15:08:52 | INFO | tag=block11.k_proj iter=001 | J=100.187370 J_x=0.187367 J_w=1.000000 rel_change=inf | time=0.278s
15:08:52 | INFO | tag=block11.k_proj iter=002 | J=21.228191 J_x=0.364601 J_w=0.208636 rel_change=7.881151e-01 | time=0.284s
15:08:52 | INFO | tag=block11.k_proj iter=003 | J=7.760303 J_x=0.146945 J_w=0.076134 rel_change=6.344341e-01 | time=0.294s
15:08:53 | INFO | tag=block11.k_proj iter=004 | J=4.229462 J_x=0.117180 J_w=0.041123 rel_change=4.549875e-01 | time=0.302s
15:08:53 | INFO | tag=block11.k_proj iter=005 | J=3.275247 J_x=0.095085 J_w=0.031802 rel_change=2.256115e-01 | time=0.311s
15:08:53 | INFO | tag=block11.k_proj iter=006 | J=2.940469 J_x=0.084569 J_w=0.028559 rel_change=1.022146e-01 | time=0.306s
15:08:54 | INFO | tag=block11.k_proj iter=007 | J=2.795542 J_x=0.079378 J_w=0.027162 rel_change=4.928697e-02 | time=0.300s
15:08:54 | INFO | tag=block11.k_proj iter=008 | J=2.720946 J_x=0.076744 J_w=0.026442 rel_change=2.668389e-02 | time=0.305s
15:08:54 | INFO | tag=block11.k_proj iter=009 | J=2.678674 J_x=0.075243 J_w=0.026034 rel_change=1.553589e-02 | time=0.292s
15:08:54 | INFO | tag=block11.k_proj iter=010 | J=2.652080 J_x=0.074304 J_w=0.025778 rel_change=9.927930e-03 | time=0.285s
15:08:55 | INFO | tag=block11.k_proj iter=011 | J=2.633761 J_x=0.073678 J_w=0.025601 rel_change=6.907457e-03 | time=0.281s
15:08:55 | INFO | tag=block11.k_proj iter=012 | J=2.620677 J_x=0.073217 J_w=0.025475 rel_change=4.967595e-03 | time=0.291s
15:08:55 | INFO | tag=block11.k_proj iter=013 | J=2.611229 J_x=0.072870 J_w=0.025384 rel_change=3.605467e-03 | time=0.288s
15:08:56 | INFO | tag=block11.k_proj iter=014 | J=2.604076 J_x=0.072598 J_w=0.025315 rel_change=2.739245e-03 | time=0.292s
15:08:56 | INFO | tag=block11.k_proj iter=015 | J=2.598003 J_x=0.072383 J_w=0.025256 rel_change=2.332021e-03 | time=0.285s
15:08:56 | INFO | tag=block11.k_proj iter=016 | J=2.593041 J_x=0.072206 J_w=0.025208 rel_change=1.909916e-03 | time=0.295s
15:08:56 | INFO | tag=block11.k_proj iter=017 | J=2.589015 J_x=0.072051 J_w=0.025170 rel_change=1.552776e-03 | time=0.285s
15:08:57 | INFO | tag=block11.k_proj iter=018 | J=2.585692 J_x=0.071916 J_w=0.025138 rel_change=1.283254e-03 | time=0.295s
15:08:57 | INFO | tag=block11.k_proj iter=019 | J=2.582551 J_x=0.071803 J_w=0.025107 rel_change=1.214825e-03 | time=0.285s
15:08:57 | INFO | tag=block11.k_proj iter=020 | J=2.579730 J_x=0.071701 J_w=0.025080 rel_change=1.092503e-03 | time=0.289s
15:08:58 | INFO | tag=block11.k_proj iter=021 | J=2.577273 J_x=0.071607 J_w=0.025057 rel_change=9.524803e-04 | time=0.288s
15:08:58 | INFO | tag=block11.k_proj iter=022 | J=2.575253 J_x=0.071523 J_w=0.025037 rel_change=7.837286e-04 | time=0.288s
15:08:58 | INFO | tag=block11.k_proj iter=023 | J=2.573654 J_x=0.071451 J_w=0.025022 rel_change=6.209384e-04 | time=0.290s
15:08:59 | INFO | tag=block11.k_proj iter=024 | J=2.571908 J_x=0.071389 J_w=0.025005 rel_change=6.782041e-04 | time=0.280s
15:08:59 | INFO | tag=block11.k_proj iter=025 | J=2.570108 J_x=0.071331 J_w=0.024988 rel_change=6.999856e-04 | time=0.282s
15:08:59 | INFO | tag=block11.k_proj iter=026 | J=2.568973 J_x=0.071273 J_w=0.024977 rel_change=4.417516e-04 | time=0.284s
15:08:59 | INFO | tag=block11.k_proj iter=027 | J=2.567863 J_x=0.071226 J_w=0.024966 rel_change=4.318309e-04 | time=0.280s
15:09:00 | INFO | tag=block11.k_proj iter=028 | J=2.566708 J_x=0.071181 J_w=0.024955 rel_change=4.500298e-04 | time=0.282s
15:09:00 | INFO | tag=block11.k_proj iter=029 | J=2.565504 J_x=0.071140 J_w=0.024944 rel_change=4.688101e-04 | time=0.294s
15:09:00 | INFO | tag=block11.k_proj iter=030 | J=2.564369 J_x=0.071103 J_w=0.024933 rel_change=4.425443e-04 | time=0.288s
15:09:01 | INFO | tag=block11.k_proj iter=031 | J=2.563419 J_x=0.071065 J_w=0.024924 rel_change=3.705927e-04 | time=0.290s
15:09:01 | INFO | tag=block11.k_proj iter=032 | J=2.562496 J_x=0.071032 J_w=0.024915 rel_change=3.599412e-04 | time=0.287s
15:09:01 | INFO | tag=block11.k_proj iter=033 | J=2.561662 J_x=0.070999 J_w=0.024907 rel_change=3.255524e-04 | time=0.287s
15:09:01 | INFO | tag=block11.k_proj iter=034 | J=2.560886 J_x=0.070967 J_w=0.024899 rel_change=3.026696e-04 | time=0.287s
15:09:02 | INFO | tag=block11.k_proj iter=035 | J=2.560147 J_x=0.070938 J_w=0.024892 rel_change=2.887032e-04 | time=0.287s
15:09:02 | INFO | tag=block11.k_proj iter=036 | J=2.559496 J_x=0.070908 J_w=0.024886 rel_change=2.543296e-04 | time=0.291s
15:09:02 | INFO | tag=block11.k_proj iter=037 | J=2.559004 J_x=0.070878 J_w=0.024881 rel_change=1.921697e-04 | time=0.281s
15:09:03 | INFO | tag=block11.k_proj iter=038 | J=2.558486 J_x=0.070851 J_w=0.024876 rel_change=2.024552e-04 | time=0.281s
15:09:03 | INFO | tag=block11.k_proj iter=039 | J=2.557831 J_x=0.070828 J_w=0.024870 rel_change=2.559857e-04 | time=0.291s
15:09:03 | INFO | tag=block11.k_proj iter=040 | J=2.557307 J_x=0.070805 J_w=0.024865 rel_change=2.047851e-04 | time=0.293s
15:09:03 | INFO | tag=block11.k_proj iter=041 | J=2.556824 J_x=0.070781 J_w=0.024860 rel_change=1.890711e-04 | time=0.286s
15:09:04 | INFO | tag=block11.k_proj iter=042 | J=2.556312 J_x=0.070763 J_w=0.024855 rel_change=2.000169e-04 | time=0.288s
15:09:04 | INFO | tag=block11.k_proj iter=043 | J=2.555495 J_x=0.070749 J_w=0.024847 rel_change=3.198112e-04 | time=0.287s
15:09:04 | INFO | tag=block11.k_proj iter=044 | J=2.554807 J_x=0.070728 J_w=0.024841 rel_change=2.690669e-04 | time=0.290s
15:09:05 | INFO | tag=block11.k_proj iter=045 | J=2.554194 J_x=0.070709 J_w=0.024835 rel_change=2.398364e-04 | time=0.287s
15:09:05 | INFO | tag=block11.k_proj iter=046 | J=2.553727 J_x=0.070686 J_w=0.024830 rel_change=1.828608e-04 | time=0.283s
15:09:05 | INFO | tag=block11.k_proj iter=047 | J=2.553448 J_x=0.070666 J_w=0.024828 rel_change=1.092324e-04 | time=0.278s
15:09:05 | INFO | tag=block11.k_proj iter=048 | J=2.553191 J_x=0.070648 J_w=0.024825 rel_change=1.008409e-04 | time=0.283s
15:09:06 | INFO | tag=block11.k_proj iter=049 | J=2.552874 J_x=0.070634 J_w=0.024822 rel_change=1.241962e-04 | time=0.284s
15:09:06 | INFO | tag=block11.k_proj iter=050 | J=2.552580 J_x=0.070618 J_w=0.024820 rel_change=1.151526e-04 | time=0.290s
15:09:06 | INFO | tag=block11.k_proj iter=051 | J=2.552343 J_x=0.070604 J_w=0.024817 rel_change=9.293597e-05 | time=0.285s
15:09:07 | INFO | tag=block11.k_proj iter=052 | J=2.552132 J_x=0.070592 J_w=0.024815 rel_change=8.266932e-05 | time=0.289s
15:09:07 | INFO | tag=block11.k_proj iter=053 | J=2.551992 J_x=0.070582 J_w=0.024814 rel_change=5.455692e-05 | time=0.290s
15:09:07 | INFO | tag=block11.k_proj iter=054 | J=2.551860 J_x=0.070571 J_w=0.024813 rel_change=5.194401e-05 | time=0.285s
15:09:07 | INFO | tag=block11.k_proj iter=055 | J=2.551594 J_x=0.070563 J_w=0.024810 rel_change=1.041737e-04 | time=0.272s
15:09:08 | INFO | tag=block11.k_proj iter=056 | J=2.551356 J_x=0.070554 J_w=0.024808 rel_change=9.315876e-05 | time=0.292s
15:09:08 | INFO | tag=block11.k_proj iter=057 | J=2.551157 J_x=0.070545 J_w=0.024806 rel_change=7.830924e-05 | time=0.277s
15:09:08 | INFO | tag=block11.k_proj iter=058 | J=2.550997 J_x=0.070535 J_w=0.024805 rel_change=6.233455e-05 | time=0.290s
15:09:09 | INFO | tag=block11.k_proj iter=059 | J=2.550691 J_x=0.070526 J_w=0.024802 rel_change=1.201907e-04 | time=0.279s
15:09:09 | INFO | tag=block11.k_proj iter=060 | J=2.550435 J_x=0.070517 J_w=0.024799 rel_change=1.004826e-04 | time=0.281s
15:09:09 | INFO | tag=block11.k_proj iter=061 | J=2.550240 J_x=0.070508 J_w=0.024797 rel_change=7.637443e-05 | time=0.285s
15:09:09 | INFO | tag=block11.k_proj iter=062 | J=2.549980 J_x=0.070499 J_w=0.024795 rel_change=1.018092e-04 | time=0.288s
15:09:10 | INFO | tag=block11.k_proj iter=063 | J=2.549875 J_x=0.070489 J_w=0.024794 rel_change=4.132621e-05 | time=0.288s
15:09:10 | INFO | tag=block11.k_proj iter=064 | J=2.549652 J_x=0.070482 J_w=0.024792 rel_change=8.723743e-05 | time=0.290s
15:09:10 | INFO | tag=block11.k_proj iter=065 | J=2.549488 J_x=0.070473 J_w=0.024790 rel_change=6.442855e-05 | time=0.287s
15:09:11 | INFO | tag=block11.k_proj iter=066 | J=2.549357 J_x=0.070465 J_w=0.024789 rel_change=5.143394e-05 | time=0.294s
15:09:11 | INFO | tag=block11.k_proj iter=067 | J=2.549183 J_x=0.070458 J_w=0.024787 rel_change=6.836390e-05 | time=0.285s
15:09:11 | INFO | tag=block11.k_proj iter=068 | J=2.549075 J_x=0.070451 J_w=0.024786 rel_change=4.208736e-05 | time=0.285s
15:09:11 | INFO | tag=block11.k_proj iter=069 | J=2.549038 J_x=0.070443 J_w=0.024786 rel_change=1.449737e-05 | time=0.289s
15:09:12 | INFO | tag=block11.k_proj iter=070 | J=2.548965 J_x=0.070436 J_w=0.024785 rel_change=2.871456e-05 | time=0.286s
15:09:12 | INFO | tag=block11.k_proj iter=071 | J=2.548850 J_x=0.070430 J_w=0.024784 rel_change=4.527115e-05 | time=0.281s
15:09:12 | INFO | tag=block11.k_proj iter=072 | J=2.548767 J_x=0.070423 J_w=0.024783 rel_change=3.255181e-05 | time=0.284s
15:09:13 | INFO | tag=block11.k_proj iter=073 | J=2.548613 J_x=0.070418 J_w=0.024782 rel_change=6.033505e-05 | time=0.286s
15:09:13 | INFO | tag=block11.k_proj iter=074 | J=2.548527 J_x=0.070410 J_w=0.024781 rel_change=3.395806e-05 | time=0.281s
15:09:13 | INFO | tag=block11.k_proj iter=075 | J=2.548438 J_x=0.070404 J_w=0.024780 rel_change=3.461407e-05 | time=0.288s
15:09:13 | INFO | tag=block11.k_proj iter=076 | J=2.548241 J_x=0.070400 J_w=0.024778 rel_change=7.755691e-05 | time=0.282s
15:09:14 | INFO | tag=block11.k_proj iter=077 | J=2.548069 J_x=0.070394 J_w=0.024777 rel_change=6.736466e-05 | time=0.285s
15:09:14 | INFO | tag=block11.k_proj iter=078 | J=2.547892 J_x=0.070389 J_w=0.024775 rel_change=6.961484e-05 | time=0.281s
15:09:14 | INFO | tag=block11.k_proj iter=079 | J=2.547697 J_x=0.070384 J_w=0.024773 rel_change=7.635708e-05 | time=0.291s
15:09:15 | INFO | tag=block11.k_proj iter=080 | J=2.547548 J_x=0.070377 J_w=0.024772 rel_change=5.858233e-05 | time=0.285s
15:09:15 | INFO | 量化器拟合完成 | tag=block11.k_proj convergence_iter=80 total_fit_time=23.065s
15:09:15 | INFO | 开始计算重建/近似误差 | layer=block11.k_proj error_mode=relative
15:09:15 | INFO | 误差计算完成 | layer=block11.k_proj err_x=0.070478 err_w=0.025303 rel_linear_error=0.052609 elapsed=0.192s
15:09:17 | INFO | block11.v_proj.X_calib stats | shape=[768, 4096] dtype=torch.float16 device=cpu mean=-0.037015 std=0.557564 min=-26.500000 max=5.378906 fro=991.028625
15:09:17 | INFO | block11.v_proj.W stats | shape=[768, 768] dtype=torch.float32 device=cpu mean=0.000046 std=0.029483 min=-0.499756 max=0.195679 fro=22.642700
15:09:17 | INFO | 开始拟合量化器 | tag=block11.v_proj d=768 N=4096 M=768 beta=100.0000 max_iters=80 tol=1.00e-05 init_mode=random error_mode=relative
15:09:17 | INFO | tag=block11.v_proj iter=001 | J=100.187325 J_x=0.187328 J_w=1.000000 rel_change=inf | time=0.284s
15:09:17 | INFO | tag=block11.v_proj iter=002 | J=22.352211 J_x=0.338671 J_w=0.220135 rel_change=7.768958e-01 | time=0.288s
15:09:18 | INFO | tag=block11.v_proj iter=003 | J=9.289575 J_x=0.143658 J_w=0.091459 rel_change=5.844002e-01 | time=0.282s
15:09:18 | INFO | tag=block11.v_proj iter=004 | J=5.268240 J_x=0.115787 J_w=0.051525 rel_change=4.328868e-01 | time=0.289s
15:09:18 | INFO | tag=block11.v_proj iter=005 | J=4.108614 J_x=0.094994 J_w=0.040136 rel_change=2.201163e-01 | time=0.300s
15:09:18 | INFO | tag=block11.v_proj iter=006 | J=3.696532 J_x=0.084817 J_w=0.036117 rel_change=1.002971e-01 | time=0.297s
15:09:19 | INFO | tag=block11.v_proj iter=007 | J=3.512593 J_x=0.079890 J_w=0.034327 rel_change=4.976007e-02 | time=0.300s
15:09:19 | INFO | tag=block11.v_proj iter=008 | J=3.423507 J_x=0.077243 J_w=0.033463 rel_change=2.536164e-02 | time=0.291s
15:09:19 | INFO | tag=block11.v_proj iter=009 | J=3.370482 J_x=0.075830 J_w=0.032947 rel_change=1.548864e-02 | time=0.283s
15:09:20 | INFO | tag=block11.v_proj iter=010 | J=3.336448 J_x=0.074979 J_w=0.032615 rel_change=1.009753e-02 | time=0.295s
15:09:20 | INFO | tag=block11.v_proj iter=011 | J=3.314380 J_x=0.074390 J_w=0.032400 rel_change=6.614440e-03 | time=0.288s
15:09:20 | INFO | tag=block11.v_proj iter=012 | J=3.299109 J_x=0.073980 J_w=0.032251 rel_change=4.607267e-03 | time=0.282s
15:09:21 | INFO | tag=block11.v_proj iter=013 | J=3.288304 J_x=0.073678 J_w=0.032146 rel_change=3.275166e-03 | time=0.288s
15:09:21 | INFO | tag=block11.v_proj iter=014 | J=3.280374 J_x=0.073443 J_w=0.032069 rel_change=2.411735e-03 | time=0.289s
15:09:21 | INFO | tag=block11.v_proj iter=015 | J=3.273580 J_x=0.073271 J_w=0.032003 rel_change=2.071171e-03 | time=0.290s
15:09:21 | INFO | tag=block11.v_proj iter=016 | J=3.268130 J_x=0.073121 J_w=0.031950 rel_change=1.664702e-03 | time=0.283s
15:09:22 | INFO | tag=block11.v_proj iter=017 | J=3.263716 J_x=0.072992 J_w=0.031907 rel_change=1.350717e-03 | time=0.288s
15:09:22 | INFO | tag=block11.v_proj iter=018 | J=3.259925 J_x=0.072879 J_w=0.031870 rel_change=1.161515e-03 | time=0.297s
15:09:22 | INFO | tag=block11.v_proj iter=019 | J=3.257257 J_x=0.072772 J_w=0.031845 rel_change=8.185406e-04 | time=0.292s
15:09:23 | INFO | tag=block11.v_proj iter=020 | J=3.254491 J_x=0.072691 J_w=0.031818 rel_change=8.489287e-04 | time=0.281s
15:09:23 | INFO | tag=block11.v_proj iter=021 | J=3.251783 J_x=0.072615 J_w=0.031792 rel_change=8.322146e-04 | time=0.281s
15:09:23 | INFO | tag=block11.v_proj iter=022 | J=3.249449 J_x=0.072546 J_w=0.031769 rel_change=7.177963e-04 | time=0.295s
15:09:23 | INFO | tag=block11.v_proj iter=023 | J=3.247105 J_x=0.072483 J_w=0.031746 rel_change=7.211735e-04 | time=0.290s
15:09:24 | INFO | tag=block11.v_proj iter=024 | J=3.245253 J_x=0.072420 J_w=0.031728 rel_change=5.704385e-04 | time=0.295s
15:09:24 | INFO | tag=block11.v_proj iter=025 | J=3.243263 J_x=0.072365 J_w=0.031709 rel_change=6.133014e-04 | time=0.284s
15:09:24 | INFO | tag=block11.v_proj iter=026 | J=3.241178 J_x=0.072315 J_w=0.031689 rel_change=6.428620e-04 | time=0.287s
15:09:25 | INFO | tag=block11.v_proj iter=027 | J=3.239579 J_x=0.072264 J_w=0.031673 rel_change=4.933618e-04 | time=0.291s
15:09:25 | INFO | tag=block11.v_proj iter=028 | J=3.238137 J_x=0.072216 J_w=0.031659 rel_change=4.451795e-04 | time=0.298s
15:09:25 | INFO | tag=block11.v_proj iter=029 | J=3.237290 J_x=0.072168 J_w=0.031651 rel_change=2.613806e-04 | time=0.288s
15:09:25 | INFO | tag=block11.v_proj iter=030 | J=3.236226 J_x=0.072131 J_w=0.031641 rel_change=3.286155e-04 | time=0.288s
15:09:26 | INFO | tag=block11.v_proj iter=031 | J=3.235361 J_x=0.072095 J_w=0.031633 rel_change=2.672812e-04 | time=0.289s
15:09:26 | INFO | tag=block11.v_proj iter=032 | J=3.234750 J_x=0.072058 J_w=0.031627 rel_change=1.888713e-04 | time=0.298s
15:09:26 | INFO | tag=block11.v_proj iter=033 | J=3.234051 J_x=0.072030 J_w=0.031620 rel_change=2.162517e-04 | time=0.299s
15:09:27 | INFO | tag=block11.v_proj iter=034 | J=3.233379 J_x=0.072003 J_w=0.031614 rel_change=2.078205e-04 | time=0.300s
15:09:27 | INFO | tag=block11.v_proj iter=035 | J=3.232744 J_x=0.071977 J_w=0.031608 rel_change=1.962133e-04 | time=0.293s
15:09:27 | INFO | tag=block11.v_proj iter=036 | J=3.232100 J_x=0.071952 J_w=0.031601 rel_change=1.993493e-04 | time=0.290s
15:09:27 | INFO | tag=block11.v_proj iter=037 | J=3.231277 J_x=0.071932 J_w=0.031593 rel_change=2.547135e-04 | time=0.289s
15:09:28 | INFO | tag=block11.v_proj iter=038 | J=3.230680 J_x=0.071909 J_w=0.031588 rel_change=1.847567e-04 | time=0.298s
15:09:28 | INFO | tag=block11.v_proj iter=039 | J=3.229828 J_x=0.071888 J_w=0.031579 rel_change=2.634598e-04 | time=0.288s
15:09:28 | INFO | tag=block11.v_proj iter=040 | J=3.229186 J_x=0.071866 J_w=0.031573 rel_change=1.987911e-04 | time=0.290s
15:09:29 | INFO | tag=block11.v_proj iter=041 | J=3.228469 J_x=0.071846 J_w=0.031566 rel_change=2.220879e-04 | time=0.289s
15:09:29 | INFO | tag=block11.v_proj iter=042 | J=3.227647 J_x=0.071826 J_w=0.031558 rel_change=2.547784e-04 | time=0.293s
15:09:29 | INFO | tag=block11.v_proj iter=043 | J=3.227085 J_x=0.071804 J_w=0.031553 rel_change=1.738844e-04 | time=0.291s
15:09:30 | INFO | tag=block11.v_proj iter=044 | J=3.226560 J_x=0.071785 J_w=0.031548 rel_change=1.627587e-04 | time=0.292s
15:09:30 | INFO | tag=block11.v_proj iter=045 | J=3.225942 J_x=0.071768 J_w=0.031542 rel_change=1.914555e-04 | time=0.290s
15:09:30 | INFO | tag=block11.v_proj iter=046 | J=3.225592 J_x=0.071749 J_w=0.031538 rel_change=1.085689e-04 | time=0.292s
15:09:30 | INFO | tag=block11.v_proj iter=047 | J=3.225187 J_x=0.071733 J_w=0.031535 rel_change=1.255071e-04 | time=0.288s
15:09:31 | INFO | tag=block11.v_proj iter=048 | J=3.224946 J_x=0.071717 J_w=0.031532 rel_change=7.488496e-05 | time=0.294s
15:09:31 | INFO | tag=block11.v_proj iter=049 | J=3.224623 J_x=0.071702 J_w=0.031529 rel_change=1.001005e-04 | time=0.295s
15:09:31 | INFO | tag=block11.v_proj iter=050 | J=3.224429 J_x=0.071688 J_w=0.031527 rel_change=6.011069e-05 | time=0.294s
15:09:32 | INFO | tag=block11.v_proj iter=051 | J=3.223952 J_x=0.071678 J_w=0.031523 rel_change=1.480305e-04 | time=0.280s
15:09:32 | INFO | tag=block11.v_proj iter=052 | J=3.223678 J_x=0.071664 J_w=0.031520 rel_change=8.504512e-05 | time=0.297s
15:09:32 | INFO | tag=block11.v_proj iter=053 | J=3.223247 J_x=0.071654 J_w=0.031516 rel_change=1.336431e-04 | time=0.284s
15:09:32 | INFO | tag=block11.v_proj iter=054 | J=3.222790 J_x=0.071645 J_w=0.031511 rel_change=1.415756e-04 | time=0.287s
15:09:33 | INFO | tag=block11.v_proj iter=055 | J=3.222527 J_x=0.071633 J_w=0.031509 rel_change=8.174671e-05 | time=0.291s
15:09:33 | INFO | tag=block11.v_proj iter=056 | J=3.222157 J_x=0.071623 J_w=0.031505 rel_change=1.148987e-04 | time=0.285s
15:09:33 | INFO | tag=block11.v_proj iter=057 | J=3.221821 J_x=0.071615 J_w=0.031502 rel_change=1.041828e-04 | time=0.285s
15:09:34 | INFO | tag=block11.v_proj iter=058 | J=3.221620 J_x=0.071605 J_w=0.031500 rel_change=6.238300e-05 | time=0.294s
15:09:34 | INFO | tag=block11.v_proj iter=059 | J=3.221403 J_x=0.071595 J_w=0.031498 rel_change=6.727127e-05 | time=0.291s
15:09:34 | INFO | tag=block11.v_proj iter=060 | J=3.221215 J_x=0.071585 J_w=0.031496 rel_change=5.839451e-05 | time=0.290s
15:09:34 | INFO | tag=block11.v_proj iter=061 | J=3.220993 J_x=0.071577 J_w=0.031494 rel_change=6.905609e-05 | time=0.283s
15:09:35 | INFO | tag=block11.v_proj iter=062 | J=3.220893 J_x=0.071567 J_w=0.031493 rel_change=3.086643e-05 | time=0.289s
15:09:35 | INFO | tag=block11.v_proj iter=063 | J=3.220821 J_x=0.071558 J_w=0.031493 rel_change=2.250284e-05 | time=0.293s
15:09:35 | INFO | tag=block11.v_proj iter=064 | J=3.220647 J_x=0.071552 J_w=0.031491 rel_change=5.396362e-05 | time=0.292s
15:09:36 | INFO | tag=block11.v_proj iter=065 | J=3.220521 J_x=0.071545 J_w=0.031490 rel_change=3.916090e-05 | time=0.288s
15:09:36 | INFO | tag=block11.v_proj iter=066 | J=3.220275 J_x=0.071538 J_w=0.031487 rel_change=7.640005e-05 | time=0.279s
15:09:36 | INFO | tag=block11.v_proj iter=067 | J=3.219919 J_x=0.071534 J_w=0.031484 rel_change=1.104628e-04 | time=0.288s
15:09:36 | INFO | tag=block11.v_proj iter=068 | J=3.219686 J_x=0.071527 J_w=0.031482 rel_change=7.256400e-05 | time=0.287s
15:09:37 | INFO | tag=block11.v_proj iter=069 | J=3.219465 J_x=0.071520 J_w=0.031479 rel_change=6.857055e-05 | time=0.286s
15:09:37 | INFO | tag=block11.v_proj iter=070 | J=3.219374 J_x=0.071512 J_w=0.031479 rel_change=2.806698e-05 | time=0.290s
15:09:37 | INFO | tag=block11.v_proj iter=071 | J=3.219306 J_x=0.071505 J_w=0.031478 rel_change=2.140260e-05 | time=0.282s
15:09:38 | INFO | tag=block11.v_proj iter=072 | J=3.219147 J_x=0.071500 J_w=0.031476 rel_change=4.924924e-05 | time=0.285s
15:09:38 | INFO | tag=block11.v_proj iter=073 | J=3.218893 J_x=0.071495 J_w=0.031474 rel_change=7.902486e-05 | time=0.290s
15:09:38 | INFO | tag=block11.v_proj iter=074 | J=3.218806 J_x=0.071488 J_w=0.031473 rel_change=2.696094e-05 | time=0.292s
15:09:39 | INFO | tag=block11.v_proj iter=075 | J=3.218642 J_x=0.071483 J_w=0.031472 rel_change=5.073830e-05 | time=0.294s
15:09:39 | INFO | tag=block11.v_proj iter=076 | J=3.218582 J_x=0.071477 J_w=0.031471 rel_change=1.874079e-05 | time=0.284s
15:09:39 | INFO | tag=block11.v_proj iter=077 | J=3.218439 J_x=0.071472 J_w=0.031470 rel_change=4.459354e-05 | time=0.282s
15:09:39 | INFO | tag=block11.v_proj iter=078 | J=3.218114 J_x=0.071470 J_w=0.031466 rel_change=1.008955e-04 | time=0.287s
15:09:40 | INFO | tag=block11.v_proj iter=079 | J=3.217951 J_x=0.071464 J_w=0.031465 rel_change=5.074921e-05 | time=0.292s
15:09:40 | INFO | tag=block11.v_proj iter=080 | J=3.217827 J_x=0.071458 J_w=0.031464 rel_change=3.852690e-05 | time=0.284s
15:09:40 | INFO | 量化器拟合完成 | tag=block11.v_proj convergence_iter=80 total_fit_time=23.244s
15:09:40 | INFO | 开始计算重建/近似误差 | layer=block11.v_proj error_mode=relative
15:09:40 | INFO | 误差计算完成 | layer=block11.v_proj err_x=0.071555 err_w=0.033095 rel_linear_error=0.132635 elapsed=0.188s
15:09:42 | INFO | block11.out_proj.X_calib stats | shape=[768, 4096] dtype=torch.float16 device=cpu mean=-0.000149 std=0.126649 min=-1.580078 max=1.531250 fro=224.591049
15:09:42 | INFO | block11.out_proj.W stats | shape=[768, 768] dtype=torch.float32 device=cpu mean=-0.000020 std=0.031479 min=-0.875977 max=0.894043 fro=24.176212
15:09:42 | INFO | 开始拟合量化器 | tag=block11.out_proj d=768 N=4096 M=768 beta=100.0000 max_iters=80 tol=1.00e-05 init_mode=random error_mode=relative
15:09:42 | INFO | tag=block11.out_proj iter=001 | J=100.923920 J_x=0.953029 J_w=0.999709 rel_change=inf | time=0.257s
15:09:43 | INFO | tag=block11.out_proj iter=002 | J=21.321011 J_x=0.360279 J_w=0.209607 rel_change=7.887418e-01 | time=0.292s
15:09:43 | INFO | tag=block11.out_proj iter=003 | J=8.061916 J_x=0.261696 J_w=0.078002 rel_change=6.218793e-01 | time=0.290s
15:09:43 | INFO | tag=block11.out_proj iter=004 | J=4.422534 J_x=0.215687 J_w=0.042068 rel_change=4.514289e-01 | time=0.284s
15:09:44 | INFO | tag=block11.out_proj iter=005 | J=3.530262 J_x=0.180806 J_w=0.033495 rel_change=2.017557e-01 | time=0.289s
15:09:44 | INFO | tag=block11.out_proj iter=006 | J=3.225081 J_x=0.158532 J_w=0.030665 rel_change=8.644719e-02 | time=0.330s
15:09:44 | INFO | tag=block11.out_proj iter=007 | J=3.093884 J_x=0.145050 J_w=0.029488 rel_change=4.068021e-02 | time=0.276s
15:09:44 | INFO | tag=block11.out_proj iter=008 | J=3.030489 J_x=0.136982 J_w=0.028935 rel_change=2.049035e-02 | time=0.269s
15:09:45 | INFO | tag=block11.out_proj iter=009 | J=2.993626 J_x=0.131994 J_w=0.028616 rel_change=1.216423e-02 | time=0.272s
15:09:45 | INFO | tag=block11.out_proj iter=010 | J=2.969820 J_x=0.128840 J_w=0.028410 rel_change=7.952182e-03 | time=0.283s
15:09:45 | INFO | tag=block11.out_proj iter=011 | J=2.954126 J_x=0.126776 J_w=0.028273 rel_change=5.284623e-03 | time=0.287s
15:09:46 | INFO | tag=block11.out_proj iter=012 | J=2.943283 J_x=0.125322 J_w=0.028180 rel_change=3.670231e-03 | time=0.281s
15:09:46 | INFO | tag=block11.out_proj iter=013 | J=2.934418 J_x=0.124215 J_w=0.028102 rel_change=3.011902e-03 | time=0.284s
15:09:46 | INFO | tag=block11.out_proj iter=014 | J=2.927881 J_x=0.123328 J_w=0.028046 rel_change=2.228010e-03 | time=0.285s
15:09:46 | INFO | tag=block11.out_proj iter=015 | J=2.922560 J_x=0.122606 J_w=0.028000 rel_change=1.817283e-03 | time=0.286s
15:09:47 | INFO | tag=block11.out_proj iter=016 | J=2.918342 J_x=0.121989 J_w=0.027964 rel_change=1.443290e-03 | time=0.283s
15:09:47 | INFO | tag=block11.out_proj iter=017 | J=2.914688 J_x=0.121433 J_w=0.027933 rel_change=1.252082e-03 | time=0.288s
15:09:47 | INFO | tag=block11.out_proj iter=018 | J=2.911617 J_x=0.120895 J_w=0.027907 rel_change=1.053653e-03 | time=0.296s
15:09:48 | INFO | tag=block11.out_proj iter=019 | J=2.909015 J_x=0.120412 J_w=0.027886 rel_change=8.935323e-04 | time=0.295s
15:09:48 | INFO | tag=block11.out_proj iter=020 | J=2.906664 J_x=0.119981 J_w=0.027867 rel_change=8.080291e-04 | time=0.289s
15:09:48 | INFO | tag=block11.out_proj iter=021 | J=2.904645 J_x=0.119604 J_w=0.027850 rel_change=6.948321e-04 | time=0.289s
15:09:48 | INFO | tag=block11.out_proj iter=022 | J=2.902982 J_x=0.119267 J_w=0.027837 rel_change=5.722746e-04 | time=0.320s
15:09:49 | INFO | tag=block11.out_proj iter=023 | J=2.901291 J_x=0.118949 J_w=0.027823 rel_change=5.826220e-04 | time=0.307s
15:09:49 | INFO | tag=block11.out_proj iter=024 | J=2.898465 J_x=0.118664 J_w=0.027798 rel_change=9.740406e-04 | time=0.308s
15:09:49 | INFO | tag=block11.out_proj iter=025 | J=2.896293 J_x=0.118391 J_w=0.027779 rel_change=7.494421e-04 | time=0.280s
15:09:50 | INFO | tag=block11.out_proj iter=026 | J=2.894637 J_x=0.118109 J_w=0.027765 rel_change=5.717845e-04 | time=0.296s
15:09:50 | INFO | tag=block11.out_proj iter=027 | J=2.893197 J_x=0.117864 J_w=0.027753 rel_change=4.975707e-04 | time=0.286s
15:09:50 | INFO | tag=block11.out_proj iter=028 | J=2.892121 J_x=0.117642 J_w=0.027745 rel_change=3.716539e-04 | time=0.297s
15:09:51 | INFO | tag=block11.out_proj iter=029 | J=2.890789 J_x=0.117452 J_w=0.027733 rel_change=4.606595e-04 | time=0.288s
15:09:51 | INFO | tag=block11.out_proj iter=030 | J=2.889547 J_x=0.117258 J_w=0.027723 rel_change=4.297786e-04 | time=0.284s
15:09:51 | INFO | tag=block11.out_proj iter=031 | J=2.888133 J_x=0.117081 J_w=0.027711 rel_change=4.892061e-04 | time=0.276s
15:09:51 | INFO | tag=block11.out_proj iter=032 | J=2.886829 J_x=0.116915 J_w=0.027699 rel_change=4.516371e-04 | time=0.289s
15:09:52 | INFO | tag=block11.out_proj iter=033 | J=2.885684 J_x=0.116759 J_w=0.027689 rel_change=3.966721e-04 | time=0.275s
15:09:52 | INFO | tag=block11.out_proj iter=034 | J=2.884628 J_x=0.116611 J_w=0.027680 rel_change=3.657640e-04 | time=0.297s
15:09:52 | INFO | tag=block11.out_proj iter=035 | J=2.883666 J_x=0.116459 J_w=0.027672 rel_change=3.334158e-04 | time=0.266s
15:09:53 | INFO | tag=block11.out_proj iter=036 | J=2.882821 J_x=0.116320 J_w=0.027665 rel_change=2.930970e-04 | time=0.282s
15:09:53 | INFO | tag=block11.out_proj iter=037 | J=2.881902 J_x=0.116192 J_w=0.027657 rel_change=3.189036e-04 | time=0.310s
15:09:53 | INFO | tag=block11.out_proj iter=038 | J=2.881354 J_x=0.116070 J_w=0.027653 rel_change=1.901954e-04 | time=0.290s
15:09:53 | INFO | tag=block11.out_proj iter=039 | J=2.880800 J_x=0.115964 J_w=0.027648 rel_change=1.922174e-04 | time=0.275s
15:09:54 | INFO | tag=block11.out_proj iter=040 | J=2.880286 J_x=0.115855 J_w=0.027644 rel_change=1.784332e-04 | time=0.298s
15:09:54 | INFO | tag=block11.out_proj iter=041 | J=2.879525 J_x=0.115747 J_w=0.027638 rel_change=2.640555e-04 | time=0.294s
15:09:54 | INFO | tag=block11.out_proj iter=042 | J=2.878835 J_x=0.115648 J_w=0.027632 rel_change=2.397827e-04 | time=0.304s
15:09:55 | INFO | tag=block11.out_proj iter=043 | J=2.878304 J_x=0.115559 J_w=0.027627 rel_change=1.844351e-04 | time=0.283s
15:09:55 | INFO | tag=block11.out_proj iter=044 | J=2.877654 J_x=0.115471 J_w=0.027622 rel_change=2.258856e-04 | time=0.278s
15:09:55 | INFO | tag=block11.out_proj iter=045 | J=2.877216 J_x=0.115382 J_w=0.027618 rel_change=1.520329e-04 | time=0.303s
15:09:55 | INFO | tag=block11.out_proj iter=046 | J=2.876750 J_x=0.115296 J_w=0.027615 rel_change=1.621655e-04 | time=0.295s
15:09:56 | INFO | tag=block11.out_proj iter=047 | J=2.876166 J_x=0.115216 J_w=0.027610 rel_change=2.028019e-04 | time=0.332s
15:09:56 | INFO | tag=block11.out_proj iter=048 | J=2.875724 J_x=0.115131 J_w=0.027606 rel_change=1.538523e-04 | time=0.289s
15:09:56 | INFO | tag=block11.out_proj iter=049 | J=2.875339 J_x=0.115062 J_w=0.027603 rel_change=1.338124e-04 | time=0.302s
15:09:57 | INFO | tag=block11.out_proj iter=050 | J=2.874962 J_x=0.114992 J_w=0.027600 rel_change=1.310940e-04 | time=0.300s
15:09:57 | INFO | tag=block11.out_proj iter=051 | J=2.874667 J_x=0.114924 J_w=0.027597 rel_change=1.025006e-04 | time=0.350s
15:09:57 | INFO | tag=block11.out_proj iter=052 | J=2.874295 J_x=0.114861 J_w=0.027594 rel_change=1.294659e-04 | time=0.296s
15:09:58 | INFO | tag=block11.out_proj iter=053 | J=2.873913 J_x=0.114809 J_w=0.027591 rel_change=1.328836e-04 | time=0.288s
15:09:58 | INFO | tag=block11.out_proj iter=054 | J=2.873470 J_x=0.114756 J_w=0.027587 rel_change=1.542218e-04 | time=0.292s
15:09:58 | INFO | tag=block11.out_proj iter=055 | J=2.872952 J_x=0.114698 J_w=0.027583 rel_change=1.802160e-04 | time=0.306s
15:09:59 | INFO | tag=block11.out_proj iter=056 | J=2.872438 J_x=0.114642 J_w=0.027578 rel_change=1.787547e-04 | time=0.310s
15:09:59 | INFO | tag=block11.out_proj iter=057 | J=2.872017 J_x=0.114593 J_w=0.027574 rel_change=1.467478e-04 | time=0.298s
15:09:59 | INFO | tag=block11.out_proj iter=058 | J=2.871627 J_x=0.114542 J_w=0.027571 rel_change=1.358945e-04 | time=0.295s
15:09:59 | INFO | tag=block11.out_proj iter=059 | J=2.871370 J_x=0.114497 J_w=0.027569 rel_change=8.941859e-05 | time=0.290s
15:10:00 | INFO | tag=block11.out_proj iter=060 | J=2.871129 J_x=0.114453 J_w=0.027567 rel_change=8.402944e-05 | time=0.279s
15:10:00 | INFO | tag=block11.out_proj iter=061 | J=2.870785 J_x=0.114410 J_w=0.027564 rel_change=1.195776e-04 | time=0.283s
15:10:00 | INFO | tag=block11.out_proj iter=062 | J=2.870416 J_x=0.114366 J_w=0.027560 rel_change=1.287274e-04 | time=0.287s
15:10:01 | INFO | tag=block11.out_proj iter=063 | J=2.870057 J_x=0.114327 J_w=0.027557 rel_change=1.250063e-04 | time=0.286s
15:10:01 | INFO | tag=block11.out_proj iter=064 | J=2.869609 J_x=0.114289 J_w=0.027553 rel_change=1.559243e-04 | time=0.294s
15:10:01 | INFO | tag=block11.out_proj iter=065 | J=2.869108 J_x=0.114259 J_w=0.027548 rel_change=1.748087e-04 | time=0.303s
15:10:01 | INFO | tag=block11.out_proj iter=066 | J=2.868587 J_x=0.114225 J_w=0.027544 rel_change=1.816533e-04 | time=0.297s
15:10:02 | INFO | tag=block11.out_proj iter=067 | J=2.868361 J_x=0.114192 J_w=0.027542 rel_change=7.879170e-05 | time=0.296s
15:10:02 | INFO | tag=block11.out_proj iter=068 | J=2.867839 J_x=0.114163 J_w=0.027537 rel_change=1.817007e-04 | time=0.319s
15:10:02 | INFO | tag=block11.out_proj iter=069 | J=2.867329 J_x=0.114127 J_w=0.027532 rel_change=1.778263e-04 | time=0.312s
15:10:03 | INFO | tag=block11.out_proj iter=070 | J=2.867029 J_x=0.114094 J_w=0.027529 rel_change=1.046028e-04 | time=0.310s
15:10:03 | INFO | tag=block11.out_proj iter=071 | J=2.866857 J_x=0.114063 J_w=0.027528 rel_change=6.004062e-05 | time=0.304s
15:10:03 | INFO | tag=block11.out_proj iter=072 | J=2.866581 J_x=0.114034 J_w=0.027525 rel_change=9.622045e-05 | time=0.321s
15:10:04 | INFO | tag=block11.out_proj iter=073 | J=2.866430 J_x=0.114003 J_w=0.027524 rel_change=5.273089e-05 | time=0.297s
15:10:04 | INFO | tag=block11.out_proj iter=074 | J=2.866150 J_x=0.113974 J_w=0.027522 rel_change=9.789831e-05 | time=0.315s
15:10:04 | INFO | tag=block11.out_proj iter=075 | J=2.865893 J_x=0.113949 J_w=0.027519 rel_change=8.958946e-05 | time=0.302s
15:10:05 | INFO | tag=block11.out_proj iter=076 | J=2.865603 J_x=0.113924 J_w=0.027517 rel_change=1.011611e-04 | time=0.307s
15:10:05 | INFO | tag=block11.out_proj iter=077 | J=2.865411 J_x=0.113899 J_w=0.027515 rel_change=6.705932e-05 | time=0.313s
15:10:05 | INFO | tag=block11.out_proj iter=078 | J=2.865178 J_x=0.113876 J_w=0.027513 rel_change=8.112558e-05 | time=0.302s
15:10:05 | INFO | tag=block11.out_proj iter=079 | J=2.864978 J_x=0.113856 J_w=0.027511 rel_change=7.006490e-05 | time=0.306s
15:10:06 | INFO | tag=block11.out_proj iter=080 | J=2.864600 J_x=0.113832 J_w=0.027508 rel_change=1.317346e-04 | time=0.323s
15:10:06 | INFO | 量化器拟合完成 | tag=block11.out_proj convergence_iter=80 total_fit_time=23.671s
15:10:06 | INFO | 开始计算重建/近似误差 | layer=block11.out_proj error_mode=relative
15:10:06 | INFO | 误差计算完成 | layer=block11.out_proj err_x=0.093186 err_w=0.068693 rel_linear_error=0.224982 elapsed=0.203s
15:10:08 | INFO | 扩展量化模块构建完成。
15:10:08 | INFO | 开始 PPL 评测 | tag=ours_all_blocks_qkvo stride=512 max_eval_tokens=None
15:10:32 | INFO | PPL 评测完成 | tag=ours_all_blocks_qkvo ppl=24.743128 eval_tokens=286178 target_tokens=286178 windows=556 elapsed=23.537s
15:10:35 | INFO | ========== Sweep 单次实验结束 ==========
