14:00:41 | INFO | ========== Sweep 单次实验开始 ==========
14:00:41 | INFO | combo = {
  "target.block_indices": [
    11
  ],
  "quant.beta": 0.5,
  "quant_ext.init_mode": "random",
  "quant_ext.error_mode": "relative"
}
14:00:41 | INFO | config = {
  "data": {
    "model_name": "facebook/opt-125m",
    "dataset_name": "wikitext",
    "dataset_config": "wikitext-2-raw-v1",
    "calib_split": "train",
    "eval_split": "test",
    "calib_num_tokens": 4096,
    "eval_num_tokens": null,
    "tokenizer_use_fast": true
  },
  "quant": {
    "beta": 0.5,
    "max_iters": 80,
    "tol": 1e-05,
    "convergence_check_every": 1,
    "codebook": [
      -2.0,
      -1.0,
      0.0,
      1.0,
      2.0
    ],
    "dtype": "float32",
    "eps": 1e-08,
    "log_every": 1,
    "init_mode": "random",
    "error_mode": "relative",
    "track_u": true,
    "track_u_every": 1,
    "track_u_full_matrix": false,
    "random_init_orthogonal": true,
    "random_init_scale": 1.0
  },
  "eval": {
    "stride": 512,
    "device": "cuda"
  },
  "target": {
    "block_indices": [
      11
    ],
    "target_linear_names": [
      "q_proj",
      "k_proj",
      "v_proj",
      "out_proj"
    ]
  },
  "output_dir": "outputs_opt_qkvo_general_sweep_u_tracking\\t_block_indices_11-__q_beta_0.5__init_mode_random__error_mode_relative",
  "seed": 42
}
14:00:41 | INFO | 加载模型与 tokenizer：facebook/opt-125m
14:01:01 | INFO | 模型加载完成 | hidden_size=768 vocab_size=50272 device=cuda elapsed=20.055s
14:01:01 | INFO | 加载数据集 split=train
14:01:27 | INFO | split=train 加载完成 | non-empty text blocks=23767 chars=10940522 elapsed=26.107s
14:01:27 | INFO | 加载数据集 split=test
14:02:01 | INFO | split=test 加载完成 | non-empty text blocks=2891 chars=1291402 elapsed=34.126s
14:02:01 | INFO | 开始 PPL 评测 | tag=baseline_fp stride=512 max_eval_tokens=None
14:02:22 | INFO | PPL 评测完成 | tag=baseline_fp ppl=23.500643 eval_tokens=286178 target_tokens=286178 windows=556 elapsed=20.680s
14:02:36 | INFO | 开始收集目标线性层输入 hidden states | requested_tokens=4096 layers=['block11.q_proj', 'block11.k_proj', 'block11.v_proj', 'block11.out_proj']
14:02:37 | INFO | 输入收集完成 | layer=block11.q_proj collected_tokens=4096 forward_chunks=2 elapsed=0.423s X_shape=[768, 4096]
14:02:37 | INFO | 输入收集完成 | layer=block11.k_proj collected_tokens=4096 forward_chunks=2 elapsed=0.423s X_shape=[768, 4096]
14:02:37 | INFO | 输入收集完成 | layer=block11.v_proj collected_tokens=4096 forward_chunks=2 elapsed=0.423s X_shape=[768, 4096]
14:02:37 | INFO | 输入收集完成 | layer=block11.out_proj collected_tokens=4096 forward_chunks=2 elapsed=0.423s X_shape=[768, 4096]
14:02:37 | INFO | 开始为所有目标 transformer blocks 的 Q/K/V/O 线性层构建 SQ-XW 对照组。
14:02:37 | INFO | 开始计算 SQ-XW 对照组误差 | layer=block11.q_proj
14:02:37 | INFO | SQ-XW 误差计算完成 | layer=block11.q_proj rel_recon_error_x=0.934975 rel_recon_error_w=0.137037 rel_linear_error=0.841778 elapsed=0.050s
14:02:37 | INFO | SQ-XW 对照组构建完成 | layer=block11.q_proj bits=3 x_scale=3.78571439 w_scale=0.07163783
14:02:37 | INFO | 开始计算 SQ-XW 对照组误差 | layer=block11.k_proj
14:02:37 | INFO | SQ-XW 误差计算完成 | layer=block11.k_proj rel_recon_error_x=0.934975 rel_recon_error_w=0.159061 rel_linear_error=0.758373 elapsed=0.053s
14:02:37 | INFO | SQ-XW 对照组构建完成 | layer=block11.k_proj bits=3 x_scale=3.78571439 w_scale=0.07533482
14:02:37 | INFO | 开始计算 SQ-XW 对照组误差 | layer=block11.v_proj
14:02:37 | INFO | SQ-XW 误差计算完成 | layer=block11.v_proj rel_recon_error_x=0.934975 rel_recon_error_w=0.440576 rel_linear_error=1.034687 elapsed=0.048s
14:02:37 | INFO | SQ-XW 对照组构建完成 | layer=block11.v_proj bits=3 x_scale=3.78571439 w_scale=0.07139369
14:02:37 | INFO | 开始计算 SQ-XW 对照组误差 | layer=block11.out_proj
14:02:37 | INFO | SQ-XW 误差计算完成 | layer=block11.out_proj rel_recon_error_x=0.192631 rel_recon_error_w=0.744155 rel_linear_error=0.829729 elapsed=0.052s
14:02:37 | INFO | SQ-XW 对照组构建完成 | layer=block11.out_proj bits=3 x_scale=0.22572544 w_scale=0.12772043
14:02:37 | INFO | 开始 PPL 评测 | tag=sq_all_blocks_qkvo stride=512 max_eval_tokens=None
14:02:59 | INFO | PPL 评测完成 | tag=sq_all_blocks_qkvo ppl=27.267649 eval_tokens=286178 target_tokens=286178 windows=556 elapsed=21.807s
14:02:59 | INFO | 开始为目标层构建扩展量化器。
14:02:59 | INFO | block11.q_proj.X_calib stats | shape=[768, 4096] dtype=torch.float16 device=cpu mean=-0.037015 std=0.557564 min=-26.500000 max=5.378906 fro=991.028625
14:02:59 | INFO | block11.q_proj.W stats | shape=[768, 768] dtype=torch.float32 device=cpu mean=-0.000252 std=0.055656 min=-0.487549 max=0.501465 fro=42.744507
14:02:59 | INFO | 开始拟合量化器 | tag=block11.q_proj d=768 N=4096 M=768 beta=0.5000 max_iters=80 tol=1.00e-05 init_mode=random error_mode=relative
14:02:59 | INFO | tag=block11.q_proj iter=001 | J=0.687294 J_x=0.187294 J_w=1.000000 rel_change=inf | time=0.283s
14:02:59 | INFO | tag=block11.q_proj iter=002 | J=0.296203 J_x=0.127327 J_w=0.337753 rel_change=3.910906e-01 | time=0.280s
14:03:00 | INFO | tag=block11.q_proj iter=003 | J=0.174918 J_x=0.103198 J_w=0.143439 rel_change=1.212853e-01 | time=0.300s
14:03:00 | INFO | tag=block11.q_proj iter=004 | J=0.136739 J_x=0.090099 J_w=0.093280 rel_change=3.817862e-02 | time=0.289s
14:03:00 | INFO | tag=block11.q_proj iter=005 | J=0.120098 J_x=0.081940 J_w=0.076316 rel_change=1.664068e-02 | time=0.300s
14:03:01 | INFO | tag=block11.q_proj iter=006 | J=0.110755 J_x=0.076446 J_w=0.068619 rel_change=9.343058e-03 | time=0.294s
14:03:01 | INFO | tag=block11.q_proj iter=007 | J=0.104670 J_x=0.072581 J_w=0.064176 rel_change=6.085664e-03 | time=0.281s
14:03:01 | INFO | tag=block11.q_proj iter=008 | J=0.100391 J_x=0.069756 J_w=0.061268 rel_change=4.279092e-03 | time=0.288s
14:03:02 | INFO | tag=block11.q_proj iter=009 | J=0.097260 J_x=0.067606 J_w=0.059308 rel_change=3.130183e-03 | time=0.288s
14:03:02 | INFO | tag=block11.q_proj iter=010 | J=0.094790 J_x=0.065910 J_w=0.057759 rel_change=2.470709e-03 | time=0.295s
14:03:02 | INFO | tag=block11.q_proj iter=011 | J=0.092824 J_x=0.064543 J_w=0.056563 rel_change=1.965448e-03 | time=0.292s
14:03:02 | INFO | tag=block11.q_proj iter=012 | J=0.091235 J_x=0.063422 J_w=0.055625 rel_change=1.589693e-03 | time=0.286s
14:03:03 | INFO | tag=block11.q_proj iter=013 | J=0.089909 J_x=0.062482 J_w=0.054854 rel_change=1.325466e-03 | time=0.300s
14:03:03 | INFO | tag=block11.q_proj iter=014 | J=0.088816 J_x=0.061706 J_w=0.054221 rel_change=1.092836e-03 | time=0.287s
14:03:03 | INFO | tag=block11.q_proj iter=015 | J=0.087889 J_x=0.061049 J_w=0.053679 rel_change=9.276941e-04 | time=0.286s
14:03:04 | INFO | tag=block11.q_proj iter=016 | J=0.087084 J_x=0.060482 J_w=0.053204 rel_change=8.040518e-04 | time=0.291s
14:03:04 | INFO | tag=block11.q_proj iter=017 | J=0.086393 J_x=0.059990 J_w=0.052806 rel_change=6.911531e-04 | time=0.297s
14:03:04 | INFO | tag=block11.q_proj iter=018 | J=0.085805 J_x=0.059558 J_w=0.052495 rel_change=5.884469e-04 | time=0.289s
14:03:04 | INFO | tag=block11.q_proj iter=019 | J=0.085272 J_x=0.059174 J_w=0.052195 rel_change=5.329773e-04 | time=0.301s
14:03:05 | INFO | tag=block11.q_proj iter=020 | J=0.084791 J_x=0.058838 J_w=0.051906 rel_change=4.810840e-04 | time=0.293s
14:03:05 | INFO | tag=block11.q_proj iter=021 | J=0.084373 J_x=0.058531 J_w=0.051686 rel_change=4.173443e-04 | time=0.285s
14:03:05 | INFO | tag=block11.q_proj iter=022 | J=0.084000 J_x=0.058260 J_w=0.051481 rel_change=3.730208e-04 | time=0.285s
14:03:06 | INFO | tag=block11.q_proj iter=023 | J=0.083655 J_x=0.058014 J_w=0.051282 rel_change=3.453791e-04 | time=0.290s
14:03:06 | INFO | tag=block11.q_proj iter=024 | J=0.083350 J_x=0.057785 J_w=0.051129 rel_change=3.050417e-04 | time=0.291s
14:03:06 | INFO | tag=block11.q_proj iter=025 | J=0.083060 J_x=0.057578 J_w=0.050963 rel_change=2.904013e-04 | time=0.296s
14:03:07 | INFO | tag=block11.q_proj iter=026 | J=0.082797 J_x=0.057388 J_w=0.050818 rel_change=2.624691e-04 | time=0.296s
14:03:07 | INFO | tag=block11.q_proj iter=027 | J=0.082565 J_x=0.057213 J_w=0.050705 rel_change=2.319291e-04 | time=0.295s
14:03:07 | INFO | tag=block11.q_proj iter=028 | J=0.082342 J_x=0.057050 J_w=0.050585 rel_change=2.227724e-04 | time=0.288s
14:03:07 | INFO | tag=block11.q_proj iter=029 | J=0.082143 J_x=0.056904 J_w=0.050478 rel_change=1.996160e-04 | time=0.296s
14:03:08 | INFO | tag=block11.q_proj iter=030 | J=0.081953 J_x=0.056769 J_w=0.050367 rel_change=1.901686e-04 | time=0.294s
14:03:08 | INFO | tag=block11.q_proj iter=031 | J=0.081779 J_x=0.056642 J_w=0.050273 rel_change=1.741648e-04 | time=0.296s
14:03:08 | INFO | tag=block11.q_proj iter=032 | J=0.081613 J_x=0.056526 J_w=0.050176 rel_change=1.650825e-04 | time=0.282s
14:03:09 | INFO | tag=block11.q_proj iter=033 | J=0.081460 J_x=0.056418 J_w=0.050083 rel_change=1.538917e-04 | time=0.292s
14:03:09 | INFO | tag=block11.q_proj iter=034 | J=0.081321 J_x=0.056315 J_w=0.050011 rel_change=1.385957e-04 | time=0.292s
14:03:09 | INFO | tag=block11.q_proj iter=035 | J=0.081189 J_x=0.056224 J_w=0.049931 rel_change=1.316741e-04 | time=0.290s
14:03:09 | INFO | tag=block11.q_proj iter=036 | J=0.081074 J_x=0.056135 J_w=0.049878 rel_change=1.151636e-04 | time=0.280s
14:03:10 | INFO | tag=block11.q_proj iter=037 | J=0.080959 J_x=0.056053 J_w=0.049814 rel_change=1.146570e-04 | time=0.282s
14:03:10 | INFO | tag=block11.q_proj iter=038 | J=0.080852 J_x=0.055975 J_w=0.049756 rel_change=1.070425e-04 | time=0.290s
14:03:10 | INFO | tag=block11.q_proj iter=039 | J=0.080751 J_x=0.055900 J_w=0.049702 rel_change=1.010373e-04 | time=0.286s
14:03:11 | INFO | tag=block11.q_proj iter=040 | J=0.080655 J_x=0.055831 J_w=0.049648 rel_change=9.669363e-05 | time=0.282s
14:03:11 | INFO | tag=block11.q_proj iter=041 | J=0.080563 J_x=0.055765 J_w=0.049597 rel_change=9.142607e-05 | time=0.293s
14:03:11 | INFO | tag=block11.q_proj iter=042 | J=0.080478 J_x=0.055703 J_w=0.049550 rel_change=8.558482e-05 | time=0.284s
14:03:11 | INFO | tag=block11.q_proj iter=043 | J=0.080397 J_x=0.055644 J_w=0.049507 rel_change=8.041412e-05 | time=0.281s
14:03:12 | INFO | tag=block11.q_proj iter=044 | J=0.080326 J_x=0.055589 J_w=0.049475 rel_change=7.135421e-05 | time=0.293s
14:03:12 | INFO | tag=block11.q_proj iter=045 | J=0.080255 J_x=0.055537 J_w=0.049436 rel_change=7.111579e-05 | time=0.294s
14:03:12 | INFO | tag=block11.q_proj iter=046 | J=0.080189 J_x=0.055489 J_w=0.049399 rel_change=6.586313e-05 | time=0.288s
14:03:13 | INFO | tag=block11.q_proj iter=047 | J=0.080124 J_x=0.055444 J_w=0.049360 rel_change=6.517768e-05 | time=0.287s
14:03:13 | INFO | tag=block11.q_proj iter=048 | J=0.080066 J_x=0.055402 J_w=0.049327 rel_change=5.798042e-05 | time=0.289s
14:03:13 | INFO | tag=block11.q_proj iter=049 | J=0.080009 J_x=0.055363 J_w=0.049292 rel_change=5.718321e-05 | time=0.286s
14:03:13 | INFO | tag=block11.q_proj iter=050 | J=0.079953 J_x=0.055324 J_w=0.049257 rel_change=5.572289e-05 | time=0.291s
14:03:14 | INFO | tag=block11.q_proj iter=051 | J=0.079902 J_x=0.055287 J_w=0.049230 rel_change=5.120784e-05 | time=0.285s
14:03:14 | INFO | tag=block11.q_proj iter=052 | J=0.079852 J_x=0.055253 J_w=0.049197 rel_change=4.982203e-05 | time=0.381s
14:03:14 | INFO | tag=block11.q_proj iter=053 | J=0.079801 J_x=0.055220 J_w=0.049162 rel_change=5.092472e-05 | time=0.313s
14:03:15 | INFO | tag=block11.q_proj iter=054 | J=0.079756 J_x=0.055187 J_w=0.049138 rel_change=4.457682e-05 | time=0.294s
14:03:15 | INFO | tag=block11.q_proj iter=055 | J=0.079712 J_x=0.055156 J_w=0.049112 rel_change=4.468858e-05 | time=0.289s
14:03:15 | INFO | tag=block11.q_proj iter=056 | J=0.079670 J_x=0.055125 J_w=0.049090 rel_change=4.171580e-05 | time=0.292s
14:03:16 | INFO | tag=block11.q_proj iter=057 | J=0.079630 J_x=0.055097 J_w=0.049066 rel_change=4.019588e-05 | time=0.300s
14:03:16 | INFO | tag=block11.q_proj iter=058 | J=0.079593 J_x=0.055068 J_w=0.049049 rel_change=3.696233e-05 | time=0.290s
14:03:16 | INFO | tag=block11.q_proj iter=059 | J=0.079556 J_x=0.055041 J_w=0.049031 rel_change=3.640354e-05 | time=0.291s
14:03:16 | INFO | tag=block11.q_proj iter=060 | J=0.079521 J_x=0.055015 J_w=0.049013 rel_change=3.513694e-05 | time=0.293s
14:03:17 | INFO | tag=block11.q_proj iter=061 | J=0.079483 J_x=0.054991 J_w=0.048984 rel_change=3.822893e-05 | time=0.297s
14:03:17 | INFO | tag=block11.q_proj iter=062 | J=0.079448 J_x=0.054967 J_w=0.048963 rel_change=3.520399e-05 | time=0.292s
14:03:17 | INFO | tag=block11.q_proj iter=063 | J=0.079417 J_x=0.054943 J_w=0.048947 rel_change=3.062189e-05 | time=0.283s
14:03:18 | INFO | tag=block11.q_proj iter=064 | J=0.079389 J_x=0.054920 J_w=0.048937 rel_change=2.843142e-05 | time=0.291s
14:03:18 | INFO | tag=block11.q_proj iter=065 | J=0.079358 J_x=0.054898 J_w=0.048921 rel_change=3.036857e-05 | time=0.293s
14:03:18 | INFO | tag=block11.q_proj iter=066 | J=0.079331 J_x=0.054877 J_w=0.048907 rel_change=2.770126e-05 | time=0.298s
14:03:19 | INFO | tag=block11.q_proj iter=067 | J=0.079303 J_x=0.054857 J_w=0.048893 rel_change=2.723932e-05 | time=0.285s
14:03:19 | INFO | tag=block11.q_proj iter=068 | J=0.079277 J_x=0.054836 J_w=0.048881 rel_change=2.653897e-05 | time=0.283s
14:03:19 | INFO | tag=block11.q_proj iter=069 | J=0.079248 J_x=0.054817 J_w=0.048860 rel_change=2.937019e-05 | time=0.285s
14:03:19 | INFO | tag=block11.q_proj iter=070 | J=0.079222 J_x=0.054798 J_w=0.048849 rel_change=2.541393e-05 | time=0.291s
14:03:20 | INFO | tag=block11.q_proj iter=071 | J=0.079198 J_x=0.054779 J_w=0.048838 rel_change=2.395362e-05 | time=0.285s
14:03:20 | INFO | tag=block11.q_proj iter=072 | J=0.079174 J_x=0.054761 J_w=0.048825 rel_change=2.463162e-05 | time=0.285s
14:03:20 | INFO | tag=block11.q_proj iter=073 | J=0.079151 J_x=0.054746 J_w=0.048809 rel_change=2.256036e-05 | time=0.290s
14:03:21 | INFO | tag=block11.q_proj iter=074 | J=0.079129 J_x=0.054732 J_w=0.048794 rel_change=2.216548e-05 | time=0.294s
14:03:21 | INFO | tag=block11.q_proj iter=075 | J=0.079111 J_x=0.054717 J_w=0.048789 rel_change=1.793355e-05 | time=0.290s
14:03:21 | INFO | tag=block11.q_proj iter=076 | J=0.079090 J_x=0.054703 J_w=0.048776 rel_change=2.046674e-05 | time=0.280s
14:03:21 | INFO | tag=block11.q_proj iter=077 | J=0.079071 J_x=0.054690 J_w=0.048762 rel_change=1.981109e-05 | time=0.286s
14:03:22 | INFO | tag=block11.q_proj iter=078 | J=0.079051 J_x=0.054676 J_w=0.048751 rel_change=1.920760e-05 | time=0.285s
14:03:22 | INFO | tag=block11.q_proj iter=079 | J=0.079033 J_x=0.054663 J_w=0.048741 rel_change=1.797825e-05 | time=0.290s
14:03:22 | INFO | tag=block11.q_proj iter=080 | J=0.079015 J_x=0.054650 J_w=0.048729 rel_change=1.876056e-05 | time=0.272s
14:03:22 | INFO | 量化器拟合完成 | tag=block11.q_proj convergence_iter=80 total_fit_time=23.365s
14:03:22 | INFO | 开始计算重建/近似误差 | layer=block11.q_proj error_mode=relative
14:03:22 | INFO | 误差计算完成 | layer=block11.q_proj err_x=0.054571 err_w=0.048685 rel_linear_error=0.059217 elapsed=0.189s
14:03:24 | INFO | block11.k_proj.X_calib stats | shape=[768, 4096] dtype=torch.float16 device=cpu mean=-0.037015 std=0.557564 min=-26.500000 max=5.378906 fro=991.028625
14:03:24 | INFO | block11.k_proj.W stats | shape=[768, 768] dtype=torch.float32 device=cpu mean=0.000053 std=0.054432 min=-0.527344 max=0.527344 fro=41.803741
14:03:24 | INFO | 开始拟合量化器 | tag=block11.k_proj d=768 N=4096 M=768 beta=0.5000 max_iters=80 tol=1.00e-05 init_mode=random error_mode=relative
14:03:25 | INFO | tag=block11.k_proj iter=001 | J=0.687367 J_x=0.187367 J_w=1.000000 rel_change=inf | time=0.292s
14:03:25 | INFO | tag=block11.k_proj iter=002 | J=0.295923 J_x=0.127115 J_w=0.337615 rel_change=3.914444e-01 | time=0.222s
14:03:25 | INFO | tag=block11.k_proj iter=003 | J=0.174709 J_x=0.103005 J_w=0.143406 rel_change=1.212141e-01 | time=0.165s
14:03:25 | INFO | tag=block11.k_proj iter=004 | J=0.136607 J_x=0.089931 J_w=0.093351 rel_change=3.810193e-02 | time=0.162s
14:03:26 | INFO | tag=block11.k_proj iter=005 | J=0.120016 J_x=0.081839 J_w=0.076356 rel_change=1.659025e-02 | time=0.215s
14:03:26 | INFO | tag=block11.k_proj iter=006 | J=0.110755 J_x=0.076419 J_w=0.068671 rel_change=9.261608e-03 | time=0.296s
14:03:26 | INFO | tag=block11.k_proj iter=007 | J=0.104681 J_x=0.072555 J_w=0.064253 rel_change=6.073281e-03 | time=0.294s
14:03:26 | INFO | tag=block11.k_proj iter=008 | J=0.100430 J_x=0.069684 J_w=0.061492 rel_change=4.251100e-03 | time=0.299s
14:03:27 | INFO | tag=block11.k_proj iter=009 | J=0.097240 J_x=0.067495 J_w=0.059491 rel_change=3.189936e-03 | time=0.287s
14:03:27 | INFO | tag=block11.k_proj iter=010 | J=0.094761 J_x=0.065777 J_w=0.057969 rel_change=2.478980e-03 | time=0.290s
14:03:27 | INFO | tag=block11.k_proj iter=011 | J=0.092795 J_x=0.064405 J_w=0.056779 rel_change=1.966797e-03 | time=0.289s
14:03:28 | INFO | tag=block11.k_proj iter=012 | J=0.091227 J_x=0.063298 J_w=0.055858 rel_change=1.568034e-03 | time=0.297s
14:03:28 | INFO | tag=block11.k_proj iter=013 | J=0.089944 J_x=0.062372 J_w=0.055144 rel_change=1.282327e-03 | time=0.290s
14:03:28 | INFO | tag=block11.k_proj iter=014 | J=0.088843 J_x=0.061595 J_w=0.054497 rel_change=1.101278e-03 | time=0.295s
14:03:28 | INFO | tag=block11.k_proj iter=015 | J=0.087922 J_x=0.060946 J_w=0.053953 rel_change=9.208471e-04 | time=0.290s
14:03:29 | INFO | tag=block11.k_proj iter=016 | J=0.087122 J_x=0.060377 J_w=0.053491 rel_change=8.001700e-04 | time=0.293s
14:03:29 | INFO | tag=block11.k_proj iter=017 | J=0.086422 J_x=0.059881 J_w=0.053081 rel_change=7.002205e-04 | time=0.283s
14:03:29 | INFO | tag=block11.k_proj iter=018 | J=0.085812 J_x=0.059443 J_w=0.052739 rel_change=6.094128e-04 | time=0.294s
14:03:30 | INFO | tag=block11.k_proj iter=019 | J=0.085269 J_x=0.059052 J_w=0.052434 rel_change=5.431250e-04 | time=0.293s
14:03:30 | INFO | tag=block11.k_proj iter=020 | J=0.084790 J_x=0.058701 J_w=0.052178 rel_change=4.793406e-04 | time=0.295s
14:03:30 | INFO | tag=block11.k_proj iter=021 | J=0.084361 J_x=0.058385 J_w=0.051952 rel_change=4.293174e-04 | time=0.292s
14:03:31 | INFO | tag=block11.k_proj iter=022 | J=0.083972 J_x=0.058098 J_w=0.051748 rel_change=3.886223e-04 | time=0.295s
14:03:31 | INFO | tag=block11.k_proj iter=023 | J=0.083613 J_x=0.057840 J_w=0.051547 rel_change=3.585815e-04 | time=0.288s
14:03:31 | INFO | tag=block11.k_proj iter=024 | J=0.083292 J_x=0.057607 J_w=0.051371 rel_change=3.211126e-04 | time=0.290s
14:03:31 | INFO | tag=block11.k_proj iter=025 | J=0.082999 J_x=0.057392 J_w=0.051214 rel_change=2.935156e-04 | time=0.286s
14:03:32 | INFO | tag=block11.k_proj iter=026 | J=0.082733 J_x=0.057197 J_w=0.051071 rel_change=2.659187e-04 | time=0.280s
14:03:32 | INFO | tag=block11.k_proj iter=027 | J=0.082485 J_x=0.057016 J_w=0.050939 rel_change=2.473965e-04 | time=0.288s
14:03:32 | INFO | tag=block11.k_proj iter=028 | J=0.082251 J_x=0.056850 J_w=0.050801 rel_change=2.345815e-04 | time=0.291s
14:03:33 | INFO | tag=block11.k_proj iter=029 | J=0.082040 J_x=0.056694 J_w=0.050690 rel_change=2.113208e-04 | time=0.300s
14:03:33 | INFO | tag=block11.k_proj iter=030 | J=0.081854 J_x=0.056555 J_w=0.050599 rel_change=1.850724e-04 | time=0.294s
14:03:33 | INFO | tag=block11.k_proj iter=031 | J=0.081681 J_x=0.056426 J_w=0.050509 rel_change=1.733080e-04 | time=0.287s
14:03:33 | INFO | tag=block11.k_proj iter=032 | J=0.081521 J_x=0.056305 J_w=0.050432 rel_change=1.597404e-04 | time=0.296s
14:03:34 | INFO | tag=block11.k_proj iter=033 | J=0.081372 J_x=0.056195 J_w=0.050354 rel_change=1.491830e-04 | time=0.292s
14:03:34 | INFO | tag=block11.k_proj iter=034 | J=0.081236 J_x=0.056089 J_w=0.050294 rel_change=1.358464e-04 | time=0.297s
14:03:34 | INFO | tag=block11.k_proj iter=035 | J=0.081100 J_x=0.055991 J_w=0.050218 rel_change=1.363084e-04 | time=0.286s
14:03:35 | INFO | tag=block11.k_proj iter=036 | J=0.080969 J_x=0.055900 J_w=0.050138 rel_change=1.311526e-04 | time=0.288s
14:03:35 | INFO | tag=block11.k_proj iter=037 | J=0.080857 J_x=0.055816 J_w=0.050081 rel_change=1.124069e-04 | time=0.295s
14:03:35 | INFO | tag=block11.k_proj iter=038 | J=0.080749 J_x=0.055738 J_w=0.050021 rel_change=1.077577e-04 | time=0.285s
14:03:35 | INFO | tag=block11.k_proj iter=039 | J=0.080654 J_x=0.055664 J_w=0.049980 rel_change=9.496510e-05 | time=0.301s
14:03:36 | INFO | tag=block11.k_proj iter=040 | J=0.080565 J_x=0.055595 J_w=0.049940 rel_change=8.853525e-05 | time=0.277s
14:03:36 | INFO | tag=block11.k_proj iter=041 | J=0.080477 J_x=0.055532 J_w=0.049889 rel_change=8.865446e-05 | time=0.286s
14:03:36 | INFO | tag=block11.k_proj iter=042 | J=0.080395 J_x=0.055471 J_w=0.049847 rel_change=8.192658e-05 | time=0.293s
14:03:37 | INFO | tag=block11.k_proj iter=043 | J=0.080319 J_x=0.055413 J_w=0.049810 rel_change=7.596612e-05 | time=0.292s
14:03:37 | INFO | tag=block11.k_proj iter=044 | J=0.080242 J_x=0.055359 J_w=0.049766 rel_change=7.668883e-05 | time=0.292s
14:03:37 | INFO | tag=block11.k_proj iter=045 | J=0.080170 J_x=0.055307 J_w=0.049725 rel_change=7.199496e-05 | time=0.286s
14:03:38 | INFO | tag=block11.k_proj iter=046 | J=0.080105 J_x=0.055257 J_w=0.049695 rel_change=6.524473e-05 | time=0.289s
14:03:38 | INFO | tag=block11.k_proj iter=047 | J=0.080045 J_x=0.055211 J_w=0.049669 rel_change=5.950779e-05 | time=0.289s
14:03:38 | INFO | tag=block11.k_proj iter=048 | J=0.079988 J_x=0.055167 J_w=0.049643 rel_change=5.730242e-05 | time=0.285s
14:03:38 | INFO | tag=block11.k_proj iter=049 | J=0.079930 J_x=0.055125 J_w=0.049609 rel_change=5.830824e-05 | time=0.299s
14:03:39 | INFO | tag=block11.k_proj iter=050 | J=0.079877 J_x=0.055084 J_w=0.049585 rel_change=5.313754e-05 | time=0.297s
14:03:39 | INFO | tag=block11.k_proj iter=051 | J=0.079828 J_x=0.055046 J_w=0.049565 rel_change=4.824996e-05 | time=0.286s
14:03:39 | INFO | tag=block11.k_proj iter=052 | J=0.079779 J_x=0.055008 J_w=0.049543 rel_change=4.895777e-05 | time=0.280s
14:03:40 | INFO | tag=block11.k_proj iter=053 | J=0.079733 J_x=0.054972 J_w=0.049522 rel_change=4.642457e-05 | time=0.291s
14:03:40 | INFO | tag=block11.k_proj iter=054 | J=0.079686 J_x=0.054936 J_w=0.049500 rel_change=4.678220e-05 | time=0.293s
14:03:40 | INFO | tag=block11.k_proj iter=055 | J=0.079641 J_x=0.054900 J_w=0.049483 rel_change=4.485995e-05 | time=0.283s
14:03:40 | INFO | tag=block11.k_proj iter=056 | J=0.079597 J_x=0.054866 J_w=0.049462 rel_change=4.433841e-05 | time=0.288s
14:03:41 | INFO | tag=block11.k_proj iter=057 | J=0.079555 J_x=0.054834 J_w=0.049442 rel_change=4.220009e-05 | time=0.282s
14:03:41 | INFO | tag=block11.k_proj iter=058 | J=0.079513 J_x=0.054804 J_w=0.049419 rel_change=4.139543e-05 | time=0.291s
14:03:41 | INFO | tag=block11.k_proj iter=059 | J=0.079473 J_x=0.054774 J_w=0.049397 rel_change=4.041940e-05 | time=0.285s
14:03:42 | INFO | tag=block11.k_proj iter=060 | J=0.079437 J_x=0.054747 J_w=0.049378 rel_change=3.633648e-05 | time=0.294s
14:03:42 | INFO | tag=block11.k_proj iter=061 | J=0.079403 J_x=0.054723 J_w=0.049360 rel_change=3.360212e-05 | time=0.300s
14:03:42 | INFO | tag=block11.k_proj iter=062 | J=0.079374 J_x=0.054699 J_w=0.049350 rel_change=2.910942e-05 | time=0.281s
14:03:42 | INFO | tag=block11.k_proj iter=063 | J=0.079342 J_x=0.054675 J_w=0.049333 rel_change=3.198534e-05 | time=0.286s
14:03:43 | INFO | tag=block11.k_proj iter=064 | J=0.079314 J_x=0.054652 J_w=0.049324 rel_change=2.752990e-05 | time=0.298s
14:03:43 | INFO | tag=block11.k_proj iter=065 | J=0.079285 J_x=0.054631 J_w=0.049309 rel_change=2.917647e-05 | time=0.294s
14:03:43 | INFO | tag=block11.k_proj iter=066 | J=0.079259 J_x=0.054611 J_w=0.049296 rel_change=2.630055e-05 | time=0.283s
14:03:44 | INFO | tag=block11.k_proj iter=067 | J=0.079237 J_x=0.054592 J_w=0.049289 rel_change=2.226979e-05 | time=0.304s
14:03:44 | INFO | tag=block11.k_proj iter=068 | J=0.079213 J_x=0.054575 J_w=0.049276 rel_change=2.389401e-05 | time=0.288s
14:03:44 | INFO | tag=block11.k_proj iter=069 | J=0.079190 J_x=0.054557 J_w=0.049264 rel_change=2.311170e-05 | time=0.303s
14:03:44 | INFO | tag=block11.k_proj iter=070 | J=0.079165 J_x=0.054540 J_w=0.049250 rel_change=2.440065e-05 | time=0.289s
14:03:45 | INFO | tag=block11.k_proj iter=071 | J=0.079140 J_x=0.054523 J_w=0.049235 rel_change=2.481788e-05 | time=0.291s
14:03:45 | INFO | tag=block11.k_proj iter=072 | J=0.079118 J_x=0.054505 J_w=0.049227 rel_change=2.204627e-05 | time=0.297s
14:03:45 | INFO | tag=block11.k_proj iter=073 | J=0.079097 J_x=0.054487 J_w=0.049220 rel_change=2.173334e-05 | time=0.288s
14:03:46 | INFO | tag=block11.k_proj iter=074 | J=0.079076 J_x=0.054470 J_w=0.049212 rel_change=2.048910e-05 | time=0.297s
14:03:46 | INFO | tag=block11.k_proj iter=075 | J=0.079057 J_x=0.054453 J_w=0.049207 rel_change=1.956522e-05 | time=0.280s
14:03:46 | INFO | tag=block11.k_proj iter=076 | J=0.079035 J_x=0.054437 J_w=0.049197 rel_change=2.134591e-05 | time=0.281s
14:03:47 | INFO | tag=block11.k_proj iter=077 | J=0.079015 J_x=0.054421 J_w=0.049189 rel_change=2.026558e-05 | time=0.299s
14:03:47 | INFO | tag=block11.k_proj iter=078 | J=0.078997 J_x=0.054407 J_w=0.049180 rel_change=1.820922e-05 | time=0.290s
14:03:47 | INFO | tag=block11.k_proj iter=079 | J=0.078979 J_x=0.054393 J_w=0.049172 rel_change=1.789629e-05 | time=0.290s
14:03:47 | INFO | tag=block11.k_proj iter=080 | J=0.078960 J_x=0.054378 J_w=0.049163 rel_change=1.884997e-05 | time=0.296s
14:03:47 | INFO | 量化器拟合完成 | tag=block11.k_proj convergence_iter=80 total_fit_time=22.943s
14:03:47 | INFO | 开始计算重建/近似误差 | layer=block11.k_proj error_mode=relative
14:03:48 | INFO | 误差计算完成 | layer=block11.k_proj err_x=0.054308 err_w=0.049115 rel_linear_error=0.054824 elapsed=0.202s
14:03:50 | INFO | block11.v_proj.X_calib stats | shape=[768, 4096] dtype=torch.float16 device=cpu mean=-0.037015 std=0.557564 min=-26.500000 max=5.378906 fro=991.028625
14:03:50 | INFO | block11.v_proj.W stats | shape=[768, 768] dtype=torch.float32 device=cpu mean=0.000046 std=0.029483 min=-0.499756 max=0.195679 fro=22.642700
14:03:50 | INFO | 开始拟合量化器 | tag=block11.v_proj d=768 N=4096 M=768 beta=0.5000 max_iters=80 tol=1.00e-05 init_mode=random error_mode=relative
14:03:50 | INFO | tag=block11.v_proj iter=001 | J=0.687328 J_x=0.187328 J_w=1.000000 rel_change=inf | time=0.278s
14:03:50 | INFO | tag=block11.v_proj iter=002 | J=0.301741 J_x=0.127317 J_w=0.348848 rel_change=3.855873e-01 | time=0.290s
14:03:50 | INFO | tag=block11.v_proj iter=003 | J=0.181346 J_x=0.103224 J_w=0.156245 rel_change=1.203943e-01 | time=0.294s
14:03:51 | INFO | tag=block11.v_proj iter=004 | J=0.141446 J_x=0.090234 J_w=0.102424 rel_change=3.990069e-02 | time=0.296s
14:03:51 | INFO | tag=block11.v_proj iter=005 | J=0.123629 J_x=0.082096 J_w=0.083065 rel_change=1.781695e-02 | time=0.291s
14:03:51 | INFO | tag=block11.v_proj iter=006 | J=0.113514 J_x=0.076562 J_w=0.073903 rel_change=1.011477e-02 | time=0.295s
14:03:52 | INFO | tag=block11.v_proj iter=007 | J=0.106945 J_x=0.072636 J_w=0.068619 rel_change=6.569058e-03 | time=0.289s
14:03:52 | INFO | tag=block11.v_proj iter=008 | J=0.102336 J_x=0.069757 J_w=0.065157 rel_change=4.609324e-03 | time=0.295s
14:03:52 | INFO | tag=block11.v_proj iter=009 | J=0.098954 J_x=0.067588 J_w=0.062732 rel_change=3.381938e-03 | time=0.296s
14:03:53 | INFO | tag=block11.v_proj iter=010 | J=0.096363 J_x=0.065878 J_w=0.060970 rel_change=2.590589e-03 | time=0.303s
14:03:53 | INFO | tag=block11.v_proj iter=011 | J=0.094268 J_x=0.064504 J_w=0.059529 rel_change=2.095059e-03 | time=0.288s
14:03:53 | INFO | tag=block11.v_proj iter=012 | J=0.092564 J_x=0.063376 J_w=0.058376 rel_change=1.703776e-03 | time=0.298s
14:03:53 | INFO | tag=block11.v_proj iter=013 | J=0.091181 J_x=0.062445 J_w=0.057473 rel_change=1.383074e-03 | time=0.287s
14:03:54 | INFO | tag=block11.v_proj iter=014 | J=0.090032 J_x=0.061675 J_w=0.056714 rel_change=1.149036e-03 | time=0.300s
14:03:54 | INFO | tag=block11.v_proj iter=015 | J=0.089060 J_x=0.061015 J_w=0.056091 rel_change=9.717494e-04 | time=0.287s
14:03:54 | INFO | tag=block11.v_proj iter=016 | J=0.088230 J_x=0.060443 J_w=0.055573 rel_change=8.303523e-04 | time=0.298s
14:03:55 | INFO | tag=block11.v_proj iter=017 | J=0.087511 J_x=0.059948 J_w=0.055125 rel_change=7.191747e-04 | time=0.293s
14:03:55 | INFO | tag=block11.v_proj iter=018 | J=0.086865 J_x=0.059520 J_w=0.054690 rel_change=6.459653e-04 | time=0.292s
14:03:55 | INFO | tag=block11.v_proj iter=019 | J=0.086318 J_x=0.059137 J_w=0.054363 rel_change=5.468205e-04 | time=0.290s
14:03:55 | INFO | tag=block11.v_proj iter=020 | J=0.085813 J_x=0.058795 J_w=0.054036 rel_change=5.051270e-04 | time=0.296s
14:03:56 | INFO | tag=block11.v_proj iter=021 | J=0.085365 J_x=0.058483 J_w=0.053764 rel_change=4.474968e-04 | time=0.302s
14:03:56 | INFO | tag=block11.v_proj iter=022 | J=0.084958 J_x=0.058202 J_w=0.053512 rel_change=4.073456e-04 | time=0.300s
14:03:56 | INFO | tag=block11.v_proj iter=023 | J=0.084595 J_x=0.057948 J_w=0.053294 rel_change=3.630742e-04 | time=0.297s
14:03:57 | INFO | tag=block11.v_proj iter=024 | J=0.084272 J_x=0.057718 J_w=0.053106 rel_change=3.233925e-04 | time=0.297s
14:03:57 | INFO | tag=block11.v_proj iter=025 | J=0.083974 J_x=0.057515 J_w=0.052918 rel_change=2.974570e-04 | time=0.298s
14:03:57 | INFO | tag=block11.v_proj iter=026 | J=0.083695 J_x=0.057328 J_w=0.052735 rel_change=2.790913e-04 | time=0.299s
14:03:57 | INFO | tag=block11.v_proj iter=027 | J=0.083441 J_x=0.057154 J_w=0.052575 rel_change=2.538338e-04 | time=0.192s
14:03:58 | INFO | tag=block11.v_proj iter=028 | J=0.083217 J_x=0.056996 J_w=0.052442 rel_change=2.243817e-04 | time=0.164s
14:03:58 | INFO | tag=block11.v_proj iter=029 | J=0.083007 J_x=0.056850 J_w=0.052314 rel_change=2.094507e-04 | time=0.157s
14:03:58 | INFO | tag=block11.v_proj iter=030 | J=0.082815 J_x=0.056717 J_w=0.052195 rel_change=1.924485e-04 | time=0.243s
14:03:58 | INFO | tag=block11.v_proj iter=031 | J=0.082630 J_x=0.056594 J_w=0.052071 rel_change=1.849383e-04 | time=0.291s
14:03:59 | INFO | tag=block11.v_proj iter=032 | J=0.082466 J_x=0.056480 J_w=0.051972 rel_change=1.637340e-04 | time=0.281s
14:03:59 | INFO | tag=block11.v_proj iter=033 | J=0.082316 J_x=0.056371 J_w=0.051889 rel_change=1.505986e-04 | time=0.282s
14:03:59 | INFO | tag=block11.v_proj iter=034 | J=0.082165 J_x=0.056271 J_w=0.051790 rel_change=1.502261e-04 | time=0.283s
14:03:59 | INFO | tag=block11.v_proj iter=035 | J=0.082025 J_x=0.056174 J_w=0.051702 rel_change=1.400933e-04 | time=0.301s
14:04:00 | INFO | tag=block11.v_proj iter=036 | J=0.081894 J_x=0.056081 J_w=0.051627 rel_change=1.315176e-04 | time=0.292s
14:04:00 | INFO | tag=block11.v_proj iter=037 | J=0.081771 J_x=0.055995 J_w=0.051552 rel_change=1.228005e-04 | time=0.291s
14:04:00 | INFO | tag=block11.v_proj iter=038 | J=0.081662 J_x=0.055914 J_w=0.051498 rel_change=1.086965e-04 | time=0.299s
14:04:01 | INFO | tag=block11.v_proj iter=039 | J=0.081558 J_x=0.055839 J_w=0.051439 rel_change=1.040250e-04 | time=0.295s
14:04:01 | INFO | tag=block11.v_proj iter=040 | J=0.081465 J_x=0.055769 J_w=0.051393 rel_change=9.339303e-05 | time=0.318s
14:04:01 | INFO | tag=block11.v_proj iter=041 | J=0.081370 J_x=0.055705 J_w=0.051331 rel_change=9.487569e-05 | time=0.309s
14:04:02 | INFO | tag=block11.v_proj iter=042 | J=0.081282 J_x=0.055643 J_w=0.051277 rel_change=8.838624e-05 | time=0.307s
14:04:02 | INFO | tag=block11.v_proj iter=043 | J=0.081196 J_x=0.055589 J_w=0.051215 rel_change=8.550286e-05 | time=0.312s
14:04:02 | INFO | tag=block11.v_proj iter=044 | J=0.081120 J_x=0.055535 J_w=0.051170 rel_change=7.635355e-05 | time=0.306s
14:04:03 | INFO | tag=block11.v_proj iter=045 | J=0.081044 J_x=0.055484 J_w=0.051119 rel_change=7.598847e-05 | time=0.306s
14:04:03 | INFO | tag=block11.v_proj iter=046 | J=0.080972 J_x=0.055435 J_w=0.051074 rel_change=7.209182e-05 | time=0.305s
14:04:03 | INFO | tag=block11.v_proj iter=047 | J=0.080902 J_x=0.055386 J_w=0.051032 rel_change=6.978214e-05 | time=0.307s
14:04:03 | INFO | tag=block11.v_proj iter=048 | J=0.080837 J_x=0.055339 J_w=0.050998 rel_change=6.458163e-05 | time=0.302s
14:04:04 | INFO | tag=block11.v_proj iter=049 | J=0.080774 J_x=0.055294 J_w=0.050960 rel_change=6.378442e-05 | time=0.297s
14:04:04 | INFO | tag=block11.v_proj iter=050 | J=0.080716 J_x=0.055252 J_w=0.050928 rel_change=5.735457e-05 | time=0.303s
14:04:04 | INFO | tag=block11.v_proj iter=051 | J=0.080664 J_x=0.055211 J_w=0.050905 rel_change=5.257875e-05 | time=0.293s
14:04:05 | INFO | tag=block11.v_proj iter=052 | J=0.080612 J_x=0.055172 J_w=0.050879 rel_change=5.160272e-05 | time=0.283s
14:04:05 | INFO | tag=block11.v_proj iter=053 | J=0.080561 J_x=0.055137 J_w=0.050848 rel_change=5.090237e-05 | time=0.287s
14:04:05 | INFO | tag=block11.v_proj iter=054 | J=0.080508 J_x=0.055102 J_w=0.050812 rel_change=5.292892e-05 | time=0.287s
14:04:05 | INFO | tag=block11.v_proj iter=055 | J=0.080461 J_x=0.055069 J_w=0.050784 rel_change=4.708022e-05 | time=0.281s
14:04:06 | INFO | tag=block11.v_proj iter=056 | J=0.080418 J_x=0.055036 J_w=0.050764 rel_change=4.344434e-05 | time=0.293s
14:04:06 | INFO | tag=block11.v_proj iter=057 | J=0.080370 J_x=0.055004 J_w=0.050732 rel_change=4.766881e-05 | time=0.290s
14:04:06 | INFO | tag=block11.v_proj iter=058 | J=0.080327 J_x=0.054975 J_w=0.050704 rel_change=4.330277e-05 | time=0.283s
14:04:07 | INFO | tag=block11.v_proj iter=059 | J=0.080289 J_x=0.054945 J_w=0.050688 rel_change=3.773719e-05 | time=0.293s
14:04:07 | INFO | tag=block11.v_proj iter=060 | J=0.080250 J_x=0.054918 J_w=0.050665 rel_change=3.854930e-05 | time=0.288s
14:04:07 | INFO | tag=block11.v_proj iter=061 | J=0.080215 J_x=0.054892 J_w=0.050646 rel_change=3.562868e-05 | time=0.297s
14:04:07 | INFO | tag=block11.v_proj iter=062 | J=0.080180 J_x=0.054868 J_w=0.050626 rel_change=3.439188e-05 | time=0.296s
14:04:08 | INFO | tag=block11.v_proj iter=063 | J=0.080147 J_x=0.054844 J_w=0.050606 rel_change=3.316253e-05 | time=0.292s
14:04:08 | INFO | tag=block11.v_proj iter=064 | J=0.080116 J_x=0.054822 J_w=0.050588 rel_change=3.174692e-05 | time=0.284s
14:04:08 | INFO | tag=block11.v_proj iter=065 | J=0.080085 J_x=0.054800 J_w=0.050569 rel_change=3.055483e-05 | time=0.291s
14:04:09 | INFO | tag=block11.v_proj iter=066 | J=0.080053 J_x=0.054779 J_w=0.050547 rel_change=3.224611e-05 | time=0.278s
14:04:09 | INFO | tag=block11.v_proj iter=067 | J=0.080020 J_x=0.054760 J_w=0.050520 rel_change=3.317744e-05 | time=0.286s
14:04:09 | INFO | tag=block11.v_proj iter=068 | J=0.079991 J_x=0.054741 J_w=0.050501 rel_change=2.832711e-05 | time=0.290s
14:04:10 | INFO | tag=block11.v_proj iter=069 | J=0.079966 J_x=0.054723 J_w=0.050486 rel_change=2.544373e-05 | time=0.287s
14:04:10 | INFO | tag=block11.v_proj iter=070 | J=0.079939 J_x=0.054705 J_w=0.050469 rel_change=2.659857e-05 | time=0.284s
14:04:10 | INFO | tag=block11.v_proj iter=071 | J=0.079917 J_x=0.054688 J_w=0.050458 rel_change=2.265722e-05 | time=0.290s
14:04:10 | INFO | tag=block11.v_proj iter=072 | J=0.079894 J_x=0.054672 J_w=0.050445 rel_change=2.233684e-05 | time=0.297s
14:04:11 | INFO | tag=block11.v_proj iter=073 | J=0.079872 J_x=0.054657 J_w=0.050430 rel_change=2.211332e-05 | time=0.297s
14:04:11 | INFO | tag=block11.v_proj iter=074 | J=0.079849 J_x=0.054642 J_w=0.050413 rel_change=2.294034e-05 | time=0.305s
14:04:11 | INFO | tag=block11.v_proj iter=075 | J=0.079828 J_x=0.054628 J_w=0.050400 rel_change=2.109259e-05 | time=0.284s
14:04:12 | INFO | tag=block11.v_proj iter=076 | J=0.079806 J_x=0.054614 J_w=0.050384 rel_change=2.225488e-05 | time=0.292s
14:04:12 | INFO | tag=block11.v_proj iter=077 | J=0.079784 J_x=0.054600 J_w=0.050369 rel_change=2.156943e-05 | time=0.292s
14:04:12 | INFO | tag=block11.v_proj iter=078 | J=0.079767 J_x=0.054587 J_w=0.050361 rel_change=1.699477e-05 | time=0.290s
14:04:12 | INFO | tag=block11.v_proj iter=079 | J=0.079748 J_x=0.054574 J_w=0.050348 rel_change=1.884252e-05 | time=0.289s
14:04:13 | INFO | tag=block11.v_proj iter=080 | J=0.079731 J_x=0.054561 J_w=0.050338 rel_change=1.777709e-05 | time=0.288s
14:04:13 | INFO | 量化器拟合完成 | tag=block11.v_proj convergence_iter=80 total_fit_time=23.155s
14:04:13 | INFO | 开始计算重建/近似误差 | layer=block11.v_proj error_mode=relative
14:04:13 | INFO | 误差计算完成 | layer=block11.v_proj err_x=0.054487 err_w=0.049566 rel_linear_error=0.144022 elapsed=0.194s
14:04:15 | INFO | block11.out_proj.X_calib stats | shape=[768, 4096] dtype=torch.float16 device=cpu mean=-0.000149 std=0.126649 min=-1.580078 max=1.531250 fro=224.591049
14:04:15 | INFO | block11.out_proj.W stats | shape=[768, 768] dtype=torch.float32 device=cpu mean=-0.000020 std=0.031479 min=-0.875977 max=0.894043 fro=24.176212
14:04:15 | INFO | 开始拟合量化器 | tag=block11.out_proj d=768 N=4096 M=768 beta=0.5000 max_iters=80 tol=1.00e-05 init_mode=random error_mode=relative
14:04:15 | INFO | tag=block11.out_proj iter=001 | J=1.452895 J_x=0.952963 J_w=0.999864 rel_change=inf | time=0.260s
14:04:15 | INFO | tag=block11.out_proj iter=002 | J=0.415181 J_x=0.256169 J_w=0.318024 rel_change=7.142390e-01 | time=0.302s
14:04:16 | INFO | tag=block11.out_proj iter=003 | J=0.249685 J_x=0.181579 J_w=0.136212 rel_change=1.654960e-01 | time=0.199s
14:04:16 | INFO | tag=block11.out_proj iter=004 | J=0.191797 J_x=0.149086 J_w=0.085422 rel_change=5.788749e-02 | time=0.159s
14:04:16 | INFO | tag=block11.out_proj iter=005 | J=0.166944 J_x=0.132331 J_w=0.069226 rel_change=2.485324e-02 | time=0.167s
14:04:16 | INFO | tag=block11.out_proj iter=006 | J=0.153057 J_x=0.122167 J_w=0.061780 rel_change=1.388679e-02 | time=0.244s
14:04:17 | INFO | tag=block11.out_proj iter=007 | J=0.143976 J_x=0.115218 J_w=0.057516 rel_change=9.081423e-03 | time=0.301s
14:04:17 | INFO | tag=block11.out_proj iter=008 | J=0.137508 J_x=0.110142 J_w=0.054732 rel_change=6.467566e-03 | time=0.291s
14:04:17 | INFO | tag=block11.out_proj iter=009 | J=0.132516 J_x=0.106208 J_w=0.052615 rel_change=4.992440e-03 | time=0.292s
14:04:17 | INFO | tag=block11.out_proj iter=010 | J=0.128607 J_x=0.103167 J_w=0.050879 rel_change=3.909096e-03 | time=0.284s
14:04:18 | INFO | tag=block11.out_proj iter=011 | J=0.125495 J_x=0.100733 J_w=0.049525 rel_change=3.111809e-03 | time=0.294s
14:04:18 | INFO | tag=block11.out_proj iter=012 | J=0.122927 J_x=0.098692 J_w=0.048470 rel_change=2.567887e-03 | time=0.288s
14:04:18 | INFO | tag=block11.out_proj iter=013 | J=0.120743 J_x=0.096923 J_w=0.047641 rel_change=2.183989e-03 | time=0.286s
14:04:19 | INFO | tag=block11.out_proj iter=014 | J=0.118804 J_x=0.095370 J_w=0.046868 rel_change=1.938738e-03 | time=0.281s
14:04:19 | INFO | tag=block11.out_proj iter=015 | J=0.117142 J_x=0.094004 J_w=0.046276 rel_change=1.662292e-03 | time=0.285s
14:04:19 | INFO | tag=block11.out_proj iter=016 | J=0.115678 J_x=0.092800 J_w=0.045758 rel_change=1.463577e-03 | time=0.282s
14:04:19 | INFO | tag=block11.out_proj iter=017 | J=0.114369 J_x=0.091715 J_w=0.045308 rel_change=1.309395e-03 | time=0.280s
14:04:20 | INFO | tag=block11.out_proj iter=018 | J=0.113160 J_x=0.090739 J_w=0.044842 rel_change=1.209415e-03 | time=0.288s
14:04:20 | INFO | tag=block11.out_proj iter=019 | J=0.112110 J_x=0.089875 J_w=0.044470 rel_change=1.050048e-03 | time=0.292s
14:04:20 | INFO | tag=block11.out_proj iter=020 | J=0.111168 J_x=0.089110 J_w=0.044116 rel_change=9.413809e-04 | time=0.296s
14:04:21 | INFO | tag=block11.out_proj iter=021 | J=0.110309 J_x=0.088423 J_w=0.043770 rel_change=8.597225e-04 | time=0.283s
14:04:21 | INFO | tag=block11.out_proj iter=022 | J=0.109543 J_x=0.087795 J_w=0.043497 rel_change=7.653087e-04 | time=0.286s
14:04:21 | INFO | tag=block11.out_proj iter=023 | J=0.108836 J_x=0.087212 J_w=0.043249 rel_change=7.072911e-04 | time=0.290s
14:04:21 | INFO | tag=block11.out_proj iter=024 | J=0.108177 J_x=0.086665 J_w=0.043024 rel_change=6.588623e-04 | time=0.285s
14:04:22 | INFO | tag=block11.out_proj iter=025 | J=0.107568 J_x=0.086160 J_w=0.042817 rel_change=6.087646e-04 | time=0.283s
14:04:22 | INFO | tag=block11.out_proj iter=026 | J=0.106991 J_x=0.085684 J_w=0.042614 rel_change=5.775094e-04 | time=0.287s
14:04:22 | INFO | tag=block11.out_proj iter=027 | J=0.106443 J_x=0.085225 J_w=0.042435 rel_change=5.482137e-04 | time=0.281s
14:04:23 | INFO | tag=block11.out_proj iter=028 | J=0.105921 J_x=0.084792 J_w=0.042258 rel_change=5.212650e-04 | time=0.290s
14:04:23 | INFO | tag=block11.out_proj iter=029 | J=0.105434 J_x=0.084384 J_w=0.042100 rel_change=4.874393e-04 | time=0.280s
14:04:23 | INFO | tag=block11.out_proj iter=030 | J=0.104960 J_x=0.083992 J_w=0.041936 rel_change=4.734993e-04 | time=0.273s
14:04:23 | INFO | tag=block11.out_proj iter=031 | J=0.104530 J_x=0.083614 J_w=0.041831 rel_change=4.306510e-04 | time=0.282s
14:04:24 | INFO | tag=block11.out_proj iter=032 | J=0.104104 J_x=0.083254 J_w=0.041700 rel_change=4.252344e-04 | time=0.282s
14:04:24 | INFO | tag=block11.out_proj iter=033 | J=0.103703 J_x=0.082912 J_w=0.041582 rel_change=4.015714e-04 | time=0.295s
14:04:24 | INFO | tag=block11.out_proj iter=034 | J=0.103327 J_x=0.082592 J_w=0.041470 rel_change=3.760159e-04 | time=0.287s
14:04:25 | INFO | tag=block11.out_proj iter=035 | J=0.102963 J_x=0.082284 J_w=0.041358 rel_change=3.636405e-04 | time=0.288s
14:04:25 | INFO | tag=block11.out_proj iter=036 | J=0.102613 J_x=0.081985 J_w=0.041256 rel_change=3.499836e-04 | time=0.287s
14:04:25 | INFO | tag=block11.out_proj iter=037 | J=0.102279 J_x=0.081690 J_w=0.041177 rel_change=3.343076e-04 | time=0.287s
14:04:25 | INFO | tag=block11.out_proj iter=038 | J=0.101951 J_x=0.081406 J_w=0.041090 rel_change=3.277063e-04 | time=0.280s
14:04:26 | INFO | tag=block11.out_proj iter=039 | J=0.101639 J_x=0.081136 J_w=0.041007 rel_change=3.117993e-04 | time=0.298s
14:04:26 | INFO | tag=block11.out_proj iter=040 | J=0.101337 J_x=0.080882 J_w=0.040909 rel_change=3.027394e-04 | time=0.289s
14:04:26 | INFO | tag=block11.out_proj iter=041 | J=0.101059 J_x=0.080656 J_w=0.040805 rel_change=2.778098e-04 | time=0.287s
14:04:27 | INFO | tag=block11.out_proj iter=042 | J=0.100800 J_x=0.080445 J_w=0.040710 rel_change=2.589375e-04 | time=0.289s
14:04:27 | INFO | tag=block11.out_proj iter=043 | J=0.100560 J_x=0.080250 J_w=0.040620 rel_change=2.397373e-04 | time=0.290s
14:04:27 | INFO | tag=block11.out_proj iter=044 | J=0.100336 J_x=0.080060 J_w=0.040552 rel_change=2.244413e-04 | time=0.277s
14:04:27 | INFO | tag=block11.out_proj iter=045 | J=0.100115 J_x=0.079878 J_w=0.040476 rel_change=2.204105e-04 | time=0.281s
14:04:28 | INFO | tag=block11.out_proj iter=046 | J=0.099906 J_x=0.079708 J_w=0.040395 rel_change=2.096295e-04 | time=0.288s
14:04:28 | INFO | tag=block11.out_proj iter=047 | J=0.099713 J_x=0.079543 J_w=0.040341 rel_change=1.925156e-04 | time=0.285s
14:04:28 | INFO | tag=block11.out_proj iter=048 | J=0.099525 J_x=0.079378 J_w=0.040294 rel_change=1.884699e-04 | time=0.277s
14:04:29 | INFO | tag=block11.out_proj iter=049 | J=0.099335 J_x=0.079217 J_w=0.040235 rel_change=1.899824e-04 | time=0.288s
14:04:29 | INFO | tag=block11.out_proj iter=050 | J=0.099150 J_x=0.079066 J_w=0.040169 rel_change=1.842976e-04 | time=0.292s
14:04:29 | INFO | tag=block11.out_proj iter=051 | J=0.098986 J_x=0.078928 J_w=0.040115 rel_change=1.648515e-04 | time=0.280s
14:04:29 | INFO | tag=block11.out_proj iter=052 | J=0.098830 J_x=0.078789 J_w=0.040082 rel_change=1.557991e-04 | time=0.281s
14:04:30 | INFO | tag=block11.out_proj iter=053 | J=0.098680 J_x=0.078653 J_w=0.040054 rel_change=1.502484e-04 | time=0.283s
14:04:30 | INFO | tag=block11.out_proj iter=054 | J=0.098535 J_x=0.078520 J_w=0.040030 rel_change=1.442954e-04 | time=0.287s
14:04:30 | INFO | tag=block11.out_proj iter=055 | J=0.098391 J_x=0.078392 J_w=0.039997 rel_change=1.444221e-04 | time=0.285s
14:04:31 | INFO | tag=block11.out_proj iter=056 | J=0.098241 J_x=0.078271 J_w=0.039941 rel_change=1.494065e-04 | time=0.294s
14:04:31 | INFO | tag=block11.out_proj iter=057 | J=0.098094 J_x=0.078156 J_w=0.039876 rel_change=1.476780e-04 | time=0.289s
14:04:31 | INFO | tag=block11.out_proj iter=058 | J=0.097966 J_x=0.078043 J_w=0.039848 rel_change=1.273975e-04 | time=0.287s
14:04:31 | INFO | tag=block11.out_proj iter=059 | J=0.097833 J_x=0.077934 J_w=0.039799 rel_change=1.330748e-04 | time=0.292s
14:04:32 | INFO | tag=block11.out_proj iter=060 | J=0.097703 J_x=0.077825 J_w=0.039756 rel_change=1.301616e-04 | time=0.292s
14:04:32 | INFO | tag=block11.out_proj iter=061 | J=0.097586 J_x=0.077723 J_w=0.039726 rel_change=1.168400e-04 | time=0.279s
14:04:32 | INFO | tag=block11.out_proj iter=062 | J=0.097467 J_x=0.077625 J_w=0.039684 rel_change=1.193732e-04 | time=0.291s
14:04:33 | INFO | tag=block11.out_proj iter=063 | J=0.097348 J_x=0.077529 J_w=0.039639 rel_change=1.186505e-04 | time=0.288s
14:04:33 | INFO | tag=block11.out_proj iter=064 | J=0.097234 J_x=0.077428 J_w=0.039611 rel_change=1.147389e-04 | time=0.287s
14:04:33 | INFO | tag=block11.out_proj iter=065 | J=0.097125 J_x=0.077330 J_w=0.039590 rel_change=1.080781e-04 | time=0.289s
14:04:33 | INFO | tag=block11.out_proj iter=066 | J=0.097017 J_x=0.077239 J_w=0.039555 rel_change=1.086146e-04 | time=0.286s
14:04:34 | INFO | tag=block11.out_proj iter=067 | J=0.096910 J_x=0.077153 J_w=0.039515 rel_change=1.069754e-04 | time=0.289s
14:04:34 | INFO | tag=block11.out_proj iter=068 | J=0.096815 J_x=0.077068 J_w=0.039494 rel_change=9.503961e-05 | time=0.287s
14:04:34 | INFO | tag=block11.out_proj iter=069 | J=0.096723 J_x=0.076984 J_w=0.039477 rel_change=9.227544e-05 | time=0.276s
14:04:35 | INFO | tag=block11.out_proj iter=070 | J=0.096631 J_x=0.076900 J_w=0.039462 rel_change=9.122491e-05 | time=0.286s
14:04:35 | INFO | tag=block11.out_proj iter=071 | J=0.096532 J_x=0.076818 J_w=0.039428 rel_change=9.924918e-05 | time=0.293s
14:04:35 | INFO | tag=block11.out_proj iter=072 | J=0.096437 J_x=0.076735 J_w=0.039404 rel_change=9.547919e-05 | time=0.291s
14:04:35 | INFO | tag=block11.out_proj iter=073 | J=0.096346 J_x=0.076652 J_w=0.039388 rel_change=9.083748e-05 | time=0.294s
14:04:36 | INFO | tag=block11.out_proj iter=074 | J=0.096251 J_x=0.076571 J_w=0.039359 rel_change=9.469688e-05 | time=0.292s
14:04:36 | INFO | tag=block11.out_proj iter=075 | J=0.096159 J_x=0.076491 J_w=0.039336 rel_change=9.226799e-05 | time=0.293s
14:04:36 | INFO | tag=block11.out_proj iter=076 | J=0.096068 J_x=0.076417 J_w=0.039300 rel_change=9.130687e-05 | time=0.306s
14:04:37 | INFO | tag=block11.out_proj iter=077 | J=0.095986 J_x=0.076344 J_w=0.039284 rel_change=8.140504e-05 | time=0.291s
14:04:37 | INFO | tag=block11.out_proj iter=078 | J=0.095906 J_x=0.076275 J_w=0.039262 rel_change=8.007884e-05 | time=0.206s
14:04:37 | INFO | tag=block11.out_proj iter=079 | J=0.095832 J_x=0.076206 J_w=0.039252 rel_change=7.379800e-05 | time=0.159s
14:04:37 | INFO | tag=block11.out_proj iter=080 | J=0.095755 J_x=0.076140 J_w=0.039230 rel_change=7.683784e-05 | time=0.156s
14:04:37 | INFO | 量化器拟合完成 | tag=block11.out_proj convergence_iter=80 total_fit_time=22.320s
14:04:37 | INFO | 开始计算重建/近似误差 | layer=block11.out_proj error_mode=relative
14:04:37 | INFO | 误差计算完成 | layer=block11.out_proj err_x=0.059337 err_w=0.099154 rel_linear_error=0.232311 elapsed=0.121s
14:04:39 | INFO | 扩展量化模块构建完成。
14:04:39 | INFO | 开始 PPL 评测 | tag=ours_all_blocks_qkvo stride=512 max_eval_tokens=None
14:05:01 | INFO | PPL 评测完成 | tag=ours_all_blocks_qkvo ppl=24.877365 eval_tokens=286178 target_tokens=286178 windows=556 elapsed=22.396s
14:05:05 | INFO | ========== Sweep 单次实验结束 ==========
