13:33:16 | INFO | ========== Sweep 单次实验开始 ==========
13:33:16 | INFO | combo = {
  "target.block_indices": [
    11
  ],
  "quant.beta": 0,
  "quant_ext.init_mode": "pca",
  "quant_ext.error_mode": "relative"
}
13:33:16 | INFO | config = {
  "data": {
    "model_name": "facebook/opt-125m",
    "dataset_name": "wikitext",
    "dataset_config": "wikitext-2-raw-v1",
    "calib_split": "train",
    "eval_split": "test",
    "calib_num_tokens": 4096,
    "eval_num_tokens": null,
    "tokenizer_use_fast": true
  },
  "quant": {
    "beta": 0,
    "max_iters": 80,
    "tol": 1e-05,
    "convergence_check_every": 1,
    "codebook": [
      -2.0,
      -1.0,
      0.0,
      1.0,
      2.0
    ],
    "dtype": "float32",
    "eps": 1e-08,
    "log_every": 1,
    "init_mode": "pca",
    "error_mode": "relative",
    "track_u": true,
    "track_u_every": 1,
    "track_u_full_matrix": false,
    "random_init_orthogonal": true,
    "random_init_scale": 1.0
  },
  "eval": {
    "stride": 512,
    "device": "cuda"
  },
  "target": {
    "block_indices": [
      11
    ],
    "target_linear_names": [
      "q_proj",
      "k_proj",
      "v_proj",
      "out_proj"
    ]
  },
  "output_dir": "outputs_opt_qkvo_general_sweep_u_tracking\\t_block_indices_11-__q_beta_0__init_mode_pca__error_mode_relative",
  "seed": 42
}
13:33:16 | INFO | 加载模型与 tokenizer：facebook/opt-125m
13:33:30 | INFO | 模型加载完成 | hidden_size=768 vocab_size=50272 device=cuda elapsed=14.931s
13:33:30 | INFO | 加载数据集 split=train
13:33:37 | INFO | split=train 加载完成 | non-empty text blocks=23767 chars=10940522 elapsed=6.936s
13:33:37 | INFO | 加载数据集 split=test
13:33:41 | INFO | split=test 加载完成 | non-empty text blocks=2891 chars=1291402 elapsed=4.047s
13:33:41 | INFO | 开始 PPL 评测 | tag=baseline_fp stride=512 max_eval_tokens=None
13:34:04 | INFO | PPL 评测完成 | tag=baseline_fp ppl=23.500643 eval_tokens=286178 target_tokens=286178 windows=556 elapsed=22.553s
13:34:15 | INFO | 开始收集目标线性层输入 hidden states | requested_tokens=4096 layers=['block11.q_proj', 'block11.k_proj', 'block11.v_proj', 'block11.out_proj']
13:34:16 | INFO | 输入收集完成 | layer=block11.q_proj collected_tokens=4096 forward_chunks=2 elapsed=0.369s X_shape=[768, 4096]
13:34:16 | INFO | 输入收集完成 | layer=block11.k_proj collected_tokens=4096 forward_chunks=2 elapsed=0.369s X_shape=[768, 4096]
13:34:16 | INFO | 输入收集完成 | layer=block11.v_proj collected_tokens=4096 forward_chunks=2 elapsed=0.369s X_shape=[768, 4096]
13:34:16 | INFO | 输入收集完成 | layer=block11.out_proj collected_tokens=4096 forward_chunks=2 elapsed=0.369s X_shape=[768, 4096]
13:34:16 | INFO | 开始为所有目标 transformer blocks 的 Q/K/V/O 线性层构建 SQ-XW 对照组。
13:34:16 | INFO | 开始计算 SQ-XW 对照组误差 | layer=block11.q_proj
13:34:16 | INFO | SQ-XW 误差计算完成 | layer=block11.q_proj rel_recon_error_x=0.934975 rel_recon_error_w=0.137037 rel_linear_error=0.841778 elapsed=0.049s
13:34:16 | INFO | SQ-XW 对照组构建完成 | layer=block11.q_proj bits=3 x_scale=3.78571439 w_scale=0.07163783
13:34:16 | INFO | 开始计算 SQ-XW 对照组误差 | layer=block11.k_proj
13:34:16 | INFO | SQ-XW 误差计算完成 | layer=block11.k_proj rel_recon_error_x=0.934975 rel_recon_error_w=0.159061 rel_linear_error=0.758373 elapsed=0.031s
13:34:16 | INFO | SQ-XW 对照组构建完成 | layer=block11.k_proj bits=3 x_scale=3.78571439 w_scale=0.07533482
13:34:16 | INFO | 开始计算 SQ-XW 对照组误差 | layer=block11.v_proj
13:34:16 | INFO | SQ-XW 误差计算完成 | layer=block11.v_proj rel_recon_error_x=0.934975 rel_recon_error_w=0.440576 rel_linear_error=1.034687 elapsed=0.032s
13:34:16 | INFO | SQ-XW 对照组构建完成 | layer=block11.v_proj bits=3 x_scale=3.78571439 w_scale=0.07139369
13:34:16 | INFO | 开始计算 SQ-XW 对照组误差 | layer=block11.out_proj
13:34:16 | INFO | SQ-XW 误差计算完成 | layer=block11.out_proj rel_recon_error_x=0.192631 rel_recon_error_w=0.744155 rel_linear_error=0.829729 elapsed=0.029s
13:34:16 | INFO | SQ-XW 对照组构建完成 | layer=block11.out_proj bits=3 x_scale=0.22572544 w_scale=0.12772043
13:34:16 | INFO | 开始 PPL 评测 | tag=sq_all_blocks_qkvo stride=512 max_eval_tokens=None
13:34:38 | INFO | PPL 评测完成 | tag=sq_all_blocks_qkvo ppl=27.267649 eval_tokens=286178 target_tokens=286178 windows=556 elapsed=21.758s
13:34:38 | INFO | 开始为目标层构建扩展量化器。
13:34:38 | INFO | block11.q_proj.X_calib stats | shape=[768, 4096] dtype=torch.float16 device=cpu mean=-0.037015 std=0.557564 min=-26.500000 max=5.378906 fro=991.028625
13:34:38 | INFO | block11.q_proj.W stats | shape=[768, 768] dtype=torch.float32 device=cpu mean=-0.000252 std=0.055656 min=-0.487549 max=0.501465 fro=42.744507
13:34:38 | INFO | 开始拟合量化器 | tag=block11.q_proj d=768 N=4096 M=768 beta=0.0000 max_iters=80 tol=1.00e-05 init_mode=pca error_mode=relative
13:34:38 | INFO | tag=block11.q_proj iter=001 | J=0.191045 J_x=0.191045 J_w=1.000366 rel_change=inf | time=0.183s
13:34:38 | INFO | tag=block11.q_proj iter=002 | J=0.123518 J_x=0.123518 J_w=0.403151 rel_change=6.752639e-02 | time=0.173s
13:34:38 | INFO | tag=block11.q_proj iter=003 | J=0.095531 J_x=0.095531 J_w=0.181792 rel_change=2.798729e-02 | time=0.183s
13:34:39 | INFO | tag=block11.q_proj iter=004 | J=0.082534 J_x=0.082534 J_w=0.122715 rel_change=1.299722e-02 | time=0.180s
13:34:39 | INFO | tag=block11.q_proj iter=005 | J=0.075407 J_x=0.075407 J_w=0.103176 rel_change=7.126480e-03 | time=0.159s
13:34:39 | INFO | tag=block11.q_proj iter=006 | J=0.070978 J_x=0.070978 J_w=0.095308 rel_change=4.429534e-03 | time=0.169s
13:34:39 | INFO | tag=block11.q_proj iter=007 | J=0.067976 J_x=0.067976 J_w=0.091549 rel_change=3.001750e-03 | time=0.164s
13:34:39 | INFO | tag=block11.q_proj iter=008 | J=0.065802 J_x=0.065802 J_w=0.089606 rel_change=2.173588e-03 | time=0.169s
13:34:39 | INFO | tag=block11.q_proj iter=009 | J=0.064147 J_x=0.064147 J_w=0.088612 rel_change=1.655765e-03 | time=0.167s
13:34:40 | INFO | tag=block11.q_proj iter=010 | J=0.062831 J_x=0.062831 J_w=0.087641 rel_change=1.315378e-03 | time=0.166s
13:34:40 | INFO | tag=block11.q_proj iter=011 | J=0.061746 J_x=0.061746 J_w=0.087196 rel_change=1.085527e-03 | time=0.166s
13:34:40 | INFO | tag=block11.q_proj iter=012 | J=0.060832 J_x=0.060832 J_w=0.086994 rel_change=9.136945e-04 | time=0.167s
13:34:40 | INFO | tag=block11.q_proj iter=013 | J=0.060053 J_x=0.060053 J_w=0.086787 rel_change=7.792115e-04 | time=0.162s
13:34:40 | INFO | tag=block11.q_proj iter=014 | J=0.059386 J_x=0.059386 J_w=0.086456 rel_change=6.671920e-04 | time=0.159s
13:34:40 | INFO | tag=block11.q_proj iter=015 | J=0.058800 J_x=0.058800 J_w=0.086487 rel_change=5.856790e-04 | time=0.158s
13:34:41 | INFO | tag=block11.q_proj iter=016 | J=0.058279 J_x=0.058279 J_w=0.086341 rel_change=5.209707e-04 | time=0.167s
13:34:41 | INFO | tag=block11.q_proj iter=017 | J=0.057816 J_x=0.057816 J_w=0.086138 rel_change=4.629679e-04 | time=0.160s
13:34:41 | INFO | tag=block11.q_proj iter=018 | J=0.057398 J_x=0.057398 J_w=0.086124 rel_change=4.177839e-04 | time=0.167s
13:34:41 | INFO | tag=block11.q_proj iter=019 | J=0.057015 J_x=0.057015 J_w=0.086377 rel_change=3.834553e-04 | time=0.164s
13:34:41 | INFO | tag=block11.q_proj iter=020 | J=0.056671 J_x=0.056671 J_w=0.085976 rel_change=3.439113e-04 | time=0.165s
13:34:41 | INFO | tag=block11.q_proj iter=021 | J=0.056349 J_x=0.056349 J_w=0.086073 rel_change=3.213212e-04 | time=0.163s
13:34:41 | INFO | tag=block11.q_proj iter=022 | J=0.056060 J_x=0.056060 J_w=0.085686 rel_change=2.895147e-04 | time=0.163s
13:34:42 | INFO | tag=block11.q_proj iter=023 | J=0.055790 J_x=0.055790 J_w=0.085624 rel_change=2.702251e-04 | time=0.158s
13:34:42 | INFO | tag=block11.q_proj iter=024 | J=0.055542 J_x=0.055542 J_w=0.085657 rel_change=2.473630e-04 | time=0.165s
13:34:42 | INFO | tag=block11.q_proj iter=025 | J=0.055313 J_x=0.055313 J_w=0.085517 rel_change=2.292506e-04 | time=0.166s
13:34:42 | INFO | tag=block11.q_proj iter=026 | J=0.055097 J_x=0.055097 J_w=0.085496 rel_change=2.165027e-04 | time=0.158s
13:34:42 | INFO | tag=block11.q_proj iter=027 | J=0.054893 J_x=0.054893 J_w=0.085465 rel_change=2.035052e-04 | time=0.169s
13:34:42 | INFO | tag=block11.q_proj iter=028 | J=0.054702 J_x=0.054702 J_w=0.085428 rel_change=1.908354e-04 | time=0.172s
13:34:43 | INFO | tag=block11.q_proj iter=029 | J=0.054518 J_x=0.054518 J_w=0.085587 rel_change=1.844689e-04 | time=0.167s
13:34:43 | INFO | tag=block11.q_proj iter=030 | J=0.054349 J_x=0.054349 J_w=0.085387 rel_change=1.688600e-04 | time=0.172s
13:34:43 | INFO | tag=block11.q_proj iter=031 | J=0.054189 J_x=0.054189 J_w=0.085373 rel_change=1.603663e-04 | time=0.163s
13:34:43 | INFO | tag=block11.q_proj iter=032 | J=0.054036 J_x=0.054036 J_w=0.085348 rel_change=1.523718e-04 | time=0.165s
13:34:43 | INFO | tag=block11.q_proj iter=033 | J=0.053893 J_x=0.053893 J_w=0.085320 rel_change=1.436695e-04 | time=0.166s
13:34:43 | INFO | tag=block11.q_proj iter=034 | J=0.053757 J_x=0.053757 J_w=0.085292 rel_change=1.355708e-04 | time=0.163s
13:34:44 | INFO | tag=block11.q_proj iter=035 | J=0.053627 J_x=0.053627 J_w=0.085286 rel_change=1.296774e-04 | time=0.167s
13:34:44 | INFO | tag=block11.q_proj iter=036 | J=0.053500 J_x=0.053500 J_w=0.085375 rel_change=1.271553e-04 | time=0.158s
13:34:44 | INFO | tag=block11.q_proj iter=037 | J=0.053371 J_x=0.053371 J_w=0.085507 rel_change=1.288056e-04 | time=0.169s
13:34:44 | INFO | tag=block11.q_proj iter=038 | J=0.053251 J_x=0.053251 J_w=0.085247 rel_change=1.204275e-04 | time=0.164s
13:34:44 | INFO | tag=block11.q_proj iter=039 | J=0.053137 J_x=0.053137 J_w=0.085224 rel_change=1.137964e-04 | time=0.166s
13:34:44 | INFO | tag=block11.q_proj iter=040 | J=0.053031 J_x=0.053031 J_w=0.085202 rel_change=1.057535e-04 | time=0.164s
13:34:45 | INFO | tag=block11.q_proj iter=041 | J=0.052932 J_x=0.052932 J_w=0.085179 rel_change=9.973720e-05 | time=0.164s
13:34:45 | INFO | tag=block11.q_proj iter=042 | J=0.052835 J_x=0.052835 J_w=0.085256 rel_change=9.661913e-05 | time=0.161s
13:34:45 | INFO | tag=block11.q_proj iter=043 | J=0.052746 J_x=0.052746 J_w=0.085137 rel_change=8.927286e-05 | time=0.171s
13:34:45 | INFO | tag=block11.q_proj iter=044 | J=0.052660 J_x=0.052660 J_w=0.085119 rel_change=8.567423e-05 | time=0.163s
13:34:45 | INFO | tag=block11.q_proj iter=045 | J=0.052578 J_x=0.052578 J_w=0.085098 rel_change=8.215010e-05 | time=0.169s
13:34:45 | INFO | tag=block11.q_proj iter=046 | J=0.052500 J_x=0.052500 J_w=0.085097 rel_change=7.776171e-05 | time=0.161s
13:34:46 | INFO | tag=block11.q_proj iter=047 | J=0.052425 J_x=0.052425 J_w=0.085067 rel_change=7.485598e-05 | time=0.162s
13:34:46 | INFO | tag=block11.q_proj iter=048 | J=0.052356 J_x=0.052356 J_w=0.085060 rel_change=6.929040e-05 | time=0.160s
13:34:46 | INFO | tag=block11.q_proj iter=049 | J=0.052291 J_x=0.052291 J_w=0.085066 rel_change=6.506592e-05 | time=0.159s
13:34:46 | INFO | tag=block11.q_proj iter=050 | J=0.052226 J_x=0.052226 J_w=0.085052 rel_change=6.455183e-05 | time=0.164s
13:34:46 | INFO | tag=block11.q_proj iter=051 | J=0.052165 J_x=0.052165 J_w=0.085029 rel_change=6.122515e-05 | time=0.169s
13:34:46 | INFO | tag=block11.q_proj iter=052 | J=0.052107 J_x=0.052107 J_w=0.085026 rel_change=5.817786e-05 | time=0.160s
13:34:47 | INFO | tag=block11.q_proj iter=053 | J=0.052050 J_x=0.052050 J_w=0.085023 rel_change=5.705282e-05 | time=0.168s
13:34:47 | INFO | tag=block11.q_proj iter=054 | J=0.051994 J_x=0.051994 J_w=0.085039 rel_change=5.561113e-05 | time=0.168s
13:34:47 | INFO | tag=block11.q_proj iter=055 | J=0.051940 J_x=0.051940 J_w=0.085030 rel_change=5.396083e-05 | time=0.160s
13:34:47 | INFO | tag=block11.q_proj iter=056 | J=0.051888 J_x=0.051888 J_w=0.085023 rel_change=5.279109e-05 | time=0.161s
13:34:47 | INFO | tag=block11.q_proj iter=057 | J=0.051836 J_x=0.051836 J_w=0.085017 rel_change=5.172566e-05 | time=0.165s
13:34:47 | INFO | tag=block11.q_proj iter=058 | J=0.051787 J_x=0.051787 J_w=0.084998 rel_change=4.849583e-05 | time=0.168s
13:34:48 | INFO | tag=block11.q_proj iter=059 | J=0.051740 J_x=0.051740 J_w=0.084992 rel_change=4.728138e-05 | time=0.166s
13:34:48 | INFO | tag=block11.q_proj iter=060 | J=0.051694 J_x=0.051694 J_w=0.084982 rel_change=4.585832e-05 | time=0.170s
13:34:48 | INFO | tag=block11.q_proj iter=061 | J=0.051651 J_x=0.051651 J_w=0.084972 rel_change=4.353002e-05 | time=0.161s
13:34:48 | INFO | tag=block11.q_proj iter=062 | J=0.051608 J_x=0.051608 J_w=0.084968 rel_change=4.256144e-05 | time=0.174s
13:34:48 | INFO | tag=block11.q_proj iter=063 | J=0.051566 J_x=0.051566 J_w=0.084954 rel_change=4.189834e-05 | time=0.163s
13:34:48 | INFO | tag=block11.q_proj iter=064 | J=0.051525 J_x=0.051525 J_w=0.084958 rel_change=4.109368e-05 | time=0.158s
13:34:49 | INFO | tag=block11.q_proj iter=065 | J=0.051486 J_x=0.051486 J_w=0.084948 rel_change=3.909692e-05 | time=0.160s
13:34:49 | INFO | tag=block11.q_proj iter=066 | J=0.051448 J_x=0.051448 J_w=0.084942 rel_change=3.758445e-05 | time=0.164s
13:34:49 | INFO | tag=block11.q_proj iter=067 | J=0.051413 J_x=0.051413 J_w=0.084937 rel_change=3.582239e-05 | time=0.193s
13:34:49 | INFO | tag=block11.q_proj iter=068 | J=0.051378 J_x=0.051378 J_w=0.084935 rel_change=3.457814e-05 | time=0.159s
13:34:49 | INFO | tag=block11.q_proj iter=069 | J=0.051344 J_x=0.051344 J_w=0.084935 rel_change=3.382564e-05 | time=0.161s
13:34:49 | INFO | tag=block11.q_proj iter=070 | J=0.051311 J_x=0.051311 J_w=0.084944 rel_change=3.328919e-05 | time=0.169s
13:34:50 | INFO | tag=block11.q_proj iter=071 | J=0.051278 J_x=0.051278 J_w=0.084949 rel_change=3.330782e-05 | time=0.164s
13:34:50 | INFO | tag=block11.q_proj iter=072 | J=0.051245 J_x=0.051245 J_w=0.084944 rel_change=3.257766e-05 | time=0.165s
13:34:50 | INFO | tag=block11.q_proj iter=073 | J=0.051213 J_x=0.051213 J_w=0.084945 rel_change=3.243983e-05 | time=0.165s
13:34:50 | INFO | tag=block11.q_proj iter=074 | J=0.051182 J_x=0.051182 J_w=0.084937 rel_change=3.059208e-05 | time=0.162s
13:34:50 | INFO | tag=block11.q_proj iter=075 | J=0.051152 J_x=0.051152 J_w=0.084937 rel_change=2.950802e-05 | time=0.162s
13:34:50 | INFO | tag=block11.q_proj iter=076 | J=0.051124 J_x=0.051124 J_w=0.084933 rel_change=2.834573e-05 | time=0.170s
13:34:51 | INFO | tag=block11.q_proj iter=077 | J=0.051096 J_x=0.051096 J_w=0.084943 rel_change=2.804399e-05 | time=0.162s
13:34:51 | INFO | tag=block11.q_proj iter=078 | J=0.051069 J_x=0.051069 J_w=0.084940 rel_change=2.698973e-05 | time=0.171s
13:34:51 | INFO | tag=block11.q_proj iter=079 | J=0.051043 J_x=0.051043 J_w=0.084949 rel_change=2.632290e-05 | time=0.168s
13:34:51 | INFO | tag=block11.q_proj iter=080 | J=0.051016 J_x=0.051016 J_w=0.084961 rel_change=2.628192e-05 | time=0.164s
13:34:51 | INFO | 量化器拟合完成 | tag=block11.q_proj convergence_iter=80 total_fit_time=13.373s
13:34:51 | INFO | 开始计算重建/近似误差 | layer=block11.q_proj error_mode=relative
13:34:51 | INFO | 误差计算完成 | layer=block11.q_proj err_x=0.051028 err_w=0.084912 rel_linear_error=0.116622 elapsed=0.115s
13:34:53 | INFO | block11.k_proj.X_calib stats | shape=[768, 4096] dtype=torch.float16 device=cpu mean=-0.037015 std=0.557564 min=-26.500000 max=5.378906 fro=991.028625
13:34:53 | INFO | block11.k_proj.W stats | shape=[768, 768] dtype=torch.float32 device=cpu mean=0.000053 std=0.054432 min=-0.527344 max=0.527344 fro=41.803741
13:34:53 | INFO | 开始拟合量化器 | tag=block11.k_proj d=768 N=4096 M=768 beta=0.0000 max_iters=80 tol=1.00e-05 init_mode=pca error_mode=relative
13:34:53 | INFO | tag=block11.k_proj iter=001 | J=0.191045 J_x=0.191045 J_w=0.999279 rel_change=inf | time=0.166s
13:34:53 | INFO | tag=block11.k_proj iter=002 | J=0.123518 J_x=0.123518 J_w=0.403564 rel_change=6.752639e-02 | time=0.167s
13:34:53 | INFO | tag=block11.k_proj iter=003 | J=0.095531 J_x=0.095531 J_w=0.181331 rel_change=2.798729e-02 | time=0.171s
13:34:54 | INFO | tag=block11.k_proj iter=004 | J=0.082534 J_x=0.082534 J_w=0.122680 rel_change=1.299722e-02 | time=0.178s
13:34:54 | INFO | tag=block11.k_proj iter=005 | J=0.075407 J_x=0.075407 J_w=0.103059 rel_change=7.126480e-03 | time=0.168s
13:34:54 | INFO | tag=block11.k_proj iter=006 | J=0.070978 J_x=0.070978 J_w=0.095121 rel_change=4.429534e-03 | time=0.170s
13:34:54 | INFO | tag=block11.k_proj iter=007 | J=0.067976 J_x=0.067976 J_w=0.091386 rel_change=3.001750e-03 | time=0.171s
13:34:54 | INFO | tag=block11.k_proj iter=008 | J=0.065802 J_x=0.065802 J_w=0.089457 rel_change=2.173588e-03 | time=0.171s
13:34:54 | INFO | tag=block11.k_proj iter=009 | J=0.064147 J_x=0.064147 J_w=0.088439 rel_change=1.655765e-03 | time=0.162s
13:34:55 | INFO | tag=block11.k_proj iter=010 | J=0.062831 J_x=0.062831 J_w=0.087809 rel_change=1.315378e-03 | time=0.169s
13:34:55 | INFO | tag=block11.k_proj iter=011 | J=0.061746 J_x=0.061746 J_w=0.087462 rel_change=1.085527e-03 | time=0.164s
13:34:55 | INFO | tag=block11.k_proj iter=012 | J=0.060832 J_x=0.060832 J_w=0.087223 rel_change=9.136945e-04 | time=0.170s
13:34:55 | INFO | tag=block11.k_proj iter=013 | J=0.060053 J_x=0.060053 J_w=0.087029 rel_change=7.792115e-04 | time=0.174s
13:34:55 | INFO | tag=block11.k_proj iter=014 | J=0.059386 J_x=0.059386 J_w=0.086847 rel_change=6.671920e-04 | time=0.170s
13:34:55 | INFO | tag=block11.k_proj iter=015 | J=0.058800 J_x=0.058800 J_w=0.086748 rel_change=5.856790e-04 | time=0.176s
13:34:56 | INFO | tag=block11.k_proj iter=016 | J=0.058279 J_x=0.058279 J_w=0.086668 rel_change=5.209707e-04 | time=0.166s
13:34:56 | INFO | tag=block11.k_proj iter=017 | J=0.057816 J_x=0.057816 J_w=0.086565 rel_change=4.629679e-04 | time=0.164s
13:34:56 | INFO | tag=block11.k_proj iter=018 | J=0.057398 J_x=0.057398 J_w=0.086512 rel_change=4.177839e-04 | time=0.167s
13:34:56 | INFO | tag=block11.k_proj iter=019 | J=0.057015 J_x=0.057015 J_w=0.086503 rel_change=3.834553e-04 | time=0.171s
13:34:56 | INFO | tag=block11.k_proj iter=020 | J=0.056671 J_x=0.056671 J_w=0.086475 rel_change=3.439113e-04 | time=0.163s
13:34:56 | INFO | tag=block11.k_proj iter=021 | J=0.056349 J_x=0.056349 J_w=0.086438 rel_change=3.213212e-04 | time=0.176s
13:34:57 | INFO | tag=block11.k_proj iter=022 | J=0.056060 J_x=0.056060 J_w=0.086382 rel_change=2.895147e-04 | time=0.169s
13:34:57 | INFO | tag=block11.k_proj iter=023 | J=0.055790 J_x=0.055790 J_w=0.086361 rel_change=2.702251e-04 | time=0.172s
13:34:57 | INFO | tag=block11.k_proj iter=024 | J=0.055542 J_x=0.055542 J_w=0.086333 rel_change=2.473630e-04 | time=0.174s
13:34:57 | INFO | tag=block11.k_proj iter=025 | J=0.055313 J_x=0.055313 J_w=0.086297 rel_change=2.292506e-04 | time=0.167s
13:34:57 | INFO | tag=block11.k_proj iter=026 | J=0.055097 J_x=0.055097 J_w=0.086268 rel_change=2.165027e-04 | time=0.165s
13:34:57 | INFO | tag=block11.k_proj iter=027 | J=0.054893 J_x=0.054893 J_w=0.086240 rel_change=2.035052e-04 | time=0.174s
13:34:58 | INFO | tag=block11.k_proj iter=028 | J=0.054702 J_x=0.054702 J_w=0.086244 rel_change=1.908354e-04 | time=0.179s
13:34:58 | INFO | tag=block11.k_proj iter=029 | J=0.054518 J_x=0.054518 J_w=0.086224 rel_change=1.844689e-04 | time=0.175s
13:34:58 | INFO | tag=block11.k_proj iter=030 | J=0.054349 J_x=0.054349 J_w=0.086176 rel_change=1.688600e-04 | time=0.178s
13:34:58 | INFO | tag=block11.k_proj iter=031 | J=0.054189 J_x=0.054189 J_w=0.086144 rel_change=1.603663e-04 | time=0.175s
13:34:58 | INFO | tag=block11.k_proj iter=032 | J=0.054036 J_x=0.054036 J_w=0.086127 rel_change=1.523718e-04 | time=0.175s
13:34:58 | INFO | tag=block11.k_proj iter=033 | J=0.053893 J_x=0.053893 J_w=0.086112 rel_change=1.436695e-04 | time=0.167s
13:34:59 | INFO | tag=block11.k_proj iter=034 | J=0.053757 J_x=0.053757 J_w=0.086086 rel_change=1.355708e-04 | time=0.171s
13:34:59 | INFO | tag=block11.k_proj iter=035 | J=0.053627 J_x=0.053627 J_w=0.086049 rel_change=1.296774e-04 | time=0.175s
13:34:59 | INFO | tag=block11.k_proj iter=036 | J=0.053500 J_x=0.053500 J_w=0.086039 rel_change=1.271553e-04 | time=0.175s
13:34:59 | INFO | tag=block11.k_proj iter=037 | J=0.053371 J_x=0.053371 J_w=0.086034 rel_change=1.288056e-04 | time=0.182s
13:34:59 | INFO | tag=block11.k_proj iter=038 | J=0.053251 J_x=0.053251 J_w=0.085993 rel_change=1.204275e-04 | time=0.162s
13:35:00 | INFO | tag=block11.k_proj iter=039 | J=0.053137 J_x=0.053137 J_w=0.086002 rel_change=1.137964e-04 | time=0.178s
13:35:00 | INFO | tag=block11.k_proj iter=040 | J=0.053031 J_x=0.053031 J_w=0.085964 rel_change=1.057535e-04 | time=0.169s
13:35:00 | INFO | tag=block11.k_proj iter=041 | J=0.052932 J_x=0.052932 J_w=0.085940 rel_change=9.973720e-05 | time=0.167s
13:35:00 | INFO | tag=block11.k_proj iter=042 | J=0.052835 J_x=0.052835 J_w=0.085936 rel_change=9.661913e-05 | time=0.172s
13:35:00 | INFO | tag=block11.k_proj iter=043 | J=0.052746 J_x=0.052746 J_w=0.085915 rel_change=8.927286e-05 | time=0.175s
13:35:00 | INFO | tag=block11.k_proj iter=044 | J=0.052660 J_x=0.052660 J_w=0.085903 rel_change=8.567423e-05 | time=0.174s
13:35:01 | INFO | tag=block11.k_proj iter=045 | J=0.052578 J_x=0.052578 J_w=0.085900 rel_change=8.215010e-05 | time=0.172s
13:35:01 | INFO | tag=block11.k_proj iter=046 | J=0.052500 J_x=0.052500 J_w=0.085903 rel_change=7.776171e-05 | time=0.169s
13:35:01 | INFO | tag=block11.k_proj iter=047 | J=0.052425 J_x=0.052425 J_w=0.085888 rel_change=7.485598e-05 | time=0.187s
13:35:01 | INFO | tag=block11.k_proj iter=048 | J=0.052356 J_x=0.052356 J_w=0.085901 rel_change=6.929040e-05 | time=0.166s
13:35:01 | INFO | tag=block11.k_proj iter=049 | J=0.052291 J_x=0.052291 J_w=0.085909 rel_change=6.506592e-05 | time=0.169s
13:35:01 | INFO | tag=block11.k_proj iter=050 | J=0.052226 J_x=0.052226 J_w=0.085912 rel_change=6.455183e-05 | time=0.190s
13:35:02 | INFO | tag=block11.k_proj iter=051 | J=0.052165 J_x=0.052165 J_w=0.085899 rel_change=6.122515e-05 | time=0.178s
13:35:02 | INFO | tag=block11.k_proj iter=052 | J=0.052107 J_x=0.052107 J_w=0.085870 rel_change=5.817786e-05 | time=0.169s
13:35:02 | INFO | tag=block11.k_proj iter=053 | J=0.052050 J_x=0.052050 J_w=0.085862 rel_change=5.705282e-05 | time=0.180s
13:35:02 | INFO | tag=block11.k_proj iter=054 | J=0.051994 J_x=0.051994 J_w=0.085868 rel_change=5.561113e-05 | time=0.173s
13:35:02 | INFO | tag=block11.k_proj iter=055 | J=0.051940 J_x=0.051940 J_w=0.085868 rel_change=5.396083e-05 | time=0.168s
13:35:02 | INFO | tag=block11.k_proj iter=056 | J=0.051888 J_x=0.051888 J_w=0.085855 rel_change=5.279109e-05 | time=0.170s
13:35:03 | INFO | tag=block11.k_proj iter=057 | J=0.051836 J_x=0.051836 J_w=0.085841 rel_change=5.172566e-05 | time=0.176s
13:35:03 | INFO | tag=block11.k_proj iter=058 | J=0.051787 J_x=0.051787 J_w=0.085809 rel_change=4.849583e-05 | time=0.179s
13:35:03 | INFO | tag=block11.k_proj iter=059 | J=0.051740 J_x=0.051740 J_w=0.085792 rel_change=4.728138e-05 | time=0.173s
13:35:03 | INFO | tag=block11.k_proj iter=060 | J=0.051694 J_x=0.051694 J_w=0.085767 rel_change=4.585832e-05 | time=0.180s
13:35:03 | INFO | tag=block11.k_proj iter=061 | J=0.051651 J_x=0.051651 J_w=0.085771 rel_change=4.353002e-05 | time=0.171s
13:35:04 | INFO | tag=block11.k_proj iter=062 | J=0.051608 J_x=0.051608 J_w=0.085770 rel_change=4.256144e-05 | time=0.171s
13:35:04 | INFO | tag=block11.k_proj iter=063 | J=0.051566 J_x=0.051566 J_w=0.085760 rel_change=4.189834e-05 | time=0.168s
13:35:04 | INFO | tag=block11.k_proj iter=064 | J=0.051525 J_x=0.051525 J_w=0.085743 rel_change=4.109368e-05 | time=0.170s
13:35:04 | INFO | tag=block11.k_proj iter=065 | J=0.051486 J_x=0.051486 J_w=0.085736 rel_change=3.909692e-05 | time=0.176s
13:35:04 | INFO | tag=block11.k_proj iter=066 | J=0.051448 J_x=0.051448 J_w=0.085727 rel_change=3.758445e-05 | time=0.177s
13:35:04 | INFO | tag=block11.k_proj iter=067 | J=0.051413 J_x=0.051413 J_w=0.085725 rel_change=3.582239e-05 | time=0.169s
13:35:05 | INFO | tag=block11.k_proj iter=068 | J=0.051378 J_x=0.051378 J_w=0.085721 rel_change=3.457814e-05 | time=0.172s
13:35:05 | INFO | tag=block11.k_proj iter=069 | J=0.051344 J_x=0.051344 J_w=0.085719 rel_change=3.382564e-05 | time=0.164s
13:35:05 | INFO | tag=block11.k_proj iter=070 | J=0.051311 J_x=0.051311 J_w=0.085722 rel_change=3.328919e-05 | time=0.172s
13:35:05 | INFO | tag=block11.k_proj iter=071 | J=0.051278 J_x=0.051278 J_w=0.085717 rel_change=3.330782e-05 | time=0.206s
13:35:05 | INFO | tag=block11.k_proj iter=072 | J=0.051245 J_x=0.051245 J_w=0.085715 rel_change=3.257766e-05 | time=0.172s
13:35:05 | INFO | tag=block11.k_proj iter=073 | J=0.051213 J_x=0.051213 J_w=0.085709 rel_change=3.243983e-05 | time=0.169s
13:35:06 | INFO | tag=block11.k_proj iter=074 | J=0.051182 J_x=0.051182 J_w=0.085703 rel_change=3.059208e-05 | time=0.170s
13:35:06 | INFO | tag=block11.k_proj iter=075 | J=0.051152 J_x=0.051152 J_w=0.085711 rel_change=2.950802e-05 | time=0.171s
13:35:06 | INFO | tag=block11.k_proj iter=076 | J=0.051124 J_x=0.051124 J_w=0.085713 rel_change=2.834573e-05 | time=0.171s
13:35:06 | INFO | tag=block11.k_proj iter=077 | J=0.051096 J_x=0.051096 J_w=0.085706 rel_change=2.804399e-05 | time=0.169s
13:35:06 | INFO | tag=block11.k_proj iter=078 | J=0.051069 J_x=0.051069 J_w=0.085702 rel_change=2.698973e-05 | time=0.168s
13:35:06 | INFO | tag=block11.k_proj iter=079 | J=0.051043 J_x=0.051043 J_w=0.085697 rel_change=2.632290e-05 | time=0.175s
13:35:07 | INFO | tag=block11.k_proj iter=080 | J=0.051016 J_x=0.051016 J_w=0.085677 rel_change=2.628192e-05 | time=0.169s
13:35:07 | INFO | 量化器拟合完成 | tag=block11.k_proj convergence_iter=80 total_fit_time=13.896s
13:35:07 | INFO | 开始计算重建/近似误差 | layer=block11.k_proj error_mode=relative
13:35:07 | INFO | 误差计算完成 | layer=block11.k_proj err_x=0.051028 err_w=0.085697 rel_linear_error=0.121720 elapsed=0.121s
13:35:08 | INFO | block11.v_proj.X_calib stats | shape=[768, 4096] dtype=torch.float16 device=cpu mean=-0.037015 std=0.557564 min=-26.500000 max=5.378906 fro=991.028625
13:35:08 | INFO | block11.v_proj.W stats | shape=[768, 768] dtype=torch.float32 device=cpu mean=0.000046 std=0.029483 min=-0.499756 max=0.195679 fro=22.642700
13:35:08 | INFO | 开始拟合量化器 | tag=block11.v_proj d=768 N=4096 M=768 beta=0.0000 max_iters=80 tol=1.00e-05 init_mode=pca error_mode=relative
13:35:08 | INFO | tag=block11.v_proj iter=001 | J=0.191045 J_x=0.191045 J_w=0.999957 rel_change=inf | time=0.166s
13:35:08 | INFO | tag=block11.v_proj iter=002 | J=0.123518 J_x=0.123518 J_w=0.415474 rel_change=6.752639e-02 | time=0.168s
13:35:09 | INFO | tag=block11.v_proj iter=003 | J=0.095531 J_x=0.095531 J_w=0.196336 rel_change=2.798729e-02 | time=0.176s
13:35:09 | INFO | tag=block11.v_proj iter=004 | J=0.082534 J_x=0.082534 J_w=0.134856 rel_change=1.299722e-02 | time=0.169s
13:35:09 | INFO | tag=block11.v_proj iter=005 | J=0.075407 J_x=0.075407 J_w=0.113847 rel_change=7.126480e-03 | time=0.171s
13:35:09 | INFO | tag=block11.v_proj iter=006 | J=0.070978 J_x=0.070978 J_w=0.105142 rel_change=4.429534e-03 | time=0.171s
13:35:09 | INFO | tag=block11.v_proj iter=007 | J=0.067976 J_x=0.067976 J_w=0.101165 rel_change=3.001750e-03 | time=0.170s
13:35:09 | INFO | tag=block11.v_proj iter=008 | J=0.065802 J_x=0.065802 J_w=0.099038 rel_change=2.173588e-03 | time=0.168s
13:35:10 | INFO | tag=block11.v_proj iter=009 | J=0.064147 J_x=0.064147 J_w=0.097932 rel_change=1.655765e-03 | time=0.165s
13:35:10 | INFO | tag=block11.v_proj iter=010 | J=0.062831 J_x=0.062831 J_w=0.097179 rel_change=1.315378e-03 | time=0.161s
13:35:10 | INFO | tag=block11.v_proj iter=011 | J=0.061746 J_x=0.061746 J_w=0.096773 rel_change=1.085527e-03 | time=0.166s
13:35:10 | INFO | tag=block11.v_proj iter=012 | J=0.060832 J_x=0.060832 J_w=0.096608 rel_change=9.136945e-04 | time=0.172s
13:35:10 | INFO | tag=block11.v_proj iter=013 | J=0.060053 J_x=0.060053 J_w=0.096458 rel_change=7.792115e-04 | time=0.172s
13:35:10 | INFO | tag=block11.v_proj iter=014 | J=0.059386 J_x=0.059386 J_w=0.096243 rel_change=6.671920e-04 | time=0.166s
13:35:11 | INFO | tag=block11.v_proj iter=015 | J=0.058800 J_x=0.058800 J_w=0.096107 rel_change=5.856790e-04 | time=0.167s
13:35:11 | INFO | tag=block11.v_proj iter=016 | J=0.058279 J_x=0.058279 J_w=0.095979 rel_change=5.209707e-04 | time=0.171s
13:35:11 | INFO | tag=block11.v_proj iter=017 | J=0.057816 J_x=0.057816 J_w=0.095861 rel_change=4.629679e-04 | time=0.160s
13:35:11 | INFO | tag=block11.v_proj iter=018 | J=0.057398 J_x=0.057398 J_w=0.095865 rel_change=4.177839e-04 | time=0.164s
13:35:11 | INFO | tag=block11.v_proj iter=019 | J=0.057015 J_x=0.057015 J_w=0.095896 rel_change=3.834553e-04 | time=0.172s
13:35:11 | INFO | tag=block11.v_proj iter=020 | J=0.056671 J_x=0.056671 J_w=0.095744 rel_change=3.439113e-04 | time=0.173s
13:35:12 | INFO | tag=block11.v_proj iter=021 | J=0.056349 J_x=0.056349 J_w=0.095762 rel_change=3.213212e-04 | time=0.162s
13:35:12 | INFO | tag=block11.v_proj iter=022 | J=0.056060 J_x=0.056060 J_w=0.095612 rel_change=2.895147e-04 | time=0.165s
13:35:12 | INFO | tag=block11.v_proj iter=023 | J=0.055790 J_x=0.055790 J_w=0.095582 rel_change=2.702251e-04 | time=0.162s
13:35:12 | INFO | tag=block11.v_proj iter=024 | J=0.055542 J_x=0.055542 J_w=0.095591 rel_change=2.473630e-04 | time=0.167s
13:35:12 | INFO | tag=block11.v_proj iter=025 | J=0.055313 J_x=0.055313 J_w=0.095516 rel_change=2.292506e-04 | time=0.168s
13:35:12 | INFO | tag=block11.v_proj iter=026 | J=0.055097 J_x=0.055097 J_w=0.095444 rel_change=2.165027e-04 | time=0.170s
13:35:13 | INFO | tag=block11.v_proj iter=027 | J=0.054893 J_x=0.054893 J_w=0.095429 rel_change=2.035052e-04 | time=0.184s
13:35:13 | INFO | tag=block11.v_proj iter=028 | J=0.054702 J_x=0.054702 J_w=0.095361 rel_change=1.908354e-04 | time=0.166s
13:35:13 | INFO | tag=block11.v_proj iter=029 | J=0.054518 J_x=0.054518 J_w=0.095372 rel_change=1.844689e-04 | time=0.178s
13:35:13 | INFO | tag=block11.v_proj iter=030 | J=0.054349 J_x=0.054349 J_w=0.095310 rel_change=1.688600e-04 | time=0.170s
13:35:13 | INFO | tag=block11.v_proj iter=031 | J=0.054189 J_x=0.054189 J_w=0.095275 rel_change=1.603663e-04 | time=0.168s
13:35:13 | INFO | tag=block11.v_proj iter=032 | J=0.054036 J_x=0.054036 J_w=0.095246 rel_change=1.523718e-04 | time=0.167s
13:35:14 | INFO | tag=block11.v_proj iter=033 | J=0.053893 J_x=0.053893 J_w=0.095224 rel_change=1.436695e-04 | time=0.166s
13:35:14 | INFO | tag=block11.v_proj iter=034 | J=0.053757 J_x=0.053757 J_w=0.095216 rel_change=1.355708e-04 | time=0.172s
13:35:14 | INFO | tag=block11.v_proj iter=035 | J=0.053627 J_x=0.053627 J_w=0.095193 rel_change=1.296774e-04 | time=0.165s
13:35:14 | INFO | tag=block11.v_proj iter=036 | J=0.053500 J_x=0.053500 J_w=0.095193 rel_change=1.271553e-04 | time=0.171s
13:35:14 | INFO | tag=block11.v_proj iter=037 | J=0.053371 J_x=0.053371 J_w=0.095225 rel_change=1.288056e-04 | time=0.170s
13:35:14 | INFO | tag=block11.v_proj iter=038 | J=0.053251 J_x=0.053251 J_w=0.095171 rel_change=1.204275e-04 | time=0.163s
13:35:15 | INFO | tag=block11.v_proj iter=039 | J=0.053137 J_x=0.053137 J_w=0.095172 rel_change=1.137964e-04 | time=0.163s
13:35:15 | INFO | tag=block11.v_proj iter=040 | J=0.053031 J_x=0.053031 J_w=0.095127 rel_change=1.057535e-04 | time=0.165s
13:35:15 | INFO | tag=block11.v_proj iter=041 | J=0.052932 J_x=0.052932 J_w=0.095093 rel_change=9.973720e-05 | time=0.161s
13:35:15 | INFO | tag=block11.v_proj iter=042 | J=0.052835 J_x=0.052835 J_w=0.095094 rel_change=9.661913e-05 | time=0.173s
13:35:15 | INFO | tag=block11.v_proj iter=043 | J=0.052746 J_x=0.052746 J_w=0.095046 rel_change=8.927286e-05 | time=0.172s
13:35:15 | INFO | tag=block11.v_proj iter=044 | J=0.052660 J_x=0.052660 J_w=0.095013 rel_change=8.567423e-05 | time=0.173s
13:35:16 | INFO | tag=block11.v_proj iter=045 | J=0.052578 J_x=0.052578 J_w=0.094992 rel_change=8.215010e-05 | time=0.169s
13:35:16 | INFO | tag=block11.v_proj iter=046 | J=0.052500 J_x=0.052500 J_w=0.094994 rel_change=7.776171e-05 | time=0.169s
13:35:16 | INFO | tag=block11.v_proj iter=047 | J=0.052425 J_x=0.052425 J_w=0.094965 rel_change=7.485598e-05 | time=0.165s
13:35:16 | INFO | tag=block11.v_proj iter=048 | J=0.052356 J_x=0.052356 J_w=0.094942 rel_change=6.929040e-05 | time=0.167s
13:35:16 | INFO | tag=block11.v_proj iter=049 | J=0.052291 J_x=0.052291 J_w=0.094943 rel_change=6.506592e-05 | time=0.166s
13:35:16 | INFO | tag=block11.v_proj iter=050 | J=0.052226 J_x=0.052226 J_w=0.094931 rel_change=6.455183e-05 | time=0.171s
13:35:17 | INFO | tag=block11.v_proj iter=051 | J=0.052165 J_x=0.052165 J_w=0.094916 rel_change=6.122515e-05 | time=0.170s
13:35:17 | INFO | tag=block11.v_proj iter=052 | J=0.052107 J_x=0.052107 J_w=0.094914 rel_change=5.817786e-05 | time=0.168s
13:35:17 | INFO | tag=block11.v_proj iter=053 | J=0.052050 J_x=0.052050 J_w=0.094906 rel_change=5.705282e-05 | time=0.167s
13:35:17 | INFO | tag=block11.v_proj iter=054 | J=0.051994 J_x=0.051994 J_w=0.094903 rel_change=5.561113e-05 | time=0.172s
13:35:17 | INFO | tag=block11.v_proj iter=055 | J=0.051940 J_x=0.051940 J_w=0.094903 rel_change=5.396083e-05 | time=0.167s
13:35:17 | INFO | tag=block11.v_proj iter=056 | J=0.051888 J_x=0.051888 J_w=0.094914 rel_change=5.279109e-05 | time=0.172s
13:35:18 | INFO | tag=block11.v_proj iter=057 | J=0.051836 J_x=0.051836 J_w=0.094917 rel_change=5.172566e-05 | time=0.177s
13:35:18 | INFO | tag=block11.v_proj iter=058 | J=0.051787 J_x=0.051787 J_w=0.094919 rel_change=4.849583e-05 | time=0.168s
13:35:18 | INFO | tag=block11.v_proj iter=059 | J=0.051740 J_x=0.051740 J_w=0.094943 rel_change=4.728138e-05 | time=0.171s
13:35:18 | INFO | tag=block11.v_proj iter=060 | J=0.051694 J_x=0.051694 J_w=0.094930 rel_change=4.585832e-05 | time=0.178s
13:35:18 | INFO | tag=block11.v_proj iter=061 | J=0.051651 J_x=0.051651 J_w=0.094936 rel_change=4.353002e-05 | time=0.176s
13:35:19 | INFO | tag=block11.v_proj iter=062 | J=0.051608 J_x=0.051608 J_w=0.094940 rel_change=4.256144e-05 | time=0.172s
13:35:19 | INFO | tag=block11.v_proj iter=063 | J=0.051566 J_x=0.051566 J_w=0.094947 rel_change=4.189834e-05 | time=0.164s
13:35:19 | INFO | tag=block11.v_proj iter=064 | J=0.051525 J_x=0.051525 J_w=0.094931 rel_change=4.109368e-05 | time=0.169s
13:35:19 | INFO | tag=block11.v_proj iter=065 | J=0.051486 J_x=0.051486 J_w=0.094919 rel_change=3.909692e-05 | time=0.164s
13:35:19 | INFO | tag=block11.v_proj iter=066 | J=0.051448 J_x=0.051448 J_w=0.094911 rel_change=3.758445e-05 | time=0.160s
13:35:19 | INFO | tag=block11.v_proj iter=067 | J=0.051413 J_x=0.051413 J_w=0.094898 rel_change=3.582239e-05 | time=0.169s
13:35:20 | INFO | tag=block11.v_proj iter=068 | J=0.051378 J_x=0.051378 J_w=0.094895 rel_change=3.457814e-05 | time=0.172s
13:35:20 | INFO | tag=block11.v_proj iter=069 | J=0.051344 J_x=0.051344 J_w=0.094881 rel_change=3.382564e-05 | time=0.168s
13:35:20 | INFO | tag=block11.v_proj iter=070 | J=0.051311 J_x=0.051311 J_w=0.094880 rel_change=3.328919e-05 | time=0.169s
13:35:20 | INFO | tag=block11.v_proj iter=071 | J=0.051278 J_x=0.051278 J_w=0.094853 rel_change=3.330782e-05 | time=0.165s
13:35:20 | INFO | tag=block11.v_proj iter=072 | J=0.051245 J_x=0.051245 J_w=0.094849 rel_change=3.257766e-05 | time=0.160s
13:35:20 | INFO | tag=block11.v_proj iter=073 | J=0.051213 J_x=0.051213 J_w=0.094852 rel_change=3.243983e-05 | time=0.165s
13:35:21 | INFO | tag=block11.v_proj iter=074 | J=0.051182 J_x=0.051182 J_w=0.094836 rel_change=3.059208e-05 | time=0.176s
13:35:21 | INFO | tag=block11.v_proj iter=075 | J=0.051152 J_x=0.051152 J_w=0.094832 rel_change=2.950802e-05 | time=0.163s
13:35:21 | INFO | tag=block11.v_proj iter=076 | J=0.051124 J_x=0.051124 J_w=0.094827 rel_change=2.834573e-05 | time=0.166s
13:35:21 | INFO | tag=block11.v_proj iter=077 | J=0.051096 J_x=0.051096 J_w=0.094826 rel_change=2.804399e-05 | time=0.162s
13:35:21 | INFO | tag=block11.v_proj iter=078 | J=0.051069 J_x=0.051069 J_w=0.094820 rel_change=2.698973e-05 | time=0.175s
13:35:21 | INFO | tag=block11.v_proj iter=079 | J=0.051043 J_x=0.051043 J_w=0.094799 rel_change=2.632290e-05 | time=0.170s
13:35:22 | INFO | tag=block11.v_proj iter=080 | J=0.051016 J_x=0.051016 J_w=0.094794 rel_change=2.628192e-05 | time=0.164s
13:35:22 | INFO | 量化器拟合完成 | tag=block11.v_proj convergence_iter=80 total_fit_time=13.574s
13:35:22 | INFO | 开始计算重建/近似误差 | layer=block11.v_proj error_mode=relative
13:35:22 | INFO | 误差计算完成 | layer=block11.v_proj err_x=0.051028 err_w=0.092880 rel_linear_error=0.171720 elapsed=0.122s
13:35:23 | INFO | block11.out_proj.X_calib stats | shape=[768, 4096] dtype=torch.float16 device=cpu mean=-0.000149 std=0.126649 min=-1.580078 max=1.531250 fro=224.591049
13:35:23 | INFO | block11.out_proj.W stats | shape=[768, 768] dtype=torch.float32 device=cpu mean=-0.000020 std=0.031479 min=-0.875977 max=0.894043 fro=24.176212
13:35:23 | INFO | 开始拟合量化器 | tag=block11.out_proj d=768 N=4096 M=768 beta=0.0000 max_iters=80 tol=1.00e-05 init_mode=pca error_mode=relative
13:35:23 | INFO | tag=block11.out_proj iter=001 | J=0.373953 J_x=0.373953 J_w=0.999607 rel_change=inf | time=0.159s
13:35:23 | INFO | tag=block11.out_proj iter=002 | J=0.243311 J_x=0.243311 J_w=0.656268 rel_change=1.306412e-01 | time=0.170s
13:35:23 | INFO | tag=block11.out_proj iter=003 | J=0.178300 J_x=0.178300 J_w=0.293214 rel_change=6.501120e-02 | time=0.167s
13:35:24 | INFO | tag=block11.out_proj iter=004 | J=0.144894 J_x=0.144894 J_w=0.194671 rel_change=3.340584e-02 | time=0.184s
13:35:24 | INFO | tag=block11.out_proj iter=005 | J=0.127716 J_x=0.127716 J_w=0.161686 rel_change=1.717791e-02 | time=0.179s
13:35:24 | INFO | tag=block11.out_proj iter=006 | J=0.117634 J_x=0.117634 J_w=0.142900 rel_change=1.008267e-02 | time=0.182s
13:35:24 | INFO | tag=block11.out_proj iter=007 | J=0.111002 J_x=0.111002 J_w=0.130011 rel_change=6.631814e-03 | time=0.182s
13:35:24 | INFO | tag=block11.out_proj iter=008 | J=0.106211 J_x=0.106211 J_w=0.121812 rel_change=4.791133e-03 | time=0.175s
13:35:25 | INFO | tag=block11.out_proj iter=009 | J=0.102524 J_x=0.102524 J_w=0.116167 rel_change=3.686950e-03 | time=0.170s
13:35:25 | INFO | tag=block11.out_proj iter=010 | J=0.099597 J_x=0.099597 J_w=0.112073 rel_change=2.926484e-03 | time=0.166s
13:35:25 | INFO | tag=block11.out_proj iter=011 | J=0.097154 J_x=0.097154 J_w=0.108446 rel_change=2.443731e-03 | time=0.169s
13:35:25 | INFO | tag=block11.out_proj iter=012 | J=0.095081 J_x=0.095081 J_w=0.105806 rel_change=2.072297e-03 | time=0.180s
13:35:25 | INFO | tag=block11.out_proj iter=013 | J=0.093297 J_x=0.093297 J_w=0.103911 rel_change=1.784682e-03 | time=0.313s
13:35:26 | INFO | tag=block11.out_proj iter=014 | J=0.091717 J_x=0.091717 J_w=0.102000 rel_change=1.580074e-03 | time=0.300s
13:35:26 | INFO | tag=block11.out_proj iter=015 | J=0.090305 J_x=0.090305 J_w=0.100908 rel_change=1.411572e-03 | time=0.299s
13:35:26 | INFO | tag=block11.out_proj iter=016 | J=0.089034 J_x=0.089034 J_w=0.100360 rel_change=1.270711e-03 | time=0.282s
13:35:27 | INFO | tag=block11.out_proj iter=017 | J=0.087883 J_x=0.087883 J_w=0.099694 rel_change=1.151368e-03 | time=0.279s
13:35:27 | INFO | tag=block11.out_proj iter=018 | J=0.086844 J_x=0.086844 J_w=0.098785 rel_change=1.038507e-03 | time=0.291s
13:35:27 | INFO | tag=block11.out_proj iter=019 | J=0.085918 J_x=0.085918 J_w=0.098474 rel_change=9.261742e-04 | time=0.288s
13:35:27 | INFO | tag=block11.out_proj iter=020 | J=0.085098 J_x=0.085098 J_w=0.097605 rel_change=8.201823e-04 | time=0.273s
13:35:28 | INFO | tag=block11.out_proj iter=021 | J=0.084324 J_x=0.084324 J_w=0.097404 rel_change=7.738024e-04 | time=0.288s
13:35:28 | INFO | tag=block11.out_proj iter=022 | J=0.083647 J_x=0.083647 J_w=0.097076 rel_change=6.770939e-04 | time=0.282s
13:35:28 | INFO | tag=block11.out_proj iter=023 | J=0.083029 J_x=0.083029 J_w=0.096697 rel_change=6.177723e-04 | time=0.289s
13:35:29 | INFO | tag=block11.out_proj iter=024 | J=0.082449 J_x=0.082449 J_w=0.096509 rel_change=5.805045e-04 | time=0.283s
13:35:29 | INFO | tag=block11.out_proj iter=025 | J=0.081914 J_x=0.081914 J_w=0.096035 rel_change=5.347356e-04 | time=0.283s
13:35:29 | INFO | tag=block11.out_proj iter=026 | J=0.081428 J_x=0.081428 J_w=0.095675 rel_change=4.859045e-04 | time=0.282s
13:35:29 | INFO | tag=block11.out_proj iter=027 | J=0.080977 J_x=0.080977 J_w=0.095610 rel_change=4.516765e-04 | time=0.292s
13:35:30 | INFO | tag=block11.out_proj iter=028 | J=0.080545 J_x=0.080545 J_w=0.095542 rel_change=4.316196e-04 | time=0.285s
13:35:30 | INFO | tag=block11.out_proj iter=029 | J=0.080131 J_x=0.080131 J_w=0.095197 rel_change=4.137531e-04 | time=0.291s
13:35:30 | INFO | tag=block11.out_proj iter=030 | J=0.079743 J_x=0.079743 J_w=0.094847 rel_change=3.881603e-04 | time=0.278s
13:35:31 | INFO | tag=block11.out_proj iter=031 | J=0.079381 J_x=0.079381 J_w=0.094862 rel_change=3.620535e-04 | time=0.281s
13:35:31 | INFO | tag=block11.out_proj iter=032 | J=0.079042 J_x=0.079042 J_w=0.094513 rel_change=3.391132e-04 | time=0.301s
13:35:31 | INFO | tag=block11.out_proj iter=033 | J=0.078713 J_x=0.078713 J_w=0.094319 rel_change=3.289133e-04 | time=0.299s
13:35:31 | INFO | tag=block11.out_proj iter=034 | J=0.078386 J_x=0.078386 J_w=0.094262 rel_change=3.266931e-04 | time=0.297s
13:35:32 | INFO | tag=block11.out_proj iter=035 | J=0.078081 J_x=0.078081 J_w=0.094041 rel_change=3.053546e-04 | time=0.286s
13:35:32 | INFO | tag=block11.out_proj iter=036 | J=0.077787 J_x=0.077787 J_w=0.093865 rel_change=2.941936e-04 | time=0.290s
13:35:32 | INFO | tag=block11.out_proj iter=037 | J=0.077509 J_x=0.077509 J_w=0.093922 rel_change=2.780557e-04 | time=0.278s
13:35:33 | INFO | tag=block11.out_proj iter=038 | J=0.077252 J_x=0.077252 J_w=0.093779 rel_change=2.570450e-04 | time=0.280s
13:35:33 | INFO | tag=block11.out_proj iter=039 | J=0.077012 J_x=0.077012 J_w=0.093564 rel_change=2.399683e-04 | time=0.284s
13:35:33 | INFO | tag=block11.out_proj iter=040 | J=0.076787 J_x=0.076787 J_w=0.093316 rel_change=2.245009e-04 | time=0.290s
13:35:33 | INFO | tag=block11.out_proj iter=041 | J=0.076574 J_x=0.076574 J_w=0.093198 rel_change=2.133921e-04 | time=0.278s
13:35:34 | INFO | tag=block11.out_proj iter=042 | J=0.076373 J_x=0.076373 J_w=0.093108 rel_change=2.012178e-04 | time=0.278s
13:35:34 | INFO | tag=block11.out_proj iter=043 | J=0.076177 J_x=0.076177 J_w=0.093049 rel_change=1.952127e-04 | time=0.281s
13:35:34 | INFO | tag=block11.out_proj iter=044 | J=0.075993 J_x=0.075993 J_w=0.092790 rel_change=1.841038e-04 | time=0.281s
13:35:35 | INFO | tag=block11.out_proj iter=045 | J=0.075815 J_x=0.075815 J_w=0.092810 rel_change=1.780838e-04 | time=0.290s
13:35:35 | INFO | tag=block11.out_proj iter=046 | J=0.075648 J_x=0.075648 J_w=0.092642 rel_change=1.670569e-04 | time=0.284s
13:35:35 | INFO | tag=block11.out_proj iter=047 | J=0.075490 J_x=0.075490 J_w=0.092586 rel_change=1.579374e-04 | time=0.282s
13:35:35 | INFO | tag=block11.out_proj iter=048 | J=0.075339 J_x=0.075339 J_w=0.092574 rel_change=1.508966e-04 | time=0.281s
13:35:36 | INFO | tag=block11.out_proj iter=049 | J=0.075198 J_x=0.075198 J_w=0.092472 rel_change=1.411140e-04 | time=0.283s
13:35:36 | INFO | tag=block11.out_proj iter=050 | J=0.075063 J_x=0.075063 J_w=0.092347 rel_change=1.350865e-04 | time=0.280s
13:35:36 | INFO | tag=block11.out_proj iter=051 | J=0.074932 J_x=0.074932 J_w=0.092259 rel_change=1.307502e-04 | time=0.287s
13:35:37 | INFO | tag=block11.out_proj iter=052 | J=0.074810 J_x=0.074810 J_w=0.092268 rel_change=1.224577e-04 | time=0.283s
13:35:37 | INFO | tag=block11.out_proj iter=053 | J=0.074687 J_x=0.074687 J_w=0.092204 rel_change=1.230016e-04 | time=0.296s
13:35:37 | INFO | tag=block11.out_proj iter=054 | J=0.074562 J_x=0.074562 J_w=0.092132 rel_change=1.251772e-04 | time=0.299s
13:35:37 | INFO | tag=block11.out_proj iter=055 | J=0.074433 J_x=0.074433 J_w=0.092245 rel_change=1.282990e-04 | time=0.290s
13:35:38 | INFO | tag=block11.out_proj iter=056 | J=0.074305 J_x=0.074305 J_w=0.092136 rel_change=1.279339e-04 | time=0.286s
13:35:38 | INFO | tag=block11.out_proj iter=057 | J=0.074183 J_x=0.074183 J_w=0.092078 rel_change=1.224354e-04 | time=0.277s
13:35:38 | INFO | tag=block11.out_proj iter=058 | J=0.074067 J_x=0.074067 J_w=0.092007 rel_change=1.157820e-04 | time=0.286s
13:35:39 | INFO | tag=block11.out_proj iter=059 | J=0.073954 J_x=0.073954 J_w=0.091977 rel_change=1.137033e-04 | time=0.293s
13:35:39 | INFO | tag=block11.out_proj iter=060 | J=0.073843 J_x=0.073843 J_w=0.091939 rel_change=1.100823e-04 | time=0.230s
13:35:39 | INFO | tag=block11.out_proj iter=061 | J=0.073739 J_x=0.073739 J_w=0.091839 rel_change=1.042113e-04 | time=0.162s
13:35:39 | INFO | tag=block11.out_proj iter=062 | J=0.073637 J_x=0.073637 J_w=0.091934 rel_change=1.025721e-04 | time=0.157s
13:35:39 | INFO | tag=block11.out_proj iter=063 | J=0.073540 J_x=0.073540 J_w=0.091866 rel_change=9.694695e-05 | time=0.185s
13:35:40 | INFO | tag=block11.out_proj iter=064 | J=0.073447 J_x=0.073447 J_w=0.091852 rel_change=9.220093e-05 | time=0.285s
13:35:40 | INFO | tag=block11.out_proj iter=065 | J=0.073361 J_x=0.073361 J_w=0.091792 rel_change=8.625537e-05 | time=0.293s
13:35:40 | INFO | tag=block11.out_proj iter=066 | J=0.073276 J_x=0.073276 J_w=0.091713 rel_change=8.559227e-05 | time=0.284s
13:35:40 | INFO | tag=block11.out_proj iter=067 | J=0.073189 J_x=0.073189 J_w=0.091772 rel_change=8.638203e-05 | time=0.289s
13:35:41 | INFO | tag=block11.out_proj iter=068 | J=0.073106 J_x=0.073106 J_w=0.091786 rel_change=8.366257e-05 | time=0.286s
13:35:41 | INFO | tag=block11.out_proj iter=069 | J=0.073025 J_x=0.073025 J_w=0.091837 rel_change=8.097291e-05 | time=0.294s
13:35:41 | INFO | tag=block11.out_proj iter=070 | J=0.072943 J_x=0.072943 J_w=0.091771 rel_change=8.112937e-05 | time=0.291s
13:35:42 | INFO | tag=block11.out_proj iter=071 | J=0.072866 J_x=0.072866 J_w=0.091921 rel_change=7.735193e-05 | time=0.294s
13:35:42 | INFO | tag=block11.out_proj iter=072 | J=0.072794 J_x=0.072794 J_w=0.091733 rel_change=7.166713e-05 | time=0.285s
13:35:42 | INFO | tag=block11.out_proj iter=073 | J=0.072725 J_x=0.072725 J_w=0.091707 rel_change=6.979704e-05 | time=0.292s
13:35:42 | INFO | tag=block11.out_proj iter=074 | J=0.072659 J_x=0.072659 J_w=0.091742 rel_change=6.577373e-05 | time=0.303s
13:35:43 | INFO | tag=block11.out_proj iter=075 | J=0.072598 J_x=0.072598 J_w=0.091685 rel_change=6.052107e-05 | time=0.310s
13:35:43 | INFO | tag=block11.out_proj iter=076 | J=0.072540 J_x=0.072540 J_w=0.091792 rel_change=5.858392e-05 | time=0.299s
13:35:43 | INFO | tag=block11.out_proj iter=077 | J=0.072480 J_x=0.072480 J_w=0.091854 rel_change=6.001443e-05 | time=0.296s
13:35:44 | INFO | tag=block11.out_proj iter=078 | J=0.072423 J_x=0.072423 J_w=0.091754 rel_change=5.686283e-05 | time=0.304s
13:35:44 | INFO | tag=block11.out_proj iter=079 | J=0.072368 J_x=0.072368 J_w=0.091686 rel_change=5.481392e-05 | time=0.298s
13:35:44 | INFO | tag=block11.out_proj iter=080 | J=0.072313 J_x=0.072313 J_w=0.091775 rel_change=5.555153e-05 | time=0.286s
13:35:44 | INFO | 量化器拟合完成 | tag=block11.out_proj convergence_iter=80 total_fit_time=21.387s
13:35:44 | INFO | 开始计算重建/近似误差 | layer=block11.out_proj error_mode=relative
13:35:44 | INFO | 误差计算完成 | layer=block11.out_proj err_x=0.055305 err_w=0.152336 rel_linear_error=0.247229 elapsed=0.192s
13:35:46 | INFO | 扩展量化模块构建完成。
13:35:46 | INFO | 开始 PPL 评测 | tag=ours_all_blocks_qkvo stride=512 max_eval_tokens=None
13:36:10 | INFO | PPL 评测完成 | tag=ours_all_blocks_qkvo ppl=25.142773 eval_tokens=286178 target_tokens=286178 windows=556 elapsed=23.843s
13:36:14 | INFO | ========== Sweep 单次实验结束 ==========
