14:16:47 | INFO | ========== Sweep 单次实验开始 ==========
14:16:47 | INFO | combo = {
  "target.block_indices": [
    11
  ],
  "quant.beta": 2.0,
  "quant_ext.init_mode": "pca",
  "quant_ext.error_mode": "relative"
}
14:16:47 | INFO | config = {
  "data": {
    "model_name": "facebook/opt-125m",
    "dataset_name": "wikitext",
    "dataset_config": "wikitext-2-raw-v1",
    "calib_split": "train",
    "eval_split": "test",
    "calib_num_tokens": 4096,
    "eval_num_tokens": null,
    "tokenizer_use_fast": true
  },
  "quant": {
    "beta": 2.0,
    "max_iters": 80,
    "tol": 1e-05,
    "convergence_check_every": 1,
    "codebook": [
      -2.0,
      -1.0,
      0.0,
      1.0,
      2.0
    ],
    "dtype": "float32",
    "eps": 1e-08,
    "log_every": 1,
    "init_mode": "pca",
    "error_mode": "relative",
    "track_u": true,
    "track_u_every": 1,
    "track_u_full_matrix": false,
    "random_init_orthogonal": true,
    "random_init_scale": 1.0
  },
  "eval": {
    "stride": 512,
    "device": "cuda"
  },
  "target": {
    "block_indices": [
      11
    ],
    "target_linear_names": [
      "q_proj",
      "k_proj",
      "v_proj",
      "out_proj"
    ]
  },
  "output_dir": "outputs_opt_qkvo_general_sweep_u_tracking\\t_block_indices_11-__q_beta_2__init_mode_pca__error_mode_relative",
  "seed": 42
}
14:16:47 | INFO | 加载模型与 tokenizer：facebook/opt-125m
14:17:57 | INFO | 模型加载完成 | hidden_size=768 vocab_size=50272 device=cuda elapsed=70.463s
14:17:57 | INFO | 加载数据集 split=train
14:18:24 | INFO | split=train 加载完成 | non-empty text blocks=23767 chars=10940522 elapsed=26.454s
14:18:24 | INFO | 加载数据集 split=test
14:18:57 | INFO | split=test 加载完成 | non-empty text blocks=2891 chars=1291402 elapsed=33.357s
14:18:57 | INFO | 开始 PPL 评测 | tag=baseline_fp stride=512 max_eval_tokens=None
14:19:22 | INFO | PPL 评测完成 | tag=baseline_fp ppl=23.500643 eval_tokens=286178 target_tokens=286178 windows=556 elapsed=25.343s
14:19:40 | INFO | 开始收集目标线性层输入 hidden states | requested_tokens=4096 layers=['block11.q_proj', 'block11.k_proj', 'block11.v_proj', 'block11.out_proj']
14:19:40 | INFO | 输入收集完成 | layer=block11.q_proj collected_tokens=4096 forward_chunks=2 elapsed=0.308s X_shape=[768, 4096]
14:19:40 | INFO | 输入收集完成 | layer=block11.k_proj collected_tokens=4096 forward_chunks=2 elapsed=0.308s X_shape=[768, 4096]
14:19:40 | INFO | 输入收集完成 | layer=block11.v_proj collected_tokens=4096 forward_chunks=2 elapsed=0.308s X_shape=[768, 4096]
14:19:40 | INFO | 输入收集完成 | layer=block11.out_proj collected_tokens=4096 forward_chunks=2 elapsed=0.308s X_shape=[768, 4096]
14:19:40 | INFO | 开始为所有目标 transformer blocks 的 Q/K/V/O 线性层构建 SQ-XW 对照组。
14:19:40 | INFO | 开始计算 SQ-XW 对照组误差 | layer=block11.q_proj
14:19:40 | INFO | SQ-XW 误差计算完成 | layer=block11.q_proj rel_recon_error_x=0.934975 rel_recon_error_w=0.137037 rel_linear_error=0.841778 elapsed=0.052s
14:19:40 | INFO | SQ-XW 对照组构建完成 | layer=block11.q_proj bits=3 x_scale=3.78571439 w_scale=0.07163783
14:19:40 | INFO | 开始计算 SQ-XW 对照组误差 | layer=block11.k_proj
14:19:40 | INFO | SQ-XW 误差计算完成 | layer=block11.k_proj rel_recon_error_x=0.934975 rel_recon_error_w=0.159061 rel_linear_error=0.758373 elapsed=0.029s
14:19:40 | INFO | SQ-XW 对照组构建完成 | layer=block11.k_proj bits=3 x_scale=3.78571439 w_scale=0.07533482
14:19:40 | INFO | 开始计算 SQ-XW 对照组误差 | layer=block11.v_proj
14:19:40 | INFO | SQ-XW 误差计算完成 | layer=block11.v_proj rel_recon_error_x=0.934975 rel_recon_error_w=0.440576 rel_linear_error=1.034687 elapsed=0.028s
14:19:40 | INFO | SQ-XW 对照组构建完成 | layer=block11.v_proj bits=3 x_scale=3.78571439 w_scale=0.07139369
14:19:40 | INFO | 开始计算 SQ-XW 对照组误差 | layer=block11.out_proj
14:19:40 | INFO | SQ-XW 误差计算完成 | layer=block11.out_proj rel_recon_error_x=0.192631 rel_recon_error_w=0.744155 rel_linear_error=0.829729 elapsed=0.033s
14:19:40 | INFO | SQ-XW 对照组构建完成 | layer=block11.out_proj bits=3 x_scale=0.22572544 w_scale=0.12772043
14:19:40 | INFO | 开始 PPL 评测 | tag=sq_all_blocks_qkvo stride=512 max_eval_tokens=None
14:20:02 | INFO | PPL 评测完成 | tag=sq_all_blocks_qkvo ppl=27.267649 eval_tokens=286178 target_tokens=286178 windows=556 elapsed=22.043s
14:20:02 | INFO | 开始为目标层构建扩展量化器。
14:20:02 | INFO | block11.q_proj.X_calib stats | shape=[768, 4096] dtype=torch.float16 device=cpu mean=-0.037015 std=0.557564 min=-26.500000 max=5.378906 fro=991.028625
14:20:02 | INFO | block11.q_proj.W stats | shape=[768, 768] dtype=torch.float32 device=cpu mean=-0.000252 std=0.055656 min=-0.487549 max=0.501465 fro=42.744507
14:20:02 | INFO | 开始拟合量化器 | tag=block11.q_proj d=768 N=4096 M=768 beta=2.0000 max_iters=80 tol=1.00e-05 init_mode=pca error_mode=relative
14:20:03 | INFO | tag=block11.q_proj iter=001 | J=2.172893 J_x=0.191200 J_w=0.990846 rel_change=inf | time=0.283s
14:20:03 | INFO | tag=block11.q_proj iter=002 | J=0.722916 J_x=0.133750 J_w=0.294583 rel_change=6.673024e-01 | time=0.298s
14:20:03 | INFO | tag=block11.q_proj iter=003 | J=0.334387 J_x=0.099821 J_w=0.117283 rel_change=3.885290e-01 | time=0.305s
14:20:04 | INFO | tag=block11.q_proj iter=004 | J=0.228077 J_x=0.084578 J_w=0.071750 rel_change=1.063098e-01 | time=0.299s
14:20:04 | INFO | tag=block11.q_proj iter=005 | J=0.188800 J_x=0.076484 J_w=0.056158 rel_change=3.927708e-02 | time=0.307s
14:20:04 | INFO | tag=block11.q_proj iter=006 | J=0.169768 J_x=0.071602 J_w=0.049083 rel_change=1.903190e-02 | time=0.297s
14:20:04 | INFO | tag=block11.q_proj iter=007 | J=0.158826 J_x=0.068388 J_w=0.045219 rel_change=1.094227e-02 | time=0.304s
14:20:05 | INFO | tag=block11.q_proj iter=008 | J=0.151634 J_x=0.066126 J_w=0.042754 rel_change=7.191896e-03 | time=0.297s
14:20:05 | INFO | tag=block11.q_proj iter=009 | J=0.146553 J_x=0.064422 J_w=0.041066 rel_change=5.081356e-03 | time=0.315s
14:20:05 | INFO | tag=block11.q_proj iter=010 | J=0.142721 J_x=0.063100 J_w=0.039810 rel_change=3.831819e-03 | time=0.305s
14:20:06 | INFO | tag=block11.q_proj iter=011 | J=0.139694 J_x=0.062036 J_w=0.038829 rel_change=3.026590e-03 | time=0.295s
14:20:06 | INFO | tag=block11.q_proj iter=012 | J=0.137292 J_x=0.061163 J_w=0.038064 rel_change=2.402961e-03 | time=0.303s
14:20:06 | INFO | tag=block11.q_proj iter=013 | J=0.135305 J_x=0.060424 J_w=0.037441 rel_change=1.986280e-03 | time=0.304s
14:20:07 | INFO | tag=block11.q_proj iter=014 | J=0.133639 J_x=0.059781 J_w=0.036929 rel_change=1.665890e-03 | time=0.309s
14:20:07 | INFO | tag=block11.q_proj iter=015 | J=0.132173 J_x=0.059219 J_w=0.036477 rel_change=1.466706e-03 | time=0.313s
14:20:07 | INFO | tag=block11.q_proj iter=016 | J=0.130897 J_x=0.058722 J_w=0.036087 rel_change=1.276106e-03 | time=0.304s
14:20:08 | INFO | tag=block11.q_proj iter=017 | J=0.129783 J_x=0.058285 J_w=0.035749 rel_change=1.113683e-03 | time=0.310s
14:20:08 | INFO | tag=block11.q_proj iter=018 | J=0.128776 J_x=0.057890 J_w=0.035443 rel_change=1.007006e-03 | time=0.302s
14:20:08 | INFO | tag=block11.q_proj iter=019 | J=0.127866 J_x=0.057534 J_w=0.035166 rel_change=9.099394e-04 | time=0.306s
14:20:08 | INFO | tag=block11.q_proj iter=020 | J=0.127073 J_x=0.057208 J_w=0.034933 rel_change=7.925034e-04 | time=0.308s
14:20:09 | INFO | tag=block11.q_proj iter=021 | J=0.126346 J_x=0.056912 J_w=0.034717 rel_change=7.269382e-04 | time=0.320s
14:20:09 | INFO | tag=block11.q_proj iter=022 | J=0.125689 J_x=0.056639 J_w=0.034525 rel_change=6.576180e-04 | time=0.313s
14:20:09 | INFO | tag=block11.q_proj iter=023 | J=0.125099 J_x=0.056387 J_w=0.034356 rel_change=5.893856e-04 | time=0.304s
14:20:10 | INFO | tag=block11.q_proj iter=024 | J=0.124550 J_x=0.056159 J_w=0.034195 rel_change=5.495101e-04 | time=0.310s
14:20:10 | INFO | tag=block11.q_proj iter=025 | J=0.124061 J_x=0.055944 J_w=0.034059 rel_change=4.889816e-04 | time=0.308s
14:20:10 | INFO | tag=block11.q_proj iter=026 | J=0.123578 J_x=0.055748 J_w=0.033915 rel_change=4.825071e-04 | time=0.300s
14:20:11 | INFO | tag=block11.q_proj iter=027 | J=0.123138 J_x=0.055567 J_w=0.033786 rel_change=4.401132e-04 | time=0.297s
14:20:11 | INFO | tag=block11.q_proj iter=028 | J=0.122736 J_x=0.055397 J_w=0.033670 rel_change=4.020780e-04 | time=0.303s
14:20:11 | INFO | tag=block11.q_proj iter=029 | J=0.122353 J_x=0.055242 J_w=0.033555 rel_change=3.834516e-04 | time=0.307s
14:20:12 | INFO | tag=block11.q_proj iter=030 | J=0.121988 J_x=0.055100 J_w=0.033444 rel_change=3.646091e-04 | time=0.303s
14:20:12 | INFO | tag=block11.q_proj iter=031 | J=0.121664 J_x=0.054965 J_w=0.033350 rel_change=3.238767e-04 | time=0.292s
14:20:12 | INFO | tag=block11.q_proj iter=032 | J=0.121362 J_x=0.054836 J_w=0.033263 rel_change=3.025606e-04 | time=0.309s
14:20:12 | INFO | tag=block11.q_proj iter=033 | J=0.121077 J_x=0.054712 J_w=0.033182 rel_change=2.850369e-04 | time=0.297s
14:20:13 | INFO | tag=block11.q_proj iter=034 | J=0.120792 J_x=0.054597 J_w=0.033098 rel_change=2.843738e-04 | time=0.296s
14:20:13 | INFO | tag=block11.q_proj iter=035 | J=0.120527 J_x=0.054486 J_w=0.033021 rel_change=2.653003e-04 | time=0.302s
14:20:13 | INFO | tag=block11.q_proj iter=036 | J=0.120281 J_x=0.054382 J_w=0.032950 rel_change=2.458841e-04 | time=0.301s
14:20:14 | INFO | tag=block11.q_proj iter=037 | J=0.120040 J_x=0.054284 J_w=0.032878 rel_change=2.408922e-04 | time=0.299s
14:20:14 | INFO | tag=block11.q_proj iter=038 | J=0.119815 J_x=0.054188 J_w=0.032814 rel_change=2.251789e-04 | time=0.297s
14:20:14 | INFO | tag=block11.q_proj iter=039 | J=0.119594 J_x=0.054097 J_w=0.032748 rel_change=2.208054e-04 | time=0.296s
14:20:15 | INFO | tag=block11.q_proj iter=040 | J=0.119394 J_x=0.054010 J_w=0.032692 rel_change=2.000630e-04 | time=0.291s
14:20:15 | INFO | tag=block11.q_proj iter=041 | J=0.119196 J_x=0.053926 J_w=0.032635 rel_change=1.979023e-04 | time=0.320s
14:20:15 | INFO | tag=block11.q_proj iter=042 | J=0.119013 J_x=0.053847 J_w=0.032583 rel_change=1.837909e-04 | time=0.308s
14:20:15 | INFO | tag=block11.q_proj iter=043 | J=0.118832 J_x=0.053771 J_w=0.032531 rel_change=1.802146e-04 | time=0.309s
14:20:16 | INFO | tag=block11.q_proj iter=044 | J=0.118665 J_x=0.053699 J_w=0.032483 rel_change=1.676232e-04 | time=0.309s
14:20:16 | INFO | tag=block11.q_proj iter=045 | J=0.118501 J_x=0.053627 J_w=0.032437 rel_change=1.639575e-04 | time=0.296s
14:20:16 | INFO | tag=block11.q_proj iter=046 | J=0.118341 J_x=0.053560 J_w=0.032390 rel_change=1.599640e-04 | time=0.293s
14:20:17 | INFO | tag=block11.q_proj iter=047 | J=0.118194 J_x=0.053499 J_w=0.032348 rel_change=1.467466e-04 | time=0.304s
14:20:17 | INFO | tag=block11.q_proj iter=048 | J=0.118056 J_x=0.053439 J_w=0.032309 rel_change=1.375526e-04 | time=0.298s
14:20:17 | INFO | tag=block11.q_proj iter=049 | J=0.117919 J_x=0.053381 J_w=0.032269 rel_change=1.375973e-04 | time=0.287s
14:20:18 | INFO | tag=block11.q_proj iter=050 | J=0.117785 J_x=0.053326 J_w=0.032229 rel_change=1.339689e-04 | time=0.299s
14:20:18 | INFO | tag=block11.q_proj iter=051 | J=0.117656 J_x=0.053274 J_w=0.032191 rel_change=1.292452e-04 | time=0.296s
14:20:18 | INFO | tag=block11.q_proj iter=052 | J=0.117538 J_x=0.053222 J_w=0.032158 rel_change=1.172945e-04 | time=0.302s
14:20:18 | INFO | tag=block11.q_proj iter=053 | J=0.117427 J_x=0.053172 J_w=0.032127 rel_change=1.118556e-04 | time=0.298s
14:20:19 | INFO | tag=block11.q_proj iter=054 | J=0.117323 J_x=0.053125 J_w=0.032099 rel_change=1.036078e-04 | time=0.303s
14:20:19 | INFO | tag=block11.q_proj iter=055 | J=0.117216 J_x=0.053081 J_w=0.032068 rel_change=1.067966e-04 | time=0.303s
14:20:19 | INFO | tag=block11.q_proj iter=056 | J=0.117118 J_x=0.053037 J_w=0.032041 rel_change=9.764731e-05 | time=0.300s
14:20:20 | INFO | tag=block11.q_proj iter=057 | J=0.117020 J_x=0.052995 J_w=0.032013 rel_change=9.843707e-05 | time=0.307s
14:20:20 | INFO | tag=block11.q_proj iter=058 | J=0.116923 J_x=0.052953 J_w=0.031985 rel_change=9.694695e-05 | time=0.298s
14:20:20 | INFO | tag=block11.q_proj iter=059 | J=0.116838 J_x=0.052914 J_w=0.031962 rel_change=8.480996e-05 | time=0.303s
14:20:21 | INFO | tag=block11.q_proj iter=060 | J=0.116756 J_x=0.052877 J_w=0.031939 rel_change=8.267909e-05 | time=0.306s
14:20:21 | INFO | tag=block11.q_proj iter=061 | J=0.116670 J_x=0.052840 J_w=0.031915 rel_change=8.521229e-05 | time=0.315s
14:20:21 | INFO | tag=block11.q_proj iter=062 | J=0.116587 J_x=0.052807 J_w=0.031890 rel_change=8.349866e-05 | time=0.305s
14:20:21 | INFO | tag=block11.q_proj iter=063 | J=0.116508 J_x=0.052773 J_w=0.031868 rel_change=7.874519e-05 | time=0.297s
14:20:22 | INFO | tag=block11.q_proj iter=064 | J=0.116431 J_x=0.052741 J_w=0.031845 rel_change=7.726997e-05 | time=0.297s
14:20:22 | INFO | tag=block11.q_proj iter=065 | J=0.116359 J_x=0.052710 J_w=0.031824 rel_change=7.203221e-05 | time=0.309s
14:20:22 | INFO | tag=block11.q_proj iter=066 | J=0.116298 J_x=0.052681 J_w=0.031808 rel_change=6.081164e-05 | time=0.292s
14:20:23 | INFO | tag=block11.q_proj iter=067 | J=0.116229 J_x=0.052654 J_w=0.031787 rel_change=6.912649e-05 | time=0.301s
14:20:23 | INFO | tag=block11.q_proj iter=068 | J=0.116157 J_x=0.052626 J_w=0.031766 rel_change=7.194281e-05 | time=0.300s
14:20:23 | INFO | tag=block11.q_proj iter=069 | J=0.116094 J_x=0.052598 J_w=0.031748 rel_change=6.288290e-05 | time=0.303s
14:20:24 | INFO | tag=block11.q_proj iter=070 | J=0.116030 J_x=0.052571 J_w=0.031730 rel_change=6.368011e-05 | time=0.298s
14:20:24 | INFO | tag=block11.q_proj iter=071 | J=0.115965 J_x=0.052545 J_w=0.031710 rel_change=6.499141e-05 | time=0.292s
14:20:24 | INFO | tag=block11.q_proj iter=072 | J=0.115902 J_x=0.052520 J_w=0.031691 rel_change=6.328523e-05 | time=0.292s
14:20:24 | INFO | tag=block11.q_proj iter=073 | J=0.115835 J_x=0.052496 J_w=0.031669 rel_change=6.717443e-05 | time=0.300s
14:20:25 | INFO | tag=block11.q_proj iter=074 | J=0.115772 J_x=0.052472 J_w=0.031650 rel_change=6.251782e-05 | time=0.296s
14:20:25 | INFO | tag=block11.q_proj iter=075 | J=0.115720 J_x=0.052446 J_w=0.031637 rel_change=5.281717e-05 | time=0.291s
14:20:25 | INFO | tag=block11.q_proj iter=076 | J=0.115665 J_x=0.052422 J_w=0.031622 rel_change=5.479157e-05 | time=0.305s
14:20:26 | INFO | tag=block11.q_proj iter=077 | J=0.115616 J_x=0.052398 J_w=0.031609 rel_change=4.880130e-05 | time=0.311s
14:20:26 | INFO | tag=block11.q_proj iter=078 | J=0.115564 J_x=0.052376 J_w=0.031594 rel_change=5.190820e-05 | time=0.299s
14:20:26 | INFO | tag=block11.q_proj iter=079 | J=0.115518 J_x=0.052354 J_w=0.031582 rel_change=4.642457e-05 | time=0.303s
14:20:27 | INFO | tag=block11.q_proj iter=080 | J=0.115474 J_x=0.052334 J_w=0.031570 rel_change=4.374981e-05 | time=0.300s
14:20:27 | INFO | 量化器拟合完成 | tag=block11.q_proj convergence_iter=80 total_fit_time=24.262s
14:20:27 | INFO | 开始计算重建/近似误差 | layer=block11.q_proj error_mode=relative
14:20:27 | INFO | 误差计算完成 | layer=block11.q_proj err_x=0.052386 err_w=0.031624 rel_linear_error=0.093579 elapsed=0.192s
14:20:29 | INFO | block11.k_proj.X_calib stats | shape=[768, 4096] dtype=torch.float16 device=cpu mean=-0.037015 std=0.557564 min=-26.500000 max=5.378906 fro=991.028625
14:20:29 | INFO | block11.k_proj.W stats | shape=[768, 768] dtype=torch.float32 device=cpu mean=0.000053 std=0.054432 min=-0.527344 max=0.527344 fro=41.803741
14:20:29 | INFO | 开始拟合量化器 | tag=block11.k_proj d=768 N=4096 M=768 beta=2.0000 max_iters=80 tol=1.00e-05 init_mode=pca error_mode=relative
14:20:30 | INFO | tag=block11.k_proj iter=001 | J=2.189545 J_x=0.191051 J_w=0.999247 rel_change=inf | time=0.301s
14:20:30 | INFO | tag=block11.k_proj iter=002 | J=0.744852 J_x=0.133908 J_w=0.305472 rel_change=6.598141e-01 | time=0.306s
14:20:30 | INFO | tag=block11.k_proj iter=003 | J=0.341303 J_x=0.099950 J_w=0.120676 rel_change=4.035491e-01 | time=0.302s
14:20:30 | INFO | tag=block11.k_proj iter=004 | J=0.231140 J_x=0.084648 J_w=0.073246 rel_change=1.101631e-01 | time=0.295s
14:20:31 | INFO | tag=block11.k_proj iter=005 | J=0.190718 J_x=0.076595 J_w=0.057062 rel_change=4.042242e-02 | time=0.309s
14:20:31 | INFO | tag=block11.k_proj iter=006 | J=0.171099 J_x=0.071740 J_w=0.049680 rel_change=1.961853e-02 | time=0.313s
14:20:31 | INFO | tag=block11.k_proj iter=007 | J=0.159611 J_x=0.068541 J_w=0.045535 rel_change=1.148780e-02 | time=0.307s
14:20:32 | INFO | tag=block11.k_proj iter=008 | J=0.152025 J_x=0.066287 J_w=0.042869 rel_change=7.586375e-03 | time=0.301s
14:20:32 | INFO | tag=block11.k_proj iter=009 | J=0.146705 J_x=0.064601 J_w=0.041052 rel_change=5.319789e-03 | time=0.300s
14:20:32 | INFO | tag=block11.k_proj iter=010 | J=0.142723 J_x=0.063268 J_w=0.039728 rel_change=3.982544e-03 | time=0.303s
14:20:33 | INFO | tag=block11.k_proj iter=011 | J=0.139616 J_x=0.062187 J_w=0.038714 rel_change=3.107250e-03 | time=0.302s
14:20:33 | INFO | tag=block11.k_proj iter=012 | J=0.137120 J_x=0.061299 J_w=0.037911 rel_change=2.495617e-03 | time=0.299s
14:20:33 | INFO | tag=block11.k_proj iter=013 | J=0.135056 J_x=0.060547 J_w=0.037255 rel_change=2.063453e-03 | time=0.298s
14:20:34 | INFO | tag=block11.k_proj iter=014 | J=0.133316 J_x=0.059899 J_w=0.036708 rel_change=1.740456e-03 | time=0.308s
14:20:34 | INFO | tag=block11.k_proj iter=015 | J=0.131817 J_x=0.059333 J_w=0.036242 rel_change=1.498535e-03 | time=0.307s
14:20:34 | INFO | tag=block11.k_proj iter=016 | J=0.130520 J_x=0.058829 J_w=0.035846 rel_change=1.297370e-03 | time=0.303s
14:20:34 | INFO | tag=block11.k_proj iter=017 | J=0.129375 J_x=0.058392 J_w=0.035492 rel_change=1.145303e-03 | time=0.296s
14:20:35 | INFO | tag=block11.k_proj iter=018 | J=0.128363 J_x=0.057990 J_w=0.035186 rel_change=1.012146e-03 | time=0.314s
14:20:35 | INFO | tag=block11.k_proj iter=019 | J=0.127427 J_x=0.057627 J_w=0.034900 rel_change=9.358674e-04 | time=0.299s
14:20:35 | INFO | tag=block11.k_proj iter=020 | J=0.126591 J_x=0.057294 J_w=0.034648 rel_change=8.356571e-04 | time=0.295s
14:20:36 | INFO | tag=block11.k_proj iter=021 | J=0.125831 J_x=0.056995 J_w=0.034418 rel_change=7.600039e-04 | time=0.301s
14:20:36 | INFO | tag=block11.k_proj iter=022 | J=0.125162 J_x=0.056717 J_w=0.034222 rel_change=6.693006e-04 | time=0.296s
14:20:36 | INFO | tag=block11.k_proj iter=023 | J=0.124522 J_x=0.056459 J_w=0.034031 rel_change=6.402284e-04 | time=0.303s
14:20:37 | INFO | tag=block11.k_proj iter=024 | J=0.123945 J_x=0.056226 J_w=0.033860 rel_change=5.769879e-04 | time=0.303s
14:20:37 | INFO | tag=block11.k_proj iter=025 | J=0.123394 J_x=0.056011 J_w=0.033691 rel_change=5.510524e-04 | time=0.298s
14:20:37 | INFO | tag=block11.k_proj iter=026 | J=0.122899 J_x=0.055808 J_w=0.033545 rel_change=4.948899e-04 | time=0.303s
14:20:37 | INFO | tag=block11.k_proj iter=027 | J=0.122424 J_x=0.055619 J_w=0.033403 rel_change=4.742444e-04 | time=0.303s
14:20:38 | INFO | tag=block11.k_proj iter=028 | J=0.121997 J_x=0.055442 J_w=0.033277 rel_change=4.277974e-04 | time=0.302s
14:20:38 | INFO | tag=block11.k_proj iter=029 | J=0.121591 J_x=0.055278 J_w=0.033156 rel_change=4.057288e-04 | time=0.301s
14:20:38 | INFO | tag=block11.k_proj iter=030 | J=0.121218 J_x=0.055122 J_w=0.033048 rel_change=3.726855e-04 | time=0.294s
14:20:39 | INFO | tag=block11.k_proj iter=031 | J=0.120856 J_x=0.054970 J_w=0.032943 rel_change=3.621206e-04 | time=0.311s
14:20:39 | INFO | tag=block11.k_proj iter=032 | J=0.120524 J_x=0.054830 J_w=0.032847 rel_change=3.324598e-04 | time=0.303s
14:20:39 | INFO | tag=block11.k_proj iter=033 | J=0.120210 J_x=0.054695 J_w=0.032758 rel_change=3.132224e-04 | time=0.306s
14:20:40 | INFO | tag=block11.k_proj iter=034 | J=0.119917 J_x=0.054570 J_w=0.032674 rel_change=2.930462e-04 | time=0.296s
14:20:40 | INFO | tag=block11.k_proj iter=035 | J=0.119637 J_x=0.054448 J_w=0.032594 rel_change=2.802610e-04 | time=0.306s
14:20:40 | INFO | tag=block11.k_proj iter=036 | J=0.119368 J_x=0.054335 J_w=0.032517 rel_change=2.687275e-04 | time=0.294s
14:20:40 | INFO | tag=block11.k_proj iter=037 | J=0.119123 J_x=0.054228 J_w=0.032448 rel_change=2.451986e-04 | time=0.303s
14:20:41 | INFO | tag=block11.k_proj iter=038 | J=0.118898 J_x=0.054126 J_w=0.032386 rel_change=2.253503e-04 | time=0.297s
14:20:41 | INFO | tag=block11.k_proj iter=039 | J=0.118670 J_x=0.054031 J_w=0.032320 rel_change=2.273768e-04 | time=0.300s
14:20:41 | INFO | tag=block11.k_proj iter=040 | J=0.118450 J_x=0.053941 J_w=0.032255 rel_change=2.206936e-04 | time=0.309s
14:20:42 | INFO | tag=block11.k_proj iter=041 | J=0.118251 J_x=0.053855 J_w=0.032198 rel_change=1.982823e-04 | time=0.305s
14:20:42 | INFO | tag=block11.k_proj iter=042 | J=0.118073 J_x=0.053770 J_w=0.032151 rel_change=1.782700e-04 | time=0.301s
14:20:42 | INFO | tag=block11.k_proj iter=043 | J=0.117899 J_x=0.053690 J_w=0.032105 rel_change=1.741573e-04 | time=0.304s
14:20:43 | INFO | tag=block11.k_proj iter=044 | J=0.117725 J_x=0.053614 J_w=0.032056 rel_change=1.742318e-04 | time=0.306s
14:20:43 | INFO | tag=block11.k_proj iter=045 | J=0.117548 J_x=0.053542 J_w=0.032003 rel_change=1.768097e-04 | time=0.295s
14:20:43 | INFO | tag=block11.k_proj iter=046 | J=0.117391 J_x=0.053471 J_w=0.031960 rel_change=1.569763e-04 | time=0.302s
14:20:44 | INFO | tag=block11.k_proj iter=047 | J=0.117237 J_x=0.053406 J_w=0.031915 rel_change=1.537278e-04 | time=0.325s
14:20:44 | INFO | tag=block11.k_proj iter=048 | J=0.117087 J_x=0.053346 J_w=0.031871 rel_change=1.503453e-04 | time=0.308s
14:20:44 | INFO | tag=block11.k_proj iter=049 | J=0.116949 J_x=0.053287 J_w=0.031831 rel_change=1.377314e-04 | time=0.315s
14:20:44 | INFO | tag=block11.k_proj iter=050 | J=0.116821 J_x=0.053230 J_w=0.031795 rel_change=1.283661e-04 | time=0.305s
14:20:45 | INFO | tag=block11.k_proj iter=051 | J=0.116700 J_x=0.053176 J_w=0.031762 rel_change=1.213253e-04 | time=0.309s
14:20:45 | INFO | tag=block11.k_proj iter=052 | J=0.116573 J_x=0.053123 J_w=0.031725 rel_change=1.268834e-04 | time=0.310s
14:20:45 | INFO | tag=block11.k_proj iter=053 | J=0.116451 J_x=0.053071 J_w=0.031690 rel_change=1.217425e-04 | time=0.309s
14:20:46 | INFO | tag=block11.k_proj iter=054 | J=0.116323 J_x=0.053021 J_w=0.031651 rel_change=1.280904e-04 | time=0.312s
14:20:46 | INFO | tag=block11.k_proj iter=055 | J=0.116206 J_x=0.052971 J_w=0.031617 rel_change=1.172423e-04 | time=0.308s
14:20:46 | INFO | tag=block11.k_proj iter=056 | J=0.116095 J_x=0.052923 J_w=0.031586 rel_change=1.106188e-04 | time=0.315s
14:20:47 | INFO | tag=block11.k_proj iter=057 | J=0.115996 J_x=0.052877 J_w=0.031559 rel_change=9.926409e-05 | time=0.312s
14:20:47 | INFO | tag=block11.k_proj iter=058 | J=0.115893 J_x=0.052834 J_w=0.031529 rel_change=1.030117e-04 | time=0.325s
14:20:47 | INFO | tag=block11.k_proj iter=059 | J=0.115801 J_x=0.052792 J_w=0.031504 rel_change=9.204447e-05 | time=0.297s
14:20:48 | INFO | tag=block11.k_proj iter=060 | J=0.115706 J_x=0.052749 J_w=0.031479 rel_change=9.424239e-05 | time=0.305s
14:20:48 | INFO | tag=block11.k_proj iter=061 | J=0.115611 J_x=0.052710 J_w=0.031451 rel_change=9.488314e-05 | time=0.304s
14:20:48 | INFO | tag=block11.k_proj iter=062 | J=0.115522 J_x=0.052672 J_w=0.031425 rel_change=8.965284e-05 | time=0.297s
14:20:48 | INFO | tag=block11.k_proj iter=063 | J=0.115429 J_x=0.052635 J_w=0.031397 rel_change=9.293109e-05 | time=0.297s
14:20:49 | INFO | tag=block11.k_proj iter=064 | J=0.115341 J_x=0.052599 J_w=0.031371 rel_change=8.778274e-05 | time=0.290s
14:20:49 | INFO | tag=block11.k_proj iter=065 | J=0.115259 J_x=0.052565 J_w=0.031347 rel_change=8.205324e-05 | time=0.293s
14:20:49 | INFO | tag=block11.k_proj iter=066 | J=0.115182 J_x=0.052532 J_w=0.031325 rel_change=7.743388e-05 | time=0.292s
14:20:50 | INFO | tag=block11.k_proj iter=067 | J=0.115108 J_x=0.052500 J_w=0.031304 rel_change=7.314980e-05 | time=0.288s
14:20:50 | INFO | tag=block11.k_proj iter=068 | J=0.115044 J_x=0.052468 J_w=0.031288 rel_change=6.413460e-05 | time=0.301s
14:20:50 | INFO | tag=block11.k_proj iter=069 | J=0.114978 J_x=0.052437 J_w=0.031270 rel_change=6.619096e-05 | time=0.291s
14:20:50 | INFO | tag=block11.k_proj iter=070 | J=0.114909 J_x=0.052408 J_w=0.031250 rel_change=6.949902e-05 | time=0.292s
14:20:51 | INFO | tag=block11.k_proj iter=071 | J=0.114849 J_x=0.052379 J_w=0.031235 rel_change=5.944073e-05 | time=0.300s
14:20:51 | INFO | tag=block11.k_proj iter=072 | J=0.114783 J_x=0.052350 J_w=0.031216 rel_change=6.623566e-05 | time=0.298s
14:20:51 | INFO | tag=block11.k_proj iter=073 | J=0.114728 J_x=0.052323 J_w=0.031203 rel_change=5.472451e-05 | time=0.297s
14:20:52 | INFO | tag=block11.k_proj iter=074 | J=0.114664 J_x=0.052297 J_w=0.031183 rel_change=6.467849e-05 | time=0.296s
14:20:52 | INFO | tag=block11.k_proj iter=075 | J=0.114601 J_x=0.052272 J_w=0.031165 rel_change=6.224215e-05 | time=0.290s
14:20:52 | INFO | tag=block11.k_proj iter=076 | J=0.114546 J_x=0.052249 J_w=0.031149 rel_change=5.564094e-05 | time=0.298s
14:20:53 | INFO | tag=block11.k_proj iter=077 | J=0.114492 J_x=0.052226 J_w=0.031133 rel_change=5.339831e-05 | time=0.286s
14:20:53 | INFO | tag=block11.k_proj iter=078 | J=0.114443 J_x=0.052203 J_w=0.031120 rel_change=4.906952e-05 | time=0.288s
14:20:53 | INFO | tag=block11.k_proj iter=079 | J=0.114388 J_x=0.052181 J_w=0.031103 rel_change=5.512685e-05 | time=0.292s
14:20:53 | INFO | tag=block11.k_proj iter=080 | J=0.114335 J_x=0.052160 J_w=0.031088 rel_change=5.280972e-05 | time=0.285s
14:20:53 | INFO | 量化器拟合完成 | tag=block11.k_proj convergence_iter=80 total_fit_time=24.238s
14:20:53 | INFO | 开始计算重建/近似误差 | layer=block11.k_proj error_mode=relative
14:20:54 | INFO | 误差计算完成 | layer=block11.k_proj err_x=0.052201 err_w=0.031187 rel_linear_error=0.092504 elapsed=0.189s
14:20:56 | INFO | block11.v_proj.X_calib stats | shape=[768, 4096] dtype=torch.float16 device=cpu mean=-0.037015 std=0.557564 min=-26.500000 max=5.378906 fro=991.028625
14:20:56 | INFO | block11.v_proj.W stats | shape=[768, 768] dtype=torch.float32 device=cpu mean=0.000046 std=0.029483 min=-0.499756 max=0.195679 fro=22.642700
14:20:56 | INFO | 开始拟合量化器 | tag=block11.v_proj d=768 N=4096 M=768 beta=2.0000 max_iters=80 tol=1.00e-05 init_mode=pca error_mode=relative
14:20:56 | INFO | tag=block11.v_proj iter=001 | J=2.189436 J_x=0.191110 J_w=0.999163 rel_change=inf | time=0.288s
14:20:57 | INFO | tag=block11.v_proj iter=002 | J=0.714356 J_x=0.135826 J_w=0.289265 rel_change=6.737258e-01 | time=0.290s
14:20:57 | INFO | tag=block11.v_proj iter=003 | J=0.342187 J_x=0.100232 J_w=0.120977 rel_change=3.721696e-01 | time=0.293s
14:20:57 | INFO | tag=block11.v_proj iter=004 | J=0.231108 J_x=0.084767 J_w=0.073171 rel_change=1.110787e-01 | time=0.298s
14:20:57 | INFO | tag=block11.v_proj iter=005 | J=0.189380 J_x=0.076608 J_w=0.056386 rel_change=4.172838e-02 | time=0.286s
14:20:58 | INFO | tag=block11.v_proj iter=006 | J=0.169403 J_x=0.071694 J_w=0.048855 rel_change=1.997629e-02 | time=0.282s
14:20:58 | INFO | tag=block11.v_proj iter=007 | J=0.157957 J_x=0.068491 J_w=0.044733 rel_change=1.144645e-02 | time=0.292s
14:20:58 | INFO | tag=block11.v_proj iter=008 | J=0.150591 J_x=0.066268 J_w=0.042161 rel_change=7.366359e-03 | time=0.298s
14:20:59 | INFO | tag=block11.v_proj iter=009 | J=0.145371 J_x=0.064624 J_w=0.040374 rel_change=5.219400e-03 | time=0.290s
14:20:59 | INFO | tag=block11.v_proj iter=010 | J=0.141521 J_x=0.063329 J_w=0.039096 rel_change=3.850490e-03 | time=0.289s
14:20:59 | INFO | tag=block11.v_proj iter=011 | J=0.138561 J_x=0.062278 J_w=0.038141 rel_change=2.959833e-03 | time=0.299s
14:21:00 | INFO | tag=block11.v_proj iter=012 | J=0.136194 J_x=0.061416 J_w=0.037389 rel_change=2.366737e-03 | time=0.297s
14:21:00 | INFO | tag=block11.v_proj iter=013 | J=0.134227 J_x=0.060692 J_w=0.036767 rel_change=1.967654e-03 | time=0.293s
14:21:00 | INFO | tag=block11.v_proj iter=014 | J=0.132581 J_x=0.060073 J_w=0.036254 rel_change=1.645371e-03 | time=0.286s
14:21:00 | INFO | tag=block11.v_proj iter=015 | J=0.131186 J_x=0.059530 J_w=0.035828 rel_change=1.395151e-03 | time=0.286s
14:21:01 | INFO | tag=block11.v_proj iter=016 | J=0.129946 J_x=0.059050 J_w=0.035448 rel_change=1.239836e-03 | time=0.294s
14:21:01 | INFO | tag=block11.v_proj iter=017 | J=0.128866 J_x=0.058620 J_w=0.035123 rel_change=1.080617e-03 | time=0.294s
14:21:01 | INFO | tag=block11.v_proj iter=018 | J=0.127888 J_x=0.058235 J_w=0.034827 rel_change=9.771585e-04 | time=0.294s
14:21:02 | INFO | tag=block11.v_proj iter=019 | J=0.127033 J_x=0.057884 J_w=0.034575 rel_change=8.553416e-04 | time=0.290s
14:21:02 | INFO | tag=block11.v_proj iter=020 | J=0.126284 J_x=0.057560 J_w=0.034362 rel_change=7.491410e-04 | time=0.292s
14:21:02 | INFO | tag=block11.v_proj iter=021 | J=0.125575 J_x=0.057266 J_w=0.034155 rel_change=7.092655e-04 | time=0.281s
14:21:02 | INFO | tag=block11.v_proj iter=022 | J=0.124929 J_x=0.056995 J_w=0.033967 rel_change=6.455034e-04 | time=0.295s
14:21:03 | INFO | tag=block11.v_proj iter=023 | J=0.124353 J_x=0.056742 J_w=0.033806 rel_change=5.757660e-04 | time=0.285s
14:21:03 | INFO | tag=block11.v_proj iter=024 | J=0.123812 J_x=0.056509 J_w=0.033651 rel_change=5.411506e-04 | time=0.294s
14:21:03 | INFO | tag=block11.v_proj iter=025 | J=0.123310 J_x=0.056296 J_w=0.033507 rel_change=5.024672e-04 | time=0.293s
14:21:04 | INFO | tag=block11.v_proj iter=026 | J=0.122835 J_x=0.056094 J_w=0.033370 rel_change=4.748106e-04 | time=0.286s
14:21:04 | INFO | tag=block11.v_proj iter=027 | J=0.122395 J_x=0.055906 J_w=0.033245 rel_change=4.396662e-04 | time=0.301s
14:21:04 | INFO | tag=block11.v_proj iter=028 | J=0.122005 J_x=0.055727 J_w=0.033139 rel_change=3.906861e-04 | time=0.291s
14:21:05 | INFO | tag=block11.v_proj iter=029 | J=0.121626 J_x=0.055560 J_w=0.033033 rel_change=3.788024e-04 | time=0.296s
14:21:05 | INFO | tag=block11.v_proj iter=030 | J=0.121278 J_x=0.055407 J_w=0.032936 rel_change=3.479570e-04 | time=0.295s
14:21:05 | INFO | tag=block11.v_proj iter=031 | J=0.120928 J_x=0.055263 J_w=0.032833 rel_change=3.497303e-04 | time=0.300s
14:21:05 | INFO | tag=block11.v_proj iter=032 | J=0.120604 J_x=0.055126 J_w=0.032739 rel_change=3.244132e-04 | time=0.289s
14:21:06 | INFO | tag=block11.v_proj iter=033 | J=0.120299 J_x=0.054997 J_w=0.032651 rel_change=3.047585e-04 | time=0.291s
14:21:06 | INFO | tag=block11.v_proj iter=034 | J=0.120023 J_x=0.054871 J_w=0.032576 rel_change=2.759546e-04 | time=0.298s
14:21:06 | INFO | tag=block11.v_proj iter=035 | J=0.119768 J_x=0.054755 J_w=0.032507 rel_change=2.550259e-04 | time=0.292s
14:21:07 | INFO | tag=block11.v_proj iter=036 | J=0.119521 J_x=0.054646 J_w=0.032437 rel_change=2.475008e-04 | time=0.291s
14:21:07 | INFO | tag=block11.v_proj iter=037 | J=0.119289 J_x=0.054542 J_w=0.032374 rel_change=2.312437e-04 | time=0.296s
14:21:07 | INFO | tag=block11.v_proj iter=038 | J=0.119078 J_x=0.054443 J_w=0.032318 rel_change=2.115890e-04 | time=0.290s
14:21:07 | INFO | tag=block11.v_proj iter=039 | J=0.118860 J_x=0.054348 J_w=0.032256 rel_change=2.177060e-04 | time=0.298s
14:21:08 | INFO | tag=block11.v_proj iter=040 | J=0.118638 J_x=0.054260 J_w=0.032189 rel_change=2.218336e-04 | time=0.282s
14:21:08 | INFO | tag=block11.v_proj iter=041 | J=0.118445 J_x=0.054173 J_w=0.032136 rel_change=1.927167e-04 | time=0.283s
14:21:08 | INFO | tag=block11.v_proj iter=042 | J=0.118242 J_x=0.054089 J_w=0.032077 rel_change=2.029240e-04 | time=0.290s
14:21:09 | INFO | tag=block11.v_proj iter=043 | J=0.118053 J_x=0.054010 J_w=0.032021 rel_change=1.891553e-04 | time=0.302s
14:21:09 | INFO | tag=block11.v_proj iter=044 | J=0.117864 J_x=0.053937 J_w=0.031964 rel_change=1.891926e-04 | time=0.288s
14:21:09 | INFO | tag=block11.v_proj iter=045 | J=0.117692 J_x=0.053863 J_w=0.031915 rel_change=1.721680e-04 | time=0.289s
14:21:09 | INFO | tag=block11.v_proj iter=046 | J=0.117517 J_x=0.053792 J_w=0.031862 rel_change=1.754090e-04 | time=0.293s
14:21:10 | INFO | tag=block11.v_proj iter=047 | J=0.117371 J_x=0.053724 J_w=0.031824 rel_change=1.452565e-04 | time=0.295s
14:21:10 | INFO | tag=block11.v_proj iter=048 | J=0.117220 J_x=0.053659 J_w=0.031781 rel_change=1.508445e-04 | time=0.291s
14:21:10 | INFO | tag=block11.v_proj iter=049 | J=0.117072 J_x=0.053598 J_w=0.031737 rel_change=1.486093e-04 | time=0.289s
14:21:11 | INFO | tag=block11.v_proj iter=050 | J=0.116945 J_x=0.053537 J_w=0.031704 rel_change=1.264066e-04 | time=0.293s
14:21:11 | INFO | tag=block11.v_proj iter=051 | J=0.116827 J_x=0.053478 J_w=0.031674 rel_change=1.183301e-04 | time=0.299s
14:21:11 | INFO | tag=block11.v_proj iter=052 | J=0.116694 J_x=0.053426 J_w=0.031634 rel_change=1.332462e-04 | time=0.301s
14:21:12 | INFO | tag=block11.v_proj iter=053 | J=0.116568 J_x=0.053376 J_w=0.031596 rel_change=1.260936e-04 | time=0.286s
14:21:12 | INFO | tag=block11.v_proj iter=054 | J=0.116452 J_x=0.053327 J_w=0.031562 rel_change=1.159459e-04 | time=0.287s
14:21:12 | INFO | tag=block11.v_proj iter=055 | J=0.116338 J_x=0.053281 J_w=0.031529 rel_change=1.135543e-04 | time=0.287s
14:21:12 | INFO | tag=block11.v_proj iter=056 | J=0.116222 J_x=0.053237 J_w=0.031492 rel_change=1.165643e-04 | time=0.294s
14:21:13 | INFO | tag=block11.v_proj iter=057 | J=0.116115 J_x=0.053196 J_w=0.031460 rel_change=1.067519e-04 | time=0.292s
14:21:13 | INFO | tag=block11.v_proj iter=058 | J=0.116011 J_x=0.053156 J_w=0.031428 rel_change=1.042187e-04 | time=0.291s
14:21:13 | INFO | tag=block11.v_proj iter=059 | J=0.115908 J_x=0.053115 J_w=0.031396 rel_change=1.026466e-04 | time=0.291s
14:21:14 | INFO | tag=block11.v_proj iter=060 | J=0.115817 J_x=0.053076 J_w=0.031370 rel_change=9.090453e-05 | time=0.299s
14:21:14 | INFO | tag=block11.v_proj iter=061 | J=0.115733 J_x=0.053038 J_w=0.031348 rel_change=8.426607e-05 | time=0.294s
14:21:14 | INFO | tag=block11.v_proj iter=062 | J=0.115653 J_x=0.053003 J_w=0.031325 rel_change=7.989258e-05 | time=0.290s
14:21:14 | INFO | tag=block11.v_proj iter=063 | J=0.115570 J_x=0.052970 J_w=0.031300 rel_change=8.279830e-05 | time=0.291s
14:21:15 | INFO | tag=block11.v_proj iter=064 | J=0.115498 J_x=0.052935 J_w=0.031281 rel_change=7.252395e-05 | time=0.292s
14:21:15 | INFO | tag=block11.v_proj iter=065 | J=0.115415 J_x=0.052902 J_w=0.031257 rel_change=8.226931e-05 | time=0.293s
14:21:15 | INFO | tag=block11.v_proj iter=066 | J=0.115343 J_x=0.052868 J_w=0.031238 rel_change=7.194281e-05 | time=0.297s
14:21:16 | INFO | tag=block11.v_proj iter=067 | J=0.115268 J_x=0.052838 J_w=0.031215 rel_change=7.554889e-05 | time=0.295s
14:21:16 | INFO | tag=block11.v_proj iter=068 | J=0.115202 J_x=0.052807 J_w=0.031198 rel_change=6.558001e-05 | time=0.287s
14:21:16 | INFO | tag=block11.v_proj iter=069 | J=0.115128 J_x=0.052778 J_w=0.031175 rel_change=7.394701e-05 | time=0.290s
14:21:17 | INFO | tag=block11.v_proj iter=070 | J=0.115065 J_x=0.052750 J_w=0.031157 rel_change=6.359071e-05 | time=0.285s
14:21:17 | INFO | tag=block11.v_proj iter=071 | J=0.115005 J_x=0.052722 J_w=0.031142 rel_change=5.933642e-05 | time=0.287s
14:21:17 | INFO | tag=block11.v_proj iter=072 | J=0.114943 J_x=0.052694 J_w=0.031124 rel_change=6.254017e-05 | time=0.287s
14:21:17 | INFO | tag=block11.v_proj iter=073 | J=0.114880 J_x=0.052669 J_w=0.031105 rel_change=6.314367e-05 | time=0.288s
14:21:18 | INFO | tag=block11.v_proj iter=074 | J=0.114827 J_x=0.052643 J_w=0.031092 rel_change=5.307049e-05 | time=0.297s
14:21:18 | INFO | tag=block11.v_proj iter=075 | J=0.114776 J_x=0.052620 J_w=0.031078 rel_change=5.085766e-05 | time=0.302s
14:21:18 | INFO | tag=block11.v_proj iter=076 | J=0.114724 J_x=0.052597 J_w=0.031063 rel_change=5.178154e-05 | time=0.279s
14:21:19 | INFO | tag=block11.v_proj iter=077 | J=0.114672 J_x=0.052575 J_w=0.031048 rel_change=5.234778e-05 | time=0.295s
14:21:19 | INFO | tag=block11.v_proj iter=078 | J=0.114618 J_x=0.052554 J_w=0.031032 rel_change=5.400181e-05 | time=0.299s
14:21:19 | INFO | tag=block11.v_proj iter=079 | J=0.114566 J_x=0.052534 J_w=0.031016 rel_change=5.167723e-05 | time=0.294s
14:21:19 | INFO | tag=block11.v_proj iter=080 | J=0.114519 J_x=0.052515 J_w=0.031002 rel_change=4.728138e-05 | time=0.298s
14:21:19 | INFO | 量化器拟合完成 | tag=block11.v_proj convergence_iter=80 total_fit_time=23.457s
14:21:19 | INFO | 开始计算重建/近似误差 | layer=block11.v_proj error_mode=relative
14:21:20 | INFO | 误差计算完成 | layer=block11.v_proj err_x=0.052578 err_w=0.031375 rel_linear_error=0.116629 elapsed=0.191s
14:21:22 | INFO | block11.out_proj.X_calib stats | shape=[768, 4096] dtype=torch.float16 device=cpu mean=-0.000149 std=0.126649 min=-1.580078 max=1.531250 fro=224.591049
14:21:22 | INFO | block11.out_proj.W stats | shape=[768, 768] dtype=torch.float32 device=cpu mean=-0.000020 std=0.031479 min=-0.875977 max=0.894043 fro=24.176212
14:21:22 | INFO | 开始拟合量化器 | tag=block11.out_proj d=768 N=4096 M=768 beta=2.0000 max_iters=80 tol=1.00e-05 init_mode=pca error_mode=relative
14:21:22 | INFO | tag=block11.out_proj iter=001 | J=2.370560 J_x=0.374111 J_w=0.998224 rel_change=inf | time=0.266s
14:21:23 | INFO | tag=block11.out_proj iter=002 | J=0.768214 J_x=0.257574 J_w=0.255320 rel_change=6.759356e-01 | time=0.300s
14:21:23 | INFO | tag=block11.out_proj iter=003 | J=0.403388 J_x=0.189491 J_w=0.106948 rel_change=3.648260e-01 | time=0.304s
14:21:23 | INFO | tag=block11.out_proj iter=004 | J=0.286759 J_x=0.155740 J_w=0.065510 rel_change=1.166292e-01 | time=0.293s
14:21:24 | INFO | tag=block11.out_proj iter=005 | J=0.243820 J_x=0.137687 J_w=0.053066 rel_change=4.293922e-02 | time=0.296s
14:21:24 | INFO | tag=block11.out_proj iter=006 | J=0.222333 J_x=0.127090 J_w=0.047622 rel_change=2.148631e-02 | time=0.295s
14:21:24 | INFO | tag=block11.out_proj iter=007 | J=0.209289 J_x=0.120241 J_w=0.044524 rel_change=1.304473e-02 | time=0.293s
14:21:24 | INFO | tag=block11.out_proj iter=008 | J=0.200335 J_x=0.115329 J_w=0.042503 rel_change=8.953214e-03 | time=0.292s
14:21:25 | INFO | tag=block11.out_proj iter=009 | J=0.193617 J_x=0.111630 J_w=0.040994 rel_change=6.718084e-03 | time=0.293s
14:21:25 | INFO | tag=block11.out_proj iter=010 | J=0.188255 J_x=0.108654 J_w=0.039800 rel_change=5.362406e-03 | time=0.297s
14:21:25 | INFO | tag=block11.out_proj iter=011 | J=0.183850 J_x=0.106209 J_w=0.038821 rel_change=4.404739e-03 | time=0.298s
14:21:26 | INFO | tag=block11.out_proj iter=012 | J=0.180189 J_x=0.104073 J_w=0.038058 rel_change=3.661677e-03 | time=0.298s
14:21:26 | INFO | tag=block11.out_proj iter=013 | J=0.177016 J_x=0.102205 J_w=0.037405 rel_change=3.172874e-03 | time=0.297s
14:21:26 | INFO | tag=block11.out_proj iter=014 | J=0.174171 J_x=0.100587 J_w=0.036792 rel_change=2.844572e-03 | time=0.291s
14:21:27 | INFO | tag=block11.out_proj iter=015 | J=0.171644 J_x=0.099115 J_w=0.036264 rel_change=2.527192e-03 | time=0.302s
14:21:27 | INFO | tag=block11.out_proj iter=016 | J=0.169379 J_x=0.097774 J_w=0.035803 rel_change=2.265185e-03 | time=0.288s
14:21:27 | INFO | tag=block11.out_proj iter=017 | J=0.167393 J_x=0.096591 J_w=0.035401 rel_change=1.985759e-03 | time=0.289s
14:21:27 | INFO | tag=block11.out_proj iter=018 | J=0.165616 J_x=0.095522 J_w=0.035047 rel_change=1.777157e-03 | time=0.288s
14:21:28 | INFO | tag=block11.out_proj iter=019 | J=0.163941 J_x=0.094583 J_w=0.034679 rel_change=1.674429e-03 | time=0.297s
14:21:28 | INFO | tag=block11.out_proj iter=020 | J=0.162364 J_x=0.093751 J_w=0.034306 rel_change=1.577735e-03 | time=0.295s
14:21:28 | INFO | tag=block11.out_proj iter=021 | J=0.161020 J_x=0.092992 J_w=0.034014 rel_change=1.343995e-03 | time=0.295s
14:21:29 | INFO | tag=block11.out_proj iter=022 | J=0.159899 J_x=0.092327 J_w=0.033786 rel_change=1.120329e-03 | time=0.287s
14:21:29 | INFO | tag=block11.out_proj iter=023 | J=0.158882 J_x=0.091707 J_w=0.033587 rel_change=1.017034e-03 | time=0.296s
14:21:29 | INFO | tag=block11.out_proj iter=024 | J=0.157954 J_x=0.091116 J_w=0.033419 rel_change=9.280741e-04 | time=0.293s
14:21:30 | INFO | tag=block11.out_proj iter=025 | J=0.157112 J_x=0.090556 J_w=0.033278 rel_change=8.420795e-04 | time=0.296s
14:21:30 | INFO | tag=block11.out_proj iter=026 | J=0.156335 J_x=0.090033 J_w=0.033151 rel_change=7.768422e-04 | time=0.294s
14:21:30 | INFO | tag=block11.out_proj iter=027 | J=0.155620 J_x=0.089557 J_w=0.033032 rel_change=7.148981e-04 | time=0.300s
14:21:30 | INFO | tag=block11.out_proj iter=028 | J=0.154954 J_x=0.089099 J_w=0.032927 rel_change=6.663203e-04 | time=0.290s
14:21:31 | INFO | tag=block11.out_proj iter=029 | J=0.154335 J_x=0.088669 J_w=0.032833 rel_change=6.196052e-04 | time=0.296s
14:21:31 | INFO | tag=block11.out_proj iter=030 | J=0.153739 J_x=0.088269 J_w=0.032735 rel_change=5.954057e-04 | time=0.294s
14:21:31 | INFO | tag=block11.out_proj iter=031 | J=0.153184 J_x=0.087889 J_w=0.032647 rel_change=5.553067e-04 | time=0.297s
14:21:32 | INFO | tag=block11.out_proj iter=032 | J=0.152662 J_x=0.087548 J_w=0.032557 rel_change=5.221665e-04 | time=0.289s
14:21:32 | INFO | tag=block11.out_proj iter=033 | J=0.152210 J_x=0.087233 J_w=0.032489 rel_change=4.515350e-04 | time=0.290s
14:21:32 | INFO | tag=block11.out_proj iter=034 | J=0.151765 J_x=0.086940 J_w=0.032412 rel_change=4.455149e-04 | time=0.295s
14:21:32 | INFO | tag=block11.out_proj iter=035 | J=0.151332 J_x=0.086646 J_w=0.032343 rel_change=4.326254e-04 | time=0.293s
14:21:33 | INFO | tag=block11.out_proj iter=036 | J=0.150923 J_x=0.086364 J_w=0.032280 rel_change=4.085898e-04 | time=0.294s
14:21:33 | INFO | tag=block11.out_proj iter=037 | J=0.150523 J_x=0.086107 J_w=0.032208 rel_change=4.002601e-04 | time=0.298s
14:21:33 | INFO | tag=block11.out_proj iter=038 | J=0.150165 J_x=0.085855 J_w=0.032155 rel_change=3.580749e-04 | time=0.281s
14:21:34 | INFO | tag=block11.out_proj iter=039 | J=0.149824 J_x=0.085623 J_w=0.032101 rel_change=3.412366e-04 | time=0.294s
14:21:34 | INFO | tag=block11.out_proj iter=040 | J=0.149499 J_x=0.085407 J_w=0.032046 rel_change=3.243983e-04 | time=0.290s
14:21:34 | INFO | tag=block11.out_proj iter=041 | J=0.149205 J_x=0.085208 J_w=0.031999 rel_change=2.940744e-04 | time=0.290s
14:21:34 | INFO | tag=block11.out_proj iter=042 | J=0.148906 J_x=0.085016 J_w=0.031945 rel_change=2.994537e-04 | time=0.294s
14:21:35 | INFO | tag=block11.out_proj iter=043 | J=0.148625 J_x=0.084831 J_w=0.031897 rel_change=2.806932e-04 | time=0.292s
14:21:35 | INFO | tag=block11.out_proj iter=044 | J=0.148353 J_x=0.084657 J_w=0.031848 rel_change=2.723336e-04 | time=0.292s
14:21:35 | INFO | tag=block11.out_proj iter=045 | J=0.148079 J_x=0.084488 J_w=0.031795 rel_change=2.741963e-04 | time=0.292s
14:21:36 | INFO | tag=block11.out_proj iter=046 | J=0.147826 J_x=0.084319 J_w=0.031754 rel_change=2.522916e-04 | time=0.296s
14:21:36 | INFO | tag=block11.out_proj iter=047 | J=0.147574 J_x=0.084159 J_w=0.031707 rel_change=2.520233e-04 | time=0.290s
14:21:36 | INFO | tag=block11.out_proj iter=048 | J=0.147327 J_x=0.084006 J_w=0.031660 rel_change=2.472550e-04 | time=0.290s
14:21:37 | INFO | tag=block11.out_proj iter=049 | J=0.147093 J_x=0.083863 J_w=0.031615 rel_change=2.343059e-04 | time=0.294s
14:21:37 | INFO | tag=block11.out_proj iter=050 | J=0.146872 J_x=0.083721 J_w=0.031576 rel_change=2.202690e-04 | time=0.294s
14:21:37 | INFO | tag=block11.out_proj iter=051 | J=0.146654 J_x=0.083592 J_w=0.031531 rel_change=2.186298e-04 | time=0.295s
14:21:37 | INFO | tag=block11.out_proj iter=052 | J=0.146456 J_x=0.083466 J_w=0.031495 rel_change=1.974404e-04 | time=0.294s
14:21:38 | INFO | tag=block11.out_proj iter=053 | J=0.146252 J_x=0.083350 J_w=0.031451 rel_change=2.040565e-04 | time=0.290s
14:21:38 | INFO | tag=block11.out_proj iter=054 | J=0.146070 J_x=0.083234 J_w=0.031418 rel_change=1.824200e-04 | time=0.285s
14:21:38 | INFO | tag=block11.out_proj iter=055 | J=0.145884 J_x=0.083115 J_w=0.031384 rel_change=1.862496e-04 | time=0.300s
14:21:39 | INFO | tag=block11.out_proj iter=056 | J=0.145698 J_x=0.083000 J_w=0.031349 rel_change=1.854748e-04 | time=0.288s
14:21:39 | INFO | tag=block11.out_proj iter=057 | J=0.145521 J_x=0.082883 J_w=0.031319 rel_change=1.770407e-04 | time=0.293s
14:21:39 | INFO | tag=block11.out_proj iter=058 | J=0.145345 J_x=0.082778 J_w=0.031283 rel_change=1.764446e-04 | time=0.292s
14:21:39 | INFO | tag=block11.out_proj iter=059 | J=0.145208 J_x=0.082672 J_w=0.031268 rel_change=1.366436e-04 | time=0.294s
14:21:40 | INFO | tag=block11.out_proj iter=060 | J=0.145061 J_x=0.082573 J_w=0.031244 rel_change=1.470000e-04 | time=0.283s
14:21:40 | INFO | tag=block11.out_proj iter=061 | J=0.144920 J_x=0.082477 J_w=0.031222 rel_change=1.409352e-04 | time=0.288s
14:21:40 | INFO | tag=block11.out_proj iter=062 | J=0.144769 J_x=0.082386 J_w=0.031192 rel_change=1.514107e-04 | time=0.288s
14:21:41 | INFO | tag=block11.out_proj iter=063 | J=0.144626 J_x=0.082296 J_w=0.031165 rel_change=1.422763e-04 | time=0.303s
14:21:41 | INFO | tag=block11.out_proj iter=064 | J=0.144480 J_x=0.082210 J_w=0.031135 rel_change=1.462996e-04 | time=0.286s
14:21:41 | INFO | tag=block11.out_proj iter=065 | J=0.144354 J_x=0.082123 J_w=0.031116 rel_change=1.260191e-04 | time=0.294s
14:21:42 | INFO | tag=block11.out_proj iter=066 | J=0.144217 J_x=0.082036 J_w=0.031090 rel_change=1.374930e-04 | time=0.290s
14:21:42 | INFO | tag=block11.out_proj iter=067 | J=0.144088 J_x=0.081954 J_w=0.031067 rel_change=1.291037e-04 | time=0.297s
14:21:42 | INFO | tag=block11.out_proj iter=068 | J=0.143966 J_x=0.081875 J_w=0.031046 rel_change=1.213551e-04 | time=0.284s
14:21:42 | INFO | tag=block11.out_proj iter=069 | J=0.143855 J_x=0.081801 J_w=0.031027 rel_change=1.116097e-04 | time=0.282s
14:21:43 | INFO | tag=block11.out_proj iter=070 | J=0.143748 J_x=0.081731 J_w=0.031008 rel_change=1.062602e-04 | time=0.295s
14:21:43 | INFO | tag=block11.out_proj iter=071 | J=0.143636 J_x=0.081666 J_w=0.030985 rel_change=1.122504e-04 | time=0.288s
14:21:43 | INFO | tag=block11.out_proj iter=072 | J=0.143543 J_x=0.081601 J_w=0.030971 rel_change=9.320676e-05 | time=0.289s
14:21:44 | INFO | tag=block11.out_proj iter=073 | J=0.143450 J_x=0.081539 J_w=0.030956 rel_change=9.272993e-05 | time=0.293s
14:21:44 | INFO | tag=block11.out_proj iter=074 | J=0.143363 J_x=0.081479 J_w=0.030942 rel_change=8.758903e-05 | time=0.287s
14:21:44 | INFO | tag=block11.out_proj iter=075 | J=0.143261 J_x=0.081422 J_w=0.030919 rel_change=1.012832e-04 | time=0.297s
14:21:44 | INFO | tag=block11.out_proj iter=076 | J=0.143168 J_x=0.081366 J_w=0.030901 rel_change=9.346008e-05 | time=0.286s
14:21:45 | INFO | tag=block11.out_proj iter=077 | J=0.143084 J_x=0.081314 J_w=0.030885 rel_change=8.410215e-05 | time=0.288s
14:21:45 | INFO | tag=block11.out_proj iter=078 | J=0.142992 J_x=0.081262 J_w=0.030865 rel_change=9.156764e-05 | time=0.294s
14:21:45 | INFO | tag=block11.out_proj iter=079 | J=0.142916 J_x=0.081212 J_w=0.030852 rel_change=7.611513e-05 | time=0.307s
14:21:46 | INFO | tag=block11.out_proj iter=080 | J=0.142842 J_x=0.081162 J_w=0.030840 rel_change=7.413328e-05 | time=0.286s
14:21:46 | INFO | 量化器拟合完成 | tag=block11.out_proj convergence_iter=80 total_fit_time=23.500s
14:21:46 | INFO | 开始计算重建/近似误差 | layer=block11.out_proj error_mode=relative
14:21:46 | INFO | 误差计算完成 | layer=block11.out_proj err_x=0.062993 err_w=0.072773 rel_linear_error=0.237796 elapsed=0.202s
14:21:48 | INFO | 扩展量化模块构建完成。
14:21:48 | INFO | 开始 PPL 评测 | tag=ours_all_blocks_qkvo stride=512 max_eval_tokens=None
14:22:12 | INFO | PPL 评测完成 | tag=ours_all_blocks_qkvo ppl=25.143175 eval_tokens=286178 target_tokens=286178 windows=556 elapsed=23.693s
14:22:15 | INFO | ========== Sweep 单次实验结束 ==========
