14:59:14 | INFO | ========== Sweep 单次实验开始 ==========
14:59:14 | INFO | combo = {
  "target.block_indices": [
    11
  ],
  "quant.beta": 100.0,
  "quant_ext.init_mode": "pca",
  "quant_ext.error_mode": "relative"
}
14:59:14 | INFO | config = {
  "data": {
    "model_name": "facebook/opt-125m",
    "dataset_name": "wikitext",
    "dataset_config": "wikitext-2-raw-v1",
    "calib_split": "train",
    "eval_split": "test",
    "calib_num_tokens": 4096,
    "eval_num_tokens": null,
    "tokenizer_use_fast": true
  },
  "quant": {
    "beta": 100.0,
    "max_iters": 80,
    "tol": 1e-05,
    "convergence_check_every": 1,
    "codebook": [
      -2.0,
      -1.0,
      0.0,
      1.0,
      2.0
    ],
    "dtype": "float32",
    "eps": 1e-08,
    "log_every": 1,
    "init_mode": "pca",
    "error_mode": "relative",
    "track_u": true,
    "track_u_every": 1,
    "track_u_full_matrix": false,
    "random_init_orthogonal": true,
    "random_init_scale": 1.0
  },
  "eval": {
    "stride": 512,
    "device": "cuda"
  },
  "target": {
    "block_indices": [
      11
    ],
    "target_linear_names": [
      "q_proj",
      "k_proj",
      "v_proj",
      "out_proj"
    ]
  },
  "output_dir": "outputs_opt_qkvo_general_sweep_u_tracking\\t_block_indices_11-__q_beta_100__init_mode_pca__error_mode_relative",
  "seed": 42
}
14:59:14 | INFO | 加载模型与 tokenizer：facebook/opt-125m
15:00:13 | INFO | 模型加载完成 | hidden_size=768 vocab_size=50272 device=cuda elapsed=58.901s
15:00:13 | INFO | 加载数据集 split=train
15:00:42 | INFO | split=train 加载完成 | non-empty text blocks=23767 chars=10940522 elapsed=28.866s
15:00:42 | INFO | 加载数据集 split=test
15:01:43 | INFO | split=test 加载完成 | non-empty text blocks=2891 chars=1291402 elapsed=61.548s
15:01:43 | INFO | 开始 PPL 评测 | tag=baseline_fp stride=512 max_eval_tokens=None
15:02:04 | INFO | PPL 评测完成 | tag=baseline_fp ppl=23.500643 eval_tokens=286178 target_tokens=286178 windows=556 elapsed=20.548s
15:02:18 | INFO | 开始收集目标线性层输入 hidden states | requested_tokens=4096 layers=['block11.q_proj', 'block11.k_proj', 'block11.v_proj', 'block11.out_proj']
15:02:19 | INFO | 输入收集完成 | layer=block11.q_proj collected_tokens=4096 forward_chunks=2 elapsed=0.435s X_shape=[768, 4096]
15:02:19 | INFO | 输入收集完成 | layer=block11.k_proj collected_tokens=4096 forward_chunks=2 elapsed=0.435s X_shape=[768, 4096]
15:02:19 | INFO | 输入收集完成 | layer=block11.v_proj collected_tokens=4096 forward_chunks=2 elapsed=0.435s X_shape=[768, 4096]
15:02:19 | INFO | 输入收集完成 | layer=block11.out_proj collected_tokens=4096 forward_chunks=2 elapsed=0.435s X_shape=[768, 4096]
15:02:19 | INFO | 开始为所有目标 transformer blocks 的 Q/K/V/O 线性层构建 SQ-XW 对照组。
15:02:19 | INFO | 开始计算 SQ-XW 对照组误差 | layer=block11.q_proj
15:02:19 | INFO | SQ-XW 误差计算完成 | layer=block11.q_proj rel_recon_error_x=0.934975 rel_recon_error_w=0.137037 rel_linear_error=0.841778 elapsed=0.053s
15:02:19 | INFO | SQ-XW 对照组构建完成 | layer=block11.q_proj bits=3 x_scale=3.78571439 w_scale=0.07163783
15:02:19 | INFO | 开始计算 SQ-XW 对照组误差 | layer=block11.k_proj
15:02:19 | INFO | SQ-XW 误差计算完成 | layer=block11.k_proj rel_recon_error_x=0.934975 rel_recon_error_w=0.159061 rel_linear_error=0.758373 elapsed=0.051s
15:02:19 | INFO | SQ-XW 对照组构建完成 | layer=block11.k_proj bits=3 x_scale=3.78571439 w_scale=0.07533482
15:02:19 | INFO | 开始计算 SQ-XW 对照组误差 | layer=block11.v_proj
15:02:19 | INFO | SQ-XW 误差计算完成 | layer=block11.v_proj rel_recon_error_x=0.934975 rel_recon_error_w=0.440576 rel_linear_error=1.034687 elapsed=0.044s
15:02:19 | INFO | SQ-XW 对照组构建完成 | layer=block11.v_proj bits=3 x_scale=3.78571439 w_scale=0.07139369
15:02:19 | INFO | 开始计算 SQ-XW 对照组误差 | layer=block11.out_proj
15:02:19 | INFO | SQ-XW 误差计算完成 | layer=block11.out_proj rel_recon_error_x=0.192631 rel_recon_error_w=0.744155 rel_linear_error=0.829729 elapsed=0.048s
15:02:19 | INFO | SQ-XW 对照组构建完成 | layer=block11.out_proj bits=3 x_scale=0.22572544 w_scale=0.12772043
15:02:19 | INFO | 开始 PPL 评测 | tag=sq_all_blocks_qkvo stride=512 max_eval_tokens=None
15:02:40 | INFO | PPL 评测完成 | tag=sq_all_blocks_qkvo ppl=27.267649 eval_tokens=286178 target_tokens=286178 windows=556 elapsed=21.377s
15:02:40 | INFO | 开始为目标层构建扩展量化器。
15:02:40 | INFO | block11.q_proj.X_calib stats | shape=[768, 4096] dtype=torch.float16 device=cpu mean=-0.037015 std=0.557564 min=-26.500000 max=5.378906 fro=991.028625
15:02:40 | INFO | block11.q_proj.W stats | shape=[768, 768] dtype=torch.float32 device=cpu mean=-0.000252 std=0.055656 min=-0.487549 max=0.501465 fro=42.744507
15:02:40 | INFO | 开始拟合量化器 | tag=block11.q_proj d=768 N=4096 M=768 beta=100.0000 max_iters=80 tol=1.00e-05 init_mode=pca error_mode=relative
15:02:41 | INFO | tag=block11.q_proj iter=001 | J=99.233246 J_x=0.192427 J_w=0.990408 rel_change=inf | time=0.266s
15:02:41 | INFO | tag=block11.q_proj iter=002 | J=22.117392 J_x=0.368172 J_w=0.217492 rel_change=7.771171e-01 | time=0.291s
15:02:41 | INFO | tag=block11.q_proj iter=003 | J=8.367834 J_x=0.135024 J_w=0.082328 rel_change=6.216627e-01 | time=0.297s
15:02:41 | INFO | tag=block11.q_proj iter=004 | J=4.648530 J_x=0.108072 J_w=0.045405 rel_change=4.444763e-01 | time=0.285s
15:02:42 | INFO | tag=block11.q_proj iter=005 | J=3.613515 J_x=0.088864 J_w=0.035247 rel_change=2.226543e-01 | time=0.296s
15:02:42 | INFO | tag=block11.q_proj iter=006 | J=3.237528 J_x=0.080265 J_w=0.031573 rel_change=1.040502e-01 | time=0.289s
15:02:42 | INFO | tag=block11.q_proj iter=007 | J=3.066062 J_x=0.076165 J_w=0.029899 rel_change=5.296190e-02 | time=0.285s
15:02:43 | INFO | tag=block11.q_proj iter=008 | J=2.972523 J_x=0.074077 J_w=0.028984 rel_change=3.050786e-02 | time=0.297s
15:02:43 | INFO | tag=block11.q_proj iter=009 | J=2.920231 J_x=0.072814 J_w=0.028474 rel_change=1.759199e-02 | time=0.283s
15:02:43 | INFO | tag=block11.q_proj iter=010 | J=2.886187 J_x=0.072015 J_w=0.028142 rel_change=1.165775e-02 | time=0.286s
15:02:44 | INFO | tag=block11.q_proj iter=011 | J=2.862370 J_x=0.071480 J_w=0.027909 rel_change=8.252333e-03 | time=0.285s
15:02:44 | INFO | tag=block11.q_proj iter=012 | J=2.845406 J_x=0.071080 J_w=0.027743 rel_change=5.926544e-03 | time=0.285s
15:02:44 | INFO | tag=block11.q_proj iter=013 | J=2.833313 J_x=0.070763 J_w=0.027626 rel_change=4.249781e-03 | time=0.293s
15:02:44 | INFO | tag=block11.q_proj iter=014 | J=2.824047 J_x=0.070506 J_w=0.027535 rel_change=3.270341e-03 | time=0.284s
15:02:45 | INFO | tag=block11.q_proj iter=015 | J=2.817058 J_x=0.070293 J_w=0.027468 rel_change=2.474987e-03 | time=0.279s
15:02:45 | INFO | tag=block11.q_proj iter=016 | J=2.811228 J_x=0.070132 J_w=0.027411 rel_change=2.069637e-03 | time=0.291s
15:02:45 | INFO | tag=block11.q_proj iter=017 | J=2.806270 J_x=0.069996 J_w=0.027363 rel_change=1.763357e-03 | time=0.294s
15:02:46 | INFO | tag=block11.q_proj iter=018 | J=2.801604 J_x=0.069878 J_w=0.027317 rel_change=1.662737e-03 | time=0.286s
15:02:46 | INFO | tag=block11.q_proj iter=019 | J=2.797861 J_x=0.069763 J_w=0.027281 rel_change=1.336252e-03 | time=0.290s
15:02:46 | INFO | tag=block11.q_proj iter=020 | J=2.794717 J_x=0.069663 J_w=0.027251 rel_change=1.123725e-03 | time=0.287s
15:02:46 | INFO | tag=block11.q_proj iter=021 | J=2.791584 J_x=0.069584 J_w=0.027220 rel_change=1.120809e-03 | time=0.284s
15:02:47 | INFO | tag=block11.q_proj iter=022 | J=2.789129 J_x=0.069503 J_w=0.027196 rel_change=8.796838e-04 | time=0.294s
15:02:47 | INFO | tag=block11.q_proj iter=023 | J=2.787625 J_x=0.069425 J_w=0.027182 rel_change=5.391311e-04 | time=0.295s
15:02:47 | INFO | tag=block11.q_proj iter=024 | J=2.786042 J_x=0.069360 J_w=0.027167 rel_change=5.678171e-04 | time=0.286s
15:02:48 | INFO | tag=block11.q_proj iter=025 | J=2.784709 J_x=0.069300 J_w=0.027154 rel_change=4.784559e-04 | time=0.290s
15:02:48 | INFO | tag=block11.q_proj iter=026 | J=2.783408 J_x=0.069247 J_w=0.027142 rel_change=4.672979e-04 | time=0.299s
15:02:48 | INFO | tag=block11.q_proj iter=027 | J=2.782236 J_x=0.069199 J_w=0.027130 rel_change=4.208332e-04 | time=0.288s
15:02:48 | INFO | tag=block11.q_proj iter=028 | J=2.781484 J_x=0.069152 J_w=0.027123 rel_change=2.703619e-04 | time=0.286s
15:02:49 | INFO | tag=block11.q_proj iter=029 | J=2.780652 J_x=0.069113 J_w=0.027115 rel_change=2.990642e-04 | time=0.284s
15:02:49 | INFO | tag=block11.q_proj iter=030 | J=2.779811 J_x=0.069076 J_w=0.027107 rel_change=3.024119e-04 | time=0.285s
15:02:49 | INFO | tag=block11.q_proj iter=031 | J=2.778918 J_x=0.069040 J_w=0.027099 rel_change=3.214581e-04 | time=0.287s
15:02:50 | INFO | tag=block11.q_proj iter=032 | J=2.777906 J_x=0.069008 J_w=0.027089 rel_change=3.641160e-04 | time=0.276s
15:02:50 | INFO | tag=block11.q_proj iter=033 | J=2.777058 J_x=0.068978 J_w=0.027081 rel_change=3.051998e-04 | time=0.287s
15:02:50 | INFO | tag=block11.q_proj iter=034 | J=2.776285 J_x=0.068947 J_w=0.027073 rel_change=2.782493e-04 | time=0.285s
15:02:50 | INFO | tag=block11.q_proj iter=035 | J=2.775682 J_x=0.068918 J_w=0.027068 rel_change=2.171825e-04 | time=0.277s
15:02:51 | INFO | tag=block11.q_proj iter=036 | J=2.775155 J_x=0.068891 J_w=0.027063 rel_change=1.900867e-04 | time=0.287s
15:02:51 | INFO | tag=block11.q_proj iter=037 | J=2.774398 J_x=0.068869 J_w=0.027055 rel_change=2.727700e-04 | time=0.279s
15:02:51 | INFO | tag=block11.q_proj iter=038 | J=2.773863 J_x=0.068842 J_w=0.027050 rel_change=1.929246e-04 | time=0.289s
15:02:52 | INFO | tag=block11.q_proj iter=039 | J=2.773232 J_x=0.068822 J_w=0.027044 rel_change=2.272567e-04 | time=0.289s
15:02:52 | INFO | tag=block11.q_proj iter=040 | J=2.772704 J_x=0.068800 J_w=0.027039 rel_change=1.905985e-04 | time=0.288s
15:02:52 | INFO | tag=block11.q_proj iter=041 | J=2.772178 J_x=0.068777 J_w=0.027034 rel_change=1.895170e-04 | time=0.293s
15:02:52 | INFO | tag=block11.q_proj iter=042 | J=2.771583 J_x=0.068759 J_w=0.027028 rel_change=2.145801e-04 | time=0.285s
15:02:53 | INFO | tag=block11.q_proj iter=043 | J=2.771092 J_x=0.068740 J_w=0.027024 rel_change=1.772064e-04 | time=0.292s
15:02:53 | INFO | tag=block11.q_proj iter=044 | J=2.770656 J_x=0.068720 J_w=0.027019 rel_change=1.574491e-04 | time=0.297s
15:02:53 | INFO | tag=block11.q_proj iter=045 | J=2.770191 J_x=0.068702 J_w=0.027015 rel_change=1.678001e-04 | time=0.286s
15:02:54 | INFO | tag=block11.q_proj iter=046 | J=2.769675 J_x=0.068684 J_w=0.027010 rel_change=1.863324e-04 | time=0.290s
15:02:54 | INFO | tag=block11.q_proj iter=047 | J=2.769314 J_x=0.068666 J_w=0.027006 rel_change=1.301557e-04 | time=0.285s
15:02:54 | INFO | tag=block11.q_proj iter=048 | J=2.768938 J_x=0.068651 J_w=0.027003 rel_change=1.357687e-04 | time=0.290s
15:02:54 | INFO | tag=block11.q_proj iter=049 | J=2.768528 J_x=0.068637 J_w=0.026999 rel_change=1.482723e-04 | time=0.289s
15:02:55 | INFO | tag=block11.q_proj iter=050 | J=2.768156 J_x=0.068622 J_w=0.026995 rel_change=1.342571e-04 | time=0.293s
15:02:55 | INFO | tag=block11.q_proj iter=051 | J=2.767834 J_x=0.068609 J_w=0.026992 rel_change=1.163603e-04 | time=0.282s
15:02:55 | INFO | tag=block11.q_proj iter=052 | J=2.767486 J_x=0.068597 J_w=0.026989 rel_change=1.255907e-04 | time=0.277s
15:02:56 | INFO | tag=block11.q_proj iter=053 | J=2.767183 J_x=0.068583 J_w=0.026986 rel_change=1.094965e-04 | time=0.296s
15:02:56 | INFO | tag=block11.q_proj iter=054 | J=2.766931 J_x=0.068570 J_w=0.026984 rel_change=9.115654e-05 | time=0.287s
15:02:56 | INFO | tag=block11.q_proj iter=055 | J=2.766687 J_x=0.068557 J_w=0.026981 rel_change=8.806283e-05 | time=0.274s
15:02:56 | INFO | tag=block11.q_proj iter=056 | J=2.766377 J_x=0.068545 J_w=0.026978 rel_change=1.121995e-04 | time=0.281s
15:02:57 | INFO | tag=block11.q_proj iter=057 | J=2.766067 J_x=0.068533 J_w=0.026975 rel_change=1.122121e-04 | time=0.286s
15:02:57 | INFO | tag=block11.q_proj iter=058 | J=2.765759 J_x=0.068522 J_w=0.026972 rel_change=1.113628e-04 | time=0.285s
15:02:57 | INFO | tag=block11.q_proj iter=059 | J=2.765546 J_x=0.068511 J_w=0.026970 rel_change=7.672128e-05 | time=0.287s
15:02:58 | INFO | tag=block11.q_proj iter=060 | J=2.765327 J_x=0.068500 J_w=0.026968 rel_change=7.922727e-05 | time=0.298s
15:02:58 | INFO | tag=block11.q_proj iter=061 | J=2.765122 J_x=0.068491 J_w=0.026966 rel_change=7.423295e-05 | time=0.294s
15:02:58 | INFO | tag=block11.q_proj iter=062 | J=2.764737 J_x=0.068485 J_w=0.026963 rel_change=1.393372e-04 | time=0.297s
15:02:58 | INFO | tag=block11.q_proj iter=063 | J=2.764418 J_x=0.068475 J_w=0.026959 rel_change=1.152969e-04 | time=0.286s
15:02:59 | INFO | tag=block11.q_proj iter=064 | J=2.764174 J_x=0.068465 J_w=0.026957 rel_change=8.822914e-05 | time=0.282s
15:02:59 | INFO | tag=block11.q_proj iter=065 | J=2.763763 J_x=0.068459 J_w=0.026953 rel_change=1.487003e-04 | time=0.358s
15:02:59 | INFO | tag=block11.q_proj iter=066 | J=2.763596 J_x=0.068449 J_w=0.026951 rel_change=6.029988e-05 | time=0.300s
15:03:00 | INFO | tag=block11.q_proj iter=067 | J=2.763375 J_x=0.068441 J_w=0.026949 rel_change=8.014588e-05 | time=0.299s
15:03:00 | INFO | tag=block11.q_proj iter=068 | J=2.763106 J_x=0.068435 J_w=0.026947 rel_change=9.714908e-05 | time=0.292s
15:03:00 | INFO | tag=block11.q_proj iter=069 | J=2.762786 J_x=0.068427 J_w=0.026944 rel_change=1.157964e-04 | time=0.301s
15:03:01 | INFO | tag=block11.q_proj iter=070 | J=2.762651 J_x=0.068419 J_w=0.026942 rel_change=4.884377e-05 | time=0.299s
15:03:01 | INFO | tag=block11.q_proj iter=071 | J=2.762536 J_x=0.068409 J_w=0.026941 rel_change=4.194211e-05 | time=0.300s
15:03:01 | INFO | tag=block11.q_proj iter=072 | J=2.762258 J_x=0.068405 J_w=0.026939 rel_change=1.005445e-04 | time=0.287s
15:03:02 | INFO | tag=block11.q_proj iter=073 | J=2.762157 J_x=0.068396 J_w=0.026938 rel_change=3.659668e-05 | time=0.290s
15:03:02 | INFO | tag=block11.q_proj iter=074 | J=2.762116 J_x=0.068389 J_w=0.026937 rel_change=1.484637e-05 | time=0.289s
15:03:02 | INFO | tag=block11.q_proj iter=075 | J=2.762030 J_x=0.068382 J_w=0.026936 rel_change=3.090162e-05 | time=0.293s
15:03:02 | INFO | tag=block11.q_proj iter=076 | J=2.761923 J_x=0.068377 J_w=0.026935 rel_change=3.884402e-05 | time=0.294s
15:03:03 | INFO | tag=block11.q_proj iter=077 | J=2.761790 J_x=0.068372 J_w=0.026934 rel_change=4.834110e-05 | time=0.287s
15:03:03 | INFO | tag=block11.q_proj iter=078 | J=2.761659 J_x=0.068367 J_w=0.026933 rel_change=4.722118e-05 | time=0.287s
15:03:03 | INFO | tag=block11.q_proj iter=079 | J=2.761500 J_x=0.068363 J_w=0.026931 rel_change=5.749688e-05 | time=0.289s
15:03:04 | INFO | tag=block11.q_proj iter=080 | J=2.761260 J_x=0.068360 J_w=0.026929 rel_change=8.694097e-05 | time=0.290s
15:03:04 | INFO | 量化器拟合完成 | tag=block11.q_proj convergence_iter=80 total_fit_time=23.249s
15:03:04 | INFO | 开始计算重建/近似误差 | layer=block11.q_proj error_mode=relative
15:03:04 | INFO | 误差计算完成 | layer=block11.q_proj err_x=0.068529 err_w=0.027481 rel_linear_error=0.079206 elapsed=0.206s
15:03:06 | INFO | block11.k_proj.X_calib stats | shape=[768, 4096] dtype=torch.float16 device=cpu mean=-0.037015 std=0.557564 min=-26.500000 max=5.378906 fro=991.028625
15:03:06 | INFO | block11.k_proj.W stats | shape=[768, 768] dtype=torch.float32 device=cpu mean=0.000053 std=0.054432 min=-0.527344 max=0.527344 fro=41.803741
15:03:06 | INFO | 开始拟合量化器 | tag=block11.k_proj d=768 N=4096 M=768 beta=100.0000 max_iters=80 tol=1.00e-05 init_mode=pca error_mode=relative
15:03:06 | INFO | tag=block11.k_proj iter=001 | J=100.018990 J_x=0.199733 J_w=0.998193 rel_change=inf | time=0.274s
15:03:06 | INFO | tag=block11.k_proj iter=002 | J=22.749622 J_x=0.384873 J_w=0.223647 rel_change=7.725470e-01 | time=0.295s
15:03:07 | INFO | tag=block11.k_proj iter=003 | J=8.406794 J_x=0.140488 J_w=0.082663 rel_change=6.304645e-01 | time=0.296s
15:03:07 | INFO | tag=block11.k_proj iter=004 | J=4.528511 J_x=0.110238 J_w=0.044183 rel_change=4.613272e-01 | time=0.294s
15:03:07 | INFO | tag=block11.k_proj iter=005 | J=3.493896 J_x=0.089830 J_w=0.034041 rel_change=2.284670e-01 | time=0.295s
15:03:08 | INFO | tag=block11.k_proj iter=006 | J=3.110487 J_x=0.081067 J_w=0.030294 rel_change=1.097367e-01 | time=0.293s
15:03:08 | INFO | tag=block11.k_proj iter=007 | J=2.933835 J_x=0.076919 J_w=0.028569 rel_change=5.679260e-02 | time=0.299s
15:03:08 | INFO | tag=block11.k_proj iter=008 | J=2.841830 J_x=0.074668 J_w=0.027672 rel_change=3.135974e-02 | time=0.284s
15:03:08 | INFO | tag=block11.k_proj iter=009 | J=2.788659 J_x=0.073321 J_w=0.027153 rel_change=1.871010e-02 | time=0.301s
15:03:09 | INFO | tag=block11.k_proj iter=010 | J=2.753193 J_x=0.072487 J_w=0.026807 rel_change=1.271792e-02 | time=0.294s
15:03:09 | INFO | tag=block11.k_proj iter=011 | J=2.729229 J_x=0.071879 J_w=0.026574 rel_change=8.704048e-03 | time=0.289s
15:03:09 | INFO | tag=block11.k_proj iter=012 | J=2.711583 J_x=0.071428 J_w=0.026402 rel_change=6.465676e-03 | time=0.289s
15:03:10 | INFO | tag=block11.k_proj iter=013 | J=2.698538 J_x=0.071076 J_w=0.026275 rel_change=4.811045e-03 | time=0.300s
15:03:10 | INFO | tag=block11.k_proj iter=014 | J=2.688712 J_x=0.070785 J_w=0.026179 rel_change=3.641211e-03 | time=0.290s
15:03:10 | INFO | tag=block11.k_proj iter=015 | J=2.680625 J_x=0.070554 J_w=0.026101 rel_change=3.007642e-03 | time=0.288s
15:03:10 | INFO | tag=block11.k_proj iter=016 | J=2.674629 J_x=0.070353 J_w=0.026043 rel_change=2.236699e-03 | time=0.287s
15:03:11 | INFO | tag=block11.k_proj iter=017 | J=2.669084 J_x=0.070197 J_w=0.025989 rel_change=2.073237e-03 | time=0.290s
15:03:11 | INFO | tag=block11.k_proj iter=018 | J=2.664776 J_x=0.070059 J_w=0.025947 rel_change=1.614210e-03 | time=0.285s
15:03:11 | INFO | tag=block11.k_proj iter=019 | J=2.661208 J_x=0.069937 J_w=0.025913 rel_change=1.338656e-03 | time=0.286s
15:03:12 | INFO | tag=block11.k_proj iter=020 | J=2.657937 J_x=0.069830 J_w=0.025881 rel_change=1.229359e-03 | time=0.281s
15:03:12 | INFO | tag=block11.k_proj iter=021 | J=2.654677 J_x=0.069740 J_w=0.025849 rel_change=1.226297e-03 | time=0.292s
15:03:12 | INFO | tag=block11.k_proj iter=022 | J=2.651863 J_x=0.069650 J_w=0.025822 rel_change=1.060036e-03 | time=0.292s
15:03:12 | INFO | tag=block11.k_proj iter=023 | J=2.649394 J_x=0.069568 J_w=0.025798 rel_change=9.311570e-04 | time=0.295s
15:03:13 | INFO | tag=block11.k_proj iter=024 | J=2.647182 J_x=0.069496 J_w=0.025777 rel_change=8.351058e-04 | time=0.286s
15:03:13 | INFO | tag=block11.k_proj iter=025 | J=2.645377 J_x=0.069423 J_w=0.025760 rel_change=6.815224e-04 | time=0.293s
15:03:13 | INFO | tag=block11.k_proj iter=026 | J=2.643532 J_x=0.069365 J_w=0.025742 rel_change=6.977593e-04 | time=0.289s
15:03:14 | INFO | tag=block11.k_proj iter=027 | J=2.641967 J_x=0.069309 J_w=0.025727 rel_change=5.917328e-04 | time=0.289s
15:03:14 | INFO | tag=block11.k_proj iter=028 | J=2.640257 J_x=0.069262 J_w=0.025710 rel_change=6.472215e-04 | time=0.290s
15:03:14 | INFO | tag=block11.k_proj iter=029 | J=2.638479 J_x=0.069218 J_w=0.025693 rel_change=6.735571e-04 | time=0.395s
15:03:15 | INFO | tag=block11.k_proj iter=030 | J=2.637114 J_x=0.069174 J_w=0.025679 rel_change=5.173232e-04 | time=0.297s
15:03:15 | INFO | tag=block11.k_proj iter=031 | J=2.635611 J_x=0.069137 J_w=0.025665 rel_change=5.698473e-04 | time=0.283s
15:03:15 | INFO | tag=block11.k_proj iter=032 | J=2.634242 J_x=0.069096 J_w=0.025651 rel_change=5.196048e-04 | time=0.284s
15:03:15 | INFO | tag=block11.k_proj iter=033 | J=2.633317 J_x=0.069056 J_w=0.025643 rel_change=3.510785e-04 | time=0.291s
15:03:16 | INFO | tag=block11.k_proj iter=034 | J=2.632516 J_x=0.069020 J_w=0.025635 rel_change=3.041214e-04 | time=0.295s
15:03:16 | INFO | tag=block11.k_proj iter=035 | J=2.631531 J_x=0.068987 J_w=0.025625 rel_change=3.743126e-04 | time=0.294s
15:03:16 | INFO | tag=block11.k_proj iter=036 | J=2.630713 J_x=0.068957 J_w=0.025618 rel_change=3.108511e-04 | time=0.284s
15:03:17 | INFO | tag=block11.k_proj iter=037 | J=2.629999 J_x=0.068927 J_w=0.025611 rel_change=2.714335e-04 | time=0.273s
15:03:17 | INFO | tag=block11.k_proj iter=038 | J=2.629372 J_x=0.068898 J_w=0.025605 rel_change=2.384187e-04 | time=0.298s
15:03:17 | INFO | tag=block11.k_proj iter=039 | J=2.628639 J_x=0.068871 J_w=0.025598 rel_change=2.785540e-04 | time=0.287s
15:03:18 | INFO | tag=block11.k_proj iter=040 | J=2.627859 J_x=0.068843 J_w=0.025590 rel_change=2.967716e-04 | time=0.291s
15:03:18 | INFO | tag=block11.k_proj iter=041 | J=2.627166 J_x=0.068816 J_w=0.025583 rel_change=2.638350e-04 | time=0.281s
15:03:18 | INFO | tag=block11.k_proj iter=042 | J=2.626391 J_x=0.068793 J_w=0.025576 rel_change=2.950323e-04 | time=0.277s
15:03:18 | INFO | tag=block11.k_proj iter=043 | J=2.625778 J_x=0.068770 J_w=0.025570 rel_change=2.332995e-04 | time=0.303s
15:03:19 | INFO | tag=block11.k_proj iter=044 | J=2.625150 J_x=0.068747 J_w=0.025564 rel_change=2.391651e-04 | time=0.299s
15:03:19 | INFO | tag=block11.k_proj iter=045 | J=2.624553 J_x=0.068727 J_w=0.025558 rel_change=2.275064e-04 | time=0.314s
15:03:19 | INFO | tag=block11.k_proj iter=046 | J=2.623962 J_x=0.068708 J_w=0.025553 rel_change=2.250147e-04 | time=0.302s
15:03:20 | INFO | tag=block11.k_proj iter=047 | J=2.623451 J_x=0.068689 J_w=0.025548 rel_change=1.948991e-04 | time=0.311s
15:03:20 | INFO | tag=block11.k_proj iter=048 | J=2.622820 J_x=0.068674 J_w=0.025541 rel_change=2.403770e-04 | time=0.310s
15:03:20 | INFO | tag=block11.k_proj iter=049 | J=2.622153 J_x=0.068659 J_w=0.025535 rel_change=2.543427e-04 | time=0.315s
15:03:21 | INFO | tag=block11.k_proj iter=050 | J=2.621587 J_x=0.068643 J_w=0.025529 rel_change=2.159463e-04 | time=0.326s
15:03:21 | INFO | tag=block11.k_proj iter=051 | J=2.621187 J_x=0.068625 J_w=0.025526 rel_change=1.526047e-04 | time=0.316s
15:03:21 | INFO | tag=block11.k_proj iter=052 | J=2.620822 J_x=0.068609 J_w=0.025522 rel_change=1.392571e-04 | time=0.288s
15:03:21 | INFO | tag=block11.k_proj iter=053 | J=2.620416 J_x=0.068595 J_w=0.025518 rel_change=1.548325e-04 | time=0.288s
15:03:22 | INFO | tag=block11.k_proj iter=054 | J=2.619882 J_x=0.068584 J_w=0.025513 rel_change=2.036245e-04 | time=0.293s
15:03:22 | INFO | tag=block11.k_proj iter=055 | J=2.619283 J_x=0.068572 J_w=0.025507 rel_change=2.286919e-04 | time=0.285s
15:03:22 | INFO | tag=block11.k_proj iter=056 | J=2.618701 J_x=0.068559 J_w=0.025501 rel_change=2.221905e-04 | time=0.291s
15:03:23 | INFO | tag=block11.k_proj iter=057 | J=2.618333 J_x=0.068543 J_w=0.025498 rel_change=1.406639e-04 | time=0.298s
15:03:23 | INFO | tag=block11.k_proj iter=058 | J=2.617907 J_x=0.068529 J_w=0.025494 rel_change=1.625375e-04 | time=0.301s
15:03:23 | INFO | tag=block11.k_proj iter=059 | J=2.617573 J_x=0.068518 J_w=0.025491 rel_change=1.275011e-04 | time=0.283s
15:03:24 | INFO | tag=block11.k_proj iter=060 | J=2.617340 J_x=0.068507 J_w=0.025488 rel_change=8.926214e-05 | time=0.295s
15:03:24 | INFO | tag=block11.k_proj iter=061 | J=2.617150 J_x=0.068495 J_w=0.025487 rel_change=7.260028e-05 | time=0.288s
15:03:24 | INFO | tag=block11.k_proj iter=062 | J=2.616946 J_x=0.068486 J_w=0.025485 rel_change=7.798037e-05 | time=0.290s
15:03:24 | INFO | tag=block11.k_proj iter=063 | J=2.616639 J_x=0.068478 J_w=0.025482 rel_change=1.171619e-04 | time=0.283s
15:03:25 | INFO | tag=block11.k_proj iter=064 | J=2.616395 J_x=0.068468 J_w=0.025479 rel_change=9.348536e-05 | time=0.299s
15:03:25 | INFO | tag=block11.k_proj iter=065 | J=2.616126 J_x=0.068461 J_w=0.025477 rel_change=1.026066e-04 | time=0.292s
15:03:25 | INFO | tag=block11.k_proj iter=066 | J=2.615856 J_x=0.068453 J_w=0.025474 rel_change=1.032551e-04 | time=0.291s
15:03:26 | INFO | tag=block11.k_proj iter=067 | J=2.615692 J_x=0.068445 J_w=0.025472 rel_change=6.261567e-05 | time=0.285s
15:03:26 | INFO | tag=block11.k_proj iter=068 | J=2.615515 J_x=0.068437 J_w=0.025471 rel_change=6.754165e-05 | time=0.281s
15:03:26 | INFO | tag=block11.k_proj iter=069 | J=2.615417 J_x=0.068429 J_w=0.025470 rel_change=3.782953e-05 | time=0.289s
15:03:26 | INFO | tag=block11.k_proj iter=070 | J=2.615197 J_x=0.068423 J_w=0.025468 rel_change=8.377506e-05 | time=0.290s
15:03:27 | INFO | tag=block11.k_proj iter=071 | J=2.614938 J_x=0.068416 J_w=0.025465 rel_change=9.937156e-05 | time=0.294s
15:03:27 | INFO | tag=block11.k_proj iter=072 | J=2.614806 J_x=0.068407 J_w=0.025464 rel_change=5.032895e-05 | time=0.285s
15:03:27 | INFO | tag=block11.k_proj iter=073 | J=2.614617 J_x=0.068400 J_w=0.025462 rel_change=7.239709e-05 | time=0.285s
15:03:28 | INFO | tag=block11.k_proj iter=074 | J=2.614526 J_x=0.068393 J_w=0.025461 rel_change=3.474218e-05 | time=0.278s
15:03:28 | INFO | tag=block11.k_proj iter=075 | J=2.614438 J_x=0.068386 J_w=0.025461 rel_change=3.346673e-05 | time=0.285s
15:03:28 | INFO | tag=block11.k_proj iter=076 | J=2.614255 J_x=0.068381 J_w=0.025459 rel_change=6.994506e-05 | time=0.293s
15:03:28 | INFO | tag=block11.k_proj iter=077 | J=2.614143 J_x=0.068374 J_w=0.025458 rel_change=4.313733e-05 | time=0.283s
15:03:29 | INFO | tag=block11.k_proj iter=078 | J=2.614097 J_x=0.068367 J_w=0.025457 rel_change=1.751104e-05 | time=0.284s
15:03:29 | INFO | tag=block11.k_proj iter=079 | J=2.614009 J_x=0.068362 J_w=0.025456 rel_change=3.365463e-05 | time=0.291s
15:03:29 | INFO | tag=block11.k_proj iter=080 | J=2.613889 J_x=0.068357 J_w=0.025455 rel_change=4.606005e-05 | time=0.281s
15:03:29 | INFO | 量化器拟合完成 | tag=block11.k_proj convergence_iter=80 total_fit_time=23.541s
15:03:29 | INFO | 开始计算重建/近似误差 | layer=block11.k_proj error_mode=relative
15:03:29 | INFO | 误差计算完成 | layer=block11.k_proj err_x=0.068485 err_w=0.026007 rel_linear_error=0.068216 elapsed=0.189s
15:03:31 | INFO | block11.v_proj.X_calib stats | shape=[768, 4096] dtype=torch.float16 device=cpu mean=-0.037015 std=0.557564 min=-26.500000 max=5.378906 fro=991.028625
15:03:31 | INFO | block11.v_proj.W stats | shape=[768, 768] dtype=torch.float32 device=cpu mean=0.000046 std=0.029483 min=-0.499756 max=0.195679 fro=22.642700
15:03:31 | INFO | 开始拟合量化器 | tag=block11.v_proj d=768 N=4096 M=768 beta=100.0000 max_iters=80 tol=1.00e-05 init_mode=pca error_mode=relative
15:03:32 | INFO | tag=block11.v_proj iter=001 | J=100.087700 J_x=0.191620 J_w=0.998961 rel_change=inf | time=0.268s
15:03:32 | INFO | tag=block11.v_proj iter=002 | J=22.634327 J_x=0.312712 J_w=0.223216 rel_change=7.738551e-01 | time=0.281s
15:03:32 | INFO | tag=block11.v_proj iter=003 | J=9.428082 J_x=0.127983 J_w=0.093001 rel_change=5.834609e-01 | time=0.303s
15:03:33 | INFO | tag=block11.v_proj iter=004 | J=5.328441 J_x=0.103873 J_w=0.052246 rel_change=4.348330e-01 | time=0.281s
15:03:33 | INFO | tag=block11.v_proj iter=005 | J=4.151951 J_x=0.086859 J_w=0.040651 rel_change=2.207943e-01 | time=0.287s
15:03:33 | INFO | tag=block11.v_proj iter=006 | J=3.735519 J_x=0.078905 J_w=0.036566 rel_change=1.002980e-01 | time=0.287s
15:03:33 | INFO | tag=block11.v_proj iter=007 | J=3.551721 J_x=0.075134 J_w=0.034766 rel_change=4.920270e-02 | time=0.283s
15:03:34 | INFO | tag=block11.v_proj iter=008 | J=3.462866 J_x=0.073131 J_w=0.033897 rel_change=2.501752e-02 | time=0.284s
15:03:34 | INFO | tag=block11.v_proj iter=009 | J=3.408973 J_x=0.072021 J_w=0.033370 rel_change=1.556315e-02 | time=0.283s
15:03:34 | INFO | tag=block11.v_proj iter=010 | J=3.375954 J_x=0.071270 J_w=0.033047 rel_change=9.685789e-03 | time=0.282s
15:03:35 | INFO | tag=block11.v_proj iter=011 | J=3.355000 J_x=0.070749 J_w=0.032843 rel_change=6.206806e-03 | time=0.287s
15:03:35 | INFO | tag=block11.v_proj iter=012 | J=3.338969 J_x=0.070359 J_w=0.032686 rel_change=4.778462e-03 | time=0.281s
15:03:35 | INFO | tag=block11.v_proj iter=013 | J=3.325691 J_x=0.070061 J_w=0.032556 rel_change=3.976394e-03 | time=0.290s
15:03:35 | INFO | tag=block11.v_proj iter=014 | J=3.316448 J_x=0.069795 J_w=0.032467 rel_change=2.779490e-03 | time=0.283s
15:03:36 | INFO | tag=block11.v_proj iter=015 | J=3.309831 J_x=0.069568 J_w=0.032403 rel_change=1.995228e-03 | time=0.283s
15:03:36 | INFO | tag=block11.v_proj iter=016 | J=3.303999 J_x=0.069376 J_w=0.032346 rel_change=1.761867e-03 | time=0.282s
15:03:36 | INFO | tag=block11.v_proj iter=017 | J=3.298841 J_x=0.069215 J_w=0.032296 rel_change=1.561267e-03 | time=0.282s
15:03:37 | INFO | tag=block11.v_proj iter=018 | J=3.294223 J_x=0.069077 J_w=0.032251 rel_change=1.399864e-03 | time=0.280s
15:03:37 | INFO | tag=block11.v_proj iter=019 | J=3.290585 J_x=0.068947 J_w=0.032216 rel_change=1.104366e-03 | time=0.286s
15:03:37 | INFO | tag=block11.v_proj iter=020 | J=3.287715 J_x=0.068826 J_w=0.032189 rel_change=8.720657e-04 | time=0.282s
15:03:37 | INFO | tag=block11.v_proj iter=021 | J=3.284458 J_x=0.068725 J_w=0.032157 rel_change=9.907411e-04 | time=0.284s
15:03:38 | INFO | tag=block11.v_proj iter=022 | J=3.282566 J_x=0.068623 J_w=0.032139 rel_change=5.759285e-04 | time=0.281s
15:03:38 | INFO | tag=block11.v_proj iter=023 | J=3.281159 J_x=0.068533 J_w=0.032126 rel_change=4.288179e-04 | time=0.278s
15:03:38 | INFO | tag=block11.v_proj iter=024 | J=3.279601 J_x=0.068454 J_w=0.032111 rel_change=4.747795e-04 | time=0.289s
15:03:39 | INFO | tag=block11.v_proj iter=025 | J=3.278111 J_x=0.068380 J_w=0.032097 rel_change=4.542863e-04 | time=0.273s
15:03:39 | INFO | tag=block11.v_proj iter=026 | J=3.276562 J_x=0.068310 J_w=0.032083 rel_change=4.724572e-04 | time=0.279s
15:03:39 | INFO | tag=block11.v_proj iter=027 | J=3.275179 J_x=0.068247 J_w=0.032069 rel_change=4.222545e-04 | time=0.284s
15:03:39 | INFO | tag=block11.v_proj iter=028 | J=3.274171 J_x=0.068187 J_w=0.032060 rel_change=3.077798e-04 | time=0.288s
15:03:40 | INFO | tag=block11.v_proj iter=029 | J=3.273194 J_x=0.068129 J_w=0.032051 rel_change=2.981897e-04 | time=0.296s
15:03:40 | INFO | tag=block11.v_proj iter=030 | J=3.272408 J_x=0.068073 J_w=0.032043 rel_change=2.403711e-04 | time=0.288s
15:03:40 | INFO | tag=block11.v_proj iter=031 | J=3.271460 J_x=0.068022 J_w=0.032034 rel_change=2.895347e-04 | time=0.283s
15:03:41 | INFO | tag=block11.v_proj iter=032 | J=3.270488 J_x=0.067973 J_w=0.032025 rel_change=2.971250e-04 | time=0.274s
15:03:41 | INFO | tag=block11.v_proj iter=033 | J=3.269496 J_x=0.067927 J_w=0.032016 rel_change=3.034098e-04 | time=0.287s
15:03:41 | INFO | tag=block11.v_proj iter=034 | J=3.268690 J_x=0.067884 J_w=0.032008 rel_change=2.464768e-04 | time=0.286s
15:03:41 | INFO | tag=block11.v_proj iter=035 | J=3.267996 J_x=0.067842 J_w=0.032002 rel_change=2.122557e-04 | time=0.288s
15:03:42 | INFO | tag=block11.v_proj iter=036 | J=3.267275 J_x=0.067803 J_w=0.031995 rel_change=2.207636e-04 | time=0.286s
15:03:42 | INFO | tag=block11.v_proj iter=037 | J=3.266396 J_x=0.067769 J_w=0.031986 rel_change=2.690467e-04 | time=0.279s
15:03:42 | INFO | tag=block11.v_proj iter=038 | J=3.265620 J_x=0.067736 J_w=0.031979 rel_change=2.374408e-04 | time=0.276s
15:03:43 | INFO | tag=block11.v_proj iter=039 | J=3.265030 J_x=0.067700 J_w=0.031973 rel_change=1.807695e-04 | time=0.282s
15:03:43 | INFO | tag=block11.v_proj iter=040 | J=3.264246 J_x=0.067667 J_w=0.031966 rel_change=2.398769e-04 | time=0.303s
15:03:43 | INFO | tag=block11.v_proj iter=041 | J=3.263325 J_x=0.067640 J_w=0.031957 rel_change=2.823703e-04 | time=0.289s
15:03:43 | INFO | tag=block11.v_proj iter=042 | J=3.262589 J_x=0.067609 J_w=0.031950 rel_change=2.256093e-04 | time=0.280s
15:03:44 | INFO | tag=block11.v_proj iter=043 | J=3.262032 J_x=0.067580 J_w=0.031945 rel_change=1.705606e-04 | time=0.284s
15:03:44 | INFO | tag=block11.v_proj iter=044 | J=3.261205 J_x=0.067556 J_w=0.031936 rel_change=2.533995e-04 | time=0.286s
15:03:44 | INFO | tag=block11.v_proj iter=045 | J=3.260499 J_x=0.067534 J_w=0.031930 rel_change=2.166175e-04 | time=0.281s
15:03:45 | INFO | tag=block11.v_proj iter=046 | J=3.259960 J_x=0.067509 J_w=0.031925 rel_change=1.651856e-04 | time=0.276s
15:03:45 | INFO | tag=block11.v_proj iter=047 | J=3.259482 J_x=0.067487 J_w=0.031920 rel_change=1.468559e-04 | time=0.279s
15:03:45 | INFO | tag=block11.v_proj iter=048 | J=3.259127 J_x=0.067462 J_w=0.031917 rel_change=1.086952e-04 | time=0.290s
15:03:45 | INFO | tag=block11.v_proj iter=049 | J=3.258838 J_x=0.067442 J_w=0.031914 rel_change=8.873594e-05 | time=0.301s
15:03:46 | INFO | tag=block11.v_proj iter=050 | J=3.258676 J_x=0.067420 J_w=0.031913 rel_change=4.974921e-05 | time=0.282s
15:03:46 | INFO | tag=block11.v_proj iter=051 | J=3.258574 J_x=0.067401 J_w=0.031912 rel_change=3.131430e-05 | time=0.285s
15:03:46 | INFO | tag=block11.v_proj iter=052 | J=3.258435 J_x=0.067383 J_w=0.031911 rel_change=4.272926e-05 | time=0.283s
15:03:47 | INFO | tag=block11.v_proj iter=053 | J=3.258277 J_x=0.067368 J_w=0.031909 rel_change=4.843832e-05 | time=0.289s
15:03:47 | INFO | tag=block11.v_proj iter=054 | J=3.258163 J_x=0.067350 J_w=0.031908 rel_change=3.497679e-05 | time=0.285s
15:03:47 | INFO | tag=block11.v_proj iter=055 | J=3.257851 J_x=0.067336 J_w=0.031905 rel_change=9.571390e-05 | time=0.294s
15:03:47 | INFO | tag=block11.v_proj iter=056 | J=3.257493 J_x=0.067320 J_w=0.031902 rel_change=1.099937e-04 | time=0.299s
15:03:48 | INFO | tag=block11.v_proj iter=057 | J=3.257267 J_x=0.067305 J_w=0.031900 rel_change=6.923852e-05 | time=0.289s
15:03:48 | INFO | tag=block11.v_proj iter=058 | J=3.256944 J_x=0.067292 J_w=0.031897 rel_change=9.910724e-05 | time=0.291s
15:03:48 | INFO | tag=block11.v_proj iter=059 | J=3.256669 J_x=0.067276 J_w=0.031894 rel_change=8.469604e-05 | time=0.288s
15:03:49 | INFO | tag=block11.v_proj iter=060 | J=3.256186 J_x=0.067264 J_w=0.031889 rel_change=1.481025e-04 | time=0.282s
15:03:49 | INFO | tag=block11.v_proj iter=061 | J=3.255826 J_x=0.067249 J_w=0.031886 rel_change=1.105625e-04 | time=0.298s
15:03:49 | INFO | tag=block11.v_proj iter=062 | J=3.255528 J_x=0.067234 J_w=0.031883 rel_change=9.160859e-05 | time=0.291s
15:03:49 | INFO | tag=block11.v_proj iter=063 | J=3.255282 J_x=0.067220 J_w=0.031881 rel_change=7.565175e-05 | time=0.283s
15:03:50 | INFO | tag=block11.v_proj iter=064 | J=3.255121 J_x=0.067205 J_w=0.031879 rel_change=4.943736e-05 | time=0.285s
15:03:50 | INFO | tag=block11.v_proj iter=065 | J=3.254872 J_x=0.067193 J_w=0.031877 rel_change=7.632041e-05 | time=0.282s
15:03:50 | INFO | tag=block11.v_proj iter=066 | J=3.254586 J_x=0.067183 J_w=0.031874 rel_change=8.804620e-05 | time=0.283s
15:03:51 | INFO | tag=block11.v_proj iter=067 | J=3.254416 J_x=0.067172 J_w=0.031872 rel_change=5.208516e-05 | time=0.286s
15:03:51 | INFO | tag=block11.v_proj iter=068 | J=3.254256 J_x=0.067162 J_w=0.031871 rel_change=4.915747e-05 | time=0.291s
15:03:51 | INFO | tag=block11.v_proj iter=069 | J=3.253987 J_x=0.067153 J_w=0.031868 rel_change=8.271462e-05 | time=0.289s
15:03:51 | INFO | tag=block11.v_proj iter=070 | J=3.253881 J_x=0.067140 J_w=0.031867 rel_change=3.253174e-05 | time=0.281s
15:03:52 | INFO | tag=block11.v_proj iter=071 | J=3.253723 J_x=0.067129 J_w=0.031866 rel_change=4.865265e-05 | time=0.288s
15:03:52 | INFO | tag=block11.v_proj iter=072 | J=3.253533 J_x=0.067119 J_w=0.031864 rel_change=5.847395e-05 | time=0.296s
15:03:52 | INFO | tag=block11.v_proj iter=073 | J=3.253255 J_x=0.067108 J_w=0.031861 rel_change=8.537109e-05 | time=0.290s
15:03:53 | INFO | tag=block11.v_proj iter=074 | J=3.252951 J_x=0.067099 J_w=0.031859 rel_change=9.343986e-05 | time=0.287s
15:03:53 | INFO | tag=block11.v_proj iter=075 | J=3.252707 J_x=0.067092 J_w=0.031856 rel_change=7.505205e-05 | time=0.287s
15:03:53 | INFO | tag=block11.v_proj iter=076 | J=3.252559 J_x=0.067081 J_w=0.031855 rel_change=4.529848e-05 | time=0.286s
15:03:53 | INFO | tag=block11.v_proj iter=077 | J=3.252344 J_x=0.067072 J_w=0.031853 rel_change=6.611826e-05 | time=0.304s
15:03:54 | INFO | tag=block11.v_proj iter=078 | J=3.252042 J_x=0.067063 J_w=0.031850 rel_change=9.295287e-05 | time=0.295s
15:03:54 | INFO | tag=block11.v_proj iter=079 | J=3.251660 J_x=0.067054 J_w=0.031846 rel_change=1.174482e-04 | time=0.294s
15:03:54 | INFO | tag=block11.v_proj iter=080 | J=3.251312 J_x=0.067046 J_w=0.031843 rel_change=1.071969e-04 | time=0.284s
15:03:54 | INFO | 量化器拟合完成 | tag=block11.v_proj convergence_iter=80 total_fit_time=22.979s
15:03:54 | INFO | 开始计算重建/近似误差 | layer=block11.v_proj error_mode=relative
15:03:55 | INFO | 误差计算完成 | layer=block11.v_proj err_x=0.067221 err_w=0.033488 rel_linear_error=0.120527 elapsed=0.189s
15:03:56 | INFO | block11.out_proj.X_calib stats | shape=[768, 4096] dtype=torch.float16 device=cpu mean=-0.000149 std=0.126649 min=-1.580078 max=1.531250 fro=224.591049
15:03:56 | INFO | block11.out_proj.W stats | shape=[768, 768] dtype=torch.float32 device=cpu mean=-0.000020 std=0.031479 min=-0.875977 max=0.894043 fro=24.176212
15:03:56 | INFO | 开始拟合量化器 | tag=block11.out_proj d=768 N=4096 M=768 beta=100.0000 max_iters=80 tol=1.00e-05 init_mode=pca error_mode=relative
15:03:57 | INFO | tag=block11.out_proj iter=001 | J=100.084892 J_x=0.378196 J_w=0.997067 rel_change=inf | time=0.252s
15:03:57 | INFO | tag=block11.out_proj iter=002 | J=21.973103 J_x=0.346563 J_w=0.216265 rel_change=7.804554e-01 | time=0.287s
15:03:57 | INFO | tag=block11.out_proj iter=003 | J=8.190113 J_x=0.241427 J_w=0.079487 rel_change=6.272664e-01 | time=0.287s
15:03:58 | INFO | tag=block11.out_proj iter=004 | J=4.370077 J_x=0.193566 J_w=0.041765 rel_change=4.664204e-01 | time=0.289s
15:03:58 | INFO | tag=block11.out_proj iter=005 | J=3.429833 J_x=0.161618 J_w=0.032682 rel_change=2.151550e-01 | time=0.308s
15:03:58 | INFO | tag=block11.out_proj iter=006 | J=3.114269 J_x=0.142870 J_w=0.029714 rel_change=9.200555e-02 | time=0.297s
15:03:59 | INFO | tag=block11.out_proj iter=007 | J=2.982328 J_x=0.131613 J_w=0.028507 rel_change=4.236670e-02 | time=0.301s
15:03:59 | INFO | tag=block11.out_proj iter=008 | J=2.915396 J_x=0.124788 J_w=0.027906 rel_change=2.244278e-02 | time=0.293s
15:03:59 | INFO | tag=block11.out_proj iter=009 | J=2.876548 J_x=0.120588 J_w=0.027560 rel_change=1.332525e-02 | time=0.291s
15:03:59 | INFO | tag=block11.out_proj iter=010 | J=2.852468 J_x=0.117862 J_w=0.027346 rel_change=8.370992e-03 | time=0.292s
15:04:00 | INFO | tag=block11.out_proj iter=011 | J=2.836865 J_x=0.116097 J_w=0.027208 rel_change=5.470106e-03 | time=0.282s
15:04:00 | INFO | tag=block11.out_proj iter=012 | J=2.824902 J_x=0.114928 J_w=0.027100 rel_change=4.216940e-03 | time=0.287s
15:04:00 | INFO | tag=block11.out_proj iter=013 | J=2.814960 J_x=0.114074 J_w=0.027009 rel_change=3.519433e-03 | time=0.291s
15:04:01 | INFO | tag=block11.out_proj iter=014 | J=2.807776 J_x=0.113425 J_w=0.026944 rel_change=2.552258e-03 | time=0.285s
15:04:01 | INFO | tag=block11.out_proj iter=015 | J=2.802302 J_x=0.112888 J_w=0.026894 rel_change=1.949448e-03 | time=0.305s
15:04:01 | INFO | tag=block11.out_proj iter=016 | J=2.797726 J_x=0.112468 J_w=0.026853 rel_change=1.632932e-03 | time=0.309s
15:04:02 | INFO | tag=block11.out_proj iter=017 | J=2.793829 J_x=0.112105 J_w=0.026817 rel_change=1.392900e-03 | time=0.319s
15:04:02 | INFO | tag=block11.out_proj iter=018 | J=2.790735 J_x=0.111785 J_w=0.026790 rel_change=1.107340e-03 | time=0.313s
15:04:02 | INFO | tag=block11.out_proj iter=019 | J=2.788011 J_x=0.111490 J_w=0.026765 rel_change=9.762334e-04 | time=0.320s
15:04:02 | INFO | tag=block11.out_proj iter=020 | J=2.786098 J_x=0.111215 J_w=0.026749 rel_change=6.860921e-04 | time=0.326s
15:04:03 | INFO | tag=block11.out_proj iter=021 | J=2.784624 J_x=0.110950 J_w=0.026737 rel_change=5.292774e-04 | time=0.309s
15:04:03 | INFO | tag=block11.out_proj iter=022 | J=2.783441 J_x=0.110707 J_w=0.026727 rel_change=4.248448e-04 | time=0.299s
15:04:03 | INFO | tag=block11.out_proj iter=023 | J=2.781810 J_x=0.110494 J_w=0.026713 rel_change=5.857162e-04 | time=0.291s
15:04:04 | INFO | tag=block11.out_proj iter=024 | J=2.780141 J_x=0.110301 J_w=0.026698 rel_change=6.002010e-04 | time=0.284s
15:04:04 | INFO | tag=block11.out_proj iter=025 | J=2.778703 J_x=0.110125 J_w=0.026686 rel_change=5.171192e-04 | time=0.286s
15:04:04 | INFO | tag=block11.out_proj iter=026 | J=2.777442 J_x=0.109959 J_w=0.026675 rel_change=4.536358e-04 | time=0.287s
15:04:05 | INFO | tag=block11.out_proj iter=027 | J=2.776346 J_x=0.109806 J_w=0.026665 rel_change=3.947830e-04 | time=0.276s
15:04:05 | INFO | tag=block11.out_proj iter=028 | J=2.775219 J_x=0.109657 J_w=0.026656 rel_change=4.059309e-04 | time=0.283s
15:04:05 | INFO | tag=block11.out_proj iter=029 | J=2.773876 J_x=0.109502 J_w=0.026644 rel_change=4.837582e-04 | time=0.289s
15:04:05 | INFO | tag=block11.out_proj iter=030 | J=2.773095 J_x=0.109360 J_w=0.026637 rel_change=2.815768e-04 | time=0.289s
15:04:06 | INFO | tag=block11.out_proj iter=031 | J=2.772048 J_x=0.109229 J_w=0.026628 rel_change=3.777769e-04 | time=0.294s
15:04:06 | INFO | tag=block11.out_proj iter=032 | J=2.770864 J_x=0.109097 J_w=0.026618 rel_change=4.272023e-04 | time=0.288s
15:04:06 | INFO | tag=block11.out_proj iter=033 | J=2.769562 J_x=0.108965 J_w=0.026606 rel_change=4.696329e-04 | time=0.283s
15:04:07 | INFO | tag=block11.out_proj iter=034 | J=2.768490 J_x=0.108840 J_w=0.026597 rel_change=3.870395e-04 | time=0.296s
15:04:07 | INFO | tag=block11.out_proj iter=035 | J=2.767643 J_x=0.108720 J_w=0.026589 rel_change=3.060656e-04 | time=0.291s
15:04:07 | INFO | tag=block11.out_proj iter=036 | J=2.766891 J_x=0.108610 J_w=0.026583 rel_change=2.717013e-04 | time=0.287s
15:04:07 | INFO | tag=block11.out_proj iter=037 | J=2.765877 J_x=0.108506 J_w=0.026574 rel_change=3.663880e-04 | time=0.290s
15:04:08 | INFO | tag=block11.out_proj iter=038 | J=2.765127 J_x=0.108402 J_w=0.026567 rel_change=2.711852e-04 | time=0.286s
15:04:08 | INFO | tag=block11.out_proj iter=039 | J=2.764605 J_x=0.108303 J_w=0.026563 rel_change=1.887430e-04 | time=0.281s
15:04:08 | INFO | tag=block11.out_proj iter=040 | J=2.764302 J_x=0.108203 J_w=0.026561 rel_change=1.096106e-04 | time=0.286s
15:04:09 | INFO | tag=block11.out_proj iter=041 | J=2.763963 J_x=0.108100 J_w=0.026559 rel_change=1.226462e-04 | time=0.295s
15:04:09 | INFO | tag=block11.out_proj iter=042 | J=2.763653 J_x=0.108008 J_w=0.026556 rel_change=1.122238e-04 | time=0.282s
15:04:09 | INFO | tag=block11.out_proj iter=043 | J=2.763351 J_x=0.107920 J_w=0.026554 rel_change=1.092170e-04 | time=0.284s
15:04:09 | INFO | tag=block11.out_proj iter=044 | J=2.762916 J_x=0.107826 J_w=0.026551 rel_change=1.575451e-04 | time=0.286s
15:04:10 | INFO | tag=block11.out_proj iter=045 | J=2.762591 J_x=0.107736 J_w=0.026549 rel_change=1.174439e-04 | time=0.294s
15:04:10 | INFO | tag=block11.out_proj iter=046 | J=2.762222 J_x=0.107648 J_w=0.026546 rel_change=1.338552e-04 | time=0.305s
15:04:10 | INFO | tag=block11.out_proj iter=047 | J=2.761795 J_x=0.107557 J_w=0.026542 rel_change=1.544159e-04 | time=0.293s
15:04:11 | INFO | tag=block11.out_proj iter=048 | J=2.761126 J_x=0.107470 J_w=0.026537 rel_change=2.421484e-04 | time=0.284s
15:04:11 | INFO | tag=block11.out_proj iter=049 | J=2.760492 J_x=0.107386 J_w=0.026531 rel_change=2.298592e-04 | time=0.292s
15:04:11 | INFO | tag=block11.out_proj iter=050 | J=2.760102 J_x=0.107304 J_w=0.026528 rel_change=1.410392e-04 | time=0.283s
15:04:11 | INFO | tag=block11.out_proj iter=051 | J=2.759729 J_x=0.107227 J_w=0.026525 rel_change=1.351852e-04 | time=0.277s
15:04:12 | INFO | tag=block11.out_proj iter=052 | J=2.759417 J_x=0.107161 J_w=0.026523 rel_change=1.130872e-04 | time=0.288s
15:04:12 | INFO | tag=block11.out_proj iter=053 | J=2.759111 J_x=0.107102 J_w=0.026520 rel_change=1.109399e-04 | time=0.288s
15:04:12 | INFO | tag=block11.out_proj iter=054 | J=2.758858 J_x=0.107049 J_w=0.026518 rel_change=9.176888e-05 | time=0.286s
15:04:13 | INFO | tag=block11.out_proj iter=055 | J=2.758470 J_x=0.106997 J_w=0.026515 rel_change=1.406042e-04 | time=0.289s
15:04:13 | INFO | tag=block11.out_proj iter=056 | J=2.758058 J_x=0.106951 J_w=0.026511 rel_change=1.492671e-04 | time=0.286s
15:04:13 | INFO | tag=block11.out_proj iter=057 | J=2.757575 J_x=0.106904 J_w=0.026507 rel_change=1.751363e-04 | time=0.295s
15:04:13 | INFO | tag=block11.out_proj iter=058 | J=2.757312 J_x=0.106854 J_w=0.026505 rel_change=9.553776e-05 | time=0.295s
15:04:14 | INFO | tag=block11.out_proj iter=059 | J=2.757199 J_x=0.106810 J_w=0.026504 rel_change=4.098572e-05 | time=0.279s
15:04:14 | INFO | tag=block11.out_proj iter=060 | J=2.756925 J_x=0.106771 J_w=0.026502 rel_change=9.935554e-05 | time=0.275s
15:04:14 | INFO | tag=block11.out_proj iter=061 | J=2.756516 J_x=0.106735 J_w=0.026498 rel_change=1.483995e-04 | time=0.288s
15:04:15 | INFO | tag=block11.out_proj iter=062 | J=2.756283 J_x=0.106698 J_w=0.026496 rel_change=8.424393e-05 | time=0.276s
15:04:15 | INFO | tag=block11.out_proj iter=063 | J=2.756024 J_x=0.106661 J_w=0.026494 rel_change=9.393903e-05 | time=0.288s
15:04:15 | INFO | tag=block11.out_proj iter=064 | J=2.755847 J_x=0.106623 J_w=0.026492 rel_change=6.436207e-05 | time=0.290s
15:04:15 | INFO | tag=block11.out_proj iter=065 | J=2.755644 J_x=0.106586 J_w=0.026491 rel_change=7.370969e-05 | time=0.285s
15:04:16 | INFO | tag=block11.out_proj iter=066 | J=2.755452 J_x=0.106552 J_w=0.026489 rel_change=6.964868e-05 | time=0.288s
15:04:16 | INFO | tag=block11.out_proj iter=067 | J=2.755364 J_x=0.106516 J_w=0.026488 rel_change=3.175509e-05 | time=0.277s
15:04:16 | INFO | tag=block11.out_proj iter=068 | J=2.755282 J_x=0.106482 J_w=0.026488 rel_change=2.993899e-05 | time=0.281s
15:04:17 | INFO | tag=block11.out_proj iter=069 | J=2.755164 J_x=0.106454 J_w=0.026487 rel_change=4.266001e-05 | time=0.279s
15:04:17 | INFO | tag=block11.out_proj iter=070 | J=2.755055 J_x=0.106425 J_w=0.026486 rel_change=3.963310e-05 | time=0.283s
15:04:17 | INFO | tag=block11.out_proj iter=071 | J=2.754986 J_x=0.106395 J_w=0.026486 rel_change=2.509619e-05 | time=0.290s
15:04:17 | INFO | tag=block11.out_proj iter=072 | J=2.754895 J_x=0.106364 J_w=0.026485 rel_change=3.297203e-05 | time=0.291s
15:04:18 | INFO | tag=block11.out_proj iter=073 | J=2.754773 J_x=0.106337 J_w=0.026484 rel_change=4.431033e-05 | time=0.279s
15:04:18 | INFO | tag=block11.out_proj iter=074 | J=2.754529 J_x=0.106312 J_w=0.026482 rel_change=8.871113e-05 | time=0.278s
15:04:18 | INFO | tag=block11.out_proj iter=075 | J=2.754403 J_x=0.106291 J_w=0.026481 rel_change=4.552800e-05 | time=0.276s
15:04:19 | INFO | tag=block11.out_proj iter=076 | J=2.754280 J_x=0.106270 J_w=0.026480 rel_change=4.475104e-05 | time=0.283s
15:04:19 | INFO | tag=block11.out_proj iter=077 | J=2.754054 J_x=0.106251 J_w=0.026478 rel_change=8.223479e-05 | time=0.288s
15:04:19 | INFO | tag=block11.out_proj iter=078 | J=2.753859 J_x=0.106232 J_w=0.026476 rel_change=7.064117e-05 | time=0.284s
15:04:19 | INFO | tag=block11.out_proj iter=079 | J=2.753660 J_x=0.106216 J_w=0.026474 rel_change=7.211795e-05 | time=0.287s
15:04:20 | INFO | tag=block11.out_proj iter=080 | J=2.753500 J_x=0.106199 J_w=0.026473 rel_change=5.818338e-05 | time=0.290s
15:04:20 | INFO | 量化器拟合完成 | tag=block11.out_proj convergence_iter=80 total_fit_time=23.248s
15:04:20 | INFO | 开始计算重建/近似误差 | layer=block11.out_proj error_mode=relative
15:04:20 | INFO | 误差计算完成 | layer=block11.out_proj err_x=0.081977 err_w=0.034430 rel_linear_error=0.150778 elapsed=0.197s
15:04:22 | INFO | 扩展量化模块构建完成。
15:04:22 | INFO | 开始 PPL 评测 | tag=ours_all_blocks_qkvo stride=512 max_eval_tokens=None
15:04:47 | INFO | PPL 评测完成 | tag=ours_all_blocks_qkvo ppl=24.778036 eval_tokens=286178 target_tokens=286178 windows=556 elapsed=24.650s
15:04:51 | INFO | ========== Sweep 单次实验结束 ==========
