14:26:25 | INFO | ========== Sweep 单次实验开始 ==========
14:26:25 | INFO | combo = {
  "target.block_indices": [
    11
  ],
  "quant.beta": 5.0,
  "quant_ext.init_mode": "pca",
  "quant_ext.error_mode": "relative"
}
14:26:25 | INFO | config = {
  "data": {
    "model_name": "facebook/opt-125m",
    "dataset_name": "wikitext",
    "dataset_config": "wikitext-2-raw-v1",
    "calib_split": "train",
    "eval_split": "test",
    "calib_num_tokens": 4096,
    "eval_num_tokens": null,
    "tokenizer_use_fast": true
  },
  "quant": {
    "beta": 5.0,
    "max_iters": 80,
    "tol": 1e-05,
    "convergence_check_every": 1,
    "codebook": [
      -2.0,
      -1.0,
      0.0,
      1.0,
      2.0
    ],
    "dtype": "float32",
    "eps": 1e-08,
    "log_every": 1,
    "init_mode": "pca",
    "error_mode": "relative",
    "track_u": true,
    "track_u_every": 1,
    "track_u_full_matrix": false,
    "random_init_orthogonal": true,
    "random_init_scale": 1.0
  },
  "eval": {
    "stride": 512,
    "device": "cuda"
  },
  "target": {
    "block_indices": [
      11
    ],
    "target_linear_names": [
      "q_proj",
      "k_proj",
      "v_proj",
      "out_proj"
    ]
  },
  "output_dir": "outputs_opt_qkvo_general_sweep_u_tracking\\t_block_indices_11-__q_beta_5__init_mode_pca__error_mode_relative",
  "seed": 42
}
14:26:25 | INFO | 加载模型与 tokenizer：facebook/opt-125m
14:27:27 | INFO | 模型加载完成 | hidden_size=768 vocab_size=50272 device=cuda elapsed=62.057s
14:27:27 | INFO | 加载数据集 split=train
14:27:54 | INFO | split=train 加载完成 | non-empty text blocks=23767 chars=10940522 elapsed=26.121s
14:27:54 | INFO | 加载数据集 split=test
14:29:36 | INFO | split=test 加载完成 | non-empty text blocks=2891 chars=1291402 elapsed=102.155s
14:29:36 | INFO | 开始 PPL 评测 | tag=baseline_fp stride=512 max_eval_tokens=None
14:29:57 | INFO | PPL 评测完成 | tag=baseline_fp ppl=23.500643 eval_tokens=286178 target_tokens=286178 windows=556 elapsed=20.831s
14:30:08 | INFO | 开始收集目标线性层输入 hidden states | requested_tokens=4096 layers=['block11.q_proj', 'block11.k_proj', 'block11.v_proj', 'block11.out_proj']
14:30:08 | INFO | 输入收集完成 | layer=block11.q_proj collected_tokens=4096 forward_chunks=2 elapsed=0.162s X_shape=[768, 4096]
14:30:08 | INFO | 输入收集完成 | layer=block11.k_proj collected_tokens=4096 forward_chunks=2 elapsed=0.162s X_shape=[768, 4096]
14:30:08 | INFO | 输入收集完成 | layer=block11.v_proj collected_tokens=4096 forward_chunks=2 elapsed=0.162s X_shape=[768, 4096]
14:30:08 | INFO | 输入收集完成 | layer=block11.out_proj collected_tokens=4096 forward_chunks=2 elapsed=0.162s X_shape=[768, 4096]
14:30:08 | INFO | 开始为所有目标 transformer blocks 的 Q/K/V/O 线性层构建 SQ-XW 对照组。
14:30:08 | INFO | 开始计算 SQ-XW 对照组误差 | layer=block11.q_proj
14:30:08 | INFO | SQ-XW 误差计算完成 | layer=block11.q_proj rel_recon_error_x=0.934975 rel_recon_error_w=0.137037 rel_linear_error=0.841778 elapsed=0.049s
14:30:08 | INFO | SQ-XW 对照组构建完成 | layer=block11.q_proj bits=3 x_scale=3.78571439 w_scale=0.07163783
14:30:08 | INFO | 开始计算 SQ-XW 对照组误差 | layer=block11.k_proj
14:30:08 | INFO | SQ-XW 误差计算完成 | layer=block11.k_proj rel_recon_error_x=0.934975 rel_recon_error_w=0.159061 rel_linear_error=0.758373 elapsed=0.036s
14:30:08 | INFO | SQ-XW 对照组构建完成 | layer=block11.k_proj bits=3 x_scale=3.78571439 w_scale=0.07533482
14:30:08 | INFO | 开始计算 SQ-XW 对照组误差 | layer=block11.v_proj
14:30:08 | INFO | SQ-XW 误差计算完成 | layer=block11.v_proj rel_recon_error_x=0.934975 rel_recon_error_w=0.440576 rel_linear_error=1.034687 elapsed=0.035s
14:30:08 | INFO | SQ-XW 对照组构建完成 | layer=block11.v_proj bits=3 x_scale=3.78571439 w_scale=0.07139369
14:30:08 | INFO | 开始计算 SQ-XW 对照组误差 | layer=block11.out_proj
14:30:08 | INFO | SQ-XW 误差计算完成 | layer=block11.out_proj rel_recon_error_x=0.192631 rel_recon_error_w=0.744155 rel_linear_error=0.829729 elapsed=0.029s
14:30:08 | INFO | SQ-XW 对照组构建完成 | layer=block11.out_proj bits=3 x_scale=0.22572544 w_scale=0.12772043
14:30:08 | INFO | 开始 PPL 评测 | tag=sq_all_blocks_qkvo stride=512 max_eval_tokens=None
14:30:28 | INFO | PPL 评测完成 | tag=sq_all_blocks_qkvo ppl=27.267649 eval_tokens=286178 target_tokens=286178 windows=556 elapsed=20.352s
14:30:28 | INFO | 开始为目标层构建扩展量化器。
14:30:28 | INFO | block11.q_proj.X_calib stats | shape=[768, 4096] dtype=torch.float16 device=cpu mean=-0.037015 std=0.557564 min=-26.500000 max=5.378906 fro=991.028625
14:30:28 | INFO | block11.q_proj.W stats | shape=[768, 768] dtype=torch.float32 device=cpu mean=-0.000252 std=0.055656 min=-0.487549 max=0.501465 fro=42.744507
14:30:28 | INFO | 开始拟合量化器 | tag=block11.q_proj d=768 N=4096 M=768 beta=5.0000 max_iters=80 tol=1.00e-05 init_mode=pca error_mode=relative
14:30:29 | INFO | tag=block11.q_proj iter=001 | J=5.144726 J_x=0.191298 J_w=0.990686 rel_change=inf | time=0.180s
14:30:29 | INFO | tag=block11.q_proj iter=002 | J=1.489897 J_x=0.149807 J_w=0.268018 rel_change=7.104030e-01 | time=0.180s
14:30:29 | INFO | tag=block11.q_proj iter=003 | J=0.620213 J_x=0.105031 J_w=0.103036 rel_change=5.837207e-01 | time=0.181s
14:30:29 | INFO | tag=block11.q_proj iter=004 | J=0.391091 J_x=0.087430 J_w=0.060732 rel_change=2.291227e-01 | time=0.173s
14:30:29 | INFO | tag=block11.q_proj iter=005 | J=0.313172 J_x=0.078108 J_w=0.047013 rel_change=7.791832e-02 | time=0.169s
14:30:29 | INFO | tag=block11.q_proj iter=006 | J=0.277897 J_x=0.072737 J_w=0.041032 rel_change=3.527546e-02 | time=0.176s
14:30:30 | INFO | tag=block11.q_proj iter=007 | J=0.258517 J_x=0.069422 J_w=0.037819 rel_change=1.938009e-02 | time=0.177s
14:30:30 | INFO | tag=block11.q_proj iter=008 | J=0.246466 J_x=0.067163 J_w=0.035861 rel_change=1.205093e-02 | time=0.188s
14:30:30 | INFO | tag=block11.q_proj iter=009 | J=0.238246 J_x=0.065540 J_w=0.034541 rel_change=8.219898e-03 | time=0.177s
14:30:30 | INFO | tag=block11.q_proj iter=010 | J=0.232239 J_x=0.064287 J_w=0.033591 rel_change=6.006703e-03 | time=0.171s
14:30:30 | INFO | tag=block11.q_proj iter=011 | J=0.227661 J_x=0.063294 J_w=0.032874 rel_change=4.578039e-03 | time=0.170s
14:30:31 | INFO | tag=block11.q_proj iter=012 | J=0.223954 J_x=0.062491 J_w=0.032293 rel_change=3.706902e-03 | time=0.176s
14:30:31 | INFO | tag=block11.q_proj iter=013 | J=0.220947 J_x=0.061805 J_w=0.031829 rel_change=3.007203e-03 | time=0.192s
14:30:31 | INFO | tag=block11.q_proj iter=014 | J=0.218415 J_x=0.061219 J_w=0.031439 rel_change=2.532631e-03 | time=0.179s
14:30:31 | INFO | tag=block11.q_proj iter=015 | J=0.216333 J_x=0.060709 J_w=0.031125 rel_change=2.081364e-03 | time=0.181s
14:30:31 | INFO | tag=block11.q_proj iter=016 | J=0.214479 J_x=0.060269 J_w=0.030842 rel_change=1.853988e-03 | time=0.181s
14:30:31 | INFO | tag=block11.q_proj iter=017 | J=0.212835 J_x=0.059880 J_w=0.030591 rel_change=1.644135e-03 | time=0.176s
14:30:32 | INFO | tag=block11.q_proj iter=018 | J=0.211418 J_x=0.059535 J_w=0.030377 rel_change=1.416788e-03 | time=0.180s
14:30:32 | INFO | tag=block11.q_proj iter=019 | J=0.210167 J_x=0.059223 J_w=0.030189 rel_change=1.251236e-03 | time=0.181s
14:30:32 | INFO | tag=block11.q_proj iter=020 | J=0.209013 J_x=0.058941 J_w=0.030014 rel_change=1.153991e-03 | time=0.181s
14:30:32 | INFO | tag=block11.q_proj iter=021 | J=0.207967 J_x=0.058682 J_w=0.029857 rel_change=1.046509e-03 | time=0.169s
14:30:32 | INFO | tag=block11.q_proj iter=022 | J=0.206999 J_x=0.058441 J_w=0.029712 rel_change=9.671748e-04 | time=0.194s
14:30:32 | INFO | tag=block11.q_proj iter=023 | J=0.206173 J_x=0.058218 J_w=0.029591 rel_change=8.263737e-04 | time=0.174s
14:30:33 | INFO | tag=block11.q_proj iter=024 | J=0.205399 J_x=0.058014 J_w=0.029477 rel_change=7.741600e-04 | time=0.179s
14:30:33 | INFO | tag=block11.q_proj iter=025 | J=0.204671 J_x=0.057825 J_w=0.029369 rel_change=7.275939e-04 | time=0.178s
14:30:33 | INFO | tag=block11.q_proj iter=026 | J=0.204027 J_x=0.057647 J_w=0.029276 rel_change=6.440729e-04 | time=0.182s
14:30:33 | INFO | tag=block11.q_proj iter=027 | J=0.203415 J_x=0.057485 J_w=0.029186 rel_change=6.123483e-04 | time=0.176s
14:30:33 | INFO | tag=block11.q_proj iter=028 | J=0.202825 J_x=0.057337 J_w=0.029098 rel_change=5.902350e-04 | time=0.171s
14:30:34 | INFO | tag=block11.q_proj iter=029 | J=0.202285 J_x=0.057197 J_w=0.029018 rel_change=5.398989e-04 | time=0.174s
14:30:34 | INFO | tag=block11.q_proj iter=030 | J=0.201790 J_x=0.057066 J_w=0.028945 rel_change=4.946738e-04 | time=0.174s
14:30:34 | INFO | tag=block11.q_proj iter=031 | J=0.201308 J_x=0.056943 J_w=0.028873 rel_change=4.824996e-04 | time=0.181s
14:30:34 | INFO | tag=block11.q_proj iter=032 | J=0.200862 J_x=0.056829 J_w=0.028807 rel_change=4.450679e-04 | time=0.181s
14:30:34 | INFO | tag=block11.q_proj iter=033 | J=0.200415 J_x=0.056721 J_w=0.028739 rel_change=4.473776e-04 | time=0.171s
14:30:34 | INFO | tag=block11.q_proj iter=034 | J=0.200036 J_x=0.056619 J_w=0.028683 rel_change=3.794283e-04 | time=0.177s
14:30:35 | INFO | tag=block11.q_proj iter=035 | J=0.199706 J_x=0.056520 J_w=0.028637 rel_change=3.301054e-04 | time=0.170s
14:30:35 | INFO | tag=block11.q_proj iter=036 | J=0.199329 J_x=0.056430 J_w=0.028580 rel_change=3.762692e-04 | time=0.175s
14:30:35 | INFO | tag=block11.q_proj iter=037 | J=0.198989 J_x=0.056341 J_w=0.028530 rel_change=3.399104e-04 | time=0.173s
14:30:35 | INFO | tag=block11.q_proj iter=038 | J=0.198678 J_x=0.056256 J_w=0.028484 rel_change=3.112406e-04 | time=0.178s
14:30:35 | INFO | tag=block11.q_proj iter=039 | J=0.198372 J_x=0.056175 J_w=0.028440 rel_change=3.057569e-04 | time=0.176s
14:30:35 | INFO | tag=block11.q_proj iter=040 | J=0.198062 J_x=0.056099 J_w=0.028392 rel_change=3.105849e-04 | time=0.179s
14:30:36 | INFO | tag=block11.q_proj iter=041 | J=0.197792 J_x=0.056026 J_w=0.028353 rel_change=2.700984e-04 | time=0.172s
14:30:36 | INFO | tag=block11.q_proj iter=042 | J=0.197516 J_x=0.055960 J_w=0.028311 rel_change=2.756417e-04 | time=0.174s
14:30:36 | INFO | tag=block11.q_proj iter=043 | J=0.197241 J_x=0.055898 J_w=0.028269 rel_change=2.755076e-04 | time=0.171s
14:30:36 | INFO | tag=block11.q_proj iter=044 | J=0.196982 J_x=0.055837 J_w=0.028229 rel_change=2.588481e-04 | time=0.175s
14:30:36 | INFO | tag=block11.q_proj iter=045 | J=0.196754 J_x=0.055779 J_w=0.028195 rel_change=2.272427e-04 | time=0.182s
14:30:37 | INFO | tag=block11.q_proj iter=046 | J=0.196553 J_x=0.055726 J_w=0.028166 rel_change=2.011061e-04 | time=0.175s
14:30:37 | INFO | tag=block11.q_proj iter=047 | J=0.196374 J_x=0.055673 J_w=0.028140 rel_change=1.795292e-04 | time=0.194s
14:30:37 | INFO | tag=block11.q_proj iter=048 | J=0.196183 J_x=0.055623 J_w=0.028112 rel_change=1.906455e-04 | time=0.189s
14:30:37 | INFO | tag=block11.q_proj iter=049 | J=0.195991 J_x=0.055577 J_w=0.028083 rel_change=1.919419e-04 | time=0.182s
14:30:37 | INFO | tag=block11.q_proj iter=050 | J=0.195796 J_x=0.055532 J_w=0.028053 rel_change=1.952201e-04 | time=0.178s
14:30:37 | INFO | tag=block11.q_proj iter=051 | J=0.195615 J_x=0.055490 J_w=0.028025 rel_change=1.811981e-04 | time=0.183s
14:30:38 | INFO | tag=block11.q_proj iter=052 | J=0.195453 J_x=0.055451 J_w=0.028000 rel_change=1.618862e-04 | time=0.182s
14:30:38 | INFO | tag=block11.q_proj iter=053 | J=0.195293 J_x=0.055411 J_w=0.027976 rel_change=1.603663e-04 | time=0.184s
14:30:38 | INFO | tag=block11.q_proj iter=054 | J=0.195149 J_x=0.055371 J_w=0.027956 rel_change=1.433641e-04 | time=0.173s
14:30:38 | INFO | tag=block11.q_proj iter=055 | J=0.195011 J_x=0.055334 J_w=0.027935 rel_change=1.380295e-04 | time=0.183s
14:30:38 | INFO | tag=block11.q_proj iter=056 | J=0.194856 J_x=0.055299 J_w=0.027911 rel_change=1.553148e-04 | time=0.180s
14:30:39 | INFO | tag=block11.q_proj iter=057 | J=0.194728 J_x=0.055265 J_w=0.027892 rel_change=1.280159e-04 | time=0.176s
14:30:39 | INFO | tag=block11.q_proj iter=058 | J=0.194579 J_x=0.055235 J_w=0.027869 rel_change=1.487881e-04 | time=0.183s
14:30:39 | INFO | tag=block11.q_proj iter=059 | J=0.194446 J_x=0.055204 J_w=0.027848 rel_change=1.334995e-04 | time=0.176s
14:30:39 | INFO | tag=block11.q_proj iter=060 | J=0.194323 J_x=0.055175 J_w=0.027830 rel_change=1.223683e-04 | time=0.181s
14:30:39 | INFO | tag=block11.q_proj iter=061 | J=0.194211 J_x=0.055145 J_w=0.027813 rel_change=1.118481e-04 | time=0.179s
14:30:39 | INFO | tag=block11.q_proj iter=062 | J=0.194093 J_x=0.055116 J_w=0.027795 rel_change=1.181662e-04 | time=0.178s
14:30:40 | INFO | tag=block11.q_proj iter=063 | J=0.193984 J_x=0.055088 J_w=0.027779 rel_change=1.095533e-04 | time=0.184s
14:30:40 | INFO | tag=block11.q_proj iter=064 | J=0.193881 J_x=0.055059 J_w=0.027764 rel_change=1.027733e-04 | time=0.185s
14:30:40 | INFO | tag=block11.q_proj iter=065 | J=0.193785 J_x=0.055032 J_w=0.027750 rel_change=9.606779e-05 | time=0.174s
14:30:40 | INFO | tag=block11.q_proj iter=066 | J=0.193693 J_x=0.055007 J_w=0.027737 rel_change=9.214878e-05 | time=0.175s
14:30:40 | INFO | tag=block11.q_proj iter=067 | J=0.193610 J_x=0.054982 J_w=0.027726 rel_change=8.229911e-05 | time=0.180s
14:30:41 | INFO | tag=block11.q_proj iter=068 | J=0.193524 J_x=0.054960 J_w=0.027713 rel_change=8.592010e-05 | time=0.182s
14:30:41 | INFO | tag=block11.q_proj iter=069 | J=0.193436 J_x=0.054938 J_w=0.027700 rel_change=8.805096e-05 | time=0.179s
14:30:41 | INFO | tag=block11.q_proj iter=070 | J=0.193348 J_x=0.054915 J_w=0.027687 rel_change=8.802116e-05 | time=0.175s
14:30:41 | INFO | tag=block11.q_proj iter=071 | J=0.193251 J_x=0.054894 J_w=0.027671 rel_change=9.743869e-05 | time=0.185s
14:30:41 | INFO | tag=block11.q_proj iter=072 | J=0.193169 J_x=0.054873 J_w=0.027659 rel_change=8.228421e-05 | time=0.181s
14:30:41 | INFO | tag=block11.q_proj iter=073 | J=0.193093 J_x=0.054852 J_w=0.027648 rel_change=7.511675e-05 | time=0.173s
14:30:42 | INFO | tag=block11.q_proj iter=074 | J=0.193015 J_x=0.054832 J_w=0.027637 rel_change=7.857382e-05 | time=0.169s
14:30:42 | INFO | tag=block11.q_proj iter=075 | J=0.192942 J_x=0.054813 J_w=0.027626 rel_change=7.274747e-05 | time=0.174s
14:30:42 | INFO | tag=block11.q_proj iter=076 | J=0.192878 J_x=0.054795 J_w=0.027617 rel_change=6.380677e-05 | time=0.173s
14:30:42 | INFO | tag=block11.q_proj iter=077 | J=0.192810 J_x=0.054778 J_w=0.027606 rel_change=6.794930e-05 | time=0.166s
14:30:42 | INFO | tag=block11.q_proj iter=078 | J=0.192745 J_x=0.054763 J_w=0.027596 rel_change=6.556511e-05 | time=0.172s
14:30:42 | INFO | tag=block11.q_proj iter=079 | J=0.192698 J_x=0.054747 J_w=0.027590 rel_change=4.711747e-05 | time=0.171s
14:30:43 | INFO | tag=block11.q_proj iter=080 | J=0.192638 J_x=0.054732 J_w=0.027581 rel_change=6.006658e-05 | time=0.177s
14:30:43 | INFO | 量化器拟合完成 | tag=block11.q_proj convergence_iter=80 total_fit_time=14.348s
14:30:43 | INFO | 开始计算重建/近似误差 | layer=block11.q_proj error_mode=relative
14:30:43 | INFO | 误差计算完成 | layer=block11.q_proj err_x=0.054824 err_w=0.027808 rel_linear_error=0.084118 elapsed=0.124s
14:30:44 | INFO | block11.k_proj.X_calib stats | shape=[768, 4096] dtype=torch.float16 device=cpu mean=-0.037015 std=0.557564 min=-26.500000 max=5.378906 fro=991.028625
14:30:44 | INFO | block11.k_proj.W stats | shape=[768, 768] dtype=torch.float32 device=cpu mean=0.000053 std=0.054432 min=-0.527344 max=0.527344 fro=41.803741
14:30:44 | INFO | 开始拟合量化器 | tag=block11.k_proj d=768 N=4096 M=768 beta=5.0000 max_iters=80 tol=1.00e-05 init_mode=pca error_mode=relative
14:30:44 | INFO | tag=block11.k_proj iter=001 | J=5.187081 J_x=0.191082 J_w=0.999200 rel_change=inf | time=0.179s
14:30:44 | INFO | tag=block11.k_proj iter=002 | J=1.541662 J_x=0.150628 J_w=0.278207 rel_change=7.027881e-01 | time=0.180s
14:30:45 | INFO | tag=block11.k_proj iter=003 | J=0.634600 J_x=0.105419 J_w=0.105836 rel_change=5.883662e-01 | time=0.181s
14:30:45 | INFO | tag=block11.k_proj iter=004 | J=0.397007 J_x=0.087495 J_w=0.061902 rel_change=2.375929e-01 | time=0.176s
14:30:45 | INFO | tag=block11.k_proj iter=005 | J=0.315539 J_x=0.078234 J_w=0.047461 rel_change=8.146822e-02 | time=0.180s
14:30:45 | INFO | tag=block11.k_proj iter=006 | J=0.277632 J_x=0.072841 J_w=0.040958 rel_change=3.790739e-02 | time=0.178s
14:30:45 | INFO | tag=block11.k_proj iter=007 | J=0.257100 J_x=0.069469 J_w=0.037526 rel_change=2.053228e-02 | time=0.178s
14:30:46 | INFO | tag=block11.k_proj iter=008 | J=0.244164 J_x=0.067206 J_w=0.035391 rel_change=1.293592e-02 | time=0.176s
14:30:46 | INFO | tag=block11.k_proj iter=009 | J=0.235352 J_x=0.065549 J_w=0.033961 rel_change=8.811727e-03 | time=0.173s
14:30:46 | INFO | tag=block11.k_proj iter=010 | J=0.228912 J_x=0.064265 J_w=0.032929 rel_change=6.439850e-03 | time=0.183s
14:30:46 | INFO | tag=block11.k_proj iter=011 | J=0.224000 J_x=0.063245 J_w=0.032151 rel_change=4.911825e-03 | time=0.176s
14:30:46 | INFO | tag=block11.k_proj iter=012 | J=0.220157 J_x=0.062404 J_w=0.031550 rel_change=3.843293e-03 | time=0.177s
14:30:46 | INFO | tag=block11.k_proj iter=013 | J=0.216959 J_x=0.061702 J_w=0.031051 rel_change=3.198221e-03 | time=0.166s
14:30:47 | INFO | tag=block11.k_proj iter=014 | J=0.214321 J_x=0.061097 J_w=0.030645 rel_change=2.638012e-03 | time=0.177s
14:30:47 | INFO | tag=block11.k_proj iter=015 | J=0.212091 J_x=0.060573 J_w=0.030304 rel_change=2.229273e-03 | time=0.175s
14:30:47 | INFO | tag=block11.k_proj iter=016 | J=0.210191 J_x=0.060118 J_w=0.030015 rel_change=1.900688e-03 | time=0.172s
14:30:47 | INFO | tag=block11.k_proj iter=017 | J=0.208535 J_x=0.059722 J_w=0.029763 rel_change=1.655906e-03 | time=0.184s
14:30:47 | INFO | tag=block11.k_proj iter=018 | J=0.207036 J_x=0.059364 J_w=0.029534 rel_change=1.498625e-03 | time=0.173s
14:30:47 | INFO | tag=block11.k_proj iter=019 | J=0.205748 J_x=0.059036 J_w=0.029342 rel_change=1.288474e-03 | time=0.176s
14:30:48 | INFO | tag=block11.k_proj iter=020 | J=0.204589 J_x=0.058740 J_w=0.029170 rel_change=1.158744e-03 | time=0.176s
14:30:48 | INFO | tag=block11.k_proj iter=021 | J=0.203544 J_x=0.058474 J_w=0.029014 rel_change=1.044646e-03 | time=0.173s
14:30:48 | INFO | tag=block11.k_proj iter=022 | J=0.202589 J_x=0.058228 J_w=0.028872 rel_change=9.553581e-04 | time=0.183s
14:30:48 | INFO | tag=block11.k_proj iter=023 | J=0.201667 J_x=0.058006 J_w=0.028732 rel_change=9.223968e-04 | time=0.178s
14:30:48 | INFO | tag=block11.k_proj iter=024 | J=0.200884 J_x=0.057796 J_w=0.028618 rel_change=7.826686e-04 | time=0.178s
14:30:49 | INFO | tag=block11.k_proj iter=025 | J=0.200168 J_x=0.057603 J_w=0.028513 rel_change=7.157475e-04 | time=0.176s
14:30:49 | INFO | tag=block11.k_proj iter=026 | J=0.199486 J_x=0.057428 J_w=0.028412 rel_change=6.821752e-04 | time=0.179s
14:30:49 | INFO | tag=block11.k_proj iter=027 | J=0.198835 J_x=0.057265 J_w=0.028314 rel_change=6.513298e-04 | time=0.172s
14:30:49 | INFO | tag=block11.k_proj iter=028 | J=0.198212 J_x=0.057115 J_w=0.028220 rel_change=6.223768e-04 | time=0.172s
14:30:49 | INFO | tag=block11.k_proj iter=029 | J=0.197627 J_x=0.056971 J_w=0.028131 rel_change=5.850345e-04 | time=0.178s
14:30:49 | INFO | tag=block11.k_proj iter=030 | J=0.197102 J_x=0.056841 J_w=0.028052 rel_change=5.248338e-04 | time=0.180s
14:30:50 | INFO | tag=block11.k_proj iter=031 | J=0.196626 J_x=0.056721 J_w=0.027981 rel_change=4.759580e-04 | time=0.184s
14:30:50 | INFO | tag=block11.k_proj iter=032 | J=0.196188 J_x=0.056606 J_w=0.027916 rel_change=4.385263e-04 | time=0.176s
14:30:50 | INFO | tag=block11.k_proj iter=033 | J=0.195737 J_x=0.056499 J_w=0.027848 rel_change=4.512519e-04 | time=0.176s
14:30:50 | INFO | tag=block11.k_proj iter=034 | J=0.195348 J_x=0.056399 J_w=0.027790 rel_change=3.890991e-04 | time=0.171s
14:30:50 | INFO | tag=block11.k_proj iter=035 | J=0.194974 J_x=0.056307 J_w=0.027733 rel_change=3.732294e-04 | time=0.176s
14:30:50 | INFO | tag=block11.k_proj iter=036 | J=0.194652 J_x=0.056216 J_w=0.027687 rel_change=3.221184e-04 | time=0.177s
14:30:51 | INFO | tag=block11.k_proj iter=037 | J=0.194329 J_x=0.056130 J_w=0.027640 rel_change=3.235340e-04 | time=0.177s
14:30:51 | INFO | tag=block11.k_proj iter=038 | J=0.193988 J_x=0.056052 J_w=0.027587 rel_change=3.408939e-04 | time=0.177s
14:30:51 | INFO | tag=block11.k_proj iter=039 | J=0.193689 J_x=0.055977 J_w=0.027543 rel_change=2.983809e-04 | time=0.178s
14:30:51 | INFO | tag=block11.k_proj iter=040 | J=0.193423 J_x=0.055905 J_w=0.027504 rel_change=2.668500e-04 | time=0.176s
14:30:51 | INFO | tag=block11.k_proj iter=041 | J=0.193154 J_x=0.055835 J_w=0.027464 rel_change=2.683252e-04 | time=0.173s
14:30:52 | INFO | tag=block11.k_proj iter=042 | J=0.192871 J_x=0.055767 J_w=0.027421 rel_change=2.834052e-04 | time=0.207s
14:30:52 | INFO | tag=block11.k_proj iter=043 | J=0.192610 J_x=0.055701 J_w=0.027382 rel_change=2.605170e-04 | time=0.170s
14:30:52 | INFO | tag=block11.k_proj iter=044 | J=0.192339 J_x=0.055638 J_w=0.027340 rel_change=2.713948e-04 | time=0.176s
14:30:52 | INFO | tag=block11.k_proj iter=045 | J=0.192099 J_x=0.055579 J_w=0.027304 rel_change=2.395809e-04 | time=0.170s
14:30:52 | INFO | tag=block11.k_proj iter=046 | J=0.191852 J_x=0.055523 J_w=0.027266 rel_change=2.472401e-04 | time=0.180s
14:30:52 | INFO | tag=block11.k_proj iter=047 | J=0.191642 J_x=0.055467 J_w=0.027235 rel_change=2.096742e-04 | time=0.173s
14:30:53 | INFO | tag=block11.k_proj iter=048 | J=0.191440 J_x=0.055414 J_w=0.027205 rel_change=2.024323e-04 | time=0.174s
14:30:53 | INFO | tag=block11.k_proj iter=049 | J=0.191243 J_x=0.055366 J_w=0.027175 rel_change=1.967102e-04 | time=0.172s
14:30:53 | INFO | tag=block11.k_proj iter=050 | J=0.191059 J_x=0.055320 J_w=0.027148 rel_change=1.841486e-04 | time=0.173s
14:30:53 | INFO | tag=block11.k_proj iter=051 | J=0.190879 J_x=0.055277 J_w=0.027120 rel_change=1.803637e-04 | time=0.174s
14:30:53 | INFO | tag=block11.k_proj iter=052 | J=0.190690 J_x=0.055235 J_w=0.027091 rel_change=1.886487e-04 | time=0.171s
14:30:53 | INFO | tag=block11.k_proj iter=053 | J=0.190511 J_x=0.055192 J_w=0.027064 rel_change=1.792908e-04 | time=0.168s
14:30:54 | INFO | tag=block11.k_proj iter=054 | J=0.190316 J_x=0.055151 J_w=0.027033 rel_change=1.946986e-04 | time=0.177s
14:30:54 | INFO | tag=block11.k_proj iter=055 | J=0.190133 J_x=0.055114 J_w=0.027004 rel_change=1.828223e-04 | time=0.174s
14:30:54 | INFO | tag=block11.k_proj iter=056 | J=0.189982 J_x=0.055076 J_w=0.026981 rel_change=1.511574e-04 | time=0.181s
14:30:54 | INFO | tag=block11.k_proj iter=057 | J=0.189840 J_x=0.055037 J_w=0.026961 rel_change=1.417249e-04 | time=0.173s
14:30:54 | INFO | tag=block11.k_proj iter=058 | J=0.189716 J_x=0.054999 J_w=0.026943 rel_change=1.242161e-04 | time=0.180s
14:30:55 | INFO | tag=block11.k_proj iter=059 | J=0.189578 J_x=0.054964 J_w=0.026923 rel_change=1.386702e-04 | time=0.177s
14:30:55 | INFO | tag=block11.k_proj iter=060 | J=0.189466 J_x=0.054928 J_w=0.026908 rel_change=1.120120e-04 | time=0.174s
14:30:55 | INFO | tag=block11.k_proj iter=061 | J=0.189338 J_x=0.054894 J_w=0.026889 rel_change=1.276433e-04 | time=0.181s
14:30:55 | INFO | tag=block11.k_proj iter=062 | J=0.189212 J_x=0.054862 J_w=0.026870 rel_change=1.262873e-04 | time=0.174s
14:30:55 | INFO | tag=block11.k_proj iter=063 | J=0.189096 J_x=0.054832 J_w=0.026853 rel_change=1.154393e-04 | time=0.178s
14:30:55 | INFO | tag=block11.k_proj iter=064 | J=0.188970 J_x=0.054802 J_w=0.026834 rel_change=1.261383e-04 | time=0.176s
14:30:56 | INFO | tag=block11.k_proj iter=065 | J=0.188865 J_x=0.054773 J_w=0.026818 rel_change=1.050532e-04 | time=0.174s
14:30:56 | INFO | tag=block11.k_proj iter=066 | J=0.188766 J_x=0.054746 J_w=0.026804 rel_change=9.892881e-05 | time=0.170s
14:30:56 | INFO | tag=block11.k_proj iter=067 | J=0.188665 J_x=0.054721 J_w=0.026789 rel_change=1.005977e-04 | time=0.176s
14:30:56 | INFO | tag=block11.k_proj iter=068 | J=0.188582 J_x=0.054696 J_w=0.026777 rel_change=8.298457e-05 | time=0.177s
14:30:56 | INFO | tag=block11.k_proj iter=069 | J=0.188506 J_x=0.054673 J_w=0.026767 rel_change=7.693470e-05 | time=0.175s
14:30:56 | INFO | tag=block11.k_proj iter=070 | J=0.188407 J_x=0.054651 J_w=0.026751 rel_change=9.822845e-05 | time=0.187s
14:30:57 | INFO | tag=block11.k_proj iter=071 | J=0.188318 J_x=0.054629 J_w=0.026738 rel_change=8.904934e-05 | time=0.179s
14:30:57 | INFO | tag=block11.k_proj iter=072 | J=0.188229 J_x=0.054609 J_w=0.026724 rel_change=8.971989e-05 | time=0.178s
14:30:57 | INFO | tag=block11.k_proj iter=073 | J=0.188140 J_x=0.054589 J_w=0.026710 rel_change=8.876622e-05 | time=0.174s
14:30:57 | INFO | tag=block11.k_proj iter=074 | J=0.188060 J_x=0.054570 J_w=0.026698 rel_change=7.982552e-05 | time=0.169s
14:30:57 | INFO | tag=block11.k_proj iter=075 | J=0.187979 J_x=0.054550 J_w=0.026686 rel_change=8.137524e-05 | time=0.182s
14:30:58 | INFO | tag=block11.k_proj iter=076 | J=0.187902 J_x=0.054531 J_w=0.026674 rel_change=7.700920e-05 | time=0.179s
14:30:58 | INFO | tag=block11.k_proj iter=077 | J=0.187838 J_x=0.054512 J_w=0.026665 rel_change=6.319582e-05 | time=0.176s
14:30:58 | INFO | tag=block11.k_proj iter=078 | J=0.187781 J_x=0.054495 J_w=0.026657 rel_change=5.733967e-05 | time=0.178s
14:30:58 | INFO | tag=block11.k_proj iter=079 | J=0.187730 J_x=0.054477 J_w=0.026650 rel_change=5.146861e-05 | time=0.193s
14:30:58 | INFO | tag=block11.k_proj iter=080 | J=0.187656 J_x=0.054462 J_w=0.026639 rel_change=7.385015e-05 | time=0.177s
14:30:58 | INFO | 量化器拟合完成 | tag=block11.k_proj convergence_iter=80 total_fit_time=14.244s
14:30:58 | INFO | 开始计算重建/近似误差 | layer=block11.k_proj error_mode=relative
14:30:58 | INFO | 误差计算完成 | layer=block11.k_proj err_x=0.054537 err_w=0.026886 rel_linear_error=0.080918 elapsed=0.126s
14:31:00 | INFO | block11.v_proj.X_calib stats | shape=[768, 4096] dtype=torch.float16 device=cpu mean=-0.037015 std=0.557564 min=-26.500000 max=5.378906 fro=991.028625
14:31:00 | INFO | block11.v_proj.W stats | shape=[768, 768] dtype=torch.float32 device=cpu mean=0.000046 std=0.029483 min=-0.499756 max=0.195679 fro=22.642700
14:31:00 | INFO | 开始拟合量化器 | tag=block11.v_proj d=768 N=4096 M=768 beta=5.0000 max_iters=80 tol=1.00e-05 init_mode=pca error_mode=relative
14:31:00 | INFO | tag=block11.v_proj iter=001 | J=5.186538 J_x=0.191162 J_w=0.999075 rel_change=inf | time=0.181s
14:31:01 | INFO | tag=block11.v_proj iter=002 | J=1.466291 J_x=0.151756 J_w=0.262907 rel_change=7.172890e-01 | time=0.182s
14:31:01 | INFO | tag=block11.v_proj iter=003 | J=0.644170 J_x=0.104645 J_w=0.107905 rel_change=5.606805e-01 | time=0.182s
14:31:01 | INFO | tag=block11.v_proj iter=004 | J=0.403842 J_x=0.087260 J_w=0.063316 rel_change=2.403281e-01 | time=0.186s
14:31:01 | INFO | tag=block11.v_proj iter=005 | J=0.320484 J_x=0.077931 J_w=0.048511 rel_change=8.335859e-02 | time=0.187s
14:31:01 | INFO | tag=block11.v_proj iter=006 | J=0.283861 J_x=0.072616 J_w=0.042249 rel_change=3.662217e-02 | time=0.182s
14:31:01 | INFO | tag=block11.v_proj iter=007 | J=0.264795 J_x=0.069343 J_w=0.039090 rel_change=1.906651e-02 | time=0.173s
14:31:02 | INFO | tag=block11.v_proj iter=008 | J=0.253345 J_x=0.067173 J_w=0.037234 rel_change=1.145029e-02 | time=0.180s
14:31:02 | INFO | tag=block11.v_proj iter=009 | J=0.245695 J_x=0.065620 J_w=0.036015 rel_change=7.649228e-03 | time=0.180s
14:31:02 | INFO | tag=block11.v_proj iter=010 | J=0.240062 J_x=0.064448 J_w=0.035123 rel_change=5.633697e-03 | time=0.185s
14:31:02 | INFO | tag=block11.v_proj iter=011 | J=0.235905 J_x=0.063503 J_w=0.034480 rel_change=4.156500e-03 | time=0.186s
14:31:02 | INFO | tag=block11.v_proj iter=012 | J=0.232676 J_x=0.062723 J_w=0.033991 rel_change=3.229454e-03 | time=0.185s
14:31:03 | INFO | tag=block11.v_proj iter=013 | J=0.230024 J_x=0.062066 J_w=0.033592 rel_change=2.652064e-03 | time=0.183s
14:31:03 | INFO | tag=block11.v_proj iter=014 | J=0.227828 J_x=0.061506 J_w=0.033264 rel_change=2.195925e-03 | time=0.178s
14:31:03 | INFO | tag=block11.v_proj iter=015 | J=0.225974 J_x=0.061021 J_w=0.032991 rel_change=1.853615e-03 | time=0.177s
14:31:03 | INFO | tag=block11.v_proj iter=016 | J=0.224359 J_x=0.060591 J_w=0.032753 rel_change=1.615331e-03 | time=0.181s
14:31:03 | INFO | tag=block11.v_proj iter=017 | J=0.222889 J_x=0.060205 J_w=0.032537 rel_change=1.469821e-03 | time=0.174s
14:31:03 | INFO | tag=block11.v_proj iter=018 | J=0.221618 J_x=0.059851 J_w=0.032353 rel_change=1.270697e-03 | time=0.183s
14:31:04 | INFO | tag=block11.v_proj iter=019 | J=0.220453 J_x=0.059536 J_w=0.032183 rel_change=1.165479e-03 | time=0.183s
14:31:04 | INFO | tag=block11.v_proj iter=020 | J=0.219390 J_x=0.059245 J_w=0.032029 rel_change=1.062840e-03 | time=0.177s
14:31:04 | INFO | tag=block11.v_proj iter=021 | J=0.218423 J_x=0.058977 J_w=0.031889 rel_change=9.673834e-04 | time=0.178s
14:31:04 | INFO | tag=block11.v_proj iter=022 | J=0.217575 J_x=0.058733 J_w=0.031768 rel_change=8.476973e-04 | time=0.187s
14:31:04 | INFO | tag=block11.v_proj iter=023 | J=0.216812 J_x=0.058509 J_w=0.031661 rel_change=7.623732e-04 | time=0.174s
14:31:05 | INFO | tag=block11.v_proj iter=024 | J=0.216113 J_x=0.058303 J_w=0.031562 rel_change=6.997883e-04 | time=0.177s
14:31:05 | INFO | tag=block11.v_proj iter=025 | J=0.215453 J_x=0.058114 J_w=0.031468 rel_change=6.596446e-04 | time=0.179s
14:31:05 | INFO | tag=block11.v_proj iter=026 | J=0.214868 J_x=0.057935 J_w=0.031387 rel_change=5.847365e-04 | time=0.175s
14:31:05 | INFO | tag=block11.v_proj iter=027 | J=0.214318 J_x=0.057772 J_w=0.031309 rel_change=5.500466e-04 | time=0.180s
14:31:05 | INFO | tag=block11.v_proj iter=028 | J=0.213761 J_x=0.057619 J_w=0.031228 rel_change=5.574524e-04 | time=0.177s
14:31:05 | INFO | tag=block11.v_proj iter=029 | J=0.213253 J_x=0.057468 J_w=0.031157 rel_change=5.075037e-04 | time=0.180s
14:31:06 | INFO | tag=block11.v_proj iter=030 | J=0.212739 J_x=0.057333 J_w=0.031081 rel_change=5.138516e-04 | time=0.179s
14:31:06 | INFO | tag=block11.v_proj iter=031 | J=0.212289 J_x=0.057202 J_w=0.031017 rel_change=4.508793e-04 | time=0.173s
14:31:06 | INFO | tag=block11.v_proj iter=032 | J=0.211869 J_x=0.057078 J_w=0.030958 rel_change=4.194379e-04 | time=0.178s
14:31:06 | INFO | tag=block11.v_proj iter=033 | J=0.211466 J_x=0.056965 J_w=0.030900 rel_change=4.034042e-04 | time=0.178s
14:31:06 | INFO | tag=block11.v_proj iter=034 | J=0.211062 J_x=0.056860 J_w=0.030840 rel_change=4.040897e-04 | time=0.182s
14:31:07 | INFO | tag=block11.v_proj iter=035 | J=0.210683 J_x=0.056760 J_w=0.030784 rel_change=3.789365e-04 | time=0.220s
14:31:07 | INFO | tag=block11.v_proj iter=036 | J=0.210306 J_x=0.056664 J_w=0.030728 rel_change=3.771782e-04 | time=0.181s
14:31:07 | INFO | tag=block11.v_proj iter=037 | J=0.209982 J_x=0.056574 J_w=0.030681 rel_change=3.240258e-04 | time=0.184s
14:31:07 | INFO | tag=block11.v_proj iter=038 | J=0.209663 J_x=0.056489 J_w=0.030635 rel_change=3.185719e-04 | time=0.172s
14:31:07 | INFO | tag=block11.v_proj iter=039 | J=0.209364 J_x=0.056408 J_w=0.030591 rel_change=2.987534e-04 | time=0.183s
14:31:07 | INFO | tag=block11.v_proj iter=040 | J=0.209062 J_x=0.056329 J_w=0.030547 rel_change=3.026575e-04 | time=0.175s
14:31:08 | INFO | tag=block11.v_proj iter=041 | J=0.208797 J_x=0.056254 J_w=0.030509 rel_change=2.646744e-04 | time=0.175s
14:31:08 | INFO | tag=block11.v_proj iter=042 | J=0.208527 J_x=0.056185 J_w=0.030468 rel_change=2.694279e-04 | time=0.184s
14:31:08 | INFO | tag=block11.v_proj iter=043 | J=0.208273 J_x=0.056119 J_w=0.030431 rel_change=2.546310e-04 | time=0.177s
14:31:08 | INFO | tag=block11.v_proj iter=044 | J=0.208039 J_x=0.056054 J_w=0.030397 rel_change=2.335757e-04 | time=0.176s
14:31:08 | INFO | tag=block11.v_proj iter=045 | J=0.207800 J_x=0.055993 J_w=0.030361 rel_change=2.389103e-04 | time=0.173s
14:31:08 | INFO | tag=block11.v_proj iter=046 | J=0.207585 J_x=0.055932 J_w=0.030331 rel_change=2.153367e-04 | time=0.180s
14:31:09 | INFO | tag=block11.v_proj iter=047 | J=0.207386 J_x=0.055873 J_w=0.030303 rel_change=1.991987e-04 | time=0.184s
14:31:09 | INFO | tag=block11.v_proj iter=048 | J=0.207193 J_x=0.055817 J_w=0.030275 rel_change=1.922995e-04 | time=0.182s
14:31:09 | INFO | tag=block11.v_proj iter=049 | J=0.207003 J_x=0.055762 J_w=0.030248 rel_change=1.900643e-04 | time=0.179s
14:31:09 | INFO | tag=block11.v_proj iter=050 | J=0.206832 J_x=0.055706 J_w=0.030225 rel_change=1.716316e-04 | time=0.181s
14:31:09 | INFO | tag=block11.v_proj iter=051 | J=0.206649 J_x=0.055653 J_w=0.030199 rel_change=1.827776e-04 | time=0.185s
14:31:10 | INFO | tag=block11.v_proj iter=052 | J=0.206474 J_x=0.055602 J_w=0.030174 rel_change=1.747310e-04 | time=0.173s
14:31:10 | INFO | tag=block11.v_proj iter=053 | J=0.206323 J_x=0.055553 J_w=0.030154 rel_change=1.517385e-04 | time=0.177s
14:31:10 | INFO | tag=block11.v_proj iter=054 | J=0.206152 J_x=0.055506 J_w=0.030129 rel_change=1.707375e-04 | time=0.181s
14:31:10 | INFO | tag=block11.v_proj iter=055 | J=0.205995 J_x=0.055460 J_w=0.030107 rel_change=1.565367e-04 | time=0.182s
14:31:10 | INFO | tag=block11.v_proj iter=056 | J=0.205840 J_x=0.055417 J_w=0.030085 rel_change=1.552403e-04 | time=0.179s
14:31:10 | INFO | tag=block11.v_proj iter=057 | J=0.205695 J_x=0.055377 J_w=0.030064 rel_change=1.453012e-04 | time=0.174s
14:31:11 | INFO | tag=block11.v_proj iter=058 | J=0.205550 J_x=0.055340 J_w=0.030042 rel_change=1.447052e-04 | time=0.186s
14:31:11 | INFO | tag=block11.v_proj iter=059 | J=0.205423 J_x=0.055304 J_w=0.030024 rel_change=1.269877e-04 | time=0.182s
14:31:11 | INFO | tag=block11.v_proj iter=060 | J=0.205297 J_x=0.055269 J_w=0.030006 rel_change=1.258999e-04 | time=0.182s
14:31:11 | INFO | tag=block11.v_proj iter=061 | J=0.205189 J_x=0.055235 J_w=0.029991 rel_change=1.076609e-04 | time=0.183s
14:31:11 | INFO | tag=block11.v_proj iter=062 | J=0.205073 J_x=0.055203 J_w=0.029974 rel_change=1.165420e-04 | time=0.182s
14:31:12 | INFO | tag=block11.v_proj iter=063 | J=0.204947 J_x=0.055172 J_w=0.029955 rel_change=1.263320e-04 | time=0.183s
14:31:12 | INFO | tag=block11.v_proj iter=064 | J=0.204839 J_x=0.055143 J_w=0.029939 rel_change=1.077503e-04 | time=0.178s
14:31:12 | INFO | tag=block11.v_proj iter=065 | J=0.204717 J_x=0.055115 J_w=0.029920 rel_change=1.215339e-04 | time=0.184s
14:31:12 | INFO | tag=block11.v_proj iter=066 | J=0.204603 J_x=0.055087 J_w=0.029903 rel_change=1.146793e-04 | time=0.185s
14:31:12 | INFO | tag=block11.v_proj iter=067 | J=0.204483 J_x=0.055059 J_w=0.029885 rel_change=1.198202e-04 | time=0.181s
14:31:12 | INFO | tag=block11.v_proj iter=068 | J=0.204372 J_x=0.055033 J_w=0.029868 rel_change=1.112223e-04 | time=0.181s
14:31:13 | INFO | tag=block11.v_proj iter=069 | J=0.204289 J_x=0.055005 J_w=0.029857 rel_change=8.292496e-05 | time=0.176s
14:31:13 | INFO | tag=block11.v_proj iter=070 | J=0.204209 J_x=0.054978 J_w=0.029846 rel_change=7.991493e-05 | time=0.183s
14:31:13 | INFO | tag=block11.v_proj iter=071 | J=0.204118 J_x=0.054952 J_w=0.029833 rel_change=9.043515e-05 | time=0.180s
14:31:13 | INFO | tag=block11.v_proj iter=072 | J=0.204019 J_x=0.054928 J_w=0.029818 rel_change=9.930134e-05 | time=0.182s
14:31:13 | INFO | tag=block11.v_proj iter=073 | J=0.203925 J_x=0.054906 J_w=0.029804 rel_change=9.390712e-05 | time=0.176s
14:31:14 | INFO | tag=block11.v_proj iter=074 | J=0.203851 J_x=0.054884 J_w=0.029793 rel_change=7.413328e-05 | time=0.190s
14:31:14 | INFO | tag=block11.v_proj iter=075 | J=0.203773 J_x=0.054863 J_w=0.029782 rel_change=7.788837e-05 | time=0.182s
14:31:14 | INFO | tag=block11.v_proj iter=076 | J=0.203692 J_x=0.054843 J_w=0.029770 rel_change=8.083880e-05 | time=0.185s
14:31:14 | INFO | tag=block11.v_proj iter=077 | J=0.203596 J_x=0.054824 J_w=0.029754 rel_change=9.654462e-05 | time=0.192s
14:31:14 | INFO | tag=block11.v_proj iter=078 | J=0.203507 J_x=0.054806 J_w=0.029740 rel_change=8.895993e-05 | time=0.187s
14:31:14 | INFO | tag=block11.v_proj iter=079 | J=0.203418 J_x=0.054788 J_w=0.029726 rel_change=8.919835e-05 | time=0.183s
14:31:15 | INFO | tag=block11.v_proj iter=080 | J=0.203338 J_x=0.054769 J_w=0.029714 rel_change=7.979572e-05 | time=0.183s
14:31:15 | INFO | 量化器拟合完成 | tag=block11.v_proj convergence_iter=80 total_fit_time=14.608s
14:31:15 | INFO | 开始计算重建/近似误差 | layer=block11.v_proj error_mode=relative
14:31:15 | INFO | 误差计算完成 | layer=block11.v_proj err_x=0.054872 err_w=0.030625 rel_linear_error=0.113678 elapsed=0.125s
14:31:16 | INFO | block11.out_proj.X_calib stats | shape=[768, 4096] dtype=torch.float16 device=cpu mean=-0.000149 std=0.126649 min=-1.580078 max=1.531250 fro=224.591049
14:31:16 | INFO | block11.out_proj.W stats | shape=[768, 768] dtype=torch.float32 device=cpu mean=-0.000020 std=0.031479 min=-0.875977 max=0.894043 fro=24.176212
14:31:16 | INFO | 开始拟合量化器 | tag=block11.out_proj d=768 N=4096 M=768 beta=5.0000 max_iters=80 tol=1.00e-05 init_mode=pca error_mode=relative
14:31:16 | INFO | tag=block11.out_proj iter=001 | J=5.363750 J_x=0.374314 J_w=0.997887 rel_change=inf | time=0.168s
14:31:16 | INFO | tag=block11.out_proj iter=002 | J=1.456949 J_x=0.268382 J_w=0.237714 rel_change=7.283712e-01 | time=0.186s
14:31:17 | INFO | tag=block11.out_proj iter=003 | J=0.669242 J_x=0.196644 J_w=0.094519 rel_change=5.406556e-01 | time=0.194s
14:31:17 | INFO | tag=block11.out_proj iter=004 | J=0.434564 J_x=0.162220 J_w=0.054469 rel_change=2.346773e-01 | time=0.178s
14:31:17 | INFO | tag=block11.out_proj iter=005 | J=0.358400 J_x=0.143258 J_w=0.043029 rel_change=7.616416e-02 | time=0.182s
14:31:17 | INFO | tag=block11.out_proj iter=006 | J=0.323376 J_x=0.131981 J_w=0.038279 rel_change=3.502423e-02 | time=0.179s
14:31:17 | INFO | tag=block11.out_proj iter=007 | J=0.303596 J_x=0.124626 J_w=0.035794 rel_change=1.977968e-02 | time=0.193s
14:31:18 | INFO | tag=block11.out_proj iter=008 | J=0.290685 J_x=0.119319 J_w=0.034273 rel_change=1.291141e-02 | time=0.185s
14:31:18 | INFO | tag=block11.out_proj iter=009 | J=0.281136 J_x=0.115257 J_w=0.033176 rel_change=9.549081e-03 | time=0.196s
14:31:18 | INFO | tag=block11.out_proj iter=010 | J=0.273771 J_x=0.112060 J_w=0.032342 rel_change=7.364571e-03 | time=0.188s
14:31:18 | INFO | tag=block11.out_proj iter=011 | J=0.267795 J_x=0.109497 J_w=0.031659 rel_change=5.976409e-03 | time=0.178s
14:31:18 | INFO | tag=block11.out_proj iter=012 | J=0.262693 J_x=0.107338 J_w=0.031071 rel_change=5.102128e-03 | time=0.193s
14:31:18 | INFO | tag=block11.out_proj iter=013 | J=0.258443 J_x=0.105476 J_w=0.030594 rel_change=4.249096e-03 | time=0.176s
14:31:19 | INFO | tag=block11.out_proj iter=014 | J=0.254736 J_x=0.103871 J_w=0.030173 rel_change=3.707170e-03 | time=0.184s
14:31:19 | INFO | tag=block11.out_proj iter=015 | J=0.251468 J_x=0.102441 J_w=0.029806 rel_change=3.267825e-03 | time=0.184s
14:31:19 | INFO | tag=block11.out_proj iter=016 | J=0.248569 J_x=0.101162 J_w=0.029481 rel_change=2.899334e-03 | time=0.184s
14:31:19 | INFO | tag=block11.out_proj iter=017 | J=0.246033 J_x=0.100013 J_w=0.029204 rel_change=2.536222e-03 | time=0.196s
14:31:19 | INFO | tag=block11.out_proj iter=018 | J=0.243851 J_x=0.099008 J_w=0.028969 rel_change=2.182335e-03 | time=0.174s
14:31:20 | INFO | tag=block11.out_proj iter=019 | J=0.241946 J_x=0.098104 J_w=0.028768 rel_change=1.904935e-03 | time=0.175s
14:31:20 | INFO | tag=block11.out_proj iter=020 | J=0.240223 J_x=0.097319 J_w=0.028581 rel_change=1.722291e-03 | time=0.179s
14:31:20 | INFO | tag=block11.out_proj iter=021 | J=0.238702 J_x=0.096619 J_w=0.028416 rel_change=1.521677e-03 | time=0.174s
14:31:20 | INFO | tag=block11.out_proj iter=022 | J=0.237299 J_x=0.096004 J_w=0.028259 rel_change=1.402944e-03 | time=0.189s
14:31:20 | INFO | tag=block11.out_proj iter=023 | J=0.236112 J_x=0.095449 J_w=0.028133 rel_change=1.186267e-03 | time=0.183s
14:31:20 | INFO | tag=block11.out_proj iter=024 | J=0.235060 J_x=0.094959 J_w=0.028020 rel_change=1.052082e-03 | time=0.183s
14:31:21 | INFO | tag=block11.out_proj iter=025 | J=0.234103 J_x=0.094517 J_w=0.027917 rel_change=9.576827e-04 | time=0.186s
14:31:21 | INFO | tag=block11.out_proj iter=026 | J=0.233213 J_x=0.094096 J_w=0.027823 rel_change=8.896142e-04 | time=0.183s
14:31:21 | INFO | tag=block11.out_proj iter=027 | J=0.232290 J_x=0.093702 J_w=0.027717 rel_change=9.232163e-04 | time=0.172s
14:31:21 | INFO | tag=block11.out_proj iter=028 | J=0.231478 J_x=0.093332 J_w=0.027629 rel_change=8.114278e-04 | time=0.182s
14:31:21 | INFO | tag=block11.out_proj iter=029 | J=0.230682 J_x=0.092984 J_w=0.027540 rel_change=7.965416e-04 | time=0.194s
14:31:22 | INFO | tag=block11.out_proj iter=030 | J=0.230030 J_x=0.092635 J_w=0.027479 rel_change=6.522387e-04 | time=0.191s
14:31:22 | INFO | tag=block11.out_proj iter=031 | J=0.229403 J_x=0.092318 J_w=0.027417 rel_change=6.264001e-04 | time=0.198s
14:31:22 | INFO | tag=block11.out_proj iter=032 | J=0.228783 J_x=0.092018 J_w=0.027353 rel_change=6.203055e-04 | time=0.181s
14:31:22 | INFO | tag=block11.out_proj iter=033 | J=0.228200 J_x=0.091736 J_w=0.027293 rel_change=5.827993e-04 | time=0.183s
14:31:22 | INFO | tag=block11.out_proj iter=034 | J=0.227699 J_x=0.091447 J_w=0.027250 rel_change=5.013049e-04 | time=0.217s
14:31:23 | INFO | tag=block11.out_proj iter=035 | J=0.227155 J_x=0.091166 J_w=0.027198 rel_change=5.441606e-04 | time=0.181s
14:31:23 | INFO | tag=block11.out_proj iter=036 | J=0.226661 J_x=0.090908 J_w=0.027151 rel_change=4.933476e-04 | time=0.195s
14:31:23 | INFO | tag=block11.out_proj iter=037 | J=0.226223 J_x=0.090661 J_w=0.027112 rel_change=4.386306e-04 | time=0.225s
14:31:23 | INFO | tag=block11.out_proj iter=038 | J=0.225602 J_x=0.090446 J_w=0.027031 rel_change=6.211102e-04 | time=0.210s
14:31:23 | INFO | tag=block11.out_proj iter=039 | J=0.225139 J_x=0.090233 J_w=0.026981 rel_change=4.630685e-04 | time=0.203s
14:31:24 | INFO | tag=block11.out_proj iter=040 | J=0.224759 J_x=0.090033 J_w=0.026945 rel_change=3.794432e-04 | time=0.192s
14:31:24 | INFO | tag=block11.out_proj iter=041 | J=0.224383 J_x=0.089837 J_w=0.026909 rel_change=3.760457e-04 | time=0.189s
14:31:24 | INFO | tag=block11.out_proj iter=042 | J=0.224017 J_x=0.089650 J_w=0.026873 rel_change=3.661960e-04 | time=0.190s
14:31:24 | INFO | tag=block11.out_proj iter=043 | J=0.223662 J_x=0.089491 J_w=0.026834 rel_change=3.548115e-04 | time=0.181s
14:31:24 | INFO | tag=block11.out_proj iter=044 | J=0.223329 J_x=0.089341 J_w=0.026798 rel_change=3.329515e-04 | time=0.185s
14:31:25 | INFO | tag=block11.out_proj iter=045 | J=0.223022 J_x=0.089204 J_w=0.026763 rel_change=3.075898e-04 | time=0.178s
14:31:25 | INFO | tag=block11.out_proj iter=046 | J=0.222723 J_x=0.089075 J_w=0.026730 rel_change=2.983510e-04 | time=0.179s
14:31:25 | INFO | tag=block11.out_proj iter=047 | J=0.222481 J_x=0.088951 J_w=0.026706 rel_change=2.423823e-04 | time=0.198s
14:31:25 | INFO | tag=block11.out_proj iter=048 | J=0.222217 J_x=0.088838 J_w=0.026676 rel_change=2.638400e-04 | time=0.195s
14:31:25 | INFO | tag=block11.out_proj iter=049 | J=0.221984 J_x=0.088727 J_w=0.026651 rel_change=2.331734e-04 | time=0.198s
14:31:25 | INFO | tag=block11.out_proj iter=050 | J=0.221735 J_x=0.088627 J_w=0.026622 rel_change=2.487153e-04 | time=0.193s
14:31:26 | INFO | tag=block11.out_proj iter=051 | J=0.221472 J_x=0.088532 J_w=0.026588 rel_change=2.629757e-04 | time=0.197s
14:31:26 | INFO | tag=block11.out_proj iter=052 | J=0.221254 J_x=0.088439 J_w=0.026563 rel_change=2.183169e-04 | time=0.191s
14:31:26 | INFO | tag=block11.out_proj iter=053 | J=0.221077 J_x=0.088349 J_w=0.026546 rel_change=1.767576e-04 | time=0.194s
14:31:26 | INFO | tag=block11.out_proj iter=054 | J=0.220861 J_x=0.088262 J_w=0.026520 rel_change=2.160072e-04 | time=0.196s
14:31:26 | INFO | tag=block11.out_proj iter=055 | J=0.220618 J_x=0.088183 J_w=0.026487 rel_change=2.425909e-04 | time=0.192s
14:31:27 | INFO | tag=block11.out_proj iter=056 | J=0.220427 J_x=0.088105 J_w=0.026464 rel_change=1.914650e-04 | time=0.223s
14:31:27 | INFO | tag=block11.out_proj iter=057 | J=0.220272 J_x=0.088023 J_w=0.026450 rel_change=1.554042e-04 | time=0.187s
14:31:27 | INFO | tag=block11.out_proj iter=058 | J=0.220095 J_x=0.087945 J_w=0.026430 rel_change=1.762360e-04 | time=0.179s
14:31:27 | INFO | tag=block11.out_proj iter=059 | J=0.219945 J_x=0.087872 J_w=0.026415 rel_change=1.501292e-04 | time=0.187s
14:31:27 | INFO | tag=block11.out_proj iter=060 | J=0.219789 J_x=0.087805 J_w=0.026397 rel_change=1.558959e-04 | time=0.176s
14:31:28 | INFO | tag=block11.out_proj iter=061 | J=0.219616 J_x=0.087743 J_w=0.026375 rel_change=1.731813e-04 | time=0.179s
14:31:28 | INFO | tag=block11.out_proj iter=062 | J=0.219449 J_x=0.087679 J_w=0.026354 rel_change=1.667887e-04 | time=0.181s
14:31:28 | INFO | tag=block11.out_proj iter=063 | J=0.219296 J_x=0.087616 J_w=0.026336 rel_change=1.537353e-04 | time=0.191s
14:31:28 | INFO | tag=block11.out_proj iter=064 | J=0.219189 J_x=0.087555 J_w=0.026327 rel_change=1.067221e-04 | time=0.185s
14:31:28 | INFO | tag=block11.out_proj iter=065 | J=0.219039 J_x=0.087496 J_w=0.026309 rel_change=1.500398e-04 | time=0.172s
14:31:28 | INFO | tag=block11.out_proj iter=066 | J=0.218904 J_x=0.087437 J_w=0.026293 rel_change=1.347810e-04 | time=0.182s
14:31:29 | INFO | tag=block11.out_proj iter=067 | J=0.218778 J_x=0.087383 J_w=0.026279 rel_change=1.255274e-04 | time=0.179s
14:31:29 | INFO | tag=block11.out_proj iter=068 | J=0.218645 J_x=0.087331 J_w=0.026263 rel_change=1.337826e-04 | time=0.179s
14:31:29 | INFO | tag=block11.out_proj iter=069 | J=0.218526 J_x=0.087279 J_w=0.026249 rel_change=1.191944e-04 | time=0.179s
14:31:29 | INFO | tag=block11.out_proj iter=070 | J=0.218431 J_x=0.087225 J_w=0.026241 rel_change=9.492040e-05 | time=0.188s
14:31:29 | INFO | tag=block11.out_proj iter=071 | J=0.218323 J_x=0.087177 J_w=0.026229 rel_change=1.080930e-04 | time=0.182s
14:31:30 | INFO | tag=block11.out_proj iter=072 | J=0.218199 J_x=0.087130 J_w=0.026214 rel_change=1.235902e-04 | time=0.182s
14:31:30 | INFO | tag=block11.out_proj iter=073 | J=0.218084 J_x=0.087086 J_w=0.026200 rel_change=1.148432e-04 | time=0.179s
14:31:30 | INFO | tag=block11.out_proj iter=074 | J=0.217986 J_x=0.087043 J_w=0.026189 rel_change=9.772182e-05 | time=0.179s
14:31:30 | INFO | tag=block11.out_proj iter=075 | J=0.217908 J_x=0.087000 J_w=0.026182 rel_change=7.829070e-05 | time=0.185s
14:31:30 | INFO | tag=block11.out_proj iter=076 | J=0.217828 J_x=0.086956 J_w=0.026174 rel_change=8.051097e-05 | time=0.181s
14:31:31 | INFO | tag=block11.out_proj iter=077 | J=0.217741 J_x=0.086910 J_w=0.026166 rel_change=8.675456e-05 | time=0.186s
14:31:31 | INFO | tag=block11.out_proj iter=078 | J=0.217666 J_x=0.086863 J_w=0.026160 rel_change=7.513165e-05 | time=0.191s
14:31:31 | INFO | tag=block11.out_proj iter=079 | J=0.217578 J_x=0.086823 J_w=0.026151 rel_change=8.796155e-05 | time=0.196s
14:31:31 | INFO | tag=block11.out_proj iter=080 | J=0.217513 J_x=0.086782 J_w=0.026146 rel_change=6.493926e-05 | time=0.185s
14:31:31 | INFO | 量化器拟合完成 | tag=block11.out_proj convergence_iter=80 total_fit_time=15.066s
14:31:31 | INFO | 开始计算重建/近似误差 | layer=block11.out_proj error_mode=relative
14:31:31 | INFO | 误差计算完成 | layer=block11.out_proj err_x=0.067363 err_w=0.038868 rel_linear_error=0.179479 elapsed=0.126s
14:31:32 | INFO | 扩展量化模块构建完成。
14:31:32 | INFO | 开始 PPL 评测 | tag=ours_all_blocks_qkvo stride=512 max_eval_tokens=None
14:31:55 | INFO | PPL 评测完成 | tag=ours_all_blocks_qkvo ppl=25.049313 eval_tokens=286178 target_tokens=286178 windows=556 elapsed=22.597s
14:31:57 | INFO | ========== Sweep 单次实验结束 ==========
