13:41:50 | INFO | ========== Sweep 单次实验开始 ==========
13:41:50 | INFO | combo = {
  "target.block_indices": [
    11
  ],
  "quant.beta": 0.01,
  "quant_ext.init_mode": "random",
  "quant_ext.error_mode": "relative"
}
13:41:50 | INFO | config = {
  "data": {
    "model_name": "facebook/opt-125m",
    "dataset_name": "wikitext",
    "dataset_config": "wikitext-2-raw-v1",
    "calib_split": "train",
    "eval_split": "test",
    "calib_num_tokens": 4096,
    "eval_num_tokens": null,
    "tokenizer_use_fast": true
  },
  "quant": {
    "beta": 0.01,
    "max_iters": 80,
    "tol": 1e-05,
    "convergence_check_every": 1,
    "codebook": [
      -2.0,
      -1.0,
      0.0,
      1.0,
      2.0
    ],
    "dtype": "float32",
    "eps": 1e-08,
    "log_every": 1,
    "init_mode": "random",
    "error_mode": "relative",
    "track_u": true,
    "track_u_every": 1,
    "track_u_full_matrix": false,
    "random_init_orthogonal": true,
    "random_init_scale": 1.0
  },
  "eval": {
    "stride": 512,
    "device": "cuda"
  },
  "target": {
    "block_indices": [
      11
    ],
    "target_linear_names": [
      "q_proj",
      "k_proj",
      "v_proj",
      "out_proj"
    ]
  },
  "output_dir": "outputs_opt_qkvo_general_sweep_u_tracking\\t_block_indices_11-__q_beta_0.01__init_mode_random__error_mode_relative",
  "seed": 42
}
13:41:50 | INFO | 加载模型与 tokenizer：facebook/opt-125m
13:42:03 | INFO | 模型加载完成 | hidden_size=768 vocab_size=50272 device=cuda elapsed=12.996s
13:42:03 | INFO | 加载数据集 split=train
13:42:11 | INFO | split=train 加载完成 | non-empty text blocks=23767 chars=10940522 elapsed=7.324s
13:42:11 | INFO | 加载数据集 split=test
13:42:15 | INFO | split=test 加载完成 | non-empty text blocks=2891 chars=1291402 elapsed=4.644s
13:42:15 | INFO | 开始 PPL 评测 | tag=baseline_fp stride=512 max_eval_tokens=None
13:42:36 | INFO | PPL 评测完成 | tag=baseline_fp ppl=23.500643 eval_tokens=286178 target_tokens=286178 windows=556 elapsed=20.439s
13:42:50 | INFO | 开始收集目标线性层输入 hidden states | requested_tokens=4096 layers=['block11.q_proj', 'block11.k_proj', 'block11.v_proj', 'block11.out_proj']
13:42:51 | INFO | 输入收集完成 | layer=block11.q_proj collected_tokens=4096 forward_chunks=2 elapsed=0.390s X_shape=[768, 4096]
13:42:51 | INFO | 输入收集完成 | layer=block11.k_proj collected_tokens=4096 forward_chunks=2 elapsed=0.390s X_shape=[768, 4096]
13:42:51 | INFO | 输入收集完成 | layer=block11.v_proj collected_tokens=4096 forward_chunks=2 elapsed=0.390s X_shape=[768, 4096]
13:42:51 | INFO | 输入收集完成 | layer=block11.out_proj collected_tokens=4096 forward_chunks=2 elapsed=0.390s X_shape=[768, 4096]
13:42:51 | INFO | 开始为所有目标 transformer blocks 的 Q/K/V/O 线性层构建 SQ-XW 对照组。
13:42:51 | INFO | 开始计算 SQ-XW 对照组误差 | layer=block11.q_proj
13:42:51 | INFO | SQ-XW 误差计算完成 | layer=block11.q_proj rel_recon_error_x=0.934975 rel_recon_error_w=0.137037 rel_linear_error=0.841778 elapsed=0.048s
13:42:51 | INFO | SQ-XW 对照组构建完成 | layer=block11.q_proj bits=3 x_scale=3.78571439 w_scale=0.07163783
13:42:51 | INFO | 开始计算 SQ-XW 对照组误差 | layer=block11.k_proj
13:42:51 | INFO | SQ-XW 误差计算完成 | layer=block11.k_proj rel_recon_error_x=0.934975 rel_recon_error_w=0.159061 rel_linear_error=0.758373 elapsed=0.048s
13:42:51 | INFO | SQ-XW 对照组构建完成 | layer=block11.k_proj bits=3 x_scale=3.78571439 w_scale=0.07533482
13:42:51 | INFO | 开始计算 SQ-XW 对照组误差 | layer=block11.v_proj
13:42:51 | INFO | SQ-XW 误差计算完成 | layer=block11.v_proj rel_recon_error_x=0.934975 rel_recon_error_w=0.440576 rel_linear_error=1.034687 elapsed=0.048s
13:42:51 | INFO | SQ-XW 对照组构建完成 | layer=block11.v_proj bits=3 x_scale=3.78571439 w_scale=0.07139369
13:42:51 | INFO | 开始计算 SQ-XW 对照组误差 | layer=block11.out_proj
13:42:51 | INFO | SQ-XW 误差计算完成 | layer=block11.out_proj rel_recon_error_x=0.192631 rel_recon_error_w=0.744155 rel_linear_error=0.829729 elapsed=0.049s
13:42:51 | INFO | SQ-XW 对照组构建完成 | layer=block11.out_proj bits=3 x_scale=0.22572544 w_scale=0.12772043
13:42:51 | INFO | 开始 PPL 评测 | tag=sq_all_blocks_qkvo stride=512 max_eval_tokens=None
13:43:12 | INFO | PPL 评测完成 | tag=sq_all_blocks_qkvo ppl=27.267649 eval_tokens=286178 target_tokens=286178 windows=556 elapsed=21.436s
13:43:12 | INFO | 开始为目标层构建扩展量化器。
13:43:12 | INFO | block11.q_proj.X_calib stats | shape=[768, 4096] dtype=torch.float16 device=cpu mean=-0.037015 std=0.557564 min=-26.500000 max=5.378906 fro=991.028625
13:43:12 | INFO | block11.q_proj.W stats | shape=[768, 768] dtype=torch.float32 device=cpu mean=-0.000252 std=0.055656 min=-0.487549 max=0.501465 fro=42.744507
13:43:12 | INFO | 开始拟合量化器 | tag=block11.q_proj d=768 N=4096 M=768 beta=0.0100 max_iters=80 tol=1.00e-05 init_mode=random error_mode=relative
13:43:13 | INFO | tag=block11.q_proj iter=001 | J=0.197294 J_x=0.187294 J_w=1.000000 rel_change=inf | time=0.279s
13:43:13 | INFO | tag=block11.q_proj iter=002 | J=0.129154 J_x=0.125189 J_w=0.396477 rel_change=6.813963e-02 | time=0.280s
13:43:13 | INFO | tag=block11.q_proj iter=003 | J=0.103101 J_x=0.101270 J_w=0.183157 rel_change=2.605281e-02 | time=0.281s
13:43:13 | INFO | tag=block11.q_proj iter=004 | J=0.089806 J_x=0.088554 J_w=0.125265 rel_change=1.329464e-02 | time=0.279s
13:43:14 | INFO | tag=block11.q_proj iter=005 | J=0.081777 J_x=0.080728 J_w=0.104912 rel_change=8.028984e-03 | time=0.282s
13:43:14 | INFO | tag=block11.q_proj iter=006 | J=0.076463 J_x=0.075502 J_w=0.096122 rel_change=5.314097e-03 | time=0.287s
13:43:14 | INFO | tag=block11.q_proj iter=007 | J=0.072713 J_x=0.071795 J_w=0.091826 rel_change=3.750011e-03 | time=0.285s
13:43:15 | INFO | tag=block11.q_proj iter=008 | J=0.069968 J_x=0.069076 J_w=0.089229 rel_change=2.744891e-03 | time=0.290s
13:43:15 | INFO | tag=block11.q_proj iter=009 | J=0.067866 J_x=0.066989 J_w=0.087737 rel_change=2.102114e-03 | time=0.282s
13:43:15 | INFO | tag=block11.q_proj iter=010 | J=0.066210 J_x=0.065342 J_w=0.086768 rel_change=1.656532e-03 | time=0.284s
13:43:15 | INFO | tag=block11.q_proj iter=011 | J=0.064892 J_x=0.064032 J_w=0.085973 rel_change=1.318075e-03 | time=0.277s
13:43:16 | INFO | tag=block11.q_proj iter=012 | J=0.063801 J_x=0.062947 J_w=0.085441 rel_change=1.090392e-03 | time=0.283s
13:43:16 | INFO | tag=block11.q_proj iter=013 | J=0.062900 J_x=0.062049 J_w=0.085016 rel_change=9.017363e-04 | time=0.292s
13:43:16 | INFO | tag=block11.q_proj iter=014 | J=0.062144 J_x=0.061297 J_w=0.084684 rel_change=7.557720e-04 | time=0.281s
13:43:17 | INFO | tag=block11.q_proj iter=015 | J=0.061506 J_x=0.060661 J_w=0.084412 rel_change=6.383210e-04 | time=0.284s
13:43:17 | INFO | tag=block11.q_proj iter=016 | J=0.060955 J_x=0.060114 J_w=0.084170 rel_change=5.501062e-04 | time=0.281s
13:43:17 | INFO | tag=block11.q_proj iter=017 | J=0.060476 J_x=0.059637 J_w=0.083936 rel_change=4.790835e-04 | time=0.292s
13:43:17 | INFO | tag=block11.q_proj iter=018 | J=0.060056 J_x=0.059218 J_w=0.083752 rel_change=4.203692e-04 | time=0.287s
13:43:18 | INFO | tag=block11.q_proj iter=019 | J=0.059689 J_x=0.058853 J_w=0.083523 rel_change=3.674030e-04 | time=0.287s
13:43:18 | INFO | tag=block11.q_proj iter=020 | J=0.059365 J_x=0.058531 J_w=0.083406 rel_change=3.237575e-04 | time=0.289s
13:43:18 | INFO | tag=block11.q_proj iter=021 | J=0.059077 J_x=0.058244 J_w=0.083311 rel_change=2.879687e-04 | time=0.284s
13:43:19 | INFO | tag=block11.q_proj iter=022 | J=0.058817 J_x=0.057985 J_w=0.083199 rel_change=2.600588e-04 | time=0.290s
13:43:19 | INFO | tag=block11.q_proj iter=023 | J=0.058583 J_x=0.057751 J_w=0.083114 rel_change=2.341755e-04 | time=0.293s
13:43:19 | INFO | tag=block11.q_proj iter=024 | J=0.058367 J_x=0.057537 J_w=0.083039 rel_change=2.152622e-04 | time=0.292s
13:43:19 | INFO | tag=block11.q_proj iter=025 | J=0.058172 J_x=0.057343 J_w=0.082977 rel_change=1.949221e-04 | time=0.290s
13:43:20 | INFO | tag=block11.q_proj iter=026 | J=0.057991 J_x=0.057161 J_w=0.082940 rel_change=1.818649e-04 | time=0.282s
13:43:20 | INFO | tag=block11.q_proj iter=027 | J=0.057825 J_x=0.056997 J_w=0.082871 rel_change=1.652353e-04 | time=0.290s
13:43:20 | INFO | tag=block11.q_proj iter=028 | J=0.057678 J_x=0.056850 J_w=0.082832 rel_change=1.470223e-04 | time=0.285s
13:43:21 | INFO | tag=block11.q_proj iter=029 | J=0.057539 J_x=0.056711 J_w=0.082818 rel_change=1.391768e-04 | time=0.289s
13:43:21 | INFO | tag=block11.q_proj iter=030 | J=0.057408 J_x=0.056580 J_w=0.082771 rel_change=1.309216e-04 | time=0.289s
13:43:21 | INFO | tag=block11.q_proj iter=031 | J=0.057289 J_x=0.056462 J_w=0.082751 rel_change=1.191683e-04 | time=0.291s
13:43:21 | INFO | tag=block11.q_proj iter=032 | J=0.057177 J_x=0.056350 J_w=0.082742 rel_change=1.116730e-04 | time=0.280s
13:43:22 | INFO | tag=block11.q_proj iter=033 | J=0.057071 J_x=0.056244 J_w=0.082744 rel_change=1.063980e-04 | time=0.291s
13:43:22 | INFO | tag=block11.q_proj iter=034 | J=0.056971 J_x=0.056144 J_w=0.082721 rel_change=9.974465e-05 | time=0.290s
13:43:22 | INFO | tag=block11.q_proj iter=035 | J=0.056879 J_x=0.056052 J_w=0.082713 rel_change=9.205937e-05 | time=0.289s
13:43:23 | INFO | tag=block11.q_proj iter=036 | J=0.056796 J_x=0.055969 J_w=0.082676 rel_change=8.354336e-05 | time=0.285s
13:43:23 | INFO | tag=block11.q_proj iter=037 | J=0.056717 J_x=0.055891 J_w=0.082662 rel_change=7.815659e-05 | time=0.290s
13:43:23 | INFO | tag=block11.q_proj iter=038 | J=0.056646 J_x=0.055819 J_w=0.082649 rel_change=7.174909e-05 | time=0.288s
13:43:23 | INFO | tag=block11.q_proj iter=039 | J=0.056577 J_x=0.055750 J_w=0.082634 rel_change=6.895885e-05 | time=0.281s
13:43:24 | INFO | tag=block11.q_proj iter=040 | J=0.056514 J_x=0.055688 J_w=0.082603 rel_change=6.282702e-05 | time=0.286s
13:43:24 | INFO | tag=block11.q_proj iter=041 | J=0.056458 J_x=0.055632 J_w=0.082591 rel_change=5.599484e-05 | time=0.287s
13:43:24 | INFO | tag=block11.q_proj iter=042 | J=0.056402 J_x=0.055576 J_w=0.082593 rel_change=5.603582e-05 | time=0.281s
13:43:25 | INFO | tag=block11.q_proj iter=043 | J=0.056350 J_x=0.055524 J_w=0.082582 rel_change=5.181506e-05 | time=0.283s
13:43:25 | INFO | tag=block11.q_proj iter=044 | J=0.056301 J_x=0.055476 J_w=0.082569 rel_change=4.862249e-05 | time=0.286s
13:43:25 | INFO | tag=block11.q_proj iter=045 | J=0.056257 J_x=0.055431 J_w=0.082558 rel_change=4.467368e-05 | time=0.295s
13:43:25 | INFO | tag=block11.q_proj iter=046 | J=0.056215 J_x=0.055389 J_w=0.082562 rel_change=4.212931e-05 | time=0.285s
13:43:26 | INFO | tag=block11.q_proj iter=047 | J=0.056174 J_x=0.055348 J_w=0.082554 rel_change=4.097074e-05 | time=0.276s
13:43:26 | INFO | tag=block11.q_proj iter=048 | J=0.056135 J_x=0.055310 J_w=0.082541 rel_change=3.822520e-05 | time=0.286s
13:43:26 | INFO | tag=block11.q_proj iter=049 | J=0.056100 J_x=0.055275 J_w=0.082538 rel_change=3.552809e-05 | time=0.294s
13:43:27 | INFO | tag=block11.q_proj iter=050 | J=0.056065 J_x=0.055240 J_w=0.082529 rel_change=3.504008e-05 | time=0.280s
13:43:27 | INFO | tag=block11.q_proj iter=051 | J=0.056031 J_x=0.055206 J_w=0.082521 rel_change=3.392249e-05 | time=0.292s
13:43:27 | INFO | tag=block11.q_proj iter=052 | J=0.055997 J_x=0.055172 J_w=0.082524 rel_change=3.376231e-05 | time=0.293s
13:43:28 | INFO | tag=block11.q_proj iter=053 | J=0.055964 J_x=0.055139 J_w=0.082523 rel_change=3.316626e-05 | time=0.296s
13:43:28 | INFO | tag=block11.q_proj iter=054 | J=0.055934 J_x=0.055109 J_w=0.082515 rel_change=2.974644e-05 | time=0.289s
13:43:28 | INFO | tag=block11.q_proj iter=055 | J=0.055904 J_x=0.055079 J_w=0.082512 rel_change=2.985820e-05 | time=0.280s
13:43:28 | INFO | tag=block11.q_proj iter=056 | J=0.055876 J_x=0.055051 J_w=0.082507 rel_change=2.833456e-05 | time=0.286s
13:43:29 | INFO | tag=block11.q_proj iter=057 | J=0.055850 J_x=0.055025 J_w=0.082505 rel_change=2.592430e-05 | time=0.288s
13:43:29 | INFO | tag=block11.q_proj iter=058 | J=0.055824 J_x=0.054999 J_w=0.082499 rel_change=2.609193e-05 | time=0.296s
13:43:29 | INFO | tag=block11.q_proj iter=059 | J=0.055802 J_x=0.054977 J_w=0.082484 rel_change=2.256036e-05 | time=0.285s
13:43:30 | INFO | tag=block11.q_proj iter=060 | J=0.055779 J_x=0.054954 J_w=0.082470 rel_change=2.234057e-05 | time=0.282s
13:43:30 | INFO | tag=block11.q_proj iter=061 | J=0.055758 J_x=0.054933 J_w=0.082471 rel_change=2.164394e-05 | time=0.286s
13:43:30 | INFO | tag=block11.q_proj iter=062 | J=0.055738 J_x=0.054913 J_w=0.082472 rel_change=1.949072e-05 | time=0.281s
13:43:30 | INFO | tag=block11.q_proj iter=063 | J=0.055720 J_x=0.054895 J_w=0.082477 rel_change=1.844764e-05 | time=0.291s
13:43:31 | INFO | tag=block11.q_proj iter=064 | J=0.055702 J_x=0.054877 J_w=0.082475 rel_change=1.805648e-05 | time=0.280s
13:43:31 | INFO | tag=block11.q_proj iter=065 | J=0.055683 J_x=0.054859 J_w=0.082473 rel_change=1.807138e-05 | time=0.279s
13:43:31 | INFO | tag=block11.q_proj iter=066 | J=0.055666 J_x=0.054841 J_w=0.082460 rel_change=1.743436e-05 | time=0.294s
13:43:32 | INFO | tag=block11.q_proj iter=067 | J=0.055649 J_x=0.054824 J_w=0.082465 rel_change=1.693144e-05 | time=0.283s
13:43:32 | INFO | tag=block11.q_proj iter=068 | J=0.055633 J_x=0.054808 J_w=0.082467 rel_change=1.638383e-05 | time=0.283s
13:43:32 | INFO | tag=block11.q_proj iter=069 | J=0.055617 J_x=0.054792 J_w=0.082459 rel_change=1.577660e-05 | time=0.283s
13:43:32 | INFO | tag=block11.q_proj iter=070 | J=0.055601 J_x=0.054777 J_w=0.082446 rel_change=1.562387e-05 | time=0.285s
13:43:33 | INFO | tag=block11.q_proj iter=071 | J=0.055585 J_x=0.054761 J_w=0.082442 rel_change=1.601875e-05 | time=0.289s
13:43:33 | INFO | tag=block11.q_proj iter=072 | J=0.055568 J_x=0.054744 J_w=0.082446 rel_change=1.707673e-05 | time=0.281s
13:43:33 | INFO | tag=block11.q_proj iter=073 | J=0.055553 J_x=0.054728 J_w=0.082444 rel_change=1.554191e-05 | time=0.293s
13:43:34 | INFO | tag=block11.q_proj iter=074 | J=0.055537 J_x=0.054713 J_w=0.082445 rel_change=1.540035e-05 | time=0.295s
13:43:34 | INFO | tag=block11.q_proj iter=075 | J=0.055523 J_x=0.054699 J_w=0.082437 rel_change=1.434982e-05 | time=0.280s
13:43:34 | INFO | tag=block11.q_proj iter=076 | J=0.055508 J_x=0.054684 J_w=0.082429 rel_change=1.445040e-05 | time=0.293s
13:43:34 | INFO | tag=block11.q_proj iter=077 | J=0.055496 J_x=0.054672 J_w=0.082424 rel_change=1.261383e-05 | time=0.276s
13:43:35 | INFO | tag=block11.q_proj iter=078 | J=0.055483 J_x=0.054659 J_w=0.082420 rel_change=1.242757e-05 | time=0.291s
13:43:35 | INFO | tag=block11.q_proj iter=079 | J=0.055472 J_x=0.054647 J_w=0.082420 rel_change=1.192093e-05 | time=0.277s
13:43:35 | INFO | tag=block11.q_proj iter=080 | J=0.055461 J_x=0.054636 J_w=0.082418 rel_change=1.088157e-05 | time=0.294s
13:43:35 | INFO | 量化器拟合完成 | tag=block11.q_proj convergence_iter=80 total_fit_time=22.962s
13:43:35 | INFO | 开始计算重建/近似误差 | layer=block11.q_proj error_mode=relative
13:43:35 | INFO | 误差计算完成 | layer=block11.q_proj err_x=0.054546 err_w=0.082318 rel_linear_error=0.073748 elapsed=0.191s
13:43:37 | INFO | block11.k_proj.X_calib stats | shape=[768, 4096] dtype=torch.float16 device=cpu mean=-0.037015 std=0.557564 min=-26.500000 max=5.378906 fro=991.028625
13:43:37 | INFO | block11.k_proj.W stats | shape=[768, 768] dtype=torch.float32 device=cpu mean=0.000053 std=0.054432 min=-0.527344 max=0.527344 fro=41.803741
13:43:37 | INFO | 开始拟合量化器 | tag=block11.k_proj d=768 N=4096 M=768 beta=0.0100 max_iters=80 tol=1.00e-05 init_mode=random error_mode=relative
13:43:38 | INFO | tag=block11.k_proj iter=001 | J=0.197367 J_x=0.187367 J_w=1.000000 rel_change=inf | time=0.298s
13:43:38 | INFO | tag=block11.k_proj iter=002 | J=0.128950 J_x=0.125019 J_w=0.393072 rel_change=6.841718e-02 | time=0.296s
13:43:38 | INFO | tag=block11.k_proj iter=003 | J=0.102944 J_x=0.101133 J_w=0.181026 rel_change=2.600624e-02 | time=0.306s
13:43:39 | INFO | tag=block11.k_proj iter=004 | J=0.089656 J_x=0.088420 J_w=0.123644 rel_change=1.328731e-02 | time=0.286s
13:43:39 | INFO | tag=block11.k_proj iter=005 | J=0.081681 J_x=0.080644 J_w=0.103743 rel_change=7.974826e-03 | time=0.297s
13:43:39 | INFO | tag=block11.k_proj iter=006 | J=0.076394 J_x=0.075441 J_w=0.095323 rel_change=5.287386e-03 | time=0.302s
13:43:39 | INFO | tag=block11.k_proj iter=007 | J=0.072658 J_x=0.071746 J_w=0.091245 rel_change=3.735714e-03 | time=0.281s
13:43:40 | INFO | tag=block11.k_proj iter=008 | J=0.069888 J_x=0.068998 J_w=0.088944 rel_change=2.770588e-03 | time=0.287s
13:43:40 | INFO | tag=block11.k_proj iter=009 | J=0.067777 J_x=0.066903 J_w=0.087377 rel_change=2.110943e-03 | time=0.288s
13:43:40 | INFO | tag=block11.k_proj iter=010 | J=0.066120 J_x=0.065257 J_w=0.086322 rel_change=1.656957e-03 | time=0.297s
13:43:41 | INFO | tag=block11.k_proj iter=011 | J=0.064792 J_x=0.063935 J_w=0.085724 rel_change=1.327537e-03 | time=0.296s
13:43:41 | INFO | tag=block11.k_proj iter=012 | J=0.063690 J_x=0.062839 J_w=0.085184 rel_change=1.101874e-03 | time=0.289s
13:43:41 | INFO | tag=block11.k_proj iter=013 | J=0.062789 J_x=0.061941 J_w=0.084717 rel_change=9.018406e-04 | time=0.282s
13:43:41 | INFO | tag=block11.k_proj iter=014 | J=0.062022 J_x=0.061178 J_w=0.084422 rel_change=7.661320e-04 | time=0.281s
13:43:42 | INFO | tag=block11.k_proj iter=015 | J=0.061367 J_x=0.060525 J_w=0.084129 rel_change=6.558038e-04 | time=0.288s
13:43:42 | INFO | tag=block11.k_proj iter=016 | J=0.060809 J_x=0.059969 J_w=0.083964 rel_change=5.576983e-04 | time=0.286s
13:43:42 | INFO | tag=block11.k_proj iter=017 | J=0.060333 J_x=0.059495 J_w=0.083774 rel_change=4.759617e-04 | time=0.288s
13:43:43 | INFO | tag=block11.k_proj iter=018 | J=0.059910 J_x=0.059074 J_w=0.083652 rel_change=4.227422e-04 | time=0.293s
13:43:43 | INFO | tag=block11.k_proj iter=019 | J=0.059532 J_x=0.058697 J_w=0.083552 rel_change=3.780462e-04 | time=0.176s
13:43:43 | INFO | tag=block11.k_proj iter=020 | J=0.059195 J_x=0.058360 J_w=0.083446 rel_change=3.373586e-04 | time=0.159s
13:43:43 | INFO | tag=block11.k_proj iter=021 | J=0.058891 J_x=0.058058 J_w=0.083363 rel_change=3.036223e-04 | time=0.158s
13:43:43 | INFO | tag=block11.k_proj iter=022 | J=0.058620 J_x=0.057787 J_w=0.083302 rel_change=2.716556e-04 | time=0.223s
13:43:44 | INFO | tag=block11.k_proj iter=023 | J=0.058372 J_x=0.057539 J_w=0.083243 rel_change=2.479181e-04 | time=0.292s
13:43:44 | INFO | tag=block11.k_proj iter=024 | J=0.058146 J_x=0.057314 J_w=0.083187 rel_change=2.255552e-04 | time=0.287s
13:43:44 | INFO | tag=block11.k_proj iter=025 | J=0.057943 J_x=0.057112 J_w=0.083133 rel_change=2.025887e-04 | time=0.291s
13:43:44 | INFO | tag=block11.k_proj iter=026 | J=0.057763 J_x=0.056933 J_w=0.083053 rel_change=1.800209e-04 | time=0.290s
13:43:45 | INFO | tag=block11.k_proj iter=027 | J=0.057598 J_x=0.056768 J_w=0.083028 rel_change=1.651086e-04 | time=0.287s
13:43:45 | INFO | tag=block11.k_proj iter=028 | J=0.057446 J_x=0.056616 J_w=0.083015 rel_change=1.519732e-04 | time=0.281s
13:43:45 | INFO | tag=block11.k_proj iter=029 | J=0.057307 J_x=0.056477 J_w=0.082979 rel_change=1.397207e-04 | time=0.287s
13:43:46 | INFO | tag=block11.k_proj iter=030 | J=0.057175 J_x=0.056346 J_w=0.082985 rel_change=1.312830e-04 | time=0.294s
13:43:46 | INFO | tag=block11.k_proj iter=031 | J=0.057054 J_x=0.056224 J_w=0.082962 rel_change=1.213662e-04 | time=0.285s
13:43:46 | INFO | tag=block11.k_proj iter=032 | J=0.056940 J_x=0.056111 J_w=0.082956 rel_change=1.137964e-04 | time=0.295s
13:43:47 | INFO | tag=block11.k_proj iter=033 | J=0.056833 J_x=0.056003 J_w=0.082945 rel_change=1.074597e-04 | time=0.290s
13:43:47 | INFO | tag=block11.k_proj iter=034 | J=0.056732 J_x=0.055902 J_w=0.082925 rel_change=1.011230e-04 | time=0.285s
13:43:47 | INFO | tag=block11.k_proj iter=035 | J=0.056637 J_x=0.055808 J_w=0.082900 rel_change=9.436533e-05 | time=0.290s
13:43:47 | INFO | tag=block11.k_proj iter=036 | J=0.056551 J_x=0.055722 J_w=0.082852 rel_change=8.626655e-05 | time=0.288s
13:43:48 | INFO | tag=block11.k_proj iter=037 | J=0.056471 J_x=0.055643 J_w=0.082848 rel_change=7.967651e-05 | time=0.290s
13:43:48 | INFO | tag=block11.k_proj iter=038 | J=0.056400 J_x=0.055572 J_w=0.082820 rel_change=7.116050e-05 | time=0.298s
13:43:48 | INFO | tag=block11.k_proj iter=039 | J=0.056334 J_x=0.055506 J_w=0.082794 rel_change=6.589666e-05 | time=0.300s
13:43:49 | INFO | tag=block11.k_proj iter=040 | J=0.056270 J_x=0.055442 J_w=0.082782 rel_change=6.437302e-05 | time=0.292s
13:43:49 | INFO | tag=block11.k_proj iter=041 | J=0.056211 J_x=0.055383 J_w=0.082771 rel_change=5.899370e-05 | time=0.287s
13:43:49 | INFO | tag=block11.k_proj iter=042 | J=0.056155 J_x=0.055328 J_w=0.082763 rel_change=5.549192e-05 | time=0.296s
13:43:49 | INFO | tag=block11.k_proj iter=043 | J=0.056102 J_x=0.055275 J_w=0.082748 rel_change=5.300716e-05 | time=0.296s
13:43:50 | INFO | tag=block11.k_proj iter=044 | J=0.056054 J_x=0.055227 J_w=0.082724 rel_change=4.845485e-05 | time=0.300s
13:43:50 | INFO | tag=block11.k_proj iter=045 | J=0.056007 J_x=0.055180 J_w=0.082710 rel_change=4.721805e-05 | time=0.300s
13:43:50 | INFO | tag=block11.k_proj iter=046 | J=0.055963 J_x=0.055135 J_w=0.082705 rel_change=4.417449e-05 | time=0.297s
13:43:51 | INFO | tag=block11.k_proj iter=047 | J=0.055920 J_x=0.055093 J_w=0.082716 rel_change=4.234537e-05 | time=0.288s
13:43:51 | INFO | tag=block11.k_proj iter=048 | J=0.055880 J_x=0.055053 J_w=0.082703 rel_change=4.003569e-05 | time=0.295s
13:43:51 | INFO | tag=block11.k_proj iter=049 | J=0.055842 J_x=0.055015 J_w=0.082684 rel_change=3.837049e-05 | time=0.285s
13:43:51 | INFO | tag=block11.k_proj iter=050 | J=0.055803 J_x=0.054976 J_w=0.082688 rel_change=3.872439e-05 | time=0.292s
13:43:52 | INFO | tag=block11.k_proj iter=051 | J=0.055766 J_x=0.054939 J_w=0.082680 rel_change=3.700703e-05 | time=0.299s
13:43:52 | INFO | tag=block11.k_proj iter=052 | J=0.055732 J_x=0.054905 J_w=0.082670 rel_change=3.410503e-05 | time=0.304s
13:43:52 | INFO | tag=block11.k_proj iter=053 | J=0.055699 J_x=0.054872 J_w=0.082676 rel_change=3.270805e-05 | time=0.307s
13:43:53 | INFO | tag=block11.k_proj iter=054 | J=0.055668 J_x=0.054841 J_w=0.082666 rel_change=3.172085e-05 | time=0.297s
13:43:53 | INFO | tag=block11.k_proj iter=055 | J=0.055636 J_x=0.054809 J_w=0.082664 rel_change=3.167987e-05 | time=0.296s
13:43:53 | INFO | tag=block11.k_proj iter=056 | J=0.055605 J_x=0.054779 J_w=0.082660 rel_change=3.051013e-05 | time=0.297s
13:43:54 | INFO | tag=block11.k_proj iter=057 | J=0.055576 J_x=0.054750 J_w=0.082654 rel_change=2.885237e-05 | time=0.288s
13:43:54 | INFO | tag=block11.k_proj iter=058 | J=0.055550 J_x=0.054723 J_w=0.082634 rel_change=2.690032e-05 | time=0.304s
13:43:54 | INFO | tag=block11.k_proj iter=059 | J=0.055522 J_x=0.054695 J_w=0.082631 rel_change=2.799556e-05 | time=0.300s
13:43:54 | INFO | tag=block11.k_proj iter=060 | J=0.055496 J_x=0.054670 J_w=0.082624 rel_change=2.581626e-05 | time=0.296s
13:43:55 | INFO | tag=block11.k_proj iter=061 | J=0.055473 J_x=0.054647 J_w=0.082616 rel_change=2.237037e-05 | time=0.292s
13:43:55 | INFO | tag=block11.k_proj iter=062 | J=0.055451 J_x=0.054625 J_w=0.082614 rel_change=2.202764e-05 | time=0.286s
13:43:55 | INFO | tag=block11.k_proj iter=063 | J=0.055430 J_x=0.054604 J_w=0.082608 rel_change=2.096593e-05 | time=0.291s
13:43:56 | INFO | tag=block11.k_proj iter=064 | J=0.055409 J_x=0.054583 J_w=0.082600 rel_change=2.155825e-05 | time=0.288s
13:43:56 | INFO | tag=block11.k_proj iter=065 | J=0.055388 J_x=0.054562 J_w=0.082595 rel_change=2.076104e-05 | time=0.287s
13:43:56 | INFO | tag=block11.k_proj iter=066 | J=0.055368 J_x=0.054542 J_w=0.082590 rel_change=2.004206e-05 | time=0.296s
13:43:57 | INFO | tag=block11.k_proj iter=067 | J=0.055347 J_x=0.054521 J_w=0.082588 rel_change=2.083182e-05 | time=0.290s
13:43:57 | INFO | tag=block11.k_proj iter=068 | J=0.055330 J_x=0.054504 J_w=0.082575 rel_change=1.749769e-05 | time=0.290s
13:43:57 | INFO | tag=block11.k_proj iter=069 | J=0.055313 J_x=0.054487 J_w=0.082569 rel_change=1.698732e-05 | time=0.292s
13:43:57 | INFO | tag=block11.k_proj iter=070 | J=0.055295 J_x=0.054470 J_w=0.082576 rel_change=1.733005e-05 | time=0.289s
13:43:58 | INFO | tag=block11.k_proj iter=071 | J=0.055279 J_x=0.054453 J_w=0.082573 rel_change=1.654029e-05 | time=0.286s
13:43:58 | INFO | tag=block11.k_proj iter=072 | J=0.055262 J_x=0.054437 J_w=0.082572 rel_change=1.640990e-05 | time=0.290s
13:43:58 | INFO | tag=block11.k_proj iter=073 | J=0.055247 J_x=0.054421 J_w=0.082579 rel_change=1.564994e-05 | time=0.286s
13:43:59 | INFO | tag=block11.k_proj iter=074 | J=0.055232 J_x=0.054406 J_w=0.082574 rel_change=1.463667e-05 | time=0.288s
13:43:59 | INFO | tag=block11.k_proj iter=075 | J=0.055218 J_x=0.054392 J_w=0.082571 rel_change=1.416728e-05 | time=0.291s
13:43:59 | INFO | tag=block11.k_proj iter=076 | J=0.055204 J_x=0.054379 J_w=0.082576 rel_change=1.358613e-05 | time=0.301s
13:43:59 | INFO | tag=block11.k_proj iter=077 | J=0.055190 J_x=0.054365 J_w=0.082580 rel_change=1.404434e-05 | time=0.290s
13:44:00 | INFO | tag=block11.k_proj iter=078 | J=0.055177 J_x=0.054352 J_w=0.082579 rel_change=1.304597e-05 | time=0.301s
13:44:00 | INFO | tag=block11.k_proj iter=079 | J=0.055164 J_x=0.054338 J_w=0.082578 rel_change=1.307577e-05 | time=0.291s
13:44:00 | INFO | tag=block11.k_proj iter=080 | J=0.055152 J_x=0.054326 J_w=0.082574 rel_change=1.254305e-05 | time=0.296s
13:44:00 | INFO | 量化器拟合完成 | tag=block11.k_proj convergence_iter=80 total_fit_time=22.992s
13:44:00 | INFO | 开始计算重建/近似误差 | layer=block11.k_proj error_mode=relative
13:44:01 | INFO | 误差计算完成 | layer=block11.k_proj err_x=0.054240 err_w=0.082511 rel_linear_error=0.069067 elapsed=0.190s
13:44:02 | INFO | block11.v_proj.X_calib stats | shape=[768, 4096] dtype=torch.float16 device=cpu mean=-0.037015 std=0.557564 min=-26.500000 max=5.378906 fro=991.028625
13:44:02 | INFO | block11.v_proj.W stats | shape=[768, 768] dtype=torch.float32 device=cpu mean=0.000046 std=0.029483 min=-0.499756 max=0.195679 fro=22.642700
13:44:02 | INFO | 开始拟合量化器 | tag=block11.v_proj d=768 N=4096 M=768 beta=0.0100 max_iters=80 tol=1.00e-05 init_mode=random error_mode=relative
13:44:03 | INFO | tag=block11.v_proj iter=001 | J=0.197328 J_x=0.187328 J_w=1.000000 rel_change=inf | time=0.302s
13:44:03 | INFO | tag=block11.v_proj iter=002 | J=0.128925 J_x=0.124768 J_w=0.415653 rel_change=6.840314e-02 | time=0.299s
13:44:03 | INFO | tag=block11.v_proj iter=003 | J=0.102970 J_x=0.100962 J_w=0.200828 rel_change=2.595466e-02 | time=0.299s
13:44:04 | INFO | tag=block11.v_proj iter=004 | J=0.089722 J_x=0.088336 J_w=0.138572 rel_change=1.324871e-02 | time=0.290s
13:44:04 | INFO | tag=block11.v_proj iter=005 | J=0.081699 J_x=0.080541 J_w=0.115756 rel_change=8.022688e-03 | time=0.295s
13:44:04 | INFO | tag=block11.v_proj iter=006 | J=0.076381 J_x=0.075322 J_w=0.105932 rel_change=5.317487e-03 | time=0.301s
13:44:04 | INFO | tag=block11.v_proj iter=007 | J=0.072660 J_x=0.071652 J_w=0.100804 rel_change=3.721550e-03 | time=0.187s
13:44:05 | INFO | tag=block11.v_proj iter=008 | J=0.069909 J_x=0.068930 J_w=0.097833 rel_change=2.751276e-03 | time=0.167s
13:44:05 | INFO | tag=block11.v_proj iter=009 | J=0.067810 J_x=0.066849 J_w=0.096071 rel_change=2.098553e-03 | time=0.157s
13:44:05 | INFO | tag=block11.v_proj iter=010 | J=0.066165 J_x=0.065214 J_w=0.095057 rel_change=1.645245e-03 | time=0.251s
13:44:05 | INFO | tag=block11.v_proj iter=011 | J=0.064849 J_x=0.063906 J_w=0.094278 rel_change=1.316085e-03 | time=0.291s
13:44:06 | INFO | tag=block11.v_proj iter=012 | J=0.063773 J_x=0.062835 J_w=0.093767 rel_change=1.075469e-03 | time=0.291s
13:44:06 | INFO | tag=block11.v_proj iter=013 | J=0.062882 J_x=0.061949 J_w=0.093329 rel_change=8.911416e-04 | time=0.297s
13:44:06 | INFO | tag=block11.v_proj iter=014 | J=0.062134 J_x=0.061205 J_w=0.092908 rel_change=7.479340e-04 | time=0.292s
13:44:06 | INFO | tag=block11.v_proj iter=015 | J=0.061492 J_x=0.060565 J_w=0.092664 rel_change=6.425604e-04 | time=0.280s
13:44:07 | INFO | tag=block11.v_proj iter=016 | J=0.060940 J_x=0.060016 J_w=0.092408 rel_change=5.515739e-04 | time=0.284s
13:44:07 | INFO | tag=block11.v_proj iter=017 | J=0.060465 J_x=0.059543 J_w=0.092187 rel_change=4.752614e-04 | time=0.287s
13:44:07 | INFO | tag=block11.v_proj iter=018 | J=0.060051 J_x=0.059130 J_w=0.092010 rel_change=4.140884e-04 | time=0.288s
13:44:08 | INFO | tag=block11.v_proj iter=019 | J=0.059685 J_x=0.058766 J_w=0.091873 rel_change=3.655925e-04 | time=0.294s
13:44:08 | INFO | tag=block11.v_proj iter=020 | J=0.059354 J_x=0.058436 J_w=0.091772 rel_change=3.311113e-04 | time=0.289s
13:44:08 | INFO | tag=block11.v_proj iter=021 | J=0.059063 J_x=0.058146 J_w=0.091677 rel_change=2.906471e-04 | time=0.293s
13:44:09 | INFO | tag=block11.v_proj iter=022 | J=0.058801 J_x=0.057885 J_w=0.091636 rel_change=2.619028e-04 | time=0.309s
13:44:09 | INFO | tag=block11.v_proj iter=023 | J=0.058565 J_x=0.057650 J_w=0.091528 rel_change=2.364442e-04 | time=0.300s
13:44:09 | INFO | tag=block11.v_proj iter=024 | J=0.058352 J_x=0.057438 J_w=0.091403 rel_change=2.133287e-04 | time=0.301s
13:44:09 | INFO | tag=block11.v_proj iter=025 | J=0.058156 J_x=0.057242 J_w=0.091359 rel_change=1.957491e-04 | time=0.310s
13:44:10 | INFO | tag=block11.v_proj iter=026 | J=0.057977 J_x=0.057064 J_w=0.091303 rel_change=1.792423e-04 | time=0.227s
13:44:10 | INFO | tag=block11.v_proj iter=027 | J=0.057817 J_x=0.056904 J_w=0.091257 rel_change=1.599789e-04 | time=0.174s
13:44:10 | INFO | tag=block11.v_proj iter=028 | J=0.057668 J_x=0.056756 J_w=0.091208 rel_change=1.486391e-04 | time=0.189s
13:44:10 | INFO | tag=block11.v_proj iter=029 | J=0.057526 J_x=0.056614 J_w=0.091185 rel_change=1.416542e-04 | time=0.172s
13:44:10 | INFO | tag=block11.v_proj iter=030 | J=0.057395 J_x=0.056483 J_w=0.091123 rel_change=1.316443e-04 | time=0.180s
13:44:11 | INFO | tag=block11.v_proj iter=031 | J=0.057279 J_x=0.056368 J_w=0.091058 rel_change=1.156814e-04 | time=0.180s
13:44:11 | INFO | tag=block11.v_proj iter=032 | J=0.057169 J_x=0.056258 J_w=0.091047 rel_change=1.101494e-04 | time=0.172s
13:44:11 | INFO | tag=block11.v_proj iter=033 | J=0.057069 J_x=0.056159 J_w=0.091020 rel_change=9.938702e-05 | time=0.175s
13:44:11 | INFO | tag=block11.v_proj iter=034 | J=0.056974 J_x=0.056064 J_w=0.091002 rel_change=9.517744e-05 | time=0.170s
13:44:11 | INFO | tag=block11.v_proj iter=035 | J=0.056885 J_x=0.055975 J_w=0.090980 rel_change=8.937344e-05 | time=0.185s
13:44:11 | INFO | tag=block11.v_proj iter=036 | J=0.056801 J_x=0.055891 J_w=0.090988 rel_change=8.411333e-05 | time=0.173s
13:44:12 | INFO | tag=block11.v_proj iter=037 | J=0.056725 J_x=0.055815 J_w=0.090986 rel_change=7.573888e-05 | time=0.171s
13:44:12 | INFO | tag=block11.v_proj iter=038 | J=0.056655 J_x=0.055745 J_w=0.090979 rel_change=6.989762e-05 | time=0.168s
13:44:12 | INFO | tag=block11.v_proj iter=039 | J=0.056589 J_x=0.055679 J_w=0.090971 rel_change=6.616488e-05 | time=0.174s
13:44:12 | INFO | tag=block11.v_proj iter=040 | J=0.056526 J_x=0.055617 J_w=0.090958 rel_change=6.278977e-05 | time=0.173s
13:44:12 | INFO | tag=block11.v_proj iter=041 | J=0.056465 J_x=0.055556 J_w=0.090946 rel_change=6.101653e-05 | time=0.175s
13:44:12 | INFO | tag=block11.v_proj iter=042 | J=0.056408 J_x=0.055498 J_w=0.090944 rel_change=5.732849e-05 | time=0.169s
13:44:13 | INFO | tag=block11.v_proj iter=043 | J=0.056353 J_x=0.055443 J_w=0.090945 rel_change=5.530566e-05 | time=0.173s
13:44:13 | INFO | tag=block11.v_proj iter=044 | J=0.056303 J_x=0.055394 J_w=0.090922 rel_change=4.977360e-05 | time=0.164s
13:44:13 | INFO | tag=block11.v_proj iter=045 | J=0.056254 J_x=0.055345 J_w=0.090915 rel_change=4.847348e-05 | time=0.177s
13:44:13 | INFO | tag=block11.v_proj iter=046 | J=0.056207 J_x=0.055298 J_w=0.090905 rel_change=4.686415e-05 | time=0.177s
13:44:13 | INFO | tag=block11.v_proj iter=047 | J=0.056166 J_x=0.055257 J_w=0.090888 rel_change=4.112720e-05 | time=0.192s
13:44:14 | INFO | tag=block11.v_proj iter=048 | J=0.056127 J_x=0.055218 J_w=0.090887 rel_change=3.929436e-05 | time=0.187s
13:44:14 | INFO | tag=block11.v_proj iter=049 | J=0.056089 J_x=0.055180 J_w=0.090879 rel_change=3.805757e-05 | time=0.179s
13:44:14 | INFO | tag=block11.v_proj iter=050 | J=0.056054 J_x=0.055145 J_w=0.090871 rel_change=3.524125e-05 | time=0.187s
13:44:14 | INFO | tag=block11.v_proj iter=051 | J=0.056020 J_x=0.055111 J_w=0.090870 rel_change=3.405660e-05 | time=0.177s
13:44:14 | INFO | tag=block11.v_proj iter=052 | J=0.055986 J_x=0.055078 J_w=0.090862 rel_change=3.317371e-05 | time=0.167s
13:44:14 | INFO | tag=block11.v_proj iter=053 | J=0.055955 J_x=0.055046 J_w=0.090851 rel_change=3.196299e-05 | time=0.166s
13:44:15 | INFO | tag=block11.v_proj iter=054 | J=0.055923 J_x=0.055014 J_w=0.090841 rel_change=3.195181e-05 | time=0.175s
13:44:15 | INFO | tag=block11.v_proj iter=055 | J=0.055893 J_x=0.054984 J_w=0.090823 rel_change=2.993643e-05 | time=0.176s
13:44:15 | INFO | tag=block11.v_proj iter=056 | J=0.055864 J_x=0.054956 J_w=0.090816 rel_change=2.896041e-05 | time=0.176s
13:44:15 | INFO | tag=block11.v_proj iter=057 | J=0.055837 J_x=0.054929 J_w=0.090805 rel_change=2.638623e-05 | time=0.181s
13:44:15 | INFO | tag=block11.v_proj iter=058 | J=0.055812 J_x=0.054904 J_w=0.090794 rel_change=2.499670e-05 | time=0.173s
13:44:16 | INFO | tag=block11.v_proj iter=059 | J=0.055789 J_x=0.054881 J_w=0.090790 rel_change=2.317131e-05 | time=0.175s
13:44:16 | INFO | tag=block11.v_proj iter=060 | J=0.055766 J_x=0.054858 J_w=0.090784 rel_change=2.340600e-05 | time=0.168s
13:44:16 | INFO | tag=block11.v_proj iter=061 | J=0.055743 J_x=0.054836 J_w=0.090772 rel_change=2.220646e-05 | time=0.168s
13:44:16 | INFO | tag=block11.v_proj iter=062 | J=0.055723 J_x=0.054815 J_w=0.090760 rel_change=2.070516e-05 | time=0.172s
13:44:16 | INFO | tag=block11.v_proj iter=063 | J=0.055702 J_x=0.054795 J_w=0.090759 rel_change=2.034754e-05 | time=0.169s
13:44:16 | INFO | tag=block11.v_proj iter=064 | J=0.055682 J_x=0.054775 J_w=0.090754 rel_change=2.004206e-05 | time=0.180s
13:44:17 | INFO | tag=block11.v_proj iter=065 | J=0.055662 J_x=0.054754 J_w=0.090739 rel_change=2.069399e-05 | time=0.184s
13:44:17 | INFO | tag=block11.v_proj iter=066 | J=0.055642 J_x=0.054735 J_w=0.090721 rel_change=1.968816e-05 | time=0.171s
13:44:17 | INFO | tag=block11.v_proj iter=067 | J=0.055623 J_x=0.054716 J_w=0.090735 rel_change=1.897290e-05 | time=0.175s
13:44:17 | INFO | tag=block11.v_proj iter=068 | J=0.055606 J_x=0.054698 J_w=0.090724 rel_change=1.730770e-05 | time=0.180s
13:44:17 | INFO | tag=block11.v_proj iter=069 | J=0.055590 J_x=0.054683 J_w=0.090715 rel_change=1.601875e-05 | time=0.184s
13:44:17 | INFO | tag=block11.v_proj iter=070 | J=0.055574 J_x=0.054667 J_w=0.090710 rel_change=1.581013e-05 | time=0.185s
13:44:18 | INFO | tag=block11.v_proj iter=071 | J=0.055559 J_x=0.054651 J_w=0.090710 rel_change=1.531467e-05 | time=0.184s
13:44:18 | INFO | tag=block11.v_proj iter=072 | J=0.055544 J_x=0.054637 J_w=0.090707 rel_change=1.433119e-05 | time=0.174s
13:44:18 | INFO | tag=block11.v_proj iter=073 | J=0.055529 J_x=0.054622 J_w=0.090712 rel_change=1.510978e-05 | time=0.174s
13:44:18 | INFO | tag=block11.v_proj iter=074 | J=0.055514 J_x=0.054607 J_w=0.090706 rel_change=1.477823e-05 | time=0.171s
13:44:18 | INFO | tag=block11.v_proj iter=075 | J=0.055500 J_x=0.054593 J_w=0.090701 rel_change=1.411885e-05 | time=0.177s
13:44:19 | INFO | tag=block11.v_proj iter=076 | J=0.055487 J_x=0.054580 J_w=0.090694 rel_change=1.364946e-05 | time=0.171s
13:44:19 | INFO | tag=block11.v_proj iter=077 | J=0.055473 J_x=0.054566 J_w=0.090689 rel_change=1.331419e-05 | time=0.172s
13:44:19 | INFO | tag=block11.v_proj iter=078 | J=0.055460 J_x=0.054553 J_w=0.090678 rel_change=1.367554e-05 | time=0.174s
13:44:19 | INFO | tag=block11.v_proj iter=079 | J=0.055448 J_x=0.054541 J_w=0.090662 rel_change=1.198798e-05 | time=0.196s
13:44:19 | INFO | tag=block11.v_proj iter=080 | J=0.055437 J_x=0.054530 J_w=0.090653 rel_change=1.107529e-05 | time=0.169s
13:44:19 | INFO | 量化器拟合完成 | tag=block11.v_proj convergence_iter=80 total_fit_time=16.747s
13:44:19 | INFO | 开始计算重建/近似误差 | layer=block11.v_proj error_mode=relative
13:44:19 | INFO | 误差计算完成 | layer=block11.v_proj err_x=0.054445 err_w=0.088845 rel_linear_error=0.181468 elapsed=0.118s
13:44:21 | INFO | block11.out_proj.X_calib stats | shape=[768, 4096] dtype=torch.float16 device=cpu mean=-0.000149 std=0.126649 min=-1.580078 max=1.531250 fro=224.591049
13:44:21 | INFO | block11.out_proj.W stats | shape=[768, 768] dtype=torch.float32 device=cpu mean=-0.000020 std=0.031479 min=-0.875977 max=0.894043 fro=24.176212
13:44:21 | INFO | 开始拟合量化器 | tag=block11.out_proj d=768 N=4096 M=768 beta=0.0100 max_iters=80 tol=1.00e-05 init_mode=random error_mode=relative
13:44:21 | INFO | tag=block11.out_proj iter=001 | J=0.962957 J_x=0.952956 J_w=1.000018 rel_change=inf | time=0.171s
13:44:21 | INFO | tag=block11.out_proj iter=002 | J=0.255016 J_x=0.248043 J_w=0.697277 rel_change=7.079409e-01 | time=0.164s
13:44:22 | INFO | tag=block11.out_proj iter=003 | J=0.176081 J_x=0.173067 J_w=0.301448 rel_change=7.893461e-02 | time=0.174s
13:44:22 | INFO | tag=block11.out_proj iter=004 | J=0.142841 J_x=0.140946 J_w=0.189522 rel_change=3.324020e-02 | time=0.179s
13:44:22 | INFO | tag=block11.out_proj iter=005 | J=0.126362 J_x=0.124877 J_w=0.148533 rel_change=1.647906e-02 | time=0.183s
13:44:22 | INFO | tag=block11.out_proj iter=006 | J=0.116664 J_x=0.115373 J_w=0.129069 rel_change=9.697802e-03 | time=0.181s
13:44:22 | INFO | tag=block11.out_proj iter=007 | J=0.110134 J_x=0.108958 J_w=0.117636 rel_change=6.529860e-03 | time=0.179s
13:44:23 | INFO | tag=block11.out_proj iter=008 | J=0.105371 J_x=0.104262 J_w=0.110855 rel_change=4.763417e-03 | time=0.194s
13:44:23 | INFO | tag=block11.out_proj iter=009 | J=0.101743 J_x=0.100684 J_w=0.105889 rel_change=3.627904e-03 | time=0.192s
13:44:23 | INFO | tag=block11.out_proj iter=010 | J=0.098855 J_x=0.097833 J_w=0.102234 rel_change=2.887964e-03 | time=0.184s
13:44:23 | INFO | tag=block11.out_proj iter=011 | J=0.096556 J_x=0.095564 J_w=0.099210 rel_change=2.299063e-03 | time=0.193s
13:44:23 | INFO | tag=block11.out_proj iter=012 | J=0.094673 J_x=0.093703 J_w=0.096965 rel_change=1.883097e-03 | time=0.199s
13:44:23 | INFO | tag=block11.out_proj iter=013 | J=0.093045 J_x=0.092087 J_w=0.095797 rel_change=1.628280e-03 | time=0.187s
13:44:24 | INFO | tag=block11.out_proj iter=014 | J=0.091611 J_x=0.090666 J_w=0.094484 rel_change=1.433879e-03 | time=0.205s
13:44:24 | INFO | tag=block11.out_proj iter=015 | J=0.090362 J_x=0.089425 J_w=0.093709 rel_change=1.249008e-03 | time=0.190s
13:44:24 | INFO | tag=block11.out_proj iter=016 | J=0.089254 J_x=0.088326 J_w=0.092790 rel_change=1.107544e-03 | time=0.196s
13:44:24 | INFO | tag=block11.out_proj iter=017 | J=0.088259 J_x=0.087334 J_w=0.092475 rel_change=9.949729e-04 | time=0.186s
13:44:24 | INFO | tag=block11.out_proj iter=018 | J=0.087362 J_x=0.086441 J_w=0.092121 rel_change=8.968040e-04 | time=0.227s
13:44:25 | INFO | tag=block11.out_proj iter=019 | J=0.086551 J_x=0.085635 J_w=0.091610 rel_change=8.116215e-04 | time=0.305s
13:44:25 | INFO | tag=block11.out_proj iter=020 | J=0.085812 J_x=0.084902 J_w=0.091053 rel_change=7.382184e-04 | time=0.319s
13:44:25 | INFO | tag=block11.out_proj iter=021 | J=0.085141 J_x=0.084236 J_w=0.090478 rel_change=6.712824e-04 | time=0.299s
13:44:26 | INFO | tag=block11.out_proj iter=022 | J=0.084519 J_x=0.083619 J_w=0.089990 rel_change=6.218553e-04 | time=0.284s
13:44:26 | INFO | tag=block11.out_proj iter=023 | J=0.083945 J_x=0.083047 J_w=0.089827 rel_change=5.742460e-04 | time=0.289s
13:44:26 | INFO | tag=block11.out_proj iter=024 | J=0.083408 J_x=0.082513 J_w=0.089442 rel_change=5.374774e-04 | time=0.281s
13:44:27 | INFO | tag=block11.out_proj iter=025 | J=0.082888 J_x=0.081996 J_w=0.089218 rel_change=5.195588e-04 | time=0.287s
13:44:27 | INFO | tag=block11.out_proj iter=026 | J=0.082402 J_x=0.081513 J_w=0.088887 rel_change=4.861876e-04 | time=0.288s
13:44:27 | INFO | tag=block11.out_proj iter=027 | J=0.081956 J_x=0.081069 J_w=0.088711 rel_change=4.456416e-04 | time=0.295s
13:44:27 | INFO | tag=block11.out_proj iter=028 | J=0.081554 J_x=0.080672 J_w=0.088254 rel_change=4.021823e-04 | time=0.298s
13:44:28 | INFO | tag=block11.out_proj iter=029 | J=0.081175 J_x=0.080295 J_w=0.087993 rel_change=3.790930e-04 | time=0.323s
13:44:28 | INFO | tag=block11.out_proj iter=030 | J=0.080801 J_x=0.079923 J_w=0.087847 rel_change=3.736615e-04 | time=0.295s
13:44:28 | INFO | tag=block11.out_proj iter=031 | J=0.080438 J_x=0.079562 J_w=0.087545 rel_change=3.635287e-04 | time=0.292s
13:44:29 | INFO | tag=block11.out_proj iter=032 | J=0.080093 J_x=0.079221 J_w=0.087181 rel_change=3.445372e-04 | time=0.294s
13:44:29 | INFO | tag=block11.out_proj iter=033 | J=0.079766 J_x=0.078895 J_w=0.087062 rel_change=3.273711e-04 | time=0.300s
13:44:29 | INFO | tag=block11.out_proj iter=034 | J=0.079452 J_x=0.078583 J_w=0.086845 rel_change=3.140867e-04 | time=0.291s
13:44:30 | INFO | tag=block11.out_proj iter=035 | J=0.079144 J_x=0.078277 J_w=0.086698 rel_change=3.073290e-04 | time=0.308s
13:44:30 | INFO | tag=block11.out_proj iter=036 | J=0.078860 J_x=0.077995 J_w=0.086476 rel_change=2.845228e-04 | time=0.305s
13:44:30 | INFO | tag=block11.out_proj iter=037 | J=0.078595 J_x=0.077731 J_w=0.086379 rel_change=2.653301e-04 | time=0.297s
13:44:30 | INFO | tag=block11.out_proj iter=038 | J=0.078349 J_x=0.077487 J_w=0.086259 rel_change=2.453923e-04 | time=0.297s
13:44:31 | INFO | tag=block11.out_proj iter=039 | J=0.078124 J_x=0.077262 J_w=0.086185 rel_change=2.252534e-04 | time=0.307s
13:44:31 | INFO | tag=block11.out_proj iter=040 | J=0.077916 J_x=0.077055 J_w=0.086070 rel_change=2.084374e-04 | time=0.302s
13:44:31 | INFO | tag=block11.out_proj iter=041 | J=0.077715 J_x=0.076855 J_w=0.086039 rel_change=2.003908e-04 | time=0.300s
13:44:32 | INFO | tag=block11.out_proj iter=042 | J=0.077520 J_x=0.076662 J_w=0.085866 rel_change=1.946837e-04 | time=0.301s
13:44:32 | INFO | tag=block11.out_proj iter=043 | J=0.077331 J_x=0.076472 J_w=0.085908 rel_change=1.892745e-04 | time=0.292s
13:44:32 | INFO | tag=block11.out_proj iter=044 | J=0.077152 J_x=0.076294 J_w=0.085843 rel_change=1.789331e-04 | time=0.299s
13:44:33 | INFO | tag=block11.out_proj iter=045 | J=0.076984 J_x=0.076125 J_w=0.085878 rel_change=1.681671e-04 | time=0.301s
13:44:33 | INFO | tag=block11.out_proj iter=046 | J=0.076822 J_x=0.075964 J_w=0.085797 rel_change=1.623183e-04 | time=0.295s
13:44:33 | INFO | tag=block11.out_proj iter=047 | J=0.076670 J_x=0.075813 J_w=0.085743 rel_change=1.513362e-04 | time=0.296s
13:44:33 | INFO | tag=block11.out_proj iter=048 | J=0.076526 J_x=0.075670 J_w=0.085594 rel_change=1.447573e-04 | time=0.298s
13:44:34 | INFO | tag=block11.out_proj iter=049 | J=0.076387 J_x=0.075532 J_w=0.085488 rel_change=1.383722e-04 | time=0.292s
13:44:34 | INFO | tag=block11.out_proj iter=050 | J=0.076252 J_x=0.075398 J_w=0.085407 rel_change=1.347885e-04 | time=0.304s
13:44:34 | INFO | tag=block11.out_proj iter=051 | J=0.076127 J_x=0.075273 J_w=0.085376 rel_change=1.259521e-04 | time=0.295s
13:44:35 | INFO | tag=block11.out_proj iter=052 | J=0.076003 J_x=0.075150 J_w=0.085295 rel_change=1.234412e-04 | time=0.296s
13:44:35 | INFO | tag=block11.out_proj iter=053 | J=0.075879 J_x=0.075027 J_w=0.085222 rel_change=1.242012e-04 | time=0.289s
13:44:35 | INFO | tag=block11.out_proj iter=054 | J=0.075761 J_x=0.074909 J_w=0.085189 rel_change=1.181960e-04 | time=0.296s
13:44:36 | INFO | tag=block11.out_proj iter=055 | J=0.075646 J_x=0.074794 J_w=0.085191 rel_change=1.149550e-04 | time=0.298s
13:44:36 | INFO | tag=block11.out_proj iter=056 | J=0.075537 J_x=0.074685 J_w=0.085136 rel_change=1.089722e-04 | time=0.299s
13:44:36 | INFO | tag=block11.out_proj iter=057 | J=0.075429 J_x=0.074577 J_w=0.085187 rel_change=1.076758e-04 | time=0.301s
13:44:36 | INFO | tag=block11.out_proj iter=058 | J=0.075327 J_x=0.074476 J_w=0.085099 rel_change=1.017451e-04 | time=0.294s
13:44:37 | INFO | tag=block11.out_proj iter=059 | J=0.075232 J_x=0.074382 J_w=0.084998 rel_change=9.514391e-05 | time=0.296s
13:44:37 | INFO | tag=block11.out_proj iter=060 | J=0.075139 J_x=0.074289 J_w=0.084981 rel_change=9.344518e-05 | time=0.297s
13:44:37 | INFO | tag=block11.out_proj iter=061 | J=0.075047 J_x=0.074199 J_w=0.084849 rel_change=9.156018e-05 | time=0.299s
13:44:38 | INFO | tag=block11.out_proj iter=062 | J=0.074963 J_x=0.074115 J_w=0.084765 rel_change=8.460134e-05 | time=0.295s
13:44:38 | INFO | tag=block11.out_proj iter=063 | J=0.074879 J_x=0.074032 J_w=0.084651 rel_change=8.374453e-05 | time=0.299s
13:44:38 | INFO | tag=block11.out_proj iter=064 | J=0.074798 J_x=0.073952 J_w=0.084617 rel_change=8.078665e-05 | time=0.299s
13:44:38 | INFO | tag=block11.out_proj iter=065 | J=0.074717 J_x=0.073872 J_w=0.084572 rel_change=8.068979e-05 | time=0.300s
13:44:39 | INFO | tag=block11.out_proj iter=066 | J=0.074636 J_x=0.073790 J_w=0.084587 rel_change=8.112937e-05 | time=0.307s
13:44:39 | INFO | tag=block11.out_proj iter=067 | J=0.074560 J_x=0.073714 J_w=0.084650 rel_change=7.613748e-05 | time=0.299s
13:44:39 | INFO | tag=block11.out_proj iter=068 | J=0.074487 J_x=0.073641 J_w=0.084634 rel_change=7.300824e-05 | time=0.296s
13:44:40 | INFO | tag=block11.out_proj iter=069 | J=0.074413 J_x=0.073566 J_w=0.084707 rel_change=7.410347e-05 | time=0.299s
13:44:40 | INFO | tag=block11.out_proj iter=070 | J=0.074339 J_x=0.073492 J_w=0.084735 rel_change=7.354468e-05 | time=0.320s
13:44:40 | INFO | tag=block11.out_proj iter=071 | J=0.074266 J_x=0.073419 J_w=0.084720 rel_change=7.302314e-05 | time=0.331s
13:44:41 | INFO | tag=block11.out_proj iter=072 | J=0.074197 J_x=0.073350 J_w=0.084710 rel_change=6.902218e-05 | time=0.315s
13:44:41 | INFO | tag=block11.out_proj iter=073 | J=0.074128 J_x=0.073281 J_w=0.084677 rel_change=6.967783e-05 | time=0.314s
13:44:41 | INFO | tag=block11.out_proj iter=074 | J=0.074059 J_x=0.073213 J_w=0.084612 rel_change=6.853789e-05 | time=0.310s
13:44:42 | INFO | tag=block11.out_proj iter=075 | J=0.073991 J_x=0.073146 J_w=0.084526 rel_change=6.783009e-05 | time=0.316s
13:44:42 | INFO | tag=block11.out_proj iter=076 | J=0.073925 J_x=0.073081 J_w=0.084446 rel_change=6.595999e-05 | time=0.312s
13:44:42 | INFO | tag=block11.out_proj iter=077 | J=0.073861 J_x=0.073017 J_w=0.084414 rel_change=6.462634e-05 | time=0.318s
13:44:43 | INFO | tag=block11.out_proj iter=078 | J=0.073798 J_x=0.072954 J_w=0.084420 rel_change=6.256253e-05 | time=0.335s
13:44:43 | INFO | tag=block11.out_proj iter=079 | J=0.073736 J_x=0.072893 J_w=0.084336 rel_change=6.228685e-05 | time=0.320s
13:44:43 | INFO | tag=block11.out_proj iter=080 | J=0.073677 J_x=0.072834 J_w=0.084316 rel_change=5.869567e-05 | time=0.318s
13:44:43 | INFO | 量化器拟合完成 | tag=block11.out_proj convergence_iter=80 total_fit_time=22.150s
13:44:43 | INFO | 开始计算重建/近似误差 | layer=block11.out_proj error_mode=relative
13:44:43 | INFO | 误差计算完成 | layer=block11.out_proj err_x=0.056391 err_w=0.148526 rel_linear_error=0.251761 elapsed=0.197s
13:44:46 | INFO | 扩展量化模块构建完成。
13:44:46 | INFO | 开始 PPL 评测 | tag=ours_all_blocks_qkvo stride=512 max_eval_tokens=None
13:45:12 | INFO | PPL 评测完成 | tag=ours_all_blocks_qkvo ppl=24.983669 eval_tokens=286178 target_tokens=286178 windows=556 elapsed=26.194s
13:45:17 | INFO | ========== Sweep 单次实验结束 ==========
